{"Event":{"#attributes":{"xmlns":"http://schemas.microsoft.com/win/2004/08/events/event"},"System":{"Provider":{"#attributes":{"Name":"Microsoft-Windows-Security-Auditing","Guid":"54849625-5478-4994-A5BA-3E3B0328C30D"}},"EventID":4662,"Version":0,"Level":0,"Task":14080,"Opcode":0,"Keywords":"0x8020000000000000","TimeCreated":{"#attributes":{"SystemTime":"2026-06-23T05:13:27.991678Z"}},"EventRecordID":1062281,"Correlation":null,"Execution":{"#attributes":{"ProcessID":840,"ThreadID":976}},"Channel":"Security","Computer":"DC1.blues.lab","Security":null},"EventData":{"SubjectUserSid":"S-1-5-18","SubjectUserName":"DC1$","SubjectDomainName":"BLUES","SubjectLogonId":"0x36d139","ObjectServer":"DS","ObjectType":"%{bf967aa5-0de6-11d0-a285-00aa003049e2}","ObjectName":"%{64f467f3-e999-4572-a858-8f9ed6b882ba}","OperationType":"Object Access","HandleId":"0x0","AccessList":"%%7682","AccessMask":"0x4","Properties":"%%7682\r\n\t{bf967aa5-0de6-11d0-a285-00aa003049e2}","AdditionalInfo":"-","AdditionalInfo2":""}}}
{"Event":{"#attributes":{"xmlns":"http://schemas.microsoft.com/win/2004/08/events/event"},"System":{"Provider":{"#attributes":{"Name":"Microsoft-Windows-Security-Auditing","Guid":"54849625-5478-4994-A5BA-3E3B0328C30D"}},"EventID":4662,"Version":0,"Level":0,"Task":14080,"Opcode":0,"Keywords":"0x8020000000000000","TimeCreated":{"#attributes":{"SystemTime":"2026-06-23T05:13:27.991722Z"}},"EventRecordID":1062282,"Correlation":null,"Execution":{"#attributes":{"ProcessID":840,"ThreadID":976}},"Channel":"Security","Computer":"DC1.blues.lab","Security":null},"EventData":{"SubjectUserSid":"S-1-5-18","SubjectUserName":"DC1$","SubjectDomainName":"BLUES","SubjectLogonId":"0x36d139","ObjectServer":"DS","ObjectType":"%{bf967a86-0de6-11d0-a285-00aa003049e2}","ObjectName":"%{d7c67890-5766-4bf4-8155-5f24899f30a0}","OperationType":"Object Access","HandleId":"0x0","AccessList":"%%7684","AccessMask":"0x10","Properties":"%%7684\r\n\t{bf967a86-0de6-11d0-a285-00aa003049e2}\r\n\t\t{4c164200-20c0-11d0-a768-00aa006e0529}\r\n\t\t\t{bf967a68-0de6-11d0-a285-00aa003049e2}\r\n\t\t{59ba2f42-79a2-11d0-9020-00c04fc2d3cf}\r\n\t\t\t{3e0abfd0-126a-11d0-a060-00aa006c33ed}\r\n\t\t{771727b1-31b8-4cdf-ae62-4fe39fadf89e}\r\n\t\t\t{26d9736e-6070-11d1-a9c6-0000f80367c1}\r\n\t\t{72e39547-7b18-11d1-adef-00c04fd8d5cd}\r\n\t\t\t{72e39547-7b18-11d1-adef-00c04fd8d5cd}","AdditionalInfo":"-","AdditionalInfo2":""}}}
{"Event":{"#attributes":{"xmlns":"http://schemas.microsoft.com/win/2004/08/events/event"},"System":{"Provider":{"#attributes":{"Name":"Microsoft-Windows-Security-Auditing","Guid":"54849625-5478-4994-A5BA-3E3B0328C30D"}},"EventID":4662,"Version":0,"Level":0,"Task":14080,"Opcode":0,"Keywords":"0x8020000000000000","TimeCreated":{"#attributes":{"SystemTime":"2026-06-23T05:13:28.444995Z"}},"EventRecordID":1062283,"Correlation":null,"Execution":{"#attributes":{"ProcessID":840,"ThreadID":976}},"Channel":"Security","Computer":"DC1.blues.lab","Security":null},"EventData":{"SubjectUserSid":"S-1-5-21-1940215732-407848784-1427904796-500","SubjectUserName":"Administrator","SubjectDomainName":"BLUES","SubjectLogonId":"0x134ab9","ObjectServer":"DS","ObjectType":"%{19195a5b-6da0-11d0-afd3-00c04fd930c9}","ObjectName":"%{5206e6c4-9bf2-48cf-96fd-aa43f219c623}","OperationType":"Object Access","HandleId":"0x0","AccessList":"%%7682","AccessMask":"0x4","Properties":"%%7682\r\n\t{19195a5b-6da0-11d0-afd3-00c04fd930c9}","AdditionalInfo":"-","AdditionalInfo2":""}}}
{"Event":{"#attributes":{"xmlns":"http://schemas.microsoft.com/win/2004/08/events/event"},"System":{"Provider":{"#attributes":{"Name":"Microsoft-Windows-Security-Auditing","Guid":"54849625-5478-4994-A5BA-3E3B0328C30D"}},"EventID":4662,"Version":0,"Level":0,"Task":14080,"Opcode":0,"Keywords":"0x8020000000000000","TimeCreated":{"#attributes":{"SystemTime":"2026-06-23T05:13:28.445005Z"}},"EventRecordID":1062284,"Correlation":null,"Execution":{"#attributes":{"ProcessID":840,"ThreadID":976}},"Channel":"Security","Computer":"DC1.blues.lab","Security":null},"EventData":{"SubjectUserSid":"S-1-5-21-1940215732-407848784-1427904796-500","SubjectUserName":"Administrator","SubjectDomainName":"BLUES","SubjectLogonId":"0x134ab9","ObjectServer":"DS","ObjectType":"%{bf967a8b-0de6-11d0-a285-00aa003049e2}","ObjectName":"%{177c5007-8498-46f8-baf8-c471a5ee765c}","OperationType":"Object Access","HandleId":"0x0","AccessList":"%%7684","AccessMask":"0x10","Properties":"%%7684\r\n\t\t{e48d0154-bcf8-11d1-8702-00c04fb96050}\r\n\t\t\t{bf9679e5-0de6-11d0-a285-00aa003049e2}\r\n\t{bf967a8b-0de6-11d0-a285-00aa003049e2}","AdditionalInfo":"-","AdditionalInfo2":""}}}
{"Event":{"#attributes":{"xmlns":"http://schemas.microsoft.com/win/2004/08/events/event"},"System":{"Provider":{"#attributes":{"Name":"Microsoft-Windows-Security-Auditing","Guid":"54849625-5478-4994-A5BA-3E3B0328C30D"}},"EventID":4662,"Version":0,"Level":0,"Task":14080,"Opcode":0,"Keywords":"0x8020000000000000","TimeCreated":{"#attributes":{"SystemTime":"2026-06-23T05:13:28.445548Z"}},"EventRecordID":1062285,"Correlation":null,"Execution":{"#attributes":{"ProcessID":840,"ThreadID":976}},"Channel":"Security","Computer":"DC1.blues.lab","Security":null},"EventData":{"SubjectUserSid":"S-1-5-21-1940215732-407848784-1427904796-500","SubjectUserName":"Administrator","SubjectDomainName":"BLUES","SubjectLogonId":"0x134ab9","ObjectServer":"DS","ObjectType":"%{19195a5b-6da0-11d0-afd3-00c04fd930c9}","ObjectName":"%{5206e6c4-9bf2-48cf-96fd-aa43f219c623}","OperationType":"Object Access","HandleId":"0x0","AccessList":"%%7682","AccessMask":"0x4","Properties":"%%7682\r\n\t{19195a5b-6da0-11d0-afd3-00c04fd930c9}","AdditionalInfo":"-","AdditionalInfo2":""}}}
{"Event":{"#attributes":{"xmlns":"http://schemas.microsoft.com/win/2004/08/events/event"},"System":{"Provider":{"#attributes":{"Name":"Microsoft-Windows-Security-Auditing","Guid":"54849625-5478-4994-A5BA-3E3B0328C30D"}},"EventID":4662,"Version":0,"Level":0,"Task":14080,"Opcode":0,"Keywords":"0x8020000000000000","TimeCreated":{"#attributes":{"SystemTime":"2026-06-23T05:13:28.445557Z"}},"EventRecordID":1062286,"Correlation":null,"Execution":{"#attributes":{"ProcessID":840,"ThreadID":976}},"Channel":"Security","Computer":"DC1.blues.lab","Security":null},"EventData":{"SubjectUserSid":"S-1-5-21-1940215732-407848784-1427904796-500","SubjectUserName":"Administrator","SubjectDomainName":"BLUES","SubjectLogonId":"0x134ab9","ObjectServer":"DS","ObjectType":"%{bf967a8b-0de6-11d0-a285-00aa003049e2}","ObjectName":"%{177c5007-8498-46f8-baf8-c471a5ee765c}","OperationType":"Object Access","HandleId":"0x0","AccessList":"%%7684","AccessMask":"0x10","Properties":"%%7684\r\n\t\t{e48d0154-bcf8-11d1-8702-00c04fb96050}\r\n\t\t\t{9a7ad943-ca53-11d1-bbd0-0080c76670c0}\r\n\t{bf967a8b-0de6-11d0-a285-00aa003049e2}","AdditionalInfo":"-","AdditionalInfo2":""}}}
{"Event":{"#attributes":{"xmlns":"http://schemas.microsoft.com/win/2004/08/events/event"},"System":{"Provider":{"#attributes":{"Name":"Microsoft-Windows-Security-Auditing","Guid":"54849625-5478-4994-A5BA-3E3B0328C30D"}},"EventID":4662,"Version":0,"Level":0,"Task":14080,"Opcode":0,"Keywords":"0x8020000000000000","TimeCreated":{"#attributes":{"SystemTime":"2026-06-23T05:13:28.447231Z"}},"EventRecordID":1062287,"Correlation":null,"Execution":{"#attributes":{"ProcessID":840,"ThreadID":976}},"Channel":"Security","Computer":"DC1.blues.lab","Security":null},"EventData":{"SubjectUserSid":"S-1-5-21-1940215732-407848784-1427904796-500","SubjectUserName":"Administrator","SubjectDomainName":"BLUES","SubjectLogonId":"0x134ab9","ObjectServer":"DS","ObjectType":"%{19195a5b-6da0-11d0-afd3-00c04fd930c9}","ObjectName":"%{5206e6c4-9bf2-48cf-96fd-aa43f219c623}","OperationType":"Object Access","HandleId":"0x0","AccessList":"%%7682","AccessMask":"0x4","Properties":"%%7682\r\n\t{19195a5b-6da0-11d0-afd3-00c04fd930c9}","AdditionalInfo":"-","AdditionalInfo2":""}}}
{"Event":{"#attributes":{"xmlns":"http://schemas.microsoft.com/win/2004/08/events/event"},"System":{"Provider":{"#attributes":{"Name":"Microsoft-Windows-Security-Auditing","Guid":"54849625-5478-4994-A5BA-3E3B0328C30D"}},"EventID":4662,"Version":0,"Level":0,"Task":14080,"Opcode":0,"Keywords":"0x8020000000000000","TimeCreated":{"#attributes":{"SystemTime":"2026-06-23T05:13:28.447246Z"}},"EventRecordID":1062288,"Correlation":null,"Execution":{"#attributes":{"ProcessID":840,"ThreadID":976}},"Channel":"Security","Computer":"DC1.blues.lab","Security":null},"EventData":{"SubjectUserSid":"S-1-5-21-1940215732-407848784-1427904796-500","SubjectUserName":"Administrator","SubjectDomainName":"BLUES","SubjectLogonId":"0x134ab9","ObjectServer":"DS","ObjectType":"%{bf967a8b-0de6-11d0-a285-00aa003049e2}","ObjectName":"%{177c5007-8498-46f8-baf8-c471a5ee765c}","OperationType":"Object Access","HandleId":"0x0","AccessList":"%%7684","AccessMask":"0x10","Properties":"%%7684\r\n\t\t{e48d0154-bcf8-11d1-8702-00c04fb96050}\r\n\t\t\t{bf9679e5-0de6-11d0-a285-00aa003049e2}\r\n\t{bf967a8b-0de6-11d0-a285-00aa003049e2}","AdditionalInfo":"-","AdditionalInfo2":""}}}
{"Event":{"#attributes":{"xmlns":"http://schemas.microsoft.com/win/2004/08/events/event"},"System":{"Provider":{"#attributes":{"Name":"Microsoft-Windows-Security-Auditing","Guid":"54849625-5478-4994-A5BA-3E3B0328C30D"}},"EventID":4662,"Version":0,"Level":0,"Task":14080,"Opcode":0,"Keywords":"0x8020000000000000","TimeCreated":{"#attributes":{"SystemTime":"2026-06-23T05:13:28.489422Z"}},"EventRecordID":1062289,"Correlation":null,"Execution":{"#attributes":{"ProcessID":840,"ThreadID":976}},"Channel":"Security","Computer":"DC1.blues.lab","Security":null},"EventData":{"SubjectUserSid":"S-1-5-21-1940215732-407848784-1427904796-500","SubjectUserName":"Administrator","SubjectDomainName":"BLUES","SubjectLogonId":"0x134ab9","ObjectServer":"DS","ObjectType":"%{19195a5b-6da0-11d0-afd3-00c04fd930c9}","ObjectName":"%{5206e6c4-9bf2-48cf-96fd-aa43f219c623}","OperationType":"Object Access","HandleId":"0x0","AccessList":"%%7682","AccessMask":"0x4","Properties":"%%7682\r\n\t{19195a5b-6da0-11d0-afd3-00c04fd930c9}","AdditionalInfo":"-","AdditionalInfo2":""}}}
{"Event":{"#attributes":{"xmlns":"http://schemas.microsoft.com/win/2004/08/events/event"},"System":{"Provider":{"#attributes":{"Name":"Microsoft-Windows-Security-Auditing","Guid":"54849625-5478-4994-A5BA-3E3B0328C30D"}},"EventID":4662,"Version":0,"Level":0,"Task":14080,"Opcode":0,"Keywords":"0x8020000000000000","TimeCreated":{"#attributes":{"SystemTime":"2026-06-23T05:13:28.489430Z"}},"EventRecordID":1062290,"Correlation":null,"Execution":{"#attributes":{"ProcessID":840,"ThreadID":976}},"Channel":"Security","Computer":"DC1.blues.lab","Security":null},"EventData":{"SubjectUserSid":"S-1-5-21-1940215732-407848784-1427904796-500","SubjectUserName":"Administrator","SubjectDomainName":"BLUES","SubjectLogonId":"0x134ab9","ObjectServer":"DS","ObjectType":"%{bf967a8b-0de6-11d0-a285-00aa003049e2}","ObjectName":"%{177c5007-8498-46f8-baf8-c471a5ee765c}","OperationType":"Object Access","HandleId":"0x0","AccessList":"%%7684","AccessMask":"0x10","Properties":"%%7684\r\n\t\t{e48d0154-bcf8-11d1-8702-00c04fb96050}\r\n\t\t\t{bf9679e5-0de6-11d0-a285-00aa003049e2}\r\n\t{bf967a8b-0de6-11d0-a285-00aa003049e2}","AdditionalInfo":"-","AdditionalInfo2":""}}}
{"Event":{"#attributes":{"xmlns":"http://schemas.microsoft.com/win/2004/08/events/event"},"System":{"Provider":{"#attributes":{"Name":"Microsoft-Windows-Security-Auditing","Guid":"54849625-5478-4994-A5BA-3E3B0328C30D"}},"EventID":4662,"Version":0,"Level":0,"Task":14080,"Opcode":0,"Keywords":"0x8020000000000000","TimeCreated":{"#attributes":{"SystemTime":"2026-06-23T05:13:28.490190Z"}},"EventRecordID":1062291,"Correlation":null,"Execution":{"#attributes":{"ProcessID":840,"ThreadID":976}},"Channel":"Security","Computer":"DC1.blues.lab","Security":null},"EventData":{"SubjectUserSid":"S-1-5-21-1940215732-407848784-1427904796-500","SubjectUserName":"Administrator","SubjectDomainName":"BLUES","SubjectLogonId":"0x134ab9","ObjectServer":"DS","ObjectType":"%{bf967aba-0de6-11d0-a285-00aa003049e2}","ObjectName":"%{41770456-0d3b-449a-97f8-3a4bbdc57484}","OperationType":"Object Access","HandleId":"0x0","AccessList":"%%7684","AccessMask":"0x10","Properties":"%%7684\r\n\t\t{e48d0154-bcf8-11d1-8702-00c04fb96050}\r\n\t\t\t{26d97369-6070-11d1-a9c6-0000f80367c1}\r\n\t{bf967aba-0de6-11d0-a285-00aa003049e2}","AdditionalInfo":"-","AdditionalInfo2":""}}}
{"Event":{"#attributes":{"xmlns":"http://schemas.microsoft.com/win/2004/08/events/event"},"System":{"Provider":{"#attributes":{"Name":"Microsoft-Windows-Security-Auditing","Guid":"54849625-5478-4994-A5BA-3E3B0328C30D"}},"EventID":4662,"Version":0,"Level":0,"Task":14080,"Opcode":0,"Keywords":"0x8020000000000000","TimeCreated":{"#attributes":{"SystemTime":"2026-06-23T05:13:28.490206Z"}},"EventRecordID":1062292,"Correlation":null,"Execution":{"#attributes":{"ProcessID":840,"ThreadID":976}},"Channel":"Security","Computer":"DC1.blues.lab","Security":null},"EventData":{"SubjectUserSid":"S-1-5-21-1940215732-407848784-1427904796-500","SubjectUserName":"Administrator","SubjectDomainName":"BLUES","SubjectLogonId":"0x134ab9","ObjectServer":"DS","ObjectType":"%{bf967a9c-0de6-11d0-a285-00aa003049e2}","ObjectName":"%{42e625d9-5d54-44ab-bc1b-53890764898a}","OperationType":"Object Access","HandleId":"0x0","AccessList":"%%7684","AccessMask":"0x10","Properties":"%%7684\r\n\t\t{e48d0154-bcf8-11d1-8702-00c04fb96050}\r\n\t\t\t{26d97369-6070-11d1-a9c6-0000f80367c1}\r\n\t{bf967a9c-0de6-11d0-a285-00aa003049e2}","AdditionalInfo":"-","AdditionalInfo2":""}}}
{"Event":{"#attributes":{"xmlns":"http://schemas.microsoft.com/win/2004/08/events/event"},"System":{"Provider":{"#attributes":{"Name":"Microsoft-Windows-Security-Auditing","Guid":"54849625-5478-4994-A5BA-3E3B0328C30D"}},"EventID":4662,"Version":0,"Level":0,"Task":14080,"Opcode":0,"Keywords":"0x8020000000000000","TimeCreated":{"#attributes":{"SystemTime":"2026-06-23T05:13:28.490211Z"}},"EventRecordID":1062293,"Correlation":null,"Execution":{"#attributes":{"ProcessID":840,"ThreadID":976}},"Channel":"Security","Computer":"DC1.blues.lab","Security":null},"EventData":{"SubjectUserSid":"S-1-5-21-1940215732-407848784-1427904796-500","SubjectUserName":"Administrator","SubjectDomainName":"BLUES","SubjectLogonId":"0x134ab9","ObjectServer":"DS","ObjectType":"%{bf967aba-0de6-11d0-a285-00aa003049e2}","ObjectName":"%{3540cca0-2dd2-4148-a957-6975ec07c431}","OperationType":"Object Access","HandleId":"0x0","AccessList":"%%7684","AccessMask":"0x10","Properties":"%%7684\r\n\t\t{e48d0154-bcf8-11d1-8702-00c04fb96050}\r\n\t\t\t{26d97369-6070-11d1-a9c6-0000f80367c1}\r\n\t{bf967aba-0de6-11d0-a285-00aa003049e2}","AdditionalInfo":"-","AdditionalInfo2":""}}}
{"Event":{"#attributes":{"xmlns":"http://schemas.microsoft.com/win/2004/08/events/event"},"System":{"Provider":{"#attributes":{"Name":"Microsoft-Windows-Security-Auditing","Guid":"54849625-5478-4994-A5BA-3E3B0328C30D"}},"EventID":4662,"Version":0,"Level":0,"Task":14080,"Opcode":0,"Keywords":"0x8020000000000000","TimeCreated":{"#attributes":{"SystemTime":"2026-06-23T05:13:28.490216Z"}},"EventRecordID":1062294,"Correlation":null,"Execution":{"#attributes":{"ProcessID":840,"ThreadID":976}},"Channel":"Security","Computer":"DC1.blues.lab","Security":null},"EventData":{"SubjectUserSid":"S-1-5-21-1940215732-407848784-1427904796-500","SubjectUserName":"Administrator","SubjectDomainName":"BLUES","SubjectLogonId":"0x134ab9","ObjectServer":"DS","ObjectType":"%{bf967a9c-0de6-11d0-a285-00aa003049e2}","ObjectName":"%{175da2d5-c962-486a-b488-a313995d5449}","OperationType":"Object Access","HandleId":"0x0","AccessList":"%%7684","AccessMask":"0x10","Properties":"%%7684\r\n\t\t{e48d0154-bcf8-11d1-8702-00c04fb96050}\r\n\t\t\t{26d97369-6070-11d1-a9c6-0000f80367c1}\r\n\t{bf967a9c-0de6-11d0-a285-00aa003049e2}","AdditionalInfo":"-","AdditionalInfo2":""}}}
{"Event":{"#attributes":{"xmlns":"http://schemas.microsoft.com/win/2004/08/events/event"},"System":{"Provider":{"#attributes":{"Name":"Microsoft-Windows-Security-Auditing","Guid":"54849625-5478-4994-A5BA-3E3B0328C30D"}},"EventID":4662,"Version":0,"Level":0,"Task":14080,"Opcode":0,"Keywords":"0x8020000000000000","TimeCreated":{"#attributes":{"SystemTime":"2026-06-23T05:13:28.490221Z"}},"EventRecordID":1062295,"Correlation":null,"Execution":{"#attributes":{"ProcessID":840,"ThreadID":976}},"Channel":"Security","Computer":"DC1.blues.lab","Security":null},"EventData":{"SubjectUserSid":"S-1-5-21-1940215732-407848784-1427904796-500","SubjectUserName":"Administrator","SubjectDomainName":"BLUES","SubjectLogonId":"0x134ab9","ObjectServer":"DS","ObjectType":"%{bf967a9c-0de6-11d0-a285-00aa003049e2}","ObjectName":"%{fc4eaedb-0e9a-4aec-b2b2-39d4bc68620f}","OperationType":"Object Access","HandleId":"0x0","AccessList":"%%7684","AccessMask":"0x10","Properties":"%%7684\r\n\t\t{e48d0154-bcf8-11d1-8702-00c04fb96050}\r\n\t\t\t{26d97369-6070-11d1-a9c6-0000f80367c1}\r\n\t{bf967a9c-0de6-11d0-a285-00aa003049e2}","AdditionalInfo":"-","AdditionalInfo2":""}}}
{"Event":{"#attributes":{"xmlns":"http://schemas.microsoft.com/win/2004/08/events/event"},"System":{"Provider":{"#attributes":{"Name":"Microsoft-Windows-Security-Auditing","Guid":"54849625-5478-4994-A5BA-3E3B0328C30D"}},"EventID":4662,"Version":0,"Level":0,"Task":14080,"Opcode":0,"Keywords":"0x8020000000000000","TimeCreated":{"#attributes":{"SystemTime":"2026-06-23T05:13:28.490226Z"}},"EventRecordID":1062296,"Correlation":null,"Execution":{"#attributes":{"ProcessID":840,"ThreadID":976}},"Channel":"Security","Computer":"DC1.blues.lab","Security":null},"EventData":{"SubjectUserSid":"S-1-5-21-1940215732-407848784-1427904796-500","SubjectUserName":"Administrator","SubjectDomainName":"BLUES","SubjectLogonId":"0x134ab9","ObjectServer":"DS","ObjectType":"%{bf967a9c-0de6-11d0-a285-00aa003049e2}","ObjectName":"%{52298729-377b-4bf9-a6b4-61deca00ad12}","OperationType":"Object Access","HandleId":"0x0","AccessList":"%%7684","AccessMask":"0x10","Properties":"%%7684\r\n\t\t{e48d0154-bcf8-11d1-8702-00c04fb96050}\r\n\t\t\t{26d97369-6070-11d1-a9c6-0000f80367c1}\r\n\t{bf967a9c-0de6-11d0-a285-00aa003049e2}","AdditionalInfo":"-","AdditionalInfo2":""}}}
{"Event":{"#attributes":{"xmlns":"http://schemas.microsoft.com/win/2004/08/events/event"},"System":{"Provider":{"#attributes":{"Name":"Microsoft-Windows-Security-Auditing","Guid":"54849625-5478-4994-A5BA-3E3B0328C30D"}},"EventID":4662,"Version":0,"Level":0,"Task":14080,"Opcode":0,"Keywords":"0x8020000000000000","TimeCreated":{"#attributes":{"SystemTime":"2026-06-23T05:13:28.490286Z"}},"EventRecordID":1062297,"Correlation":null,"Execution":{"#attributes":{"ProcessID":840,"ThreadID":976}},"Channel":"Security","Computer":"DC1.blues.lab","Security":null},"EventData":{"SubjectUserSid":"S-1-5-21-1940215732-407848784-1427904796-500","SubjectUserName":"Administrator","SubjectDomainName":"BLUES","SubjectLogonId":"0x134ab9","ObjectServer":"DS","ObjectType":"%{bf967a9c-0de6-11d0-a285-00aa003049e2}","ObjectName":"%{42bfd745-22fc-4fd3-8df6-c4a3693dbdb6}","OperationType":"Object Access","HandleId":"0x0","AccessList":"%%7684","AccessMask":"0x10","Properties":"%%7684\r\n\t\t{e48d0154-bcf8-11d1-8702-00c04fb96050}\r\n\t\t\t{26d97369-6070-11d1-a9c6-0000f80367c1}\r\n\t{bf967a9c-0de6-11d0-a285-00aa003049e2}","AdditionalInfo":"-","AdditionalInfo2":""}}}
{"Event":{"#attributes":{"xmlns":"http://schemas.microsoft.com/win/2004/08/events/event"},"System":{"Provider":{"#attributes":{"Name":"Microsoft-Windows-Security-Auditing","Guid":"54849625-5478-4994-A5BA-3E3B0328C30D"}},"EventID":4662,"Version":0,"Level":0,"Task":14080,"Opcode":0,"Keywords":"0x8020000000000000","TimeCreated":{"#attributes":{"SystemTime":"2026-06-23T05:13:28.490292Z"}},"EventRecordID":1062298,"Correlation":null,"Execution":{"#attributes":{"ProcessID":840,"ThreadID":976}},"Channel":"Security","Computer":"DC1.blues.lab","Security":null},"EventData":{"SubjectUserSid":"S-1-5-21-1940215732-407848784-1427904796-500","SubjectUserName":"Administrator","SubjectDomainName":"BLUES","SubjectLogonId":"0x134ab9","ObjectServer":"DS","ObjectType":"%{bf967a9c-0de6-11d0-a285-00aa003049e2}","ObjectName":"%{3e0108d9-bd35-4dad-bf15-17da4c31511a}","OperationType":"Object Access","HandleId":"0x0","AccessList":"%%7684","AccessMask":"0x10","Properties":"%%7684\r\n\t\t{e48d0154-bcf8-11d1-8702-00c04fb96050}\r\n\t\t\t{26d97369-6070-11d1-a9c6-0000f80367c1}\r\n\t{bf967a9c-0de6-11d0-a285-00aa003049e2}","AdditionalInfo":"-","AdditionalInfo2":""}}}
{"Event":{"#attributes":{"xmlns":"http://schemas.microsoft.com/win/2004/08/events/event"},"System":{"Provider":{"#attributes":{"Name":"Microsoft-Windows-Security-Auditing","Guid":"54849625-5478-4994-A5BA-3E3B0328C30D"}},"EventID":4662,"Version":0,"Level":0,"Task":14080,"Opcode":0,"Keywords":"0x8020000000000000","TimeCreated":{"#attributes":{"SystemTime":"2026-06-23T05:13:28.490297Z"}},"EventRecordID":1062299,"Correlation":null,"Execution":{"#attributes":{"ProcessID":840,"ThreadID":976}},"Channel":"Security","Computer":"DC1.blues.lab","Security":null},"EventData":{"SubjectUserSid":"S-1-5-21-1940215732-407848784-1427904796-500","SubjectUserName":"Administrator","SubjectDomainName":"BLUES","SubjectLogonId":"0x134ab9","ObjectServer":"DS","ObjectType":"%{bf967a9c-0de6-11d0-a285-00aa003049e2}","ObjectName":"%{f820f0cc-bc58-426e-973d-bed18b5b3710}","OperationType":"Object Access","HandleId":"0x0","AccessList":"%%7684","AccessMask":"0x10","Properties":"%%7684\r\n\t\t{e48d0154-bcf8-11d1-8702-00c04fb96050}\r\n\t\t\t{26d97369-6070-11d1-a9c6-0000f80367c1}\r\n\t{bf967a9c-0de6-11d0-a285-00aa003049e2}","AdditionalInfo":"-","AdditionalInfo2":""}}}
{"Event":{"#attributes":{"xmlns":"http://schemas.microsoft.com/win/2004/08/events/event"},"System":{"Provider":{"#attributes":{"Name":"Microsoft-Windows-Security-Auditing","Guid":"54849625-5478-4994-A5BA-3E3B0328C30D"}},"EventID":4662,"Version":0,"Level":0,"Task":14080,"Opcode":0,"Keywords":"0x8020000000000000","TimeCreated":{"#attributes":{"SystemTime":"2026-06-23T05:13:28.490302Z"}},"EventRecordID":1062300,"Correlation":null,"Execution":{"#attributes":{"ProcessID":840,"ThreadID":976}},"Channel":"Security","Computer":"DC1.blues.lab","Security":null},"EventData":{"SubjectUserSid":"S-1-5-21-1940215732-407848784-1427904796-500","SubjectUserName":"Administrator","SubjectDomainName":"BLUES","SubjectLogonId":"0x134ab9","ObjectServer":"DS","ObjectType":"%{bf967a9c-0de6-11d0-a285-00aa003049e2}","ObjectName":"%{23544f18-bd04-4ea2-939c-aeef6c1a62fd}","OperationType":"Object Access","HandleId":"0x0","AccessList":"%%7684","AccessMask":"0x10","Properties":"%%7684\r\n\t\t{e48d0154-bcf8-11d1-8702-00c04fb96050}\r\n\t\t\t{26d97369-6070-11d1-a9c6-0000f80367c1}\r\n\t{bf967a9c-0de6-11d0-a285-00aa003049e2}","AdditionalInfo":"-","AdditionalInfo2":""}}}
{"Event":{"#attributes":{"xmlns":"http://schemas.microsoft.com/win/2004/08/events/event"},"System":{"Provider":{"#attributes":{"Name":"Microsoft-Windows-Security-Auditing","Guid":"54849625-5478-4994-A5BA-3E3B0328C30D"}},"EventID":4662,"Version":0,"Level":0,"Task":14080,"Opcode":0,"Keywords":"0x8020000000000000","TimeCreated":{"#attributes":{"SystemTime":"2026-06-23T05:13:28.490311Z"}},"EventRecordID":1062301,"Correlation":null,"Execution":{"#attributes":{"ProcessID":840,"ThreadID":976}},"Channel":"Security","Computer":"DC1.blues.lab","Security":null},"EventData":{"SubjectUserSid":"S-1-5-21-1940215732-407848784-1427904796-500","SubjectUserName":"Administrator","SubjectDomainName":"BLUES","SubjectLogonId":"0x134ab9","ObjectServer":"DS","ObjectType":"%{bf967a9c-0de6-11d0-a285-00aa003049e2}","ObjectName":"%{63a5d975-f76a-40ff-8772-7fdf1916b9d5}","OperationType":"Object Access","HandleId":"0x0","AccessList":"%%7684","AccessMask":"0x10","Properties":"%%7684\r\n\t\t{e48d0154-bcf8-11d1-8702-00c04fb96050}\r\n\t\t\t{26d97369-6070-11d1-a9c6-0000f80367c1}\r\n\t{bf967a9c-0de6-11d0-a285-00aa003049e2}","AdditionalInfo":"-","AdditionalInfo2":""}}}
{"Event":{"#attributes":{"xmlns":"http://schemas.microsoft.com/win/2004/08/events/event"},"System":{"Provider":{"#attributes":{"Name":"Microsoft-Windows-Security-Auditing","Guid":"54849625-5478-4994-A5BA-3E3B0328C30D"}},"EventID":4662,"Version":0,"Level":0,"Task":14080,"Opcode":0,"Keywords":"0x8020000000000000","TimeCreated":{"#attributes":{"SystemTime":"2026-06-23T05:13:28.490362Z"}},"EventRecordID":1062302,"Correlation":null,"Execution":{"#attributes":{"ProcessID":840,"ThreadID":976}},"Channel":"Security","Computer":"DC1.blues.lab","Security":null},"EventData":{"SubjectUserSid":"S-1-5-21-1940215732-407848784-1427904796-500","SubjectUserName":"Administrator","SubjectDomainName":"BLUES","SubjectLogonId":"0x134ab9","ObjectServer":"DS","ObjectType":"%{bf967a9c-0de6-11d0-a285-00aa003049e2}","ObjectName":"%{967f53e1-3c9b-4b96-9487-ff82ec02e3b0}","OperationType":"Object Access","HandleId":"0x0","AccessList":"%%7684","AccessMask":"0x10","Properties":"%%7684\r\n\t\t{e48d0154-bcf8-11d1-8702-00c04fb96050}\r\n\t\t\t{26d97369-6070-11d1-a9c6-0000f80367c1}\r\n\t{bf967a9c-0de6-11d0-a285-00aa003049e2}","AdditionalInfo":"-","AdditionalInfo2":""}}}
{"Event":{"#attributes":{"xmlns":"http://schemas.microsoft.com/win/2004/08/events/event"},"System":{"Provider":{"#attributes":{"Name":"Microsoft-Windows-Security-Auditing","Guid":"54849625-5478-4994-A5BA-3E3B0328C30D"}},"EventID":4662,"Version":0,"Level":0,"Task":14080,"Opcode":0,"Keywords":"0x8020000000000000","TimeCreated":{"#attributes":{"SystemTime":"2026-06-23T05:13:28.490367Z"}},"EventRecordID":1062303,"Correlation":null,"Execution":{"#attributes":{"ProcessID":840,"ThreadID":976}},"Channel":"Security","Computer":"DC1.blues.lab","Security":null},"EventData":{"SubjectUserSid":"S-1-5-21-1940215732-407848784-1427904796-500","SubjectUserName":"Administrator","SubjectDomainName":"BLUES","SubjectLogonId":"0x134ab9","ObjectServer":"DS","ObjectType":"%{bf967a9c-0de6-11d0-a285-00aa003049e2}","ObjectName":"%{3c600b0a-fdeb-4a05-a620-ef9a14129305}","OperationType":"Object Access","HandleId":"0x0","AccessList":"%%7684","AccessMask":"0x10","Properties":"%%7684\r\n\t\t{e48d0154-bcf8-11d1-8702-00c04fb96050}\r\n\t\t\t{26d97369-6070-11d1-a9c6-0000f80367c1}\r\n\t{bf967a9c-0de6-11d0-a285-00aa003049e2}","AdditionalInfo":"-","AdditionalInfo2":""}}}
{"Event":{"#attributes":{"xmlns":"http://schemas.microsoft.com/win/2004/08/events/event"},"System":{"Provider":{"#attributes":{"Name":"Microsoft-Windows-Security-Auditing","Guid":"54849625-5478-4994-A5BA-3E3B0328C30D"}},"EventID":4662,"Version":0,"Level":0,"Task":14080,"Opcode":0,"Keywords":"0x8020000000000000","TimeCreated":{"#attributes":{"SystemTime":"2026-06-23T05:13:28.490372Z"}},"EventRecordID":1062304,"Correlation":null,"Execution":{"#attributes":{"ProcessID":840,"ThreadID":976}},"Channel":"Security","Computer":"DC1.blues.lab","Security":null},"EventData":{"SubjectUserSid":"S-1-5-21-1940215732-407848784-1427904796-500","SubjectUserName":"Administrator","SubjectDomainName":"BLUES","SubjectLogonId":"0x134ab9","ObjectServer":"DS","ObjectType":"%{bf967a9c-0de6-11d0-a285-00aa003049e2}","ObjectName":"%{b1e34f5f-7c8c-4e71-8845-fd3e6ef87e35}","OperationType":"Object Access","HandleId":"0x0","AccessList":"%%7684","AccessMask":"0x10","Properties":"%%7684\r\n\t\t{e48d0154-bcf8-11d1-8702-00c04fb96050}\r\n\t\t\t{26d97369-6070-11d1-a9c6-0000f80367c1}\r\n\t{bf967a9c-0de6-11d0-a285-00aa003049e2}","AdditionalInfo":"-","AdditionalInfo2":""}}}
{"Event":{"#attributes":{"xmlns":"http://schemas.microsoft.com/win/2004/08/events/event"},"System":{"Provider":{"#attributes":{"Name":"Microsoft-Windows-Security-Auditing","Guid":"54849625-5478-4994-A5BA-3E3B0328C30D"}},"EventID":4662,"Version":0,"Level":0,"Task":14080,"Opcode":0,"Keywords":"0x8020000000000000","TimeCreated":{"#attributes":{"SystemTime":"2026-06-23T05:13:28.490377Z"}},"EventRecordID":1062305,"Correlation":null,"Execution":{"#attributes":{"ProcessID":840,"ThreadID":976}},"Channel":"Security","Computer":"DC1.blues.lab","Security":null},"EventData":{"SubjectUserSid":"S-1-5-21-1940215732-407848784-1427904796-500","SubjectUserName":"Administrator","SubjectDomainName":"BLUES","SubjectLogonId":"0x134ab9","ObjectServer":"DS","ObjectType":"%{bf967a9c-0de6-11d0-a285-00aa003049e2}","ObjectName":"%{cd3fc9c2-4db8-43ab-a680-b89800982e7c}","OperationType":"Object Access","HandleId":"0x0","AccessList":"%%7684","AccessMask":"0x10","Properties":"%%7684\r\n\t\t{e48d0154-bcf8-11d1-8702-00c04fb96050}\r\n\t\t\t{26d97369-6070-11d1-a9c6-0000f80367c1}\r\n\t{bf967a9c-0de6-11d0-a285-00aa003049e2}","AdditionalInfo":"-","AdditionalInfo2":""}}}
{"Event":{"#attributes":{"xmlns":"http://schemas.microsoft.com/win/2004/08/events/event"},"System":{"Provider":{"#attributes":{"Name":"Microsoft-Windows-Security-Auditing","Guid":"54849625-5478-4994-A5BA-3E3B0328C30D"}},"EventID":4662,"Version":0,"Level":0,"Task":14080,"Opcode":0,"Keywords":"0x8020000000000000","TimeCreated":{"#attributes":{"SystemTime":"2026-06-23T05:13:28.490382Z"}},"EventRecordID":1062306,"Correlation":null,"Execution":{"#attributes":{"ProcessID":840,"ThreadID":976}},"Channel":"Security","Computer":"DC1.blues.lab","Security":null},"EventData":{"SubjectUserSid":"S-1-5-21-1940215732-407848784-1427904796-500","SubjectUserName":"Administrator","SubjectDomainName":"BLUES","SubjectLogonId":"0x134ab9","ObjectServer":"DS","ObjectType":"%{bf967a9c-0de6-11d0-a285-00aa003049e2}","ObjectName":"%{7909d313-e446-47b8-8557-6e4b59183497}","OperationType":"Object Access","HandleId":"0x0","AccessList":"%%7684","AccessMask":"0x10","Properties":"%%7684\r\n\t\t{e48d0154-bcf8-11d1-8702-00c04fb96050}\r\n\t\t\t{26d97369-6070-11d1-a9c6-0000f80367c1}\r\n\t{bf967a9c-0de6-11d0-a285-00aa003049e2}","AdditionalInfo":"-","AdditionalInfo2":""}}}
{"Event":{"#attributes":{"xmlns":"http://schemas.microsoft.com/win/2004/08/events/event"},"System":{"Provider":{"#attributes":{"Name":"Microsoft-Windows-Security-Auditing","Guid":"54849625-5478-4994-A5BA-3E3B0328C30D"}},"EventID":4662,"Version":0,"Level":0,"Task":14080,"Opcode":0,"Keywords":"0x8020000000000000","TimeCreated":{"#attributes":{"SystemTime":"2026-06-23T05:13:28.490448Z"}},"EventRecordID":1062307,"Correlation":null,"Execution":{"#attributes":{"ProcessID":840,"ThreadID":976}},"Channel":"Security","Computer":"DC1.blues.lab","Security":null},"EventData":{"SubjectUserSid":"S-1-5-21-1940215732-407848784-1427904796-500","SubjectUserName":"Administrator","SubjectDomainName":"BLUES","SubjectLogonId":"0x134ab9","ObjectServer":"DS","ObjectType":"%{bf967a9c-0de6-11d0-a285-00aa003049e2}","ObjectName":"%{d68cd39c-06a8-4363-963a-129b98aca2a5}","OperationType":"Object Access","HandleId":"0x0","AccessList":"%%7684","AccessMask":"0x10","Properties":"%%7684\r\n\t\t{e48d0154-bcf8-11d1-8702-00c04fb96050}\r\n\t\t\t{26d97369-6070-11d1-a9c6-0000f80367c1}\r\n\t{bf967a9c-0de6-11d0-a285-00aa003049e2}","AdditionalInfo":"-","AdditionalInfo2":""}}}
{"Event":{"#attributes":{"xmlns":"http://schemas.microsoft.com/win/2004/08/events/event"},"System":{"Provider":{"#attributes":{"Name":"Microsoft-Windows-Security-Auditing","Guid":"54849625-5478-4994-A5BA-3E3B0328C30D"}},"EventID":4662,"Version":0,"Level":0,"Task":14080,"Opcode":0,"Keywords":"0x8020000000000000","TimeCreated":{"#attributes":{"SystemTime":"2026-06-23T05:13:28.490456Z"}},"EventRecordID":1062308,"Correlation":null,"Execution":{"#attributes":{"ProcessID":840,"ThreadID":976}},"Channel":"Security","Computer":"DC1.blues.lab","Security":null},"EventData":{"SubjectUserSid":"S-1-5-21-1940215732-407848784-1427904796-500","SubjectUserName":"Administrator","SubjectDomainName":"BLUES","SubjectLogonId":"0x134ab9","ObjectServer":"DS","ObjectType":"%{bf967a9c-0de6-11d0-a285-00aa003049e2}","ObjectName":"%{362f548f-596a-4bc7-a9ba-b52927982d36}","OperationType":"Object Access","HandleId":"0x0","AccessList":"%%7684","AccessMask":"0x10","Properties":"%%7684\r\n\t\t{e48d0154-bcf8-11d1-8702-00c04fb96050}\r\n\t\t\t{26d97369-6070-11d1-a9c6-0000f80367c1}\r\n\t{bf967a9c-0de6-11d0-a285-00aa003049e2}","AdditionalInfo":"-","AdditionalInfo2":""}}}
{"Event":{"#attributes":{"xmlns":"http://schemas.microsoft.com/win/2004/08/events/event"},"System":{"Provider":{"#attributes":{"Name":"Microsoft-Windows-Security-Auditing","Guid":"54849625-5478-4994-A5BA-3E3B0328C30D"}},"EventID":4662,"Version":0,"Level":0,"Task":14080,"Opcode":0,"Keywords":"0x8020000000000000","TimeCreated":{"#attributes":{"SystemTime":"2026-06-23T05:13:28.490461Z"}},"EventRecordID":1062309,"Correlation":null,"Execution":{"#attributes":{"ProcessID":840,"ThreadID":976}},"Channel":"Security","Computer":"DC1.blues.lab","Security":null},"EventData":{"SubjectUserSid":"S-1-5-21-1940215732-407848784-1427904796-500","SubjectUserName":"Administrator","SubjectDomainName":"BLUES","SubjectLogonId":"0x134ab9","ObjectServer":"DS","ObjectType":"%{bf967a9c-0de6-11d0-a285-00aa003049e2}","ObjectName":"%{c640f21d-a0bf-4117-abaa-f55f6a8401cb}","OperationType":"Object Access","HandleId":"0x0","AccessList":"%%7684","AccessMask":"0x10","Properties":"%%7684\r\n\t\t{e48d0154-bcf8-11d1-8702-00c04fb96050}\r\n\t\t\t{26d97369-6070-11d1-a9c6-0000f80367c1}\r\n\t{bf967a9c-0de6-11d0-a285-00aa003049e2}","AdditionalInfo":"-","AdditionalInfo2":""}}}
{"Event":{"#attributes":{"xmlns":"http://schemas.microsoft.com/win/2004/08/events/event"},"System":{"Provider":{"#attributes":{"Name":"Microsoft-Windows-Security-Auditing","Guid":"54849625-5478-4994-A5BA-3E3B0328C30D"}},"EventID":4662,"Version":0,"Level":0,"Task":14080,"Opcode":0,"Keywords":"0x8020000000000000","TimeCreated":{"#attributes":{"SystemTime":"2026-06-23T05:13:28.490466Z"}},"EventRecordID":1062310,"Correlation":null,"Execution":{"#attributes":{"ProcessID":840,"ThreadID":976}},"Channel":"Security","Computer":"DC1.blues.lab","Security":null},"EventData":{"SubjectUserSid":"S-1-5-21-1940215732-407848784-1427904796-500","SubjectUserName":"Administrator","SubjectDomainName":"BLUES","SubjectLogonId":"0x134ab9","ObjectServer":"DS","ObjectType":"%{bf967aba-0de6-11d0-a285-00aa003049e2}","ObjectName":"%{f5ad41bf-bb06-4d90-82ff-49df8736cc4a}","OperationType":"Object Access","HandleId":"0x0","AccessList":"%%7684","AccessMask":"0x10","Properties":"%%7684\r\n\t\t{e48d0154-bcf8-11d1-8702-00c04fb96050}\r\n\t\t\t{26d97369-6070-11d1-a9c6-0000f80367c1}\r\n\t{bf967aba-0de6-11d0-a285-00aa003049e2}","AdditionalInfo":"-","AdditionalInfo2":""}}}
{"Event":{"#attributes":{"xmlns":"http://schemas.microsoft.com/win/2004/08/events/event"},"System":{"Provider":{"#attributes":{"Name":"Microsoft-Windows-Security-Auditing","Guid":"54849625-5478-4994-A5BA-3E3B0328C30D"}},"EventID":4662,"Version":0,"Level":0,"Task":14080,"Opcode":0,"Keywords":"0x8020000000000000","TimeCreated":{"#attributes":{"SystemTime":"2026-06-23T05:13:28.490471Z"}},"EventRecordID":1062311,"Correlation":null,"Execution":{"#attributes":{"ProcessID":840,"ThreadID":976}},"Channel":"Security","Computer":"DC1.blues.lab","Security":null},"EventData":{"SubjectUserSid":"S-1-5-21-1940215732-407848784-1427904796-500","SubjectUserName":"Administrator","SubjectDomainName":"BLUES","SubjectLogonId":"0x134ab9","ObjectServer":"DS","ObjectType":"%{bf967a9c-0de6-11d0-a285-00aa003049e2}","ObjectName":"%{1f791fb9-653c-4a5b-9e49-452d847e2b67}","OperationType":"Object Access","HandleId":"0x0","AccessList":"%%7684","AccessMask":"0x10","Properties":"%%7684\r\n\t\t{e48d0154-bcf8-11d1-8702-00c04fb96050}\r\n\t\t\t{26d97369-6070-11d1-a9c6-0000f80367c1}\r\n\t{bf967a9c-0de6-11d0-a285-00aa003049e2}","AdditionalInfo":"-","AdditionalInfo2":""}}}
{"Event":{"#attributes":{"xmlns":"http://schemas.microsoft.com/win/2004/08/events/event"},"System":{"Provider":{"#attributes":{"Name":"Microsoft-Windows-Security-Auditing","Guid":"54849625-5478-4994-A5BA-3E3B0328C30D"}},"EventID":4662,"Version":0,"Level":0,"Task":14080,"Opcode":0,"Keywords":"0x8020000000000000","TimeCreated":{"#attributes":{"SystemTime":"2026-06-23T05:13:28.490476Z"}},"EventRecordID":1062312,"Correlation":null,"Execution":{"#attributes":{"ProcessID":840,"ThreadID":976}},"Channel":"Security","Computer":"DC1.blues.lab","Security":null},"EventData":{"SubjectUserSid":"S-1-5-21-1940215732-407848784-1427904796-500","SubjectUserName":"Administrator","SubjectDomainName":"BLUES","SubjectLogonId":"0x134ab9","ObjectServer":"DS","ObjectType":"%{bf967aba-0de6-11d0-a285-00aa003049e2}","ObjectName":"%{0164501a-0983-4e85-aa06-f43ee4cf726a}","OperationType":"Object Access","HandleId":"0x0","AccessList":"%%7684","AccessMask":"0x10","Properties":"%%7684\r\n\t\t{e48d0154-bcf8-11d1-8702-00c04fb96050}\r\n\t\t\t{26d97369-6070-11d1-a9c6-0000f80367c1}\r\n\t{bf967aba-0de6-11d0-a285-00aa003049e2}","AdditionalInfo":"-","AdditionalInfo2":""}}}
{"Event":{"#attributes":{"xmlns":"http://schemas.microsoft.com/win/2004/08/events/event"},"System":{"Provider":{"#attributes":{"Name":"Microsoft-Windows-Security-Auditing","Guid":"54849625-5478-4994-A5BA-3E3B0328C30D"}},"EventID":4662,"Version":0,"Level":0,"Task":14080,"Opcode":0,"Keywords":"0x8020000000000000","TimeCreated":{"#attributes":{"SystemTime":"2026-06-23T05:13:28.490480Z"}},"EventRecordID":1062313,"Correlation":null,"Execution":{"#attributes":{"ProcessID":840,"ThreadID":976}},"Channel":"Security","Computer":"DC1.blues.lab","Security":null},"EventData":{"SubjectUserSid":"S-1-5-21-1940215732-407848784-1427904796-500","SubjectUserName":"Administrator","SubjectDomainName":"BLUES","SubjectLogonId":"0x134ab9","ObjectServer":"DS","ObjectType":"%{bf967aba-0de6-11d0-a285-00aa003049e2}","ObjectName":"%{8d36571d-bd86-4f08-8908-ba6e45980e5c}","OperationType":"Object Access","HandleId":"0x0","AccessList":"%%7684","AccessMask":"0x10","Properties":"%%7684\r\n\t\t{e48d0154-bcf8-11d1-8702-00c04fb96050}\r\n\t\t\t{26d97369-6070-11d1-a9c6-0000f80367c1}\r\n\t{bf967aba-0de6-11d0-a285-00aa003049e2}","AdditionalInfo":"-","AdditionalInfo2":""}}}
{"Event":{"#attributes":{"xmlns":"http://schemas.microsoft.com/win/2004/08/events/event"},"System":{"Provider":{"#attributes":{"Name":"Microsoft-Windows-Security-Auditing","Guid":"54849625-5478-4994-A5BA-3E3B0328C30D"}},"EventID":4662,"Version":0,"Level":0,"Task":14080,"Opcode":0,"Keywords":"0x8020000000000000","TimeCreated":{"#attributes":{"SystemTime":"2026-06-23T05:13:28.490485Z"}},"EventRecordID":1062314,"Correlation":null,"Execution":{"#attributes":{"ProcessID":840,"ThreadID":976}},"Channel":"Security","Computer":"DC1.blues.lab","Security":null},"EventData":{"SubjectUserSid":"S-1-5-21-1940215732-407848784-1427904796-500","SubjectUserName":"Administrator","SubjectDomainName":"BLUES","SubjectLogonId":"0x134ab9","ObjectServer":"DS","ObjectType":"%{bf967a9c-0de6-11d0-a285-00aa003049e2}","ObjectName":"%{f1fa9351-bce6-4697-92dc-e0ee46c6e990}","OperationType":"Object Access","HandleId":"0x0","AccessList":"%%7684","AccessMask":"0x10","Properties":"%%7684\r\n\t\t{e48d0154-bcf8-11d1-8702-00c04fb96050}\r\n\t\t\t{26d97369-6070-11d1-a9c6-0000f80367c1}\r\n\t{bf967a9c-0de6-11d0-a285-00aa003049e2}","AdditionalInfo":"-","AdditionalInfo2":""}}}
{"Event":{"#attributes":{"xmlns":"http://schemas.microsoft.com/win/2004/08/events/event"},"System":{"Provider":{"#attributes":{"Name":"Microsoft-Windows-Security-Auditing","Guid":"54849625-5478-4994-A5BA-3E3B0328C30D"}},"EventID":4662,"Version":0,"Level":0,"Task":14080,"Opcode":0,"Keywords":"0x8020000000000000","TimeCreated":{"#attributes":{"SystemTime":"2026-06-23T05:13:28.490490Z"}},"EventRecordID":1062315,"Correlation":null,"Execution":{"#attributes":{"ProcessID":840,"ThreadID":976}},"Channel":"Security","Computer":"DC1.blues.lab","Security":null},"EventData":{"SubjectUserSid":"S-1-5-21-1940215732-407848784-1427904796-500","SubjectUserName":"Administrator","SubjectDomainName":"BLUES","SubjectLogonId":"0x134ab9","ObjectServer":"DS","ObjectType":"%{bf967a9c-0de6-11d0-a285-00aa003049e2}","ObjectName":"%{07bcd753-41c6-46ff-87df-ed8241c2dadc}","OperationType":"Object Access","HandleId":"0x0","AccessList":"%%7684","AccessMask":"0x10","Properties":"%%7684\r\n\t\t{e48d0154-bcf8-11d1-8702-00c04fb96050}\r\n\t\t\t{26d97369-6070-11d1-a9c6-0000f80367c1}\r\n\t{bf967a9c-0de6-11d0-a285-00aa003049e2}","AdditionalInfo":"-","AdditionalInfo2":""}}}
{"Event":{"#attributes":{"xmlns":"http://schemas.microsoft.com/win/2004/08/events/event"},"System":{"Provider":{"#attributes":{"Name":"Microsoft-Windows-Security-Auditing","Guid":"54849625-5478-4994-A5BA-3E3B0328C30D"}},"EventID":4662,"Version":0,"Level":0,"Task":14080,"Opcode":0,"Keywords":"0x8020000000000000","TimeCreated":{"#attributes":{"SystemTime":"2026-06-23T05:13:28.490621Z"}},"EventRecordID":1062316,"Correlation":null,"Execution":{"#attributes":{"ProcessID":840,"ThreadID":976}},"Channel":"Security","Computer":"DC1.blues.lab","Security":null},"EventData":{"SubjectUserSid":"S-1-5-21-1940215732-407848784-1427904796-500","SubjectUserName":"Administrator","SubjectDomainName":"BLUES","SubjectLogonId":"0x134ab9","ObjectServer":"DS","ObjectType":"%{bf967a9c-0de6-11d0-a285-00aa003049e2}","ObjectName":"%{235787f0-c004-415a-a736-9a69dd6f187b}","OperationType":"Object Access","HandleId":"0x0","AccessList":"%%7684","AccessMask":"0x10","Properties":"%%7684\r\n\t\t{e48d0154-bcf8-11d1-8702-00c04fb96050}\r\n\t\t\t{26d97369-6070-11d1-a9c6-0000f80367c1}\r\n\t{bf967a9c-0de6-11d0-a285-00aa003049e2}","AdditionalInfo":"-","AdditionalInfo2":""}}}
{"Event":{"#attributes":{"xmlns":"http://schemas.microsoft.com/win/2004/08/events/event"},"System":{"Provider":{"#attributes":{"Name":"Microsoft-Windows-Security-Auditing","Guid":"54849625-5478-4994-A5BA-3E3B0328C30D"}},"EventID":4662,"Version":0,"Level":0,"Task":14080,"Opcode":0,"Keywords":"0x8020000000000000","TimeCreated":{"#attributes":{"SystemTime":"2026-06-23T05:13:28.490628Z"}},"EventRecordID":1062317,"Correlation":null,"Execution":{"#attributes":{"ProcessID":840,"ThreadID":976}},"Channel":"Security","Computer":"DC1.blues.lab","Security":null},"EventData":{"SubjectUserSid":"S-1-5-21-1940215732-407848784-1427904796-500","SubjectUserName":"Administrator","SubjectDomainName":"BLUES","SubjectLogonId":"0x134ab9","ObjectServer":"DS","ObjectType":"%{bf967a9c-0de6-11d0-a285-00aa003049e2}","ObjectName":"%{39ddb1dd-ac4a-4d8e-8271-d6b8a77581a5}","OperationType":"Object Access","HandleId":"0x0","AccessList":"%%7684","AccessMask":"0x10","Properties":"%%7684\r\n\t\t{e48d0154-bcf8-11d1-8702-00c04fb96050}\r\n\t\t\t{26d97369-6070-11d1-a9c6-0000f80367c1}\r\n\t{bf967a9c-0de6-11d0-a285-00aa003049e2}","AdditionalInfo":"-","AdditionalInfo2":""}}}
{"Event":{"#attributes":{"xmlns":"http://schemas.microsoft.com/win/2004/08/events/event"},"System":{"Provider":{"#attributes":{"Name":"Microsoft-Windows-Security-Auditing","Guid":"54849625-5478-4994-A5BA-3E3B0328C30D"}},"EventID":4662,"Version":0,"Level":0,"Task":14080,"Opcode":0,"Keywords":"0x8020000000000000","TimeCreated":{"#attributes":{"SystemTime":"2026-06-23T05:13:28.490634Z"}},"EventRecordID":1062318,"Correlation":null,"Execution":{"#attributes":{"ProcessID":840,"ThreadID":976}},"Channel":"Security","Computer":"DC1.blues.lab","Security":null},"EventData":{"SubjectUserSid":"S-1-5-21-1940215732-407848784-1427904796-500","SubjectUserName":"Administrator","SubjectDomainName":"BLUES","SubjectLogonId":"0x134ab9","ObjectServer":"DS","ObjectType":"%{bf967aba-0de6-11d0-a285-00aa003049e2}","ObjectName":"%{730c37d4-cfba-4af1-bfb2-c8dac7c55f56}","OperationType":"Object Access","HandleId":"0x0","AccessList":"%%7684","AccessMask":"0x10","Properties":"%%7684\r\n\t\t{e48d0154-bcf8-11d1-8702-00c04fb96050}\r\n\t\t\t{26d97369-6070-11d1-a9c6-0000f80367c1}\r\n\t{bf967aba-0de6-11d0-a285-00aa003049e2}","AdditionalInfo":"-","AdditionalInfo2":""}}}
{"Event":{"#attributes":{"xmlns":"http://schemas.microsoft.com/win/2004/08/events/event"},"System":{"Provider":{"#attributes":{"Name":"Microsoft-Windows-Security-Auditing","Guid":"54849625-5478-4994-A5BA-3E3B0328C30D"}},"EventID":4662,"Version":0,"Level":0,"Task":14080,"Opcode":0,"Keywords":"0x8020000000000000","TimeCreated":{"#attributes":{"SystemTime":"2026-06-23T05:13:28.490638Z"}},"EventRecordID":1062319,"Correlation":null,"Execution":{"#attributes":{"ProcessID":840,"ThreadID":976}},"Channel":"Security","Computer":"DC1.blues.lab","Security":null},"EventData":{"SubjectUserSid":"S-1-5-21-1940215732-407848784-1427904796-500","SubjectUserName":"Administrator","SubjectDomainName":"BLUES","SubjectLogonId":"0x134ab9","ObjectServer":"DS","ObjectType":"%{19195a5b-6da0-11d0-afd3-00c04fd930c9}","ObjectName":"%{5206e6c4-9bf2-48cf-96fd-aa43f219c623}","OperationType":"Object Access","HandleId":"0x0","AccessList":"%%7682","AccessMask":"0x4","Properties":"%%7682\r\n\t{19195a5b-6da0-11d0-afd3-00c04fd930c9}","AdditionalInfo":"-","AdditionalInfo2":""}}}
{"Event":{"#attributes":{"xmlns":"http://schemas.microsoft.com/win/2004/08/events/event"},"System":{"Provider":{"#attributes":{"Name":"Microsoft-Windows-Security-Auditing","Guid":"54849625-5478-4994-A5BA-3E3B0328C30D"}},"EventID":4662,"Version":0,"Level":0,"Task":14080,"Opcode":0,"Keywords":"0x8020000000000000","TimeCreated":{"#attributes":{"SystemTime":"2026-06-23T05:13:28.511033Z"}},"EventRecordID":1062320,"Correlation":null,"Execution":{"#attributes":{"ProcessID":840,"ThreadID":976}},"Channel":"Security","Computer":"DC1.blues.lab","Security":null},"EventData":{"SubjectUserSid":"S-1-5-21-1940215732-407848784-1427904796-500","SubjectUserName":"Administrator","SubjectDomainName":"BLUES","SubjectLogonId":"0x134ab9","ObjectServer":"DS","ObjectType":"%{19195a5b-6da0-11d0-afd3-00c04fd930c9}","ObjectName":"%{5206e6c4-9bf2-48cf-96fd-aa43f219c623}","OperationType":"Object Access","HandleId":"0x0","AccessList":"%%7682","AccessMask":"0x4","Properties":"%%7682\r\n\t{19195a5b-6da0-11d0-afd3-00c04fd930c9}","AdditionalInfo":"-","AdditionalInfo2":""}}}
{"Event":{"#attributes":{"xmlns":"http://schemas.microsoft.com/win/2004/08/events/event"},"System":{"Provider":{"#attributes":{"Name":"Microsoft-Windows-Security-Auditing","Guid":"54849625-5478-4994-A5BA-3E3B0328C30D"}},"EventID":4662,"Version":0,"Level":0,"Task":14080,"Opcode":0,"Keywords":"0x8020000000000000","TimeCreated":{"#attributes":{"SystemTime":"2026-06-23T05:13:28.511042Z"}},"EventRecordID":1062321,"Correlation":null,"Execution":{"#attributes":{"ProcessID":840,"ThreadID":976}},"Channel":"Security","Computer":"DC1.blues.lab","Security":null},"EventData":{"SubjectUserSid":"S-1-5-21-1940215732-407848784-1427904796-500","SubjectUserName":"Administrator","SubjectDomainName":"BLUES","SubjectLogonId":"0x134ab9","ObjectServer":"DS","ObjectType":"%{bf967a8b-0de6-11d0-a285-00aa003049e2}","ObjectName":"%{177c5007-8498-46f8-baf8-c471a5ee765c}","OperationType":"Object Access","HandleId":"0x0","AccessList":"%%7684","AccessMask":"0x10","Properties":"%%7684\r\n\t\t{e48d0154-bcf8-11d1-8702-00c04fb96050}\r\n\t\t\t{bf9679e5-0de6-11d0-a285-00aa003049e2}\r\n\t{bf967a8b-0de6-11d0-a285-00aa003049e2}","AdditionalInfo":"-","AdditionalInfo2":""}}}
{"Event":{"#attributes":{"xmlns":"http://schemas.microsoft.com/win/2004/08/events/event"},"System":{"Provider":{"#attributes":{"Name":"Microsoft-Windows-Security-Auditing","Guid":"54849625-5478-4994-A5BA-3E3B0328C30D"}},"EventID":4662,"Version":0,"Level":0,"Task":14080,"Opcode":0,"Keywords":"0x8020000000000000","TimeCreated":{"#attributes":{"SystemTime":"2026-06-23T05:13:28.511704Z"}},"EventRecordID":1062322,"Correlation":null,"Execution":{"#attributes":{"ProcessID":840,"ThreadID":976}},"Channel":"Security","Computer":"DC1.blues.lab","Security":null},"EventData":{"SubjectUserSid":"S-1-5-21-1940215732-407848784-1427904796-500","SubjectUserName":"Administrator","SubjectDomainName":"BLUES","SubjectLogonId":"0x134ab9","ObjectServer":"DS","ObjectType":"%{bf967aba-0de6-11d0-a285-00aa003049e2}","ObjectName":"%{41770456-0d3b-449a-97f8-3a4bbdc57484}","OperationType":"Object Access","HandleId":"0x0","AccessList":"%%7684","AccessMask":"0x10","Properties":"%%7684\r\n\t\t{e48d0154-bcf8-11d1-8702-00c04fb96050}\r\n\t\t\t{26d97369-6070-11d1-a9c6-0000f80367c1}\r\n\t{bf967aba-0de6-11d0-a285-00aa003049e2}","AdditionalInfo":"-","AdditionalInfo2":""}}}
{"Event":{"#attributes":{"xmlns":"http://schemas.microsoft.com/win/2004/08/events/event"},"System":{"Provider":{"#attributes":{"Name":"Microsoft-Windows-Security-Auditing","Guid":"54849625-5478-4994-A5BA-3E3B0328C30D"}},"EventID":4662,"Version":0,"Level":0,"Task":14080,"Opcode":0,"Keywords":"0x8020000000000000","TimeCreated":{"#attributes":{"SystemTime":"2026-06-23T05:13:28.511709Z"}},"EventRecordID":1062323,"Correlation":null,"Execution":{"#attributes":{"ProcessID":840,"ThreadID":976}},"Channel":"Security","Computer":"DC1.blues.lab","Security":null},"EventData":{"SubjectUserSid":"S-1-5-21-1940215732-407848784-1427904796-500","SubjectUserName":"Administrator","SubjectDomainName":"BLUES","SubjectLogonId":"0x134ab9","ObjectServer":"DS","ObjectType":"%{bf967a8b-0de6-11d0-a285-00aa003049e2}","ObjectName":"%{177c5007-8498-46f8-baf8-c471a5ee765c}","OperationType":"Object Access","HandleId":"0x0","AccessList":"%%7682","AccessMask":"0x4","Properties":"%%7682\r\n\t{bf967a8b-0de6-11d0-a285-00aa003049e2}","AdditionalInfo":"-","AdditionalInfo2":""}}}
