{"Event":{"#attributes":{"xmlns":"http://schemas.microsoft.com/win/2004/08/events/event"},"System":{"Provider":{"#attributes":{"Name":"Microsoft-Windows-Security-Auditing","Guid":"54849625-5478-4994-A5BA-3E3B0328C30D"}},"EventID":4662,"Version":0,"Level":0,"Task":14080,"Opcode":0,"Keywords":"0x8020000000000000","TimeCreated":{"#attributes":{"SystemTime":"2026-06-23T05:16:30.870062Z"}},"EventRecordID":1062679,"Correlation":null,"Execution":{"#attributes":{"ProcessID":840,"ThreadID":976}},"Channel":"Security","Computer":"DC1.blues.lab","Security":null},"EventData":{"SubjectUserSid":"S-1-5-18","SubjectUserName":"DC1$","SubjectDomainName":"BLUES","SubjectLogonId":"0x38eab0","ObjectServer":"DS","ObjectType":"%{bf967a8b-0de6-11d0-a285-00aa003049e2}","ObjectName":"%{551f5579-3b7c-4525-82ce-fa5ba9f559e9}","OperationType":"Object Access","HandleId":"0x0","AccessList":"%%7682","AccessMask":"0x4","Properties":"%%7682\r\n\t{bf967a8b-0de6-11d0-a285-00aa003049e2}","AdditionalInfo":"-","AdditionalInfo2":""}}}
{"Event":{"#attributes":{"xmlns":"http://schemas.microsoft.com/win/2004/08/events/event"},"System":{"Provider":{"#attributes":{"Name":"Microsoft-Windows-Security-Auditing","Guid":"54849625-5478-4994-A5BA-3E3B0328C30D"}},"EventID":4662,"Version":0,"Level":0,"Task":14080,"Opcode":0,"Keywords":"0x8020000000000000","TimeCreated":{"#attributes":{"SystemTime":"2026-06-23T05:16:30.870073Z"}},"EventRecordID":1062680,"Correlation":null,"Execution":{"#attributes":{"ProcessID":840,"ThreadID":976}},"Channel":"Security","Computer":"DC1.blues.lab","Security":null},"EventData":{"SubjectUserSid":"S-1-5-18","SubjectUserName":"DC1$","SubjectDomainName":"BLUES","SubjectLogonId":"0x38eab0","ObjectServer":"DS","ObjectType":"%{7b35dbad-b3ec-486a-aad4-2fec9d6ea6f6}","ObjectName":"%{7eb8897e-ff61-4b2f-a0c0-8d52251ce3e0}","OperationType":"Object Access","HandleId":"0x0","AccessList":"%%7684","AccessMask":"0x10","Properties":"%%7684\r\n\t\t{e48d0154-bcf8-11d1-8702-00c04fb96050}\r\n\t\t\t{bf96793f-0de6-11d0-a285-00aa003049e2}\r\n\t\t\t{bf9679e4-0de6-11d0-a285-00aa003049e2}\r\n\t\t\t{bf9679e7-0de6-11d0-a285-00aa003049e2}\r\n\t\t{771727b1-31b8-4cdf-ae62-4fe39fadf89e}\r\n\t\t\t{bf967a6f-0de6-11d0-a285-00aa003049e2}\r\n\t\t\t{fe515695-3f61-45c8-9bfa-19c148c57b09}\r\n\t{7b35dbad-b3ec-486a-aad4-2fec9d6ea6f6}","AdditionalInfo":"-","AdditionalInfo2":""}}}
{"Event":{"#attributes":{"xmlns":"http://schemas.microsoft.com/win/2004/08/events/event"},"System":{"Provider":{"#attributes":{"Name":"Microsoft-Windows-Security-Auditing","Guid":"54849625-5478-4994-A5BA-3E3B0328C30D"}},"EventID":4662,"Version":0,"Level":0,"Task":14080,"Opcode":0,"Keywords":"0x8020000000000000","TimeCreated":{"#attributes":{"SystemTime":"2026-06-23T05:16:30.871000Z"}},"EventRecordID":1062681,"Correlation":null,"Execution":{"#attributes":{"ProcessID":840,"ThreadID":976}},"Channel":"Security","Computer":"DC1.blues.lab","Security":null},"EventData":{"SubjectUserSid":"S-1-5-18","SubjectUserName":"DC1$","SubjectDomainName":"BLUES","SubjectLogonId":"0xde90e","ObjectServer":"DS","ObjectType":"%{bf967a86-0de6-11d0-a285-00aa003049e2}","ObjectName":"%{d7c67890-5766-4bf4-8155-5f24899f30a0}","OperationType":"Object Access","HandleId":"0x0","AccessList":"%%7684","AccessMask":"0x10","Properties":"%%7684\r\n\t\t{59ba2f42-79a2-11d0-9020-00c04fc2d3cf}\r\n\t\t\t{bf967a00-0de6-11d0-a285-00aa003049e2}\r\n\t\t{e48d0154-bcf8-11d1-8702-00c04fb96050}\r\n\t\t\t{26d97369-6070-11d1-a9c6-0000f80367c1}\r\n\t\t{4c164200-20c0-11d0-a768-00aa006e0529}\r\n\t\t\t{bf967a68-0de6-11d0-a285-00aa003049e2}\r\n\t{bf967a86-0de6-11d0-a285-00aa003049e2}","AdditionalInfo":"-","AdditionalInfo2":""}}}
{"Event":{"#attributes":{"xmlns":"http://schemas.microsoft.com/win/2004/08/events/event"},"System":{"Provider":{"#attributes":{"Name":"Microsoft-Windows-Security-Auditing","Guid":"54849625-5478-4994-A5BA-3E3B0328C30D"}},"EventID":4662,"Version":0,"Level":0,"Task":14080,"Opcode":0,"Keywords":"0x8020000000000000","TimeCreated":{"#attributes":{"SystemTime":"2026-06-23T05:16:30.871005Z"}},"EventRecordID":1062682,"Correlation":null,"Execution":{"#attributes":{"ProcessID":840,"ThreadID":976}},"Channel":"Security","Computer":"DC1.blues.lab","Security":null},"EventData":{"SubjectUserSid":"S-1-5-18","SubjectUserName":"DC1$","SubjectDomainName":"BLUES","SubjectLogonId":"0xde90e","ObjectServer":"DS","ObjectType":"%{bf967aa5-0de6-11d0-a285-00aa003049e2}","ObjectName":"%{64f467f3-e999-4572-a858-8f9ed6b882ba}","OperationType":"Object Access","HandleId":"0x0","AccessList":"%%7682","AccessMask":"0x4","Properties":"%%7682\r\n\t{bf967aa5-0de6-11d0-a285-00aa003049e2}","AdditionalInfo":"-","AdditionalInfo2":""}}}
{"Event":{"#attributes":{"xmlns":"http://schemas.microsoft.com/win/2004/08/events/event"},"System":{"Provider":{"#attributes":{"Name":"Microsoft-Windows-Security-Auditing","Guid":"54849625-5478-4994-A5BA-3E3B0328C30D"}},"EventID":4662,"Version":0,"Level":0,"Task":14080,"Opcode":0,"Keywords":"0x8020000000000000","TimeCreated":{"#attributes":{"SystemTime":"2026-06-23T05:16:30.871016Z"}},"EventRecordID":1062683,"Correlation":null,"Execution":{"#attributes":{"ProcessID":840,"ThreadID":976}},"Channel":"Security","Computer":"DC1.blues.lab","Security":null},"EventData":{"SubjectUserSid":"S-1-5-18","SubjectUserName":"DC1$","SubjectDomainName":"BLUES","SubjectLogonId":"0xde90e","ObjectServer":"DS","ObjectType":"%{bf967a86-0de6-11d0-a285-00aa003049e2}","ObjectName":"%{d7c67890-5766-4bf4-8155-5f24899f30a0}","OperationType":"Object Access","HandleId":"0x0","AccessList":"%%7684","AccessMask":"0x10","Properties":"%%7684\r\n\t{bf967a86-0de6-11d0-a285-00aa003049e2}\r\n\t\t{4c164200-20c0-11d0-a768-00aa006e0529}\r\n\t\t\t{bf967a68-0de6-11d0-a285-00aa003049e2}\r\n\t\t{59ba2f42-79a2-11d0-9020-00c04fc2d3cf}\r\n\t\t\t{3e0abfd0-126a-11d0-a060-00aa006c33ed}\r\n\t\t{771727b1-31b8-4cdf-ae62-4fe39fadf89e}\r\n\t\t\t{26d9736e-6070-11d1-a9c6-0000f80367c1}\r\n\t\t{72e39547-7b18-11d1-adef-00c04fd8d5cd}\r\n\t\t\t{72e39547-7b18-11d1-adef-00c04fd8d5cd}","AdditionalInfo":"-","AdditionalInfo2":""}}}
{"Event":{"#attributes":{"xmlns":"http://schemas.microsoft.com/win/2004/08/events/event"},"System":{"Provider":{"#attributes":{"Name":"Microsoft-Windows-Security-Auditing","Guid":"54849625-5478-4994-A5BA-3E3B0328C30D"}},"EventID":4634,"Version":0,"Level":0,"Task":12545,"Opcode":0,"Keywords":"0x8020000000000000","TimeCreated":{"#attributes":{"SystemTime":"2026-06-23T05:16:30.871609Z"}},"EventRecordID":1062684,"Correlation":null,"Execution":{"#attributes":{"ProcessID":840,"ThreadID":5368}},"Channel":"Security","Computer":"DC1.blues.lab","Security":null},"EventData":{"TargetUserSid":"S-1-5-18","TargetUserName":"DC1$","TargetDomainName":"BLUES","TargetLogonId":"0x38eab0","LogonType":3}}}
{"Event":{"#attributes":{"xmlns":"http://schemas.microsoft.com/win/2004/08/events/event"},"System":{"Provider":{"#attributes":{"Name":"Microsoft-Windows-Security-Auditing","Guid":"54849625-5478-4994-A5BA-3E3B0328C30D"}},"EventID":4662,"Version":0,"Level":0,"Task":14080,"Opcode":0,"Keywords":"0x8020000000000000","TimeCreated":{"#attributes":{"SystemTime":"2026-06-23T05:16:31.861214Z"}},"EventRecordID":1062685,"Correlation":null,"Execution":{"#attributes":{"ProcessID":840,"ThreadID":976}},"Channel":"Security","Computer":"DC1.blues.lab","Security":null},"EventData":{"SubjectUserSid":"S-1-5-18","SubjectUserName":"DC1$","SubjectDomainName":"BLUES","SubjectLogonId":"0xddf2c","ObjectServer":"DS","ObjectType":"%{bf967a86-0de6-11d0-a285-00aa003049e2}","ObjectName":"%{d7c67890-5766-4bf4-8155-5f24899f30a0}","OperationType":"Object Access","HandleId":"0x0","AccessList":"%%7684","AccessMask":"0x10","Properties":"%%7684\r\n\t\t{e48d0154-bcf8-11d1-8702-00c04fb96050}\r\n\t\t\t{26d97369-6070-11d1-a9c6-0000f80367c1}\r\n\t{bf967a86-0de6-11d0-a285-00aa003049e2}","AdditionalInfo":"-","AdditionalInfo2":""}}}
{"Event":{"#attributes":{"xmlns":"http://schemas.microsoft.com/win/2004/08/events/event"},"System":{"Provider":{"#attributes":{"Name":"Microsoft-Windows-Security-Auditing","Guid":"54849625-5478-4994-A5BA-3E3B0328C30D"}},"EventID":4662,"Version":0,"Level":0,"Task":14080,"Opcode":0,"Keywords":"0x8020000000000000","TimeCreated":{"#attributes":{"SystemTime":"2026-06-23T05:16:31.861221Z"}},"EventRecordID":1062686,"Correlation":null,"Execution":{"#attributes":{"ProcessID":840,"ThreadID":976}},"Channel":"Security","Computer":"DC1.blues.lab","Security":null},"EventData":{"SubjectUserSid":"S-1-5-18","SubjectUserName":"DC1$","SubjectDomainName":"BLUES","SubjectLogonId":"0xddf2c","ObjectServer":"DS","ObjectType":"%{bf967aa5-0de6-11d0-a285-00aa003049e2}","ObjectName":"%{64f467f3-e999-4572-a858-8f9ed6b882ba}","OperationType":"Object Access","HandleId":"0x0","AccessList":"%%7682","AccessMask":"0x4","Properties":"%%7682\r\n\t{bf967aa5-0de6-11d0-a285-00aa003049e2}","AdditionalInfo":"-","AdditionalInfo2":""}}}
{"Event":{"#attributes":{"xmlns":"http://schemas.microsoft.com/win/2004/08/events/event"},"System":{"Provider":{"#attributes":{"Name":"Microsoft-Windows-Security-Auditing","Guid":"54849625-5478-4994-A5BA-3E3B0328C30D"}},"EventID":4662,"Version":0,"Level":0,"Task":14080,"Opcode":0,"Keywords":"0x8020000000000000","TimeCreated":{"#attributes":{"SystemTime":"2026-06-23T05:16:31.861226Z"}},"EventRecordID":1062687,"Correlation":null,"Execution":{"#attributes":{"ProcessID":840,"ThreadID":976}},"Channel":"Security","Computer":"DC1.blues.lab","Security":null},"EventData":{"SubjectUserSid":"S-1-5-18","SubjectUserName":"DC1$","SubjectDomainName":"BLUES","SubjectLogonId":"0xddf2c","ObjectServer":"DS","ObjectType":"%{bf967a86-0de6-11d0-a285-00aa003049e2}","ObjectName":"%{d7c67890-5766-4bf4-8155-5f24899f30a0}","OperationType":"Object Access","HandleId":"0x0","AccessList":"%%7684","AccessMask":"0x10","Properties":"%%7684\r\n\t\t{771727b1-31b8-4cdf-ae62-4fe39fadf89e}\r\n\t\t\t{bf967a6f-0de6-11d0-a285-00aa003049e2}\r\n\t{bf967a86-0de6-11d0-a285-00aa003049e2}","AdditionalInfo":"-","AdditionalInfo2":""}}}
{"Event":{"#attributes":{"xmlns":"http://schemas.microsoft.com/win/2004/08/events/event"},"System":{"Provider":{"#attributes":{"Name":"Microsoft-Windows-Security-Auditing","Guid":"54849625-5478-4994-A5BA-3E3B0328C30D"}},"EventID":4662,"Version":0,"Level":0,"Task":14080,"Opcode":0,"Keywords":"0x8020000000000000","TimeCreated":{"#attributes":{"SystemTime":"2026-06-23T05:16:31.862286Z"}},"EventRecordID":1062688,"Correlation":null,"Execution":{"#attributes":{"ProcessID":840,"ThreadID":976}},"Channel":"Security","Computer":"DC1.blues.lab","Security":null},"EventData":{"SubjectUserSid":"S-1-5-18","SubjectUserName":"DC1$","SubjectDomainName":"BLUES","SubjectLogonId":"0xddf2c","ObjectServer":"DS","ObjectType":"%{67212414-7bcc-4609-87e0-088dad8abdee}","ObjectName":"%{d094a519-648c-4964-a6a5-b6c13d23c719}","OperationType":"Object Access","HandleId":"0x0","AccessList":"%%7684","AccessMask":"0x10","Properties":"%%7684\r\n\t\t{e48d0154-bcf8-11d1-8702-00c04fb96050}\r\n\t\t\t{26d97369-6070-11d1-a9c6-0000f80367c1}\r\n\t{67212414-7bcc-4609-87e0-088dad8abdee}","AdditionalInfo":"-","AdditionalInfo2":""}}}
{"Event":{"#attributes":{"xmlns":"http://schemas.microsoft.com/win/2004/08/events/event"},"System":{"Provider":{"#attributes":{"Name":"Microsoft-Windows-Security-Auditing","Guid":"54849625-5478-4994-A5BA-3E3B0328C30D"}},"EventID":4662,"Version":0,"Level":0,"Task":14080,"Opcode":0,"Keywords":"0x8020000000000000","TimeCreated":{"#attributes":{"SystemTime":"2026-06-23T05:16:31.862293Z"}},"EventRecordID":1062689,"Correlation":null,"Execution":{"#attributes":{"ProcessID":840,"ThreadID":976}},"Channel":"Security","Computer":"DC1.blues.lab","Security":null},"EventData":{"SubjectUserSid":"S-1-5-18","SubjectUserName":"DC1$","SubjectDomainName":"BLUES","SubjectLogonId":"0xddf2c","ObjectServer":"DS","ObjectType":"%{e11505d7-92c4-43e7-bf5c-295832ffc896}","ObjectName":"%{33e3f536-3bf6-4ea9-8c94-193b60b6219f}","OperationType":"Object Access","HandleId":"0x0","AccessList":"%%7682","AccessMask":"0x4","Properties":"%%7682\r\n\t{e11505d7-92c4-43e7-bf5c-295832ffc896}","AdditionalInfo":"-","AdditionalInfo2":""}}}
{"Event":{"#attributes":{"xmlns":"http://schemas.microsoft.com/win/2004/08/events/event"},"System":{"Provider":{"#attributes":{"Name":"Microsoft-Windows-Security-Auditing","Guid":"54849625-5478-4994-A5BA-3E3B0328C30D"}},"EventID":4662,"Version":0,"Level":0,"Task":14080,"Opcode":0,"Keywords":"0x8020000000000000","TimeCreated":{"#attributes":{"SystemTime":"2026-06-23T05:16:31.862299Z"}},"EventRecordID":1062690,"Correlation":null,"Execution":{"#attributes":{"ProcessID":840,"ThreadID":976}},"Channel":"Security","Computer":"DC1.blues.lab","Security":null},"EventData":{"SubjectUserSid":"S-1-5-18","SubjectUserName":"DC1$","SubjectDomainName":"BLUES","SubjectLogonId":"0xddf2c","ObjectServer":"DS","ObjectType":"%{67212414-7bcc-4609-87e0-088dad8abdee}","ObjectName":"%{d094a519-648c-4964-a6a5-b6c13d23c719}","OperationType":"Object Access","HandleId":"0x0","AccessList":"%%7684","AccessMask":"0x10","Properties":"%%7684\r\n\t\t{771727b1-31b8-4cdf-ae62-4fe39fadf89e}\r\n\t\t\t{bf967a6f-0de6-11d0-a285-00aa003049e2}\r\n\t{67212414-7bcc-4609-87e0-088dad8abdee}","AdditionalInfo":"-","AdditionalInfo2":""}}}
{"Event":{"#attributes":{"xmlns":"http://schemas.microsoft.com/win/2004/08/events/event"},"System":{"Provider":{"#attributes":{"Name":"Microsoft-Windows-Security-Auditing","Guid":"54849625-5478-4994-A5BA-3E3B0328C30D"}},"EventID":4662,"Version":0,"Level":0,"Task":14080,"Opcode":0,"Keywords":"0x8020000000000000","TimeCreated":{"#attributes":{"SystemTime":"2026-06-23T05:16:31.866173Z"}},"EventRecordID":1062691,"Correlation":null,"Execution":{"#attributes":{"ProcessID":840,"ThreadID":976}},"Channel":"Security","Computer":"DC1.blues.lab","Security":null},"EventData":{"SubjectUserSid":"S-1-5-18","SubjectUserName":"DC1$","SubjectDomainName":"BLUES","SubjectLogonId":"0xddf2c","ObjectServer":"DS","ObjectType":"%{bf967a86-0de6-11d0-a285-00aa003049e2}","ObjectName":"%{d7c67890-5766-4bf4-8155-5f24899f30a0}","OperationType":"Object Access","HandleId":"0x0","AccessList":"%%7684","AccessMask":"0x10","Properties":"%%7684\r\n\t\t{e48d0154-bcf8-11d1-8702-00c04fb96050}\r\n\t\t\t{26d97369-6070-11d1-a9c6-0000f80367c1}\r\n\t\t{59ba2f42-79a2-11d0-9020-00c04fc2d3cf}\r\n\t\t\t{3e0abfd0-126a-11d0-a060-00aa006c33ed}\r\n\t{bf967a86-0de6-11d0-a285-00aa003049e2}","AdditionalInfo":"-","AdditionalInfo2":""}}}
{"Event":{"#attributes":{"xmlns":"http://schemas.microsoft.com/win/2004/08/events/event"},"System":{"Provider":{"#attributes":{"Name":"Microsoft-Windows-Security-Auditing","Guid":"54849625-5478-4994-A5BA-3E3B0328C30D"}},"EventID":4662,"Version":0,"Level":0,"Task":14080,"Opcode":0,"Keywords":"0x8020000000000000","TimeCreated":{"#attributes":{"SystemTime":"2026-06-23T05:16:31.866182Z"}},"EventRecordID":1062692,"Correlation":null,"Execution":{"#attributes":{"ProcessID":840,"ThreadID":976}},"Channel":"Security","Computer":"DC1.blues.lab","Security":null},"EventData":{"SubjectUserSid":"S-1-5-18","SubjectUserName":"DC1$","SubjectDomainName":"BLUES","SubjectLogonId":"0xddf2c","ObjectServer":"DS","ObjectType":"%{bf967aa5-0de6-11d0-a285-00aa003049e2}","ObjectName":"%{64f467f3-e999-4572-a858-8f9ed6b882ba}","OperationType":"Object Access","HandleId":"0x0","AccessList":"%%7682","AccessMask":"0x4","Properties":"%%7682\r\n\t{bf967aa5-0de6-11d0-a285-00aa003049e2}","AdditionalInfo":"-","AdditionalInfo2":""}}}
{"Event":{"#attributes":{"xmlns":"http://schemas.microsoft.com/win/2004/08/events/event"},"System":{"Provider":{"#attributes":{"Name":"Microsoft-Windows-Security-Auditing","Guid":"54849625-5478-4994-A5BA-3E3B0328C30D"}},"EventID":4662,"Version":0,"Level":0,"Task":14080,"Opcode":0,"Keywords":"0x8020000000000000","TimeCreated":{"#attributes":{"SystemTime":"2026-06-23T05:16:31.866214Z"}},"EventRecordID":1062693,"Correlation":null,"Execution":{"#attributes":{"ProcessID":840,"ThreadID":976}},"Channel":"Security","Computer":"DC1.blues.lab","Security":null},"EventData":{"SubjectUserSid":"S-1-5-18","SubjectUserName":"DC1$","SubjectDomainName":"BLUES","SubjectLogonId":"0xddf2c","ObjectServer":"DS","ObjectType":"%{bf967a86-0de6-11d0-a285-00aa003049e2}","ObjectName":"%{d7c67890-5766-4bf4-8155-5f24899f30a0}","OperationType":"Object Access","HandleId":"0x0","AccessList":"%%7684","AccessMask":"0x10","Properties":"%%7684\r\n\t{bf967a86-0de6-11d0-a285-00aa003049e2}\r\n\t\t{e48d0154-bcf8-11d1-8702-00c04fb96050}\r\n\t\t\t{bf96793f-0de6-11d0-a285-00aa003049e2}\r\n\t\t\t{bf9679e4-0de6-11d0-a285-00aa003049e2}\r\n\t\t\t{bf9679e7-0de6-11d0-a285-00aa003049e2}\r\n\t\t\t{f3a64788-5306-11d1-a9c5-0000f80367c1}\r\n\t\t{771727b1-31b8-4cdf-ae62-4fe39fadf89e}\r\n\t\t\t{26d9736d-6070-11d1-a9c6-0000f80367c1}\r\n\t\t\t{26d9736e-6070-11d1-a9c6-0000f80367c1}\r\n\t\t\t{bf967a6f-0de6-11d0-a285-00aa003049e2}\r\n\t\t{72e39547-7b18-11d1-adef-00c04fd8d5cd}\r\n\t\t\t{72e39547-7b18-11d1-adef-00c04fd8d5cd}","AdditionalInfo":"-","AdditionalInfo2":""}}}
{"Event":{"#attributes":{"xmlns":"http://schemas.microsoft.com/win/2004/08/events/event"},"System":{"Provider":{"#attributes":{"Name":"Microsoft-Windows-Security-Auditing","Guid":"54849625-5478-4994-A5BA-3E3B0328C30D"}},"EventID":4662,"Version":0,"Level":0,"Task":14080,"Opcode":0,"Keywords":"0x8020000000000000","TimeCreated":{"#attributes":{"SystemTime":"2026-06-23T05:16:31.867320Z"}},"EventRecordID":1062694,"Correlation":null,"Execution":{"#attributes":{"ProcessID":840,"ThreadID":976}},"Channel":"Security","Computer":"DC1.blues.lab","Security":null},"EventData":{"SubjectUserSid":"S-1-5-18","SubjectUserName":"DC1$","SubjectDomainName":"BLUES","SubjectLogonId":"0xddf2c","ObjectServer":"DS","ObjectType":"%{19195a5b-6da0-11d0-afd3-00c04fd930c9}","ObjectName":"%{5206e6c4-9bf2-48cf-96fd-aa43f219c623}","OperationType":"Object Access","HandleId":"0x0","AccessList":"%%7684","AccessMask":"0x10","Properties":"%%7684\r\n\t\t{e48d0154-bcf8-11d1-8702-00c04fb96050}\r\n\t\t\t{26d97369-6070-11d1-a9c6-0000f80367c1}\r\n\t{19195a5b-6da0-11d0-afd3-00c04fd930c9}","AdditionalInfo":"-","AdditionalInfo2":""}}}
{"Event":{"#attributes":{"xmlns":"http://schemas.microsoft.com/win/2004/08/events/event"},"System":{"Provider":{"#attributes":{"Name":"Microsoft-Windows-Security-Auditing","Guid":"54849625-5478-4994-A5BA-3E3B0328C30D"}},"EventID":4662,"Version":0,"Level":0,"Task":14080,"Opcode":0,"Keywords":"0x8020000000000000","TimeCreated":{"#attributes":{"SystemTime":"2026-06-23T05:16:31.867330Z"}},"EventRecordID":1062695,"Correlation":null,"Execution":{"#attributes":{"ProcessID":840,"ThreadID":976}},"Channel":"Security","Computer":"DC1.blues.lab","Security":null},"EventData":{"SubjectUserSid":"S-1-5-18","SubjectUserName":"DC1$","SubjectDomainName":"BLUES","SubjectLogonId":"0xddf2c","ObjectServer":"DS","ObjectType":"%{19195a5b-6da0-11d0-afd3-00c04fd930c9}","ObjectName":"%{5206e6c4-9bf2-48cf-96fd-aa43f219c623}","OperationType":"Object Access","HandleId":"0x0","AccessList":"%%7684","AccessMask":"0x10","Properties":"%%7684\r\n\t\t{e48d0154-bcf8-11d1-8702-00c04fb96050}\r\n\t\t\t{bf9679e7-0de6-11d0-a285-00aa003049e2}\r\n\t\t{771727b1-31b8-4cdf-ae62-4fe39fadf89e}\r\n\t\t\t{d31a8757-2447-4545-8081-3bb610cacbf2}\r\n\t{19195a5b-6da0-11d0-afd3-00c04fd930c9}","AdditionalInfo":"-","AdditionalInfo2":""}}}
{"Event":{"#attributes":{"xmlns":"http://schemas.microsoft.com/win/2004/08/events/event"},"System":{"Provider":{"#attributes":{"Name":"Microsoft-Windows-Security-Auditing","Guid":"54849625-5478-4994-A5BA-3E3B0328C30D"}},"EventID":4662,"Version":0,"Level":0,"Task":14080,"Opcode":0,"Keywords":"0x8020000000000000","TimeCreated":{"#attributes":{"SystemTime":"2026-06-23T05:16:31.867875Z"}},"EventRecordID":1062696,"Correlation":null,"Execution":{"#attributes":{"ProcessID":840,"ThreadID":976}},"Channel":"Security","Computer":"DC1.blues.lab","Security":null},"EventData":{"SubjectUserSid":"S-1-5-18","SubjectUserName":"DC1$","SubjectDomainName":"BLUES","SubjectLogonId":"0xddf2c","ObjectServer":"DS","ObjectType":"%{7b35dbad-b3ec-486a-aad4-2fec9d6ea6f6}","ObjectName":"%{7eb8897e-ff61-4b2f-a0c0-8d52251ce3e0}","OperationType":"Object Access","HandleId":"0x0","AccessList":"%%7684","AccessMask":"0x10","Properties":"%%7684\r\n\t\t{e48d0154-bcf8-11d1-8702-00c04fb96050}\r\n\t\t\t{26d97369-6070-11d1-a9c6-0000f80367c1}\r\n\t{7b35dbad-b3ec-486a-aad4-2fec9d6ea6f6}","AdditionalInfo":"-","AdditionalInfo2":""}}}
{"Event":{"#attributes":{"xmlns":"http://schemas.microsoft.com/win/2004/08/events/event"},"System":{"Provider":{"#attributes":{"Name":"Microsoft-Windows-Security-Auditing","Guid":"54849625-5478-4994-A5BA-3E3B0328C30D"}},"EventID":4662,"Version":0,"Level":0,"Task":14080,"Opcode":0,"Keywords":"0x8020000000000000","TimeCreated":{"#attributes":{"SystemTime":"2026-06-23T05:16:31.867880Z"}},"EventRecordID":1062697,"Correlation":null,"Execution":{"#attributes":{"ProcessID":840,"ThreadID":976}},"Channel":"Security","Computer":"DC1.blues.lab","Security":null},"EventData":{"SubjectUserSid":"S-1-5-18","SubjectUserName":"DC1$","SubjectDomainName":"BLUES","SubjectLogonId":"0xddf2c","ObjectServer":"DS","ObjectType":"%{bf967a8b-0de6-11d0-a285-00aa003049e2}","ObjectName":"%{551f5579-3b7c-4525-82ce-fa5ba9f559e9}","OperationType":"Object Access","HandleId":"0x0","AccessList":"%%7682","AccessMask":"0x4","Properties":"%%7682\r\n\t{bf967a8b-0de6-11d0-a285-00aa003049e2}","AdditionalInfo":"-","AdditionalInfo2":""}}}
{"Event":{"#attributes":{"xmlns":"http://schemas.microsoft.com/win/2004/08/events/event"},"System":{"Provider":{"#attributes":{"Name":"Microsoft-Windows-Security-Auditing","Guid":"54849625-5478-4994-A5BA-3E3B0328C30D"}},"EventID":4662,"Version":0,"Level":0,"Task":14080,"Opcode":0,"Keywords":"0x8020000000000000","TimeCreated":{"#attributes":{"SystemTime":"2026-06-23T05:16:31.867890Z"}},"EventRecordID":1062698,"Correlation":null,"Execution":{"#attributes":{"ProcessID":840,"ThreadID":976}},"Channel":"Security","Computer":"DC1.blues.lab","Security":null},"EventData":{"SubjectUserSid":"S-1-5-18","SubjectUserName":"DC1$","SubjectDomainName":"BLUES","SubjectLogonId":"0xddf2c","ObjectServer":"DS","ObjectType":"%{7b35dbad-b3ec-486a-aad4-2fec9d6ea6f6}","ObjectName":"%{7eb8897e-ff61-4b2f-a0c0-8d52251ce3e0}","OperationType":"Object Access","HandleId":"0x0","AccessList":"%%7684","AccessMask":"0x10","Properties":"%%7684\r\n\t\t{e48d0154-bcf8-11d1-8702-00c04fb96050}\r\n\t\t\t{bf96793f-0de6-11d0-a285-00aa003049e2}\r\n\t\t\t{bf9679e4-0de6-11d0-a285-00aa003049e2}\r\n\t\t\t{bf9679e7-0de6-11d0-a285-00aa003049e2}\r\n\t\t{771727b1-31b8-4cdf-ae62-4fe39fadf89e}\r\n\t\t\t{bf967a6f-0de6-11d0-a285-00aa003049e2}\r\n\t\t\t{fe515695-3f61-45c8-9bfa-19c148c57b09}\r\n\t{7b35dbad-b3ec-486a-aad4-2fec9d6ea6f6}","AdditionalInfo":"-","AdditionalInfo2":""}}}
{"Event":{"#attributes":{"xmlns":"http://schemas.microsoft.com/win/2004/08/events/event"},"System":{"Provider":{"#attributes":{"Name":"Microsoft-Windows-Security-Auditing","Guid":"54849625-5478-4994-A5BA-3E3B0328C30D"}},"EventID":4688,"Version":2,"Level":0,"Task":13312,"Opcode":0,"Keywords":"0x8020000000000000","TimeCreated":{"#attributes":{"SystemTime":"2026-06-23T05:16:48.954152Z"}},"EventRecordID":1062699,"Correlation":null,"Execution":{"#attributes":{"ProcessID":4,"ThreadID":2432}},"Channel":"Security","Computer":"DC1.blues.lab","Security":null},"EventData":{"SubjectUserSid":"S-1-5-18","SubjectUserName":"DC1$","SubjectDomainName":"BLUES","SubjectLogonId":"0x3e7","NewProcessId":"0x17ac","NewProcessName":"C:\\ProgramData\\Microsoft\\Windows Defender\\Platform\\4.18.26050.15-0\\MpCmdRun.exe","TokenElevationType":"%%1936","ProcessId":"0x7fc","CommandLine":"\"C:\\ProgramData\\Microsoft\\Windows Defender\\Platform\\4.18.26050.15-0\\MpCmdRun.exe\" Scan -ScheduleJob -ScanTrigger 55 -IdleScheduledJob","TargetUserSid":"S-1-0-0","TargetUserName":"-","TargetDomainName":"-","TargetLogonId":"0x0","ParentProcessName":"C:\\Windows\\System32\\svchost.exe","MandatoryLabel":"S-1-16-16384"}}}
{"Event":{"#attributes":{"xmlns":"http://schemas.microsoft.com/win/2004/08/events/event"},"System":{"Provider":{"#attributes":{"Name":"Microsoft-Windows-Security-Auditing","Guid":"54849625-5478-4994-A5BA-3E3B0328C30D"}},"EventID":4688,"Version":2,"Level":0,"Task":13312,"Opcode":0,"Keywords":"0x8020000000000000","TimeCreated":{"#attributes":{"SystemTime":"2026-06-23T05:16:48.961413Z"}},"EventRecordID":1062700,"Correlation":null,"Execution":{"#attributes":{"ProcessID":4,"ThreadID":2432}},"Channel":"Security","Computer":"DC1.blues.lab","Security":null},"EventData":{"SubjectUserSid":"S-1-5-18","SubjectUserName":"DC1$","SubjectDomainName":"BLUES","SubjectLogonId":"0x3e7","NewProcessId":"0x2d4","NewProcessName":"C:\\Windows\\System32\\conhost.exe","TokenElevationType":"%%1936","ProcessId":"0x17ac","CommandLine":"\\??\\C:\\WINDOWS\\system32\\conhost.exe 0xffffffff -ForceV1","TargetUserSid":"S-1-0-0","TargetUserName":"-","TargetDomainName":"-","TargetLogonId":"0x0","ParentProcessName":"C:\\ProgramData\\Microsoft\\Windows Defender\\Platform\\4.18.26050.15-0\\MpCmdRun.exe","MandatoryLabel":"S-1-16-16384"}}}
{"Event":{"#attributes":{"xmlns":"http://schemas.microsoft.com/win/2004/08/events/event"},"System":{"Provider":{"#attributes":{"Name":"Microsoft-Windows-Security-Auditing","Guid":"54849625-5478-4994-A5BA-3E3B0328C30D"}},"EventID":4634,"Version":0,"Level":0,"Task":12545,"Opcode":0,"Keywords":"0x8020000000000000","TimeCreated":{"#attributes":{"SystemTime":"2026-06-23T05:17:22.379369Z"}},"EventRecordID":1062701,"Correlation":null,"Execution":{"#attributes":{"ProcessID":840,"ThreadID":3620}},"Channel":"Security","Computer":"DC1.blues.lab","Security":null},"EventData":{"TargetUserSid":"S-1-5-18","TargetUserName":"DC1$","TargetDomainName":"BLUES","TargetLogonId":"0x36d139","LogonType":3}}}
{"Event":{"#attributes":{"xmlns":"http://schemas.microsoft.com/win/2004/08/events/event"},"System":{"Provider":{"#attributes":{"Name":"Microsoft-Windows-Security-Auditing","Guid":"54849625-5478-4994-A5BA-3E3B0328C30D"}},"EventID":4672,"Version":0,"Level":0,"Task":12548,"Opcode":0,"Keywords":"0x8020000000000000","TimeCreated":{"#attributes":{"SystemTime":"2026-06-23T05:17:23.275156Z"}},"EventRecordID":1062702,"Correlation":null,"Execution":{"#attributes":{"ProcessID":840,"ThreadID":2816}},"Channel":"Security","Computer":"DC1.blues.lab","Security":null},"EventData":{"SubjectUserSid":"S-1-5-18","SubjectUserName":"DC1$","SubjectDomainName":"BLUES","SubjectLogonId":"0x3acc88","PrivilegeList":"SeSecurityPrivilege\r\n\t\t\tSeBackupPrivilege\r\n\t\t\tSeRestorePrivilege\r\n\t\t\tSeTakeOwnershipPrivilege\r\n\t\t\tSeDebugPrivilege\r\n\t\t\tSeSystemEnvironmentPrivilege\r\n\t\t\tSeLoadDriverPrivilege\r\n\t\t\tSeImpersonatePrivilege\r\n\t\t\tSeDelegateSessionUserImpersonatePrivilege\r\n\t\t\tSeEnableDelegationPrivilege"}}}
{"Event":{"#attributes":{"xmlns":"http://schemas.microsoft.com/win/2004/08/events/event"},"System":{"Provider":{"#attributes":{"Name":"Microsoft-Windows-Security-Auditing","Guid":"54849625-5478-4994-A5BA-3E3B0328C30D"}},"EventID":4624,"Version":3,"Level":0,"Task":12544,"Opcode":0,"Keywords":"0x8020000000000000","TimeCreated":{"#attributes":{"SystemTime":"2026-06-23T05:17:23.275303Z"}},"EventRecordID":1062703,"Correlation":null,"Execution":{"#attributes":{"ProcessID":840,"ThreadID":2816}},"Channel":"Security","Computer":"DC1.blues.lab","Security":null},"EventData":{"SubjectUserSid":"S-1-0-0","SubjectUserName":"-","SubjectDomainName":"-","SubjectLogonId":"0x0","TargetUserSid":"S-1-5-18","TargetUserName":"DC1$","TargetDomainName":"BLUES.LAB","TargetLogonId":"0x3acc88","LogonType":3,"LogonProcessName":"Kerberos","AuthenticationPackageName":"Kerberos","WorkstationName":"-","LogonGuid":"F55733F9-BEA1-8415-A517-CF0109FAA398","TransmittedServices":"-","LmPackageName":"-","KeyLength":0,"ProcessId":"0x0","ProcessName":"-","IpAddress":"::1","IpPort":"50018","ImpersonationLevel":"%%1833","RestrictedAdminMode":"-","RemoteCredentialGuard":"-","TargetOutboundUserName":"-","TargetOutboundDomainName":"-","VirtualAccount":"%%1843","TargetLinkedLogonId":"0x0","ElevatedToken":"%%1842"}}}
{"Event":{"#attributes":{"xmlns":"http://schemas.microsoft.com/win/2004/08/events/event"},"System":{"Provider":{"#attributes":{"Name":"Microsoft-Windows-Security-Auditing","Guid":"54849625-5478-4994-A5BA-3E3B0328C30D"}},"EventID":4627,"Version":0,"Level":0,"Task":12554,"Opcode":0,"Keywords":"0x8020000000000000","TimeCreated":{"#attributes":{"SystemTime":"2026-06-23T05:17:23.275324Z"}},"EventRecordID":1062704,"Correlation":null,"Execution":{"#attributes":{"ProcessID":840,"ThreadID":2816}},"Channel":"Security","Computer":"DC1.blues.lab","Security":null},"EventData":{"SubjectUserSid":"S-1-0-0","SubjectUserName":"-","SubjectDomainName":"-","SubjectLogonId":"0x0","TargetUserSid":"S-1-5-18","TargetUserName":"DC1$","TargetDomainName":"BLUES.LAB","TargetLogonId":"0x3acc88","LogonType":3,"EventIdx":1,"EventCountTotal":1,"GroupMembership":"\r\n\t\t%{S-1-5-32-544}\r\n\t\t%{S-1-1-0}\r\n\t\t%{S-1-5-32-545}\r\n\t\t%{S-1-5-32-554}\r\n\t\t%{S-1-5-32-560}\r\n\t\t%{S-1-5-2}\r\n\t\t%{S-1-5-11}\r\n\t\t%{S-1-5-15}\r\n\t\t%{S-1-5-21-1940215732-407848784-1427904796-1000}\r\n\t\t%{S-1-5-21-1940215732-407848784-1427904796-516}\r\n\t\t%{S-1-5-9}\r\n\t\t%{S-1-18-1}\r\n\t\t%{S-1-5-21-1940215732-407848784-1427904796-572}\r\n\t\t%{S-1-16-16384}"}}}
{"Event":{"#attributes":{"xmlns":"http://schemas.microsoft.com/win/2004/08/events/event"},"System":{"Provider":{"#attributes":{"Name":"Microsoft-Windows-Security-Auditing","Guid":"54849625-5478-4994-A5BA-3E3B0328C30D"}},"EventID":4634,"Version":0,"Level":0,"Task":12545,"Opcode":0,"Keywords":"0x8020000000000000","TimeCreated":{"#attributes":{"SystemTime":"2026-06-23T05:17:23.277562Z"}},"EventRecordID":1062705,"Correlation":null,"Execution":{"#attributes":{"ProcessID":840,"ThreadID":5368}},"Channel":"Security","Computer":"DC1.blues.lab","Security":null},"EventData":{"TargetUserSid":"S-1-5-18","TargetUserName":"DC1$","TargetDomainName":"BLUES","TargetLogonId":"0x3acc88","LogonType":3}}}
{"Event":{"#attributes":{"xmlns":"http://schemas.microsoft.com/win/2004/08/events/event"},"System":{"Provider":{"#attributes":{"Name":"Microsoft-Windows-Security-Auditing","Guid":"54849625-5478-4994-A5BA-3E3B0328C30D"}},"EventID":4662,"Version":0,"Level":0,"Task":14080,"Opcode":0,"Keywords":"0x8020000000000000","TimeCreated":{"#attributes":{"SystemTime":"2026-06-23T05:17:28.568084Z"}},"EventRecordID":1062706,"Correlation":null,"Execution":{"#attributes":{"ProcessID":840,"ThreadID":976}},"Channel":"Security","Computer":"DC1.blues.lab","Security":null},"EventData":{"SubjectUserSid":"S-1-5-21-1940215732-407848784-1427904796-500","SubjectUserName":"Administrator","SubjectDomainName":"BLUES","SubjectLogonId":"0x134ab9","ObjectServer":"DS","ObjectType":"%{19195a5b-6da0-11d0-afd3-00c04fd930c9}","ObjectName":"%{5206e6c4-9bf2-48cf-96fd-aa43f219c623}","OperationType":"Object Access","HandleId":"0x0","AccessList":"%%7682","AccessMask":"0x4","Properties":"%%7682\r\n\t{19195a5b-6da0-11d0-afd3-00c04fd930c9}","AdditionalInfo":"-","AdditionalInfo2":""}}}
{"Event":{"#attributes":{"xmlns":"http://schemas.microsoft.com/win/2004/08/events/event"},"System":{"Provider":{"#attributes":{"Name":"Microsoft-Windows-Security-Auditing","Guid":"54849625-5478-4994-A5BA-3E3B0328C30D"}},"EventID":4662,"Version":0,"Level":0,"Task":14080,"Opcode":0,"Keywords":"0x8020000000000000","TimeCreated":{"#attributes":{"SystemTime":"2026-06-23T05:17:28.568114Z"}},"EventRecordID":1062707,"Correlation":null,"Execution":{"#attributes":{"ProcessID":840,"ThreadID":976}},"Channel":"Security","Computer":"DC1.blues.lab","Security":null},"EventData":{"SubjectUserSid":"S-1-5-21-1940215732-407848784-1427904796-500","SubjectUserName":"Administrator","SubjectDomainName":"BLUES","SubjectLogonId":"0x134ab9","ObjectServer":"DS","ObjectType":"%{bf967a8b-0de6-11d0-a285-00aa003049e2}","ObjectName":"%{177c5007-8498-46f8-baf8-c471a5ee765c}","OperationType":"Object Access","HandleId":"0x0","AccessList":"%%7684","AccessMask":"0x10","Properties":"%%7684\r\n\t\t{e48d0154-bcf8-11d1-8702-00c04fb96050}\r\n\t\t\t{bf9679e5-0de6-11d0-a285-00aa003049e2}\r\n\t\t\t{bf967a0e-0de6-11d0-a285-00aa003049e2}\r\n\t\t\t{bf9679e7-0de6-11d0-a285-00aa003049e2}\r\n\t{bf967a8b-0de6-11d0-a285-00aa003049e2}","AdditionalInfo":"-","AdditionalInfo2":""}}}
{"Event":{"#attributes":{"xmlns":"http://schemas.microsoft.com/win/2004/08/events/event"},"System":{"Provider":{"#attributes":{"Name":"Microsoft-Windows-Security-Auditing","Guid":"54849625-5478-4994-A5BA-3E3B0328C30D"}},"EventID":4662,"Version":0,"Level":0,"Task":14080,"Opcode":0,"Keywords":"0x8020000000000000","TimeCreated":{"#attributes":{"SystemTime":"2026-06-23T05:17:28.570027Z"}},"EventRecordID":1062708,"Correlation":null,"Execution":{"#attributes":{"ProcessID":840,"ThreadID":976}},"Channel":"Security","Computer":"DC1.blues.lab","Security":null},"EventData":{"SubjectUserSid":"S-1-5-21-1940215732-407848784-1427904796-500","SubjectUserName":"Administrator","SubjectDomainName":"BLUES","SubjectLogonId":"0x134ab9","ObjectServer":"DS","ObjectType":"%{19195a5b-6da0-11d0-afd3-00c04fd930c9}","ObjectName":"%{5206e6c4-9bf2-48cf-96fd-aa43f219c623}","OperationType":"Object Access","HandleId":"0x0","AccessList":"%%7682","AccessMask":"0x4","Properties":"%%7682\r\n\t{19195a5b-6da0-11d0-afd3-00c04fd930c9}","AdditionalInfo":"-","AdditionalInfo2":""}}}
{"Event":{"#attributes":{"xmlns":"http://schemas.microsoft.com/win/2004/08/events/event"},"System":{"Provider":{"#attributes":{"Name":"Microsoft-Windows-Security-Auditing","Guid":"54849625-5478-4994-A5BA-3E3B0328C30D"}},"EventID":4662,"Version":0,"Level":0,"Task":14080,"Opcode":0,"Keywords":"0x8020000000000000","TimeCreated":{"#attributes":{"SystemTime":"2026-06-23T05:17:28.570038Z"}},"EventRecordID":1062709,"Correlation":null,"Execution":{"#attributes":{"ProcessID":840,"ThreadID":976}},"Channel":"Security","Computer":"DC1.blues.lab","Security":null},"EventData":{"SubjectUserSid":"S-1-5-21-1940215732-407848784-1427904796-500","SubjectUserName":"Administrator","SubjectDomainName":"BLUES","SubjectLogonId":"0x134ab9","ObjectServer":"DS","ObjectType":"%{bf967a8b-0de6-11d0-a285-00aa003049e2}","ObjectName":"%{177c5007-8498-46f8-baf8-c471a5ee765c}","OperationType":"Object Access","HandleId":"0x0","AccessList":"%%7684","AccessMask":"0x10","Properties":"%%7684\r\n\t\t{e48d0154-bcf8-11d1-8702-00c04fb96050}\r\n\t\t\t{bf9679e5-0de6-11d0-a285-00aa003049e2}\r\n\t\t\t{bf967a0e-0de6-11d0-a285-00aa003049e2}\r\n\t\t\t{bf9679e7-0de6-11d0-a285-00aa003049e2}\r\n\t{bf967a8b-0de6-11d0-a285-00aa003049e2}","AdditionalInfo":"-","AdditionalInfo2":""}}}
{"Event":{"#attributes":{"xmlns":"http://schemas.microsoft.com/win/2004/08/events/event"},"System":{"Provider":{"#attributes":{"Name":"Microsoft-Windows-Security-Auditing","Guid":"54849625-5478-4994-A5BA-3E3B0328C30D"}},"EventID":4662,"Version":0,"Level":0,"Task":14080,"Opcode":0,"Keywords":"0x8020000000000000","TimeCreated":{"#attributes":{"SystemTime":"2026-06-23T05:17:28.578991Z"}},"EventRecordID":1062710,"Correlation":null,"Execution":{"#attributes":{"ProcessID":840,"ThreadID":976}},"Channel":"Security","Computer":"DC1.blues.lab","Security":null},"EventData":{"SubjectUserSid":"S-1-5-21-1940215732-407848784-1427904796-500","SubjectUserName":"Administrator","SubjectDomainName":"BLUES","SubjectLogonId":"0x134ab9","ObjectServer":"DS","ObjectType":"%{19195a5b-6da0-11d0-afd3-00c04fd930c9}","ObjectName":"%{5206e6c4-9bf2-48cf-96fd-aa43f219c623}","OperationType":"Object Access","HandleId":"0x0","AccessList":"%%7682","AccessMask":"0x4","Properties":"%%7682\r\n\t{19195a5b-6da0-11d0-afd3-00c04fd930c9}","AdditionalInfo":"-","AdditionalInfo2":""}}}
{"Event":{"#attributes":{"xmlns":"http://schemas.microsoft.com/win/2004/08/events/event"},"System":{"Provider":{"#attributes":{"Name":"Microsoft-Windows-Security-Auditing","Guid":"54849625-5478-4994-A5BA-3E3B0328C30D"}},"EventID":4662,"Version":0,"Level":0,"Task":14080,"Opcode":0,"Keywords":"0x8020000000000000","TimeCreated":{"#attributes":{"SystemTime":"2026-06-23T05:17:28.579001Z"}},"EventRecordID":1062711,"Correlation":null,"Execution":{"#attributes":{"ProcessID":840,"ThreadID":976}},"Channel":"Security","Computer":"DC1.blues.lab","Security":null},"EventData":{"SubjectUserSid":"S-1-5-21-1940215732-407848784-1427904796-500","SubjectUserName":"Administrator","SubjectDomainName":"BLUES","SubjectLogonId":"0x134ab9","ObjectServer":"DS","ObjectType":"%{bf967a8b-0de6-11d0-a285-00aa003049e2}","ObjectName":"%{177c5007-8498-46f8-baf8-c471a5ee765c}","OperationType":"Object Access","HandleId":"0x0","AccessList":"%%7684","AccessMask":"0x10","Properties":"%%7684\r\n\t\t{e48d0154-bcf8-11d1-8702-00c04fb96050}\r\n\t\t\t{bf9679e4-0de6-11d0-a285-00aa003049e2}\r\n\t{bf967a8b-0de6-11d0-a285-00aa003049e2}","AdditionalInfo":"-","AdditionalInfo2":""}}}
{"Event":{"#attributes":{"xmlns":"http://schemas.microsoft.com/win/2004/08/events/event"},"System":{"Provider":{"#attributes":{"Name":"Microsoft-Windows-Security-Auditing","Guid":"54849625-5478-4994-A5BA-3E3B0328C30D"}},"EventID":4662,"Version":0,"Level":0,"Task":14080,"Opcode":0,"Keywords":"0x8020000000000000","TimeCreated":{"#attributes":{"SystemTime":"2026-06-23T05:17:28.579437Z"}},"EventRecordID":1062712,"Correlation":null,"Execution":{"#attributes":{"ProcessID":840,"ThreadID":976}},"Channel":"Security","Computer":"DC1.blues.lab","Security":null},"EventData":{"SubjectUserSid":"S-1-5-21-1940215732-407848784-1427904796-500","SubjectUserName":"Administrator","SubjectDomainName":"BLUES","SubjectLogonId":"0x134ab9","ObjectServer":"DS","ObjectType":"%{bf967a8b-0de6-11d0-a285-00aa003049e2}","ObjectName":"%{177c5007-8498-46f8-baf8-c471a5ee765c}","OperationType":"Object Access","HandleId":"0x0","AccessList":"%%7680","AccessMask":"0x1","Properties":"%%7680\r\n\t{bf967aba-0de6-11d0-a285-00aa003049e2}","AdditionalInfo":"CN=5137-TestUser,CN=Users,DC=blues,DC=lab","AdditionalInfo2":"%{0edb4380-d1a2-4d73-b0fb-b705952cee28}"}}}
{"Event":{"#attributes":{"xmlns":"http://schemas.microsoft.com/win/2004/08/events/event"},"System":{"Provider":{"#attributes":{"Name":"Microsoft-Windows-Security-Auditing","Guid":"54849625-5478-4994-A5BA-3E3B0328C30D"}},"EventID":4662,"Version":0,"Level":0,"Task":14080,"Opcode":0,"Keywords":"0x8020000000000000","TimeCreated":{"#attributes":{"SystemTime":"2026-06-23T05:17:28.579515Z"}},"EventRecordID":1062713,"Correlation":null,"Execution":{"#attributes":{"ProcessID":840,"ThreadID":976}},"Channel":"Security","Computer":"DC1.blues.lab","Security":null},"EventData":{"SubjectUserSid":"S-1-5-21-1940215732-407848784-1427904796-500","SubjectUserName":"Administrator","SubjectDomainName":"BLUES","SubjectLogonId":"0x134ab9","ObjectServer":"DS","ObjectType":"%{bf967aba-0de6-11d0-a285-00aa003049e2}","ObjectName":"%{0edb4380-d1a2-4d73-b0fb-b705952cee28}","OperationType":"Object Access","HandleId":"0x0","AccessList":"%%7685","AccessMask":"0x20","Properties":"%%7685\r\n\t\t{e48d0154-bcf8-11d1-8702-00c04fb96050}\r\n\t\t\t{bf9679e5-0de6-11d0-a285-00aa003049e2}\r\n\t\t{4c164200-20c0-11d0-a768-00aa006e0529}\r\n\t\t\t{bf967a68-0de6-11d0-a285-00aa003049e2}\r\n\t\t{59ba2f42-79a2-11d0-9020-00c04fc2d3cf}\r\n\t\t\t{3e0abfd0-126a-11d0-a060-00aa006c33ed}\r\n\t{bf967aba-0de6-11d0-a285-00aa003049e2}","AdditionalInfo":"-","AdditionalInfo2":""}}}
{"Event":{"#attributes":{"xmlns":"http://schemas.microsoft.com/win/2004/08/events/event"},"System":{"Provider":{"#attributes":{"Name":"Microsoft-Windows-Security-Auditing","Guid":"54849625-5478-4994-A5BA-3E3B0328C30D"}},"EventID":4720,"Version":0,"Level":0,"Task":13824,"Opcode":0,"Keywords":"0x8020000000000000","TimeCreated":{"#attributes":{"SystemTime":"2026-06-23T05:17:28.581888Z"}},"EventRecordID":1062714,"Correlation":null,"Execution":{"#attributes":{"ProcessID":840,"ThreadID":2816}},"Channel":"Security","Computer":"DC1.blues.lab","Security":null},"EventData":{"TargetUserName":"5137-TestUser","TargetDomainName":"BLUES","TargetSid":"S-1-5-21-1940215732-407848784-1427904796-1131","SubjectUserSid":"S-1-5-21-1940215732-407848784-1427904796-500","SubjectUserName":"Administrator","SubjectDomainName":"BLUES","SubjectLogonId":"0x134ab9","PrivilegeList":"-","SamAccountName":"5137-TestUser","DisplayName":"-","UserPrincipalName":"-","HomeDirectory":"-","HomePath":"-","ScriptPath":"-","ProfilePath":"-","UserWorkstations":"-","PasswordLastSet":"%%1794","AccountExpires":"%%1794","PrimaryGroupId":"513","AllowedToDelegateTo":"-","OldUacValue":"0x0","NewUacValue":"0x11","UserAccountControl":"\r\n\t\t%%2080\r\n\t\t%%2084","UserParameters":"-","SidHistory":"-","LogonHours":"%%1793"}}}
{"Event":{"#attributes":{"xmlns":"http://schemas.microsoft.com/win/2004/08/events/event"},"System":{"Provider":{"#attributes":{"Name":"Microsoft-Windows-Security-Auditing","Guid":"54849625-5478-4994-A5BA-3E3B0328C30D"}},"EventID":4662,"Version":0,"Level":0,"Task":14080,"Opcode":0,"Keywords":"0x8020000000000000","TimeCreated":{"#attributes":{"SystemTime":"2026-06-23T05:17:28.582284Z"}},"EventRecordID":1062715,"Correlation":null,"Execution":{"#attributes":{"ProcessID":840,"ThreadID":976}},"Channel":"Security","Computer":"DC1.blues.lab","Security":null},"EventData":{"SubjectUserSid":"S-1-5-21-1940215732-407848784-1427904796-500","SubjectUserName":"Administrator","SubjectDomainName":"BLUES","SubjectLogonId":"0x134ab9","ObjectServer":"DS","ObjectType":"%{bf967a8b-0de6-11d0-a285-00aa003049e2}","ObjectName":"%{177c5007-8498-46f8-baf8-c471a5ee765c}","OperationType":"Object Access","HandleId":"0x0","AccessList":"%%7682","AccessMask":"0x4","Properties":"%%7682\r\n\t{bf967a8b-0de6-11d0-a285-00aa003049e2}","AdditionalInfo":"-","AdditionalInfo2":""}}}
{"Event":{"#attributes":{"xmlns":"http://schemas.microsoft.com/win/2004/08/events/event"},"System":{"Provider":{"#attributes":{"Name":"Microsoft-Windows-Security-Auditing","Guid":"54849625-5478-4994-A5BA-3E3B0328C30D"}},"EventID":4662,"Version":0,"Level":0,"Task":14080,"Opcode":0,"Keywords":"0x8020000000000000","TimeCreated":{"#attributes":{"SystemTime":"2026-06-23T05:17:28.582292Z"}},"EventRecordID":1062716,"Correlation":null,"Execution":{"#attributes":{"ProcessID":840,"ThreadID":976}},"Channel":"Security","Computer":"DC1.blues.lab","Security":null},"EventData":{"SubjectUserSid":"S-1-5-21-1940215732-407848784-1427904796-500","SubjectUserName":"Administrator","SubjectDomainName":"BLUES","SubjectLogonId":"0x134ab9","ObjectServer":"DS","ObjectType":"%{bf967aba-0de6-11d0-a285-00aa003049e2}","ObjectName":"%{0edb4380-d1a2-4d73-b0fb-b705952cee28}","OperationType":"Object Access","HandleId":"0x0","AccessList":"%%7684","AccessMask":"0x10","Properties":"%%7684\r\n\t\t{e48d0154-bcf8-11d1-8702-00c04fb96050}\r\n\t\t\t{bf9679e7-0de6-11d0-a285-00aa003049e2}\r\n\t{bf967aba-0de6-11d0-a285-00aa003049e2}","AdditionalInfo":"-","AdditionalInfo2":""}}}
{"Event":{"#attributes":{"xmlns":"http://schemas.microsoft.com/win/2004/08/events/event"},"System":{"Provider":{"#attributes":{"Name":"Microsoft-Windows-Security-Auditing","Guid":"54849625-5478-4994-A5BA-3E3B0328C30D"}},"EventID":4662,"Version":0,"Level":0,"Task":14080,"Opcode":0,"Keywords":"0x8020000000000000","TimeCreated":{"#attributes":{"SystemTime":"2026-06-23T05:17:28.592805Z"}},"EventRecordID":1062717,"Correlation":null,"Execution":{"#attributes":{"ProcessID":840,"ThreadID":976}},"Channel":"Security","Computer":"DC1.blues.lab","Security":null},"EventData":{"SubjectUserSid":"S-1-5-21-1940215732-407848784-1427904796-500","SubjectUserName":"Administrator","SubjectDomainName":"BLUES","SubjectLogonId":"0x134ab9","ObjectServer":"DS","ObjectType":"%{bf967aba-0de6-11d0-a285-00aa003049e2}","ObjectName":"%{0edb4380-d1a2-4d73-b0fb-b705952cee28}","OperationType":"Object Access","HandleId":"0x0","AccessList":"%%7684","AccessMask":"0x10","Properties":"%%7684\r\n\t\t{e48d0154-bcf8-11d1-8702-00c04fb96050}\r\n\t\t\t{bf9679e4-0de6-11d0-a285-00aa003049e2}\r\n\t{bf967aba-0de6-11d0-a285-00aa003049e2}","AdditionalInfo":"-","AdditionalInfo2":""}}}
{"Event":{"#attributes":{"xmlns":"http://schemas.microsoft.com/win/2004/08/events/event"},"System":{"Provider":{"#attributes":{"Name":"Microsoft-Windows-Security-Auditing","Guid":"54849625-5478-4994-A5BA-3E3B0328C30D"}},"EventID":4662,"Version":0,"Level":0,"Task":14080,"Opcode":0,"Keywords":"0x8020000000000000","TimeCreated":{"#attributes":{"SystemTime":"2026-06-23T05:17:28.592813Z"}},"EventRecordID":1062718,"Correlation":null,"Execution":{"#attributes":{"ProcessID":840,"ThreadID":976}},"Channel":"Security","Computer":"DC1.blues.lab","Security":null},"EventData":{"SubjectUserSid":"S-1-5-21-1940215732-407848784-1427904796-500","SubjectUserName":"Administrator","SubjectDomainName":"BLUES","SubjectLogonId":"0x134ab9","ObjectServer":"DS","ObjectType":"%{bf967a8b-0de6-11d0-a285-00aa003049e2}","ObjectName":"%{177c5007-8498-46f8-baf8-c471a5ee765c}","OperationType":"Object Access","HandleId":"0x0","AccessList":"%%7682","AccessMask":"0x4","Properties":"%%7682\r\n\t{bf967a8b-0de6-11d0-a285-00aa003049e2}","AdditionalInfo":"-","AdditionalInfo2":""}}}
{"Event":{"#attributes":{"xmlns":"http://schemas.microsoft.com/win/2004/08/events/event"},"System":{"Provider":{"#attributes":{"Name":"Microsoft-Windows-Security-Auditing","Guid":"54849625-5478-4994-A5BA-3E3B0328C30D"}},"EventID":4662,"Version":0,"Level":0,"Task":14080,"Opcode":0,"Keywords":"0x8020000000000000","TimeCreated":{"#attributes":{"SystemTime":"2026-06-23T05:17:28.592820Z"}},"EventRecordID":1062719,"Correlation":null,"Execution":{"#attributes":{"ProcessID":840,"ThreadID":976}},"Channel":"Security","Computer":"DC1.blues.lab","Security":null},"EventData":{"SubjectUserSid":"S-1-5-21-1940215732-407848784-1427904796-500","SubjectUserName":"Administrator","SubjectDomainName":"BLUES","SubjectLogonId":"0x134ab9","ObjectServer":"DS","ObjectType":"%{bf967aba-0de6-11d0-a285-00aa003049e2}","ObjectName":"%{0edb4380-d1a2-4d73-b0fb-b705952cee28}","OperationType":"Object Access","HandleId":"0x0","AccessList":"%%7684","AccessMask":"0x10","Properties":"%%7684\r\n\t\t{e48d0154-bcf8-11d1-8702-00c04fb96050}\r\n\t\t\t{bf9679e5-0de6-11d0-a285-00aa003049e2}\r\n\t{bf967aba-0de6-11d0-a285-00aa003049e2}","AdditionalInfo":"-","AdditionalInfo2":""}}}
{"Event":{"#attributes":{"xmlns":"http://schemas.microsoft.com/win/2004/08/events/event"},"System":{"Provider":{"#attributes":{"Name":"Microsoft-Windows-Security-Auditing","Guid":"54849625-5478-4994-A5BA-3E3B0328C30D"}},"EventID":4738,"Version":0,"Level":0,"Task":13824,"Opcode":0,"Keywords":"0x8020000000000000","TimeCreated":{"#attributes":{"SystemTime":"2026-06-23T05:17:28.622280Z"}},"EventRecordID":1062720,"Correlation":null,"Execution":{"#attributes":{"ProcessID":840,"ThreadID":2816}},"Channel":"Security","Computer":"DC1.blues.lab","Security":null},"EventData":{"Dummy":"-","TargetUserName":"5137-TestUser","TargetDomainName":"BLUES","TargetSid":"S-1-5-21-1940215732-407848784-1427904796-1131","SubjectUserSid":"S-1-5-21-1940215732-407848784-1427904796-500","SubjectUserName":"Administrator","SubjectDomainName":"BLUES","SubjectLogonId":"0x134ab9","PrivilegeList":"-","SamAccountName":"-","DisplayName":"-","UserPrincipalName":"-","HomeDirectory":"-","HomePath":"-","ScriptPath":"-","ProfilePath":"-","UserWorkstations":"-","PasswordLastSet":"6/23/2026 5:17:28 AM","AccountExpires":"-","PrimaryGroupId":"-","AllowedToDelegateTo":"-","OldUacValue":"-","NewUacValue":"-","UserAccountControl":"-","UserParameters":"-","SidHistory":"-","LogonHours":"-"}}}
{"Event":{"#attributes":{"xmlns":"http://schemas.microsoft.com/win/2004/08/events/event"},"System":{"Provider":{"#attributes":{"Name":"Microsoft-Windows-Security-Auditing","Guid":"54849625-5478-4994-A5BA-3E3B0328C30D"}},"EventID":4724,"Version":0,"Level":0,"Task":13824,"Opcode":0,"Keywords":"0x8020000000000000","TimeCreated":{"#attributes":{"SystemTime":"2026-06-23T05:17:28.622335Z"}},"EventRecordID":1062721,"Correlation":null,"Execution":{"#attributes":{"ProcessID":840,"ThreadID":2816}},"Channel":"Security","Computer":"DC1.blues.lab","Security":null},"EventData":{"TargetUserName":"5137-TestUser","TargetDomainName":"BLUES","TargetSid":"S-1-5-21-1940215732-407848784-1427904796-1131","SubjectUserSid":"S-1-5-21-1940215732-407848784-1427904796-500","SubjectUserName":"Administrator","SubjectDomainName":"BLUES","SubjectLogonId":"0x134ab9"}}}
{"Event":{"#attributes":{"xmlns":"http://schemas.microsoft.com/win/2004/08/events/event"},"System":{"Provider":{"#attributes":{"Name":"Microsoft-Windows-Security-Auditing","Guid":"54849625-5478-4994-A5BA-3E3B0328C30D"}},"EventID":4662,"Version":0,"Level":0,"Task":14080,"Opcode":0,"Keywords":"0x8020000000000000","TimeCreated":{"#attributes":{"SystemTime":"2026-06-23T05:17:28.624416Z"}},"EventRecordID":1062722,"Correlation":null,"Execution":{"#attributes":{"ProcessID":840,"ThreadID":976}},"Channel":"Security","Computer":"DC1.blues.lab","Security":null},"EventData":{"SubjectUserSid":"S-1-5-21-1940215732-407848784-1427904796-500","SubjectUserName":"Administrator","SubjectDomainName":"BLUES","SubjectLogonId":"0x134ab9","ObjectServer":"DS","ObjectType":"%{bf967aba-0de6-11d0-a285-00aa003049e2}","ObjectName":"%{0edb4380-d1a2-4d73-b0fb-b705952cee28}","OperationType":"Object Access","HandleId":"0x0","AccessList":"%%7685","AccessMask":"0x20","Properties":"%%7685\r\n\t\t{4c164200-20c0-11d0-a768-00aa006e0529}\r\n\t\t\t{bf967a68-0de6-11d0-a285-00aa003049e2}\r\n\t{bf967aba-0de6-11d0-a285-00aa003049e2}","AdditionalInfo":"-","AdditionalInfo2":""}}}
