{"Event":{"#attributes":{"xmlns":"http://schemas.microsoft.com/win/2004/08/events/event"},"System":{"Provider":{"#attributes":{"Name":"Microsoft-Windows-Security-Auditing","Guid":"54849625-5478-4994-A5BA-3E3B0328C30D"}},"EventID":4662,"Version":0,"Level":0,"Task":14080,"Opcode":0,"Keywords":"0x8020000000000000","TimeCreated":{"#attributes":{"SystemTime":"2026-06-23T05:14:23.015783Z"}},"EventRecordID":1062469,"Correlation":null,"Execution":{"#attributes":{"ProcessID":840,"ThreadID":976}},"Channel":"Security","Computer":"DC1.blues.lab","Security":null},"EventData":{"SubjectUserSid":"S-1-5-18","SubjectUserName":"DC1$","SubjectDomainName":"BLUES","SubjectLogonId":"0x37ce38","ObjectServer":"DS","ObjectType":"%{19195a5b-6da0-11d0-afd3-00c04fd930c9}","ObjectName":"%{5206e6c4-9bf2-48cf-96fd-aa43f219c623}","OperationType":"Object Access","HandleId":"0x0","AccessList":"%%7684","AccessMask":"0x10","Properties":"%%7684\r\n\t\t{e48d0154-bcf8-11d1-8702-00c04fb96050}\r\n\t\t\t{bf9679e4-0de6-11d0-a285-00aa003049e2}\r\n\t{19195a5b-6da0-11d0-afd3-00c04fd930c9}","AdditionalInfo":"-","AdditionalInfo2":""}}}
{"Event":{"#attributes":{"xmlns":"http://schemas.microsoft.com/win/2004/08/events/event"},"System":{"Provider":{"#attributes":{"Name":"Microsoft-Windows-Security-Auditing","Guid":"54849625-5478-4994-A5BA-3E3B0328C30D"}},"EventID":4662,"Version":0,"Level":0,"Task":14080,"Opcode":0,"Keywords":"0x8020000000000000","TimeCreated":{"#attributes":{"SystemTime":"2026-06-23T05:14:23.015791Z"}},"EventRecordID":1062470,"Correlation":null,"Execution":{"#attributes":{"ProcessID":840,"ThreadID":976}},"Channel":"Security","Computer":"DC1.blues.lab","Security":null},"EventData":{"SubjectUserSid":"S-1-5-18","SubjectUserName":"DC1$","SubjectDomainName":"BLUES","SubjectLogonId":"0x37ce38","ObjectServer":"DS","ObjectType":"%{19195a5b-6da0-11d0-afd3-00c04fd930c9}","ObjectName":"%{5206e6c4-9bf2-48cf-96fd-aa43f219c623}","OperationType":"Object Access","HandleId":"0x0","AccessList":"%%7684","AccessMask":"0x10","Properties":"%%7684\r\n\t\t{771727b1-31b8-4cdf-ae62-4fe39fadf89e}\r\n\t\t\t{f30e3bbe-9ff0-11d1-b603-0000f80367c1}\r\n\t\t\t{f30e3bbf-9ff0-11d1-b603-0000f80367c1}\r\n\t{19195a5b-6da0-11d0-afd3-00c04fd930c9}","AdditionalInfo":"-","AdditionalInfo2":""}}}
{"Event":{"#attributes":{"xmlns":"http://schemas.microsoft.com/win/2004/08/events/event"},"System":{"Provider":{"#attributes":{"Name":"Microsoft-Windows-Security-Auditing","Guid":"54849625-5478-4994-A5BA-3E3B0328C30D"}},"EventID":4662,"Version":0,"Level":0,"Task":14080,"Opcode":0,"Keywords":"0x8020000000000000","TimeCreated":{"#attributes":{"SystemTime":"2026-06-23T05:14:23.015796Z"}},"EventRecordID":1062471,"Correlation":null,"Execution":{"#attributes":{"ProcessID":840,"ThreadID":976}},"Channel":"Security","Computer":"DC1.blues.lab","Security":null},"EventData":{"SubjectUserSid":"S-1-5-18","SubjectUserName":"DC1$","SubjectDomainName":"BLUES","SubjectLogonId":"0x37ce38","ObjectServer":"DS","ObjectType":"%{bf967aa5-0de6-11d0-a285-00aa003049e2}","ObjectName":"%{64f467f3-e999-4572-a858-8f9ed6b882ba}","OperationType":"Object Access","HandleId":"0x0","AccessList":"%%7684","AccessMask":"0x10","Properties":"%%7684\r\n\t\t{e48d0154-bcf8-11d1-8702-00c04fb96050}\r\n\t\t\t{bf9679e4-0de6-11d0-a285-00aa003049e2}\r\n\t{bf967aa5-0de6-11d0-a285-00aa003049e2}","AdditionalInfo":"-","AdditionalInfo2":""}}}
{"Event":{"#attributes":{"xmlns":"http://schemas.microsoft.com/win/2004/08/events/event"},"System":{"Provider":{"#attributes":{"Name":"Microsoft-Windows-Security-Auditing","Guid":"54849625-5478-4994-A5BA-3E3B0328C30D"}},"EventID":4662,"Version":0,"Level":0,"Task":14080,"Opcode":0,"Keywords":"0x8020000000000000","TimeCreated":{"#attributes":{"SystemTime":"2026-06-23T05:14:23.015799Z"}},"EventRecordID":1062472,"Correlation":null,"Execution":{"#attributes":{"ProcessID":840,"ThreadID":976}},"Channel":"Security","Computer":"DC1.blues.lab","Security":null},"EventData":{"SubjectUserSid":"S-1-5-18","SubjectUserName":"DC1$","SubjectDomainName":"BLUES","SubjectLogonId":"0x37ce38","ObjectServer":"DS","ObjectType":"%{19195a5b-6da0-11d0-afd3-00c04fd930c9}","ObjectName":"%{5206e6c4-9bf2-48cf-96fd-aa43f219c623}","OperationType":"Object Access","HandleId":"0x0","AccessList":"%%7682","AccessMask":"0x4","Properties":"%%7682\r\n\t{19195a5b-6da0-11d0-afd3-00c04fd930c9}","AdditionalInfo":"-","AdditionalInfo2":""}}}
{"Event":{"#attributes":{"xmlns":"http://schemas.microsoft.com/win/2004/08/events/event"},"System":{"Provider":{"#attributes":{"Name":"Microsoft-Windows-Security-Auditing","Guid":"54849625-5478-4994-A5BA-3E3B0328C30D"}},"EventID":4662,"Version":0,"Level":0,"Task":14080,"Opcode":0,"Keywords":"0x8020000000000000","TimeCreated":{"#attributes":{"SystemTime":"2026-06-23T05:14:23.015805Z"}},"EventRecordID":1062473,"Correlation":null,"Execution":{"#attributes":{"ProcessID":840,"ThreadID":976}},"Channel":"Security","Computer":"DC1.blues.lab","Security":null},"EventData":{"SubjectUserSid":"S-1-5-18","SubjectUserName":"DC1$","SubjectDomainName":"BLUES","SubjectLogonId":"0x37ce38","ObjectServer":"DS","ObjectType":"%{bf967aa5-0de6-11d0-a285-00aa003049e2}","ObjectName":"%{64f467f3-e999-4572-a858-8f9ed6b882ba}","OperationType":"Object Access","HandleId":"0x0","AccessList":"%%7684","AccessMask":"0x10","Properties":"%%7684\r\n\t\t{771727b1-31b8-4cdf-ae62-4fe39fadf89e}\r\n\t\t\t{f30e3bbe-9ff0-11d1-b603-0000f80367c1}\r\n\t\t\t{f30e3bbf-9ff0-11d1-b603-0000f80367c1}\r\n\t{bf967aa5-0de6-11d0-a285-00aa003049e2}","AdditionalInfo":"-","AdditionalInfo2":""}}}
{"Event":{"#attributes":{"xmlns":"http://schemas.microsoft.com/win/2004/08/events/event"},"System":{"Provider":{"#attributes":{"Name":"Microsoft-Windows-Security-Auditing","Guid":"54849625-5478-4994-A5BA-3E3B0328C30D"}},"EventID":4672,"Version":0,"Level":0,"Task":12548,"Opcode":0,"Keywords":"0x8020000000000000","TimeCreated":{"#attributes":{"SystemTime":"2026-06-23T05:14:23.019133Z"}},"EventRecordID":1062474,"Correlation":null,"Execution":{"#attributes":{"ProcessID":840,"ThreadID":2816}},"Channel":"Security","Computer":"DC1.blues.lab","Security":null},"EventData":{"SubjectUserSid":"S-1-5-18","SubjectUserName":"DC1$","SubjectDomainName":"BLUES","SubjectLogonId":"0x37d025","PrivilegeList":"SeSecurityPrivilege\r\n\t\t\tSeBackupPrivilege\r\n\t\t\tSeRestorePrivilege\r\n\t\t\tSeTakeOwnershipPrivilege\r\n\t\t\tSeDebugPrivilege\r\n\t\t\tSeSystemEnvironmentPrivilege\r\n\t\t\tSeLoadDriverPrivilege\r\n\t\t\tSeImpersonatePrivilege\r\n\t\t\tSeDelegateSessionUserImpersonatePrivilege\r\n\t\t\tSeEnableDelegationPrivilege"}}}
{"Event":{"#attributes":{"xmlns":"http://schemas.microsoft.com/win/2004/08/events/event"},"System":{"Provider":{"#attributes":{"Name":"Microsoft-Windows-Security-Auditing","Guid":"54849625-5478-4994-A5BA-3E3B0328C30D"}},"EventID":4624,"Version":3,"Level":0,"Task":12544,"Opcode":0,"Keywords":"0x8020000000000000","TimeCreated":{"#attributes":{"SystemTime":"2026-06-23T05:14:23.019224Z"}},"EventRecordID":1062475,"Correlation":null,"Execution":{"#attributes":{"ProcessID":840,"ThreadID":2816}},"Channel":"Security","Computer":"DC1.blues.lab","Security":null},"EventData":{"SubjectUserSid":"S-1-0-0","SubjectUserName":"-","SubjectDomainName":"-","SubjectLogonId":"0x0","TargetUserSid":"S-1-5-18","TargetUserName":"DC1$","TargetDomainName":"BLUES.LAB","TargetLogonId":"0x37d025","LogonType":3,"LogonProcessName":"Kerberos","AuthenticationPackageName":"Kerberos","WorkstationName":"-","LogonGuid":"A91AE17B-3E66-BCCE-CCDE-5AB60096779D","TransmittedServices":"-","LmPackageName":"-","KeyLength":0,"ProcessId":"0x0","ProcessName":"-","IpAddress":"10.10.10.10","IpPort":"50003","ImpersonationLevel":"%%1833","RestrictedAdminMode":"-","RemoteCredentialGuard":"-","TargetOutboundUserName":"-","TargetOutboundDomainName":"-","VirtualAccount":"%%1843","TargetLinkedLogonId":"0x0","ElevatedToken":"%%1842"}}}
{"Event":{"#attributes":{"xmlns":"http://schemas.microsoft.com/win/2004/08/events/event"},"System":{"Provider":{"#attributes":{"Name":"Microsoft-Windows-Security-Auditing","Guid":"54849625-5478-4994-A5BA-3E3B0328C30D"}},"EventID":4627,"Version":0,"Level":0,"Task":12554,"Opcode":0,"Keywords":"0x8020000000000000","TimeCreated":{"#attributes":{"SystemTime":"2026-06-23T05:14:23.019242Z"}},"EventRecordID":1062476,"Correlation":null,"Execution":{"#attributes":{"ProcessID":840,"ThreadID":2816}},"Channel":"Security","Computer":"DC1.blues.lab","Security":null},"EventData":{"SubjectUserSid":"S-1-0-0","SubjectUserName":"-","SubjectDomainName":"-","SubjectLogonId":"0x0","TargetUserSid":"S-1-5-18","TargetUserName":"DC1$","TargetDomainName":"BLUES.LAB","TargetLogonId":"0x37d025","LogonType":3,"EventIdx":1,"EventCountTotal":1,"GroupMembership":"\r\n\t\t%{S-1-5-32-544}\r\n\t\t%{S-1-1-0}\r\n\t\t%{S-1-5-32-545}\r\n\t\t%{S-1-5-32-554}\r\n\t\t%{S-1-5-32-560}\r\n\t\t%{S-1-5-2}\r\n\t\t%{S-1-5-11}\r\n\t\t%{S-1-5-15}\r\n\t\t%{S-1-5-21-1940215732-407848784-1427904796-1000}\r\n\t\t%{S-1-5-21-1940215732-407848784-1427904796-516}\r\n\t\t%{S-1-5-9}\r\n\t\t%{S-1-18-1}\r\n\t\t%{S-1-5-21-1940215732-407848784-1427904796-572}\r\n\t\t%{S-1-16-16384}"}}}
{"Event":{"#attributes":{"xmlns":"http://schemas.microsoft.com/win/2004/08/events/event"},"System":{"Provider":{"#attributes":{"Name":"Microsoft-Windows-Security-Auditing","Guid":"54849625-5478-4994-A5BA-3E3B0328C30D"}},"EventID":4662,"Version":0,"Level":0,"Task":14080,"Opcode":0,"Keywords":"0x8020000000000000","TimeCreated":{"#attributes":{"SystemTime":"2026-06-23T05:14:23.021331Z"}},"EventRecordID":1062477,"Correlation":null,"Execution":{"#attributes":{"ProcessID":840,"ThreadID":976}},"Channel":"Security","Computer":"DC1.blues.lab","Security":null},"EventData":{"SubjectUserSid":"S-1-5-18","SubjectUserName":"DC1$","SubjectDomainName":"BLUES","SubjectLogonId":"0x37ce38","ObjectServer":"DS","ObjectType":"%{f30e3bc2-9ff0-11d1-b603-0000f80367c1}","ObjectName":"%{94cdad2e-98ab-4775-a4a4-1f94335fffef}","OperationType":"Object Access","HandleId":"0x0","AccessList":"%%7684","AccessMask":"0x10","Properties":"%%7684\r\n\t\t{771727b1-31b8-4cdf-ae62-4fe39fadf89e}\r\n\t\t\t{bf967976-0de6-11d0-a285-00aa003049e2}\r\n\t\t\t{32ff8ecc-783f-11d2-9916-0000f87a57d4}\r\n\t\t{e48d0154-bcf8-11d1-8702-00c04fb96050}\r\n\t\t\t{bf9679e4-0de6-11d0-a285-00aa003049e2}\r\n\t{f30e3bc2-9ff0-11d1-b603-0000f80367c1}","AdditionalInfo":"-","AdditionalInfo2":""}}}
{"Event":{"#attributes":{"xmlns":"http://schemas.microsoft.com/win/2004/08/events/event"},"System":{"Provider":{"#attributes":{"Name":"Microsoft-Windows-Security-Auditing","Guid":"54849625-5478-4994-A5BA-3E3B0328C30D"}},"EventID":4662,"Version":0,"Level":0,"Task":14080,"Opcode":0,"Keywords":"0x8020000000000000","TimeCreated":{"#attributes":{"SystemTime":"2026-06-23T05:14:23.021337Z"}},"EventRecordID":1062478,"Correlation":null,"Execution":{"#attributes":{"ProcessID":840,"ThreadID":976}},"Channel":"Security","Computer":"DC1.blues.lab","Security":null},"EventData":{"SubjectUserSid":"S-1-5-18","SubjectUserName":"DC1$","SubjectDomainName":"BLUES","SubjectLogonId":"0x37ce38","ObjectServer":"DS","ObjectType":"%{bf967a8b-0de6-11d0-a285-00aa003049e2}","ObjectName":"%{ea67d2cc-5160-4d25-871a-720f6eed158a}","OperationType":"Object Access","HandleId":"0x0","AccessList":"%%7682","AccessMask":"0x4","Properties":"%%7682\r\n\t{bf967a8b-0de6-11d0-a285-00aa003049e2}","AdditionalInfo":"-","AdditionalInfo2":""}}}
{"Event":{"#attributes":{"xmlns":"http://schemas.microsoft.com/win/2004/08/events/event"},"System":{"Provider":{"#attributes":{"Name":"Microsoft-Windows-Security-Auditing","Guid":"54849625-5478-4994-A5BA-3E3B0328C30D"}},"EventID":4662,"Version":0,"Level":0,"Task":14080,"Opcode":0,"Keywords":"0x8020000000000000","TimeCreated":{"#attributes":{"SystemTime":"2026-06-23T05:14:23.021341Z"}},"EventRecordID":1062479,"Correlation":null,"Execution":{"#attributes":{"ProcessID":840,"ThreadID":976}},"Channel":"Security","Computer":"DC1.blues.lab","Security":null},"EventData":{"SubjectUserSid":"S-1-5-18","SubjectUserName":"DC1$","SubjectDomainName":"BLUES","SubjectLogonId":"0x37ce38","ObjectServer":"DS","ObjectType":"%{f30e3bc2-9ff0-11d1-b603-0000f80367c1}","ObjectName":"%{94cdad2e-98ab-4775-a4a4-1f94335fffef}","OperationType":"Object Access","HandleId":"0x0","AccessList":"%%1538","AccessMask":"0x20000","Properties":"%%1538\r\n\t{f30e3bc2-9ff0-11d1-b603-0000f80367c1}","AdditionalInfo":"-","AdditionalInfo2":""}}}
{"Event":{"#attributes":{"xmlns":"http://schemas.microsoft.com/win/2004/08/events/event"},"System":{"Provider":{"#attributes":{"Name":"Microsoft-Windows-Security-Auditing","Guid":"54849625-5478-4994-A5BA-3E3B0328C30D"}},"EventID":4662,"Version":0,"Level":0,"Task":14080,"Opcode":0,"Keywords":"0x8020000000000000","TimeCreated":{"#attributes":{"SystemTime":"2026-06-23T05:14:23.021369Z"}},"EventRecordID":1062480,"Correlation":null,"Execution":{"#attributes":{"ProcessID":840,"ThreadID":976}},"Channel":"Security","Computer":"DC1.blues.lab","Security":null},"EventData":{"SubjectUserSid":"S-1-5-18","SubjectUserName":"DC1$","SubjectDomainName":"BLUES","SubjectLogonId":"0x37ce38","ObjectServer":"DS","ObjectType":"%{f30e3bc2-9ff0-11d1-b603-0000f80367c1}","ObjectName":"%{94cdad2e-98ab-4775-a4a4-1f94335fffef}","OperationType":"Object Access","HandleId":"0x0","AccessList":"%%7684","AccessMask":"0x10","Properties":"%%7684\r\n\t{f30e3bc2-9ff0-11d1-b603-0000f80367c1}\r\n\t\t{e48d0154-bcf8-11d1-8702-00c04fb96050}\r\n\t\t\t{bf9679e5-0de6-11d0-a285-00aa003049e2}\r\n\t\t\t{bf96793f-0de6-11d0-a285-00aa003049e2}\r\n\t\t{59ba2f42-79a2-11d0-9020-00c04fc2d3cf}\r\n\t\t\t{bf967953-0de6-11d0-a285-00aa003049e2}\r\n\t\t{771727b1-31b8-4cdf-ae62-4fe39fadf89e}\r\n\t\t\t{bf967976-0de6-11d0-a285-00aa003049e2}\r\n\t\t\t{bf967a76-0de6-11d0-a285-00aa003049e2}\r\n\t\t\t{f30e3bc0-9ff0-11d1-b603-0000f80367c1}\r\n\t\t\t{f30e3bc1-9ff0-11d1-b603-0000f80367c1}\r\n\t\t\t{32ff8ecc-783f-11d2-9916-0000f87a57d4}\r\n\t\t\t{42a75fc6-783f-11d2-9916-0000f87a57d4}\r\n\t\t\t{7bd4c7a6-1add-4436-8c04-3999a880154c}","AdditionalInfo":"-","AdditionalInfo2":""}}}
{"Event":{"#attributes":{"xmlns":"http://schemas.microsoft.com/win/2004/08/events/event"},"System":{"Provider":{"#attributes":{"Name":"Microsoft-Windows-Security-Auditing","Guid":"54849625-5478-4994-A5BA-3E3B0328C30D"}},"EventID":4662,"Version":0,"Level":0,"Task":14080,"Opcode":0,"Keywords":"0x8020000000000000","TimeCreated":{"#attributes":{"SystemTime":"2026-06-23T05:14:23.021380Z"}},"EventRecordID":1062481,"Correlation":null,"Execution":{"#attributes":{"ProcessID":840,"ThreadID":976}},"Channel":"Security","Computer":"DC1.blues.lab","Security":null},"EventData":{"SubjectUserSid":"S-1-5-18","SubjectUserName":"DC1$","SubjectDomainName":"BLUES","SubjectLogonId":"0x37ce38","ObjectServer":"DS","ObjectType":"%{f30e3bc2-9ff0-11d1-b603-0000f80367c1}","ObjectName":"%{b9cf9448-4d1b-43e5-829e-f8387138fb3a}","OperationType":"Object Access","HandleId":"0x0","AccessList":"%%7684","AccessMask":"0x10","Properties":"%%7684\r\n\t\t{771727b1-31b8-4cdf-ae62-4fe39fadf89e}\r\n\t\t\t{bf967976-0de6-11d0-a285-00aa003049e2}\r\n\t\t\t{32ff8ecc-783f-11d2-9916-0000f87a57d4}\r\n\t\t{e48d0154-bcf8-11d1-8702-00c04fb96050}\r\n\t\t\t{bf9679e4-0de6-11d0-a285-00aa003049e2}\r\n\t{f30e3bc2-9ff0-11d1-b603-0000f80367c1}","AdditionalInfo":"-","AdditionalInfo2":""}}}
{"Event":{"#attributes":{"xmlns":"http://schemas.microsoft.com/win/2004/08/events/event"},"System":{"Provider":{"#attributes":{"Name":"Microsoft-Windows-Security-Auditing","Guid":"54849625-5478-4994-A5BA-3E3B0328C30D"}},"EventID":4662,"Version":0,"Level":0,"Task":14080,"Opcode":0,"Keywords":"0x8020000000000000","TimeCreated":{"#attributes":{"SystemTime":"2026-06-23T05:14:23.021384Z"}},"EventRecordID":1062482,"Correlation":null,"Execution":{"#attributes":{"ProcessID":840,"ThreadID":976}},"Channel":"Security","Computer":"DC1.blues.lab","Security":null},"EventData":{"SubjectUserSid":"S-1-5-18","SubjectUserName":"DC1$","SubjectDomainName":"BLUES","SubjectLogonId":"0x37ce38","ObjectServer":"DS","ObjectType":"%{f30e3bc2-9ff0-11d1-b603-0000f80367c1}","ObjectName":"%{b9cf9448-4d1b-43e5-829e-f8387138fb3a}","OperationType":"Object Access","HandleId":"0x0","AccessList":"%%1538","AccessMask":"0x20000","Properties":"%%1538\r\n\t{f30e3bc2-9ff0-11d1-b603-0000f80367c1}","AdditionalInfo":"-","AdditionalInfo2":""}}}
{"Event":{"#attributes":{"xmlns":"http://schemas.microsoft.com/win/2004/08/events/event"},"System":{"Provider":{"#attributes":{"Name":"Microsoft-Windows-Security-Auditing","Guid":"54849625-5478-4994-A5BA-3E3B0328C30D"}},"EventID":4662,"Version":0,"Level":0,"Task":14080,"Opcode":0,"Keywords":"0x8020000000000000","TimeCreated":{"#attributes":{"SystemTime":"2026-06-23T05:14:23.021402Z"}},"EventRecordID":1062483,"Correlation":null,"Execution":{"#attributes":{"ProcessID":840,"ThreadID":976}},"Channel":"Security","Computer":"DC1.blues.lab","Security":null},"EventData":{"SubjectUserSid":"S-1-5-18","SubjectUserName":"DC1$","SubjectDomainName":"BLUES","SubjectLogonId":"0x37ce38","ObjectServer":"DS","ObjectType":"%{f30e3bc2-9ff0-11d1-b603-0000f80367c1}","ObjectName":"%{b9cf9448-4d1b-43e5-829e-f8387138fb3a}","OperationType":"Object Access","HandleId":"0x0","AccessList":"%%7684","AccessMask":"0x10","Properties":"%%7684\r\n\t{f30e3bc2-9ff0-11d1-b603-0000f80367c1}\r\n\t\t{e48d0154-bcf8-11d1-8702-00c04fb96050}\r\n\t\t\t{bf9679e5-0de6-11d0-a285-00aa003049e2}\r\n\t\t\t{bf96793f-0de6-11d0-a285-00aa003049e2}\r\n\t\t{59ba2f42-79a2-11d0-9020-00c04fc2d3cf}\r\n\t\t\t{bf967953-0de6-11d0-a285-00aa003049e2}\r\n\t\t{771727b1-31b8-4cdf-ae62-4fe39fadf89e}\r\n\t\t\t{bf967976-0de6-11d0-a285-00aa003049e2}\r\n\t\t\t{bf967a76-0de6-11d0-a285-00aa003049e2}\r\n\t\t\t{f30e3bc0-9ff0-11d1-b603-0000f80367c1}\r\n\t\t\t{f30e3bc1-9ff0-11d1-b603-0000f80367c1}\r\n\t\t\t{32ff8ecc-783f-11d2-9916-0000f87a57d4}\r\n\t\t\t{42a75fc6-783f-11d2-9916-0000f87a57d4}\r\n\t\t\t{7bd4c7a6-1add-4436-8c04-3999a880154c}","AdditionalInfo":"-","AdditionalInfo2":""}}}
{"Event":{"#attributes":{"xmlns":"http://schemas.microsoft.com/win/2004/08/events/event"},"System":{"Provider":{"#attributes":{"Name":"Microsoft-Windows-Security-Auditing","Guid":"54849625-5478-4994-A5BA-3E3B0328C30D"}},"EventID":4662,"Version":0,"Level":0,"Task":14080,"Opcode":0,"Keywords":"0x8020000000000000","TimeCreated":{"#attributes":{"SystemTime":"2026-06-23T05:14:23.021412Z"}},"EventRecordID":1062484,"Correlation":null,"Execution":{"#attributes":{"ProcessID":840,"ThreadID":976}},"Channel":"Security","Computer":"DC1.blues.lab","Security":null},"EventData":{"SubjectUserSid":"S-1-5-18","SubjectUserName":"DC1$","SubjectDomainName":"BLUES","SubjectLogonId":"0x37ce38","ObjectServer":"DS","ObjectType":"%{f30e3bc2-9ff0-11d1-b603-0000f80367c1}","ObjectName":"%{9cb30254-c3c1-4433-b32c-229b8a623ac2}","OperationType":"Object Access","HandleId":"0x0","AccessList":"%%7684","AccessMask":"0x10","Properties":"%%7684\r\n\t\t{771727b1-31b8-4cdf-ae62-4fe39fadf89e}\r\n\t\t\t{bf967976-0de6-11d0-a285-00aa003049e2}\r\n\t\t\t{32ff8ecc-783f-11d2-9916-0000f87a57d4}\r\n\t\t{e48d0154-bcf8-11d1-8702-00c04fb96050}\r\n\t\t\t{bf9679e4-0de6-11d0-a285-00aa003049e2}\r\n\t{f30e3bc2-9ff0-11d1-b603-0000f80367c1}","AdditionalInfo":"-","AdditionalInfo2":""}}}
{"Event":{"#attributes":{"xmlns":"http://schemas.microsoft.com/win/2004/08/events/event"},"System":{"Provider":{"#attributes":{"Name":"Microsoft-Windows-Security-Auditing","Guid":"54849625-5478-4994-A5BA-3E3B0328C30D"}},"EventID":4662,"Version":0,"Level":0,"Task":14080,"Opcode":0,"Keywords":"0x8020000000000000","TimeCreated":{"#attributes":{"SystemTime":"2026-06-23T05:14:23.021426Z"}},"EventRecordID":1062485,"Correlation":null,"Execution":{"#attributes":{"ProcessID":840,"ThreadID":976}},"Channel":"Security","Computer":"DC1.blues.lab","Security":null},"EventData":{"SubjectUserSid":"S-1-5-18","SubjectUserName":"DC1$","SubjectDomainName":"BLUES","SubjectLogonId":"0x37ce38","ObjectServer":"DS","ObjectType":"%{f30e3bc2-9ff0-11d1-b603-0000f80367c1}","ObjectName":"%{a2e8bc4e-7179-403b-8941-e881d53697ef}","OperationType":"Object Access","HandleId":"0x0","AccessList":"%%7684","AccessMask":"0x10","Properties":"%%7684\r\n\t\t{771727b1-31b8-4cdf-ae62-4fe39fadf89e}\r\n\t\t\t{bf967976-0de6-11d0-a285-00aa003049e2}\r\n\t\t\t{32ff8ecc-783f-11d2-9916-0000f87a57d4}\r\n\t\t{e48d0154-bcf8-11d1-8702-00c04fb96050}\r\n\t\t\t{bf9679e4-0de6-11d0-a285-00aa003049e2}\r\n\t{f30e3bc2-9ff0-11d1-b603-0000f80367c1}","AdditionalInfo":"-","AdditionalInfo2":""}}}
{"Event":{"#attributes":{"xmlns":"http://schemas.microsoft.com/win/2004/08/events/event"},"System":{"Provider":{"#attributes":{"Name":"Microsoft-Windows-Security-Auditing","Guid":"54849625-5478-4994-A5BA-3E3B0328C30D"}},"EventID":4662,"Version":0,"Level":0,"Task":14080,"Opcode":0,"Keywords":"0x8020000000000000","TimeCreated":{"#attributes":{"SystemTime":"2026-06-23T05:14:23.021433Z"}},"EventRecordID":1062486,"Correlation":null,"Execution":{"#attributes":{"ProcessID":840,"ThreadID":976}},"Channel":"Security","Computer":"DC1.blues.lab","Security":null},"EventData":{"SubjectUserSid":"S-1-5-18","SubjectUserName":"DC1$","SubjectDomainName":"BLUES","SubjectLogonId":"0x37ce38","ObjectServer":"DS","ObjectType":"%{f30e3bc2-9ff0-11d1-b603-0000f80367c1}","ObjectName":"%{a2e8bc4e-7179-403b-8941-e881d53697ef}","OperationType":"Object Access","HandleId":"0x0","AccessList":"%%1538","AccessMask":"0x20000","Properties":"%%1538\r\n\t{f30e3bc2-9ff0-11d1-b603-0000f80367c1}","AdditionalInfo":"-","AdditionalInfo2":""}}}
{"Event":{"#attributes":{"xmlns":"http://schemas.microsoft.com/win/2004/08/events/event"},"System":{"Provider":{"#attributes":{"Name":"Microsoft-Windows-Security-Auditing","Guid":"54849625-5478-4994-A5BA-3E3B0328C30D"}},"EventID":4662,"Version":0,"Level":0,"Task":14080,"Opcode":0,"Keywords":"0x8020000000000000","TimeCreated":{"#attributes":{"SystemTime":"2026-06-23T05:14:23.021454Z"}},"EventRecordID":1062487,"Correlation":null,"Execution":{"#attributes":{"ProcessID":840,"ThreadID":976}},"Channel":"Security","Computer":"DC1.blues.lab","Security":null},"EventData":{"SubjectUserSid":"S-1-5-18","SubjectUserName":"DC1$","SubjectDomainName":"BLUES","SubjectLogonId":"0x37ce38","ObjectServer":"DS","ObjectType":"%{f30e3bc2-9ff0-11d1-b603-0000f80367c1}","ObjectName":"%{a2e8bc4e-7179-403b-8941-e881d53697ef}","OperationType":"Object Access","HandleId":"0x0","AccessList":"%%7684","AccessMask":"0x10","Properties":"%%7684\r\n\t{f30e3bc2-9ff0-11d1-b603-0000f80367c1}\r\n\t\t{e48d0154-bcf8-11d1-8702-00c04fb96050}\r\n\t\t\t{bf9679e5-0de6-11d0-a285-00aa003049e2}\r\n\t\t\t{bf96793f-0de6-11d0-a285-00aa003049e2}\r\n\t\t{59ba2f42-79a2-11d0-9020-00c04fc2d3cf}\r\n\t\t\t{bf967953-0de6-11d0-a285-00aa003049e2}\r\n\t\t{771727b1-31b8-4cdf-ae62-4fe39fadf89e}\r\n\t\t\t{bf967976-0de6-11d0-a285-00aa003049e2}\r\n\t\t\t{bf967a76-0de6-11d0-a285-00aa003049e2}\r\n\t\t\t{f30e3bc0-9ff0-11d1-b603-0000f80367c1}\r\n\t\t\t{f30e3bc1-9ff0-11d1-b603-0000f80367c1}\r\n\t\t\t{32ff8ecc-783f-11d2-9916-0000f87a57d4}\r\n\t\t\t{42a75fc6-783f-11d2-9916-0000f87a57d4}\r\n\t\t\t{7bd4c7a6-1add-4436-8c04-3999a880154c}","AdditionalInfo":"-","AdditionalInfo2":""}}}
{"Event":{"#attributes":{"xmlns":"http://schemas.microsoft.com/win/2004/08/events/event"},"System":{"Provider":{"#attributes":{"Name":"Microsoft-Windows-Security-Auditing","Guid":"54849625-5478-4994-A5BA-3E3B0328C30D"}},"EventID":4662,"Version":0,"Level":0,"Task":14080,"Opcode":0,"Keywords":"0x8020000000000000","TimeCreated":{"#attributes":{"SystemTime":"2026-06-23T05:14:23.021464Z"}},"EventRecordID":1062488,"Correlation":null,"Execution":{"#attributes":{"ProcessID":840,"ThreadID":976}},"Channel":"Security","Computer":"DC1.blues.lab","Security":null},"EventData":{"SubjectUserSid":"S-1-5-18","SubjectUserName":"DC1$","SubjectDomainName":"BLUES","SubjectLogonId":"0x37ce38","ObjectServer":"DS","ObjectType":"%{f30e3bc2-9ff0-11d1-b603-0000f80367c1}","ObjectName":"%{970a0bcb-0763-44a2-b0d7-f46d75b191e3}","OperationType":"Object Access","HandleId":"0x0","AccessList":"%%7684","AccessMask":"0x10","Properties":"%%7684\r\n\t\t{771727b1-31b8-4cdf-ae62-4fe39fadf89e}\r\n\t\t\t{bf967976-0de6-11d0-a285-00aa003049e2}\r\n\t\t\t{32ff8ecc-783f-11d2-9916-0000f87a57d4}\r\n\t\t{e48d0154-bcf8-11d1-8702-00c04fb96050}\r\n\t\t\t{bf9679e4-0de6-11d0-a285-00aa003049e2}\r\n\t{f30e3bc2-9ff0-11d1-b603-0000f80367c1}","AdditionalInfo":"-","AdditionalInfo2":""}}}
{"Event":{"#attributes":{"xmlns":"http://schemas.microsoft.com/win/2004/08/events/event"},"System":{"Provider":{"#attributes":{"Name":"Microsoft-Windows-Security-Auditing","Guid":"54849625-5478-4994-A5BA-3E3B0328C30D"}},"EventID":4662,"Version":0,"Level":0,"Task":14080,"Opcode":0,"Keywords":"0x8020000000000000","TimeCreated":{"#attributes":{"SystemTime":"2026-06-23T05:14:23.021468Z"}},"EventRecordID":1062489,"Correlation":null,"Execution":{"#attributes":{"ProcessID":840,"ThreadID":976}},"Channel":"Security","Computer":"DC1.blues.lab","Security":null},"EventData":{"SubjectUserSid":"S-1-5-18","SubjectUserName":"DC1$","SubjectDomainName":"BLUES","SubjectLogonId":"0x37ce38","ObjectServer":"DS","ObjectType":"%{f30e3bc2-9ff0-11d1-b603-0000f80367c1}","ObjectName":"%{970a0bcb-0763-44a2-b0d7-f46d75b191e3}","OperationType":"Object Access","HandleId":"0x0","AccessList":"%%1538","AccessMask":"0x20000","Properties":"%%1538\r\n\t{f30e3bc2-9ff0-11d1-b603-0000f80367c1}","AdditionalInfo":"-","AdditionalInfo2":""}}}
{"Event":{"#attributes":{"xmlns":"http://schemas.microsoft.com/win/2004/08/events/event"},"System":{"Provider":{"#attributes":{"Name":"Microsoft-Windows-Security-Auditing","Guid":"54849625-5478-4994-A5BA-3E3B0328C30D"}},"EventID":4662,"Version":0,"Level":0,"Task":14080,"Opcode":0,"Keywords":"0x8020000000000000","TimeCreated":{"#attributes":{"SystemTime":"2026-06-23T05:14:23.021485Z"}},"EventRecordID":1062490,"Correlation":null,"Execution":{"#attributes":{"ProcessID":840,"ThreadID":976}},"Channel":"Security","Computer":"DC1.blues.lab","Security":null},"EventData":{"SubjectUserSid":"S-1-5-18","SubjectUserName":"DC1$","SubjectDomainName":"BLUES","SubjectLogonId":"0x37ce38","ObjectServer":"DS","ObjectType":"%{f30e3bc2-9ff0-11d1-b603-0000f80367c1}","ObjectName":"%{970a0bcb-0763-44a2-b0d7-f46d75b191e3}","OperationType":"Object Access","HandleId":"0x0","AccessList":"%%7684","AccessMask":"0x10","Properties":"%%7684\r\n\t{f30e3bc2-9ff0-11d1-b603-0000f80367c1}\r\n\t\t{e48d0154-bcf8-11d1-8702-00c04fb96050}\r\n\t\t\t{bf9679e5-0de6-11d0-a285-00aa003049e2}\r\n\t\t\t{bf96793f-0de6-11d0-a285-00aa003049e2}\r\n\t\t{59ba2f42-79a2-11d0-9020-00c04fc2d3cf}\r\n\t\t\t{bf967953-0de6-11d0-a285-00aa003049e2}\r\n\t\t{771727b1-31b8-4cdf-ae62-4fe39fadf89e}\r\n\t\t\t{bf967976-0de6-11d0-a285-00aa003049e2}\r\n\t\t\t{bf967a76-0de6-11d0-a285-00aa003049e2}\r\n\t\t\t{f30e3bc0-9ff0-11d1-b603-0000f80367c1}\r\n\t\t\t{f30e3bc1-9ff0-11d1-b603-0000f80367c1}\r\n\t\t\t{32ff8ecc-783f-11d2-9916-0000f87a57d4}\r\n\t\t\t{42a75fc6-783f-11d2-9916-0000f87a57d4}\r\n\t\t\t{7bd4c7a6-1add-4436-8c04-3999a880154c}","AdditionalInfo":"-","AdditionalInfo2":""}}}
{"Event":{"#attributes":{"xmlns":"http://schemas.microsoft.com/win/2004/08/events/event"},"System":{"Provider":{"#attributes":{"Name":"Microsoft-Windows-Security-Auditing","Guid":"54849625-5478-4994-A5BA-3E3B0328C30D"}},"EventID":5145,"Version":0,"Level":0,"Task":12811,"Opcode":0,"Keywords":"0x8020000000000000","TimeCreated":{"#attributes":{"SystemTime":"2026-06-23T05:14:23.030162Z"}},"EventRecordID":1062491,"Correlation":null,"Execution":{"#attributes":{"ProcessID":4,"ThreadID":228}},"Channel":"Security","Computer":"DC1.blues.lab","Security":null},"EventData":{"SubjectUserSid":"S-1-5-18","SubjectUserName":"DC1$","SubjectDomainName":"BLUES","SubjectLogonId":"0x37ced6","ObjectType":"File","IpAddress":"fe80::1d05:237d:a7d1:53ee","IpPort":"50002","ShareName":"\\\\*\\SYSVOL","ShareLocalPath":"\\??\\C:\\WINDOWS\\SYSVOL\\sysvol","RelativeTargetName":"blues.lab\\Policies\\{31B2F340-016D-11D2-945F-00C04FB984F9}\\gpt.ini","AccessMask":"0x120089","AccessList":"%%1538\r\n\t\t\t\t%%1541\r\n\t\t\t\t%%4416\r\n\t\t\t\t%%4419\r\n\t\t\t\t%%4423","AccessReason":"%%1538:\t%%1804\r\n\t\t\t\t%%1541:\t%%1801\tD:(A;;0x1200a9;;;WD)\r\n\t\t\t\t%%4416:\t%%1801\tD:(A;;0x1200a9;;;WD)\r\n\t\t\t\t%%4419:\t%%1801\tD:(A;;0x1200a9;;;WD)\r\n\t\t\t\t%%4423:\t%%1801\tD:(A;;0x1200a9;;;WD)"}}}
{"Event":{"#attributes":{"xmlns":"http://schemas.microsoft.com/win/2004/08/events/event"},"System":{"Provider":{"#attributes":{"Name":"Microsoft-Windows-Security-Auditing","Guid":"54849625-5478-4994-A5BA-3E3B0328C30D"}},"EventID":5145,"Version":0,"Level":0,"Task":12811,"Opcode":0,"Keywords":"0x8020000000000000","TimeCreated":{"#attributes":{"SystemTime":"2026-06-23T05:14:23.031180Z"}},"EventRecordID":1062492,"Correlation":null,"Execution":{"#attributes":{"ProcessID":4,"ThreadID":228}},"Channel":"Security","Computer":"DC1.blues.lab","Security":null},"EventData":{"SubjectUserSid":"S-1-5-18","SubjectUserName":"DC1$","SubjectDomainName":"BLUES","SubjectLogonId":"0x37ced6","ObjectType":"File","IpAddress":"fe80::1d05:237d:a7d1:53ee","IpPort":"50002","ShareName":"\\\\*\\SYSVOL","ShareLocalPath":"\\??\\C:\\WINDOWS\\SYSVOL\\sysvol","RelativeTargetName":"blues.lab\\Policies\\{FF200DA2-DEFD-48F6-9C1C-CE0B5029391A}\\gpt.ini","AccessMask":"0x120089","AccessList":"%%1538\r\n\t\t\t\t%%1541\r\n\t\t\t\t%%4416\r\n\t\t\t\t%%4419\r\n\t\t\t\t%%4423","AccessReason":"%%1538:\t%%1804\r\n\t\t\t\t%%1541:\t%%1801\tD:(A;;0x1200a9;;;WD)\r\n\t\t\t\t%%4416:\t%%1801\tD:(A;;0x1200a9;;;WD)\r\n\t\t\t\t%%4419:\t%%1801\tD:(A;;0x1200a9;;;WD)\r\n\t\t\t\t%%4423:\t%%1801\tD:(A;;0x1200a9;;;WD)"}}}
{"Event":{"#attributes":{"xmlns":"http://schemas.microsoft.com/win/2004/08/events/event"},"System":{"Provider":{"#attributes":{"Name":"Microsoft-Windows-Security-Auditing","Guid":"54849625-5478-4994-A5BA-3E3B0328C30D"}},"EventID":5145,"Version":0,"Level":0,"Task":12811,"Opcode":0,"Keywords":"0x8020000000000000","TimeCreated":{"#attributes":{"SystemTime":"2026-06-23T05:14:23.032190Z"}},"EventRecordID":1062493,"Correlation":null,"Execution":{"#attributes":{"ProcessID":4,"ThreadID":228}},"Channel":"Security","Computer":"DC1.blues.lab","Security":null},"EventData":{"SubjectUserSid":"S-1-5-18","SubjectUserName":"DC1$","SubjectDomainName":"BLUES","SubjectLogonId":"0x37ced6","ObjectType":"File","IpAddress":"fe80::1d05:237d:a7d1:53ee","IpPort":"50002","ShareName":"\\\\*\\SYSVOL","ShareLocalPath":"\\??\\C:\\WINDOWS\\SYSVOL\\sysvol","RelativeTargetName":"blues.lab\\Policies\\{764E8C77-9E30-4DFE-B673-7D0065B441F7}\\gpt.ini","AccessMask":"0x120089","AccessList":"%%1538\r\n\t\t\t\t%%1541\r\n\t\t\t\t%%4416\r\n\t\t\t\t%%4419\r\n\t\t\t\t%%4423","AccessReason":"%%1538:\t%%1804\r\n\t\t\t\t%%1541:\t%%1801\tD:(A;;0x1200a9;;;WD)\r\n\t\t\t\t%%4416:\t%%1801\tD:(A;;0x1200a9;;;WD)\r\n\t\t\t\t%%4419:\t%%1801\tD:(A;;0x1200a9;;;WD)\r\n\t\t\t\t%%4423:\t%%1801\tD:(A;;0x1200a9;;;WD)"}}}
{"Event":{"#attributes":{"xmlns":"http://schemas.microsoft.com/win/2004/08/events/event"},"System":{"Provider":{"#attributes":{"Name":"Microsoft-Windows-Security-Auditing","Guid":"54849625-5478-4994-A5BA-3E3B0328C30D"}},"EventID":5145,"Version":0,"Level":0,"Task":12811,"Opcode":0,"Keywords":"0x8020000000000000","TimeCreated":{"#attributes":{"SystemTime":"2026-06-23T05:14:23.033015Z"}},"EventRecordID":1062494,"Correlation":null,"Execution":{"#attributes":{"ProcessID":4,"ThreadID":228}},"Channel":"Security","Computer":"DC1.blues.lab","Security":null},"EventData":{"SubjectUserSid":"S-1-5-18","SubjectUserName":"DC1$","SubjectDomainName":"BLUES","SubjectLogonId":"0x37ced6","ObjectType":"File","IpAddress":"fe80::1d05:237d:a7d1:53ee","IpPort":"50002","ShareName":"\\\\*\\SYSVOL","ShareLocalPath":"\\??\\C:\\WINDOWS\\SYSVOL\\sysvol","RelativeTargetName":"blues.lab\\Policies\\{6AC1786C-016F-11D2-945F-00C04fB984F9}\\gpt.ini","AccessMask":"0x120089","AccessList":"%%1538\r\n\t\t\t\t%%1541\r\n\t\t\t\t%%4416\r\n\t\t\t\t%%4419\r\n\t\t\t\t%%4423","AccessReason":"%%1538:\t%%1804\r\n\t\t\t\t%%1541:\t%%1801\tD:(A;;0x1200a9;;;WD)\r\n\t\t\t\t%%4416:\t%%1801\tD:(A;;0x1200a9;;;WD)\r\n\t\t\t\t%%4419:\t%%1801\tD:(A;;0x1200a9;;;WD)\r\n\t\t\t\t%%4423:\t%%1801\tD:(A;;0x1200a9;;;WD)"}}}
{"Event":{"#attributes":{"xmlns":"http://schemas.microsoft.com/win/2004/08/events/event"},"System":{"Provider":{"#attributes":{"Name":"Microsoft-Windows-Security-Auditing","Guid":"54849625-5478-4994-A5BA-3E3B0328C30D"}},"EventID":4634,"Version":0,"Level":0,"Task":12545,"Opcode":0,"Keywords":"0x8020000000000000","TimeCreated":{"#attributes":{"SystemTime":"2026-06-23T05:14:23.035002Z"}},"EventRecordID":1062495,"Correlation":null,"Execution":{"#attributes":{"ProcessID":840,"ThreadID":5368}},"Channel":"Security","Computer":"DC1.blues.lab","Security":null},"EventData":{"TargetUserSid":"S-1-5-18","TargetUserName":"DC1$","TargetDomainName":"BLUES","TargetLogonId":"0x37d025","LogonType":3}}}
{"Event":{"#attributes":{"xmlns":"http://schemas.microsoft.com/win/2004/08/events/event"},"System":{"Provider":{"#attributes":{"Name":"Microsoft-Windows-Security-Auditing","Guid":"54849625-5478-4994-A5BA-3E3B0328C30D"}},"EventID":4634,"Version":0,"Level":0,"Task":12545,"Opcode":0,"Keywords":"0x8020000000000000","TimeCreated":{"#attributes":{"SystemTime":"2026-06-23T05:14:23.035490Z"}},"EventRecordID":1062496,"Correlation":null,"Execution":{"#attributes":{"ProcessID":840,"ThreadID":3620}},"Channel":"Security","Computer":"DC1.blues.lab","Security":null},"EventData":{"TargetUserSid":"S-1-5-18","TargetUserName":"DC1$","TargetDomainName":"BLUES","TargetLogonId":"0x37cfcf","LogonType":3}}}
{"Event":{"#attributes":{"xmlns":"http://schemas.microsoft.com/win/2004/08/events/event"},"System":{"Provider":{"#attributes":{"Name":"Microsoft-Windows-Security-Auditing","Guid":"54849625-5478-4994-A5BA-3E3B0328C30D"}},"EventID":4672,"Version":0,"Level":0,"Task":12548,"Opcode":0,"Keywords":"0x8020000000000000","TimeCreated":{"#attributes":{"SystemTime":"2026-06-23T05:14:23.038094Z"}},"EventRecordID":1062497,"Correlation":{"#attributes":{"ActivityID":"CAA36BBC-02C9-0001-BC6C-A3CAC902DD01"}},"Execution":{"#attributes":{"ProcessID":840,"ThreadID":5368}},"Channel":"Security","Computer":"DC1.blues.lab","Security":null},"EventData":{"SubjectUserSid":"S-1-5-18","SubjectUserName":"DC1$","SubjectDomainName":"BLUES","SubjectLogonId":"0x37d18e","PrivilegeList":"SeSecurityPrivilege\r\n\t\t\tSeBackupPrivilege\r\n\t\t\tSeRestorePrivilege\r\n\t\t\tSeTakeOwnershipPrivilege\r\n\t\t\tSeDebugPrivilege\r\n\t\t\tSeSystemEnvironmentPrivilege\r\n\t\t\tSeLoadDriverPrivilege\r\n\t\t\tSeImpersonatePrivilege\r\n\t\t\tSeDelegateSessionUserImpersonatePrivilege\r\n\t\t\tSeEnableDelegationPrivilege"}}}
{"Event":{"#attributes":{"xmlns":"http://schemas.microsoft.com/win/2004/08/events/event"},"System":{"Provider":{"#attributes":{"Name":"Microsoft-Windows-Security-Auditing","Guid":"54849625-5478-4994-A5BA-3E3B0328C30D"}},"EventID":4624,"Version":3,"Level":0,"Task":12544,"Opcode":0,"Keywords":"0x8020000000000000","TimeCreated":{"#attributes":{"SystemTime":"2026-06-23T05:14:23.038229Z"}},"EventRecordID":1062498,"Correlation":{"#attributes":{"ActivityID":"CAA36BBC-02C9-0001-BC6C-A3CAC902DD01"}},"Execution":{"#attributes":{"ProcessID":840,"ThreadID":5368}},"Channel":"Security","Computer":"DC1.blues.lab","Security":null},"EventData":{"SubjectUserSid":"S-1-0-0","SubjectUserName":"-","SubjectDomainName":"-","SubjectLogonId":"0x0","TargetUserSid":"S-1-5-18","TargetUserName":"DC1$","TargetDomainName":"BLUES.LAB","TargetLogonId":"0x37d18e","LogonType":3,"LogonProcessName":"Kerberos","AuthenticationPackageName":"Kerberos","WorkstationName":"-","LogonGuid":"A91AE17B-3E66-BCCE-CCDE-5AB60096779D","TransmittedServices":"-","LmPackageName":"-","KeyLength":0,"ProcessId":"0x0","ProcessName":"-","IpAddress":"::1","IpPort":"0","ImpersonationLevel":"%%1833","RestrictedAdminMode":"-","RemoteCredentialGuard":"-","TargetOutboundUserName":"-","TargetOutboundDomainName":"-","VirtualAccount":"%%1843","TargetLinkedLogonId":"0x0","ElevatedToken":"%%1842"}}}
{"Event":{"#attributes":{"xmlns":"http://schemas.microsoft.com/win/2004/08/events/event"},"System":{"Provider":{"#attributes":{"Name":"Microsoft-Windows-Security-Auditing","Guid":"54849625-5478-4994-A5BA-3E3B0328C30D"}},"EventID":4627,"Version":0,"Level":0,"Task":12554,"Opcode":0,"Keywords":"0x8020000000000000","TimeCreated":{"#attributes":{"SystemTime":"2026-06-23T05:14:23.038246Z"}},"EventRecordID":1062499,"Correlation":{"#attributes":{"ActivityID":"CAA36BBC-02C9-0001-BC6C-A3CAC902DD01"}},"Execution":{"#attributes":{"ProcessID":840,"ThreadID":5368}},"Channel":"Security","Computer":"DC1.blues.lab","Security":null},"EventData":{"SubjectUserSid":"S-1-0-0","SubjectUserName":"-","SubjectDomainName":"-","SubjectLogonId":"0x0","TargetUserSid":"S-1-5-18","TargetUserName":"DC1$","TargetDomainName":"BLUES.LAB","TargetLogonId":"0x37d18e","LogonType":3,"EventIdx":1,"EventCountTotal":1,"GroupMembership":"\r\n\t\t%{S-1-5-32-544}\r\n\t\t%{S-1-1-0}\r\n\t\t%{S-1-5-32-545}\r\n\t\t%{S-1-5-32-554}\r\n\t\t%{S-1-5-32-560}\r\n\t\t%{S-1-5-2}\r\n\t\t%{S-1-5-11}\r\n\t\t%{S-1-5-15}\r\n\t\t%{S-1-5-21-1940215732-407848784-1427904796-1000}\r\n\t\t%{S-1-5-21-1940215732-407848784-1427904796-516}\r\n\t\t%{S-1-5-9}\r\n\t\t%{S-1-18-1}\r\n\t\t%{S-1-5-21-1940215732-407848784-1427904796-572}\r\n\t\t%{S-1-16-16384}"}}}
{"Event":{"#attributes":{"xmlns":"http://schemas.microsoft.com/win/2004/08/events/event"},"System":{"Provider":{"#attributes":{"Name":"Microsoft-Windows-Security-Auditing","Guid":"54849625-5478-4994-A5BA-3E3B0328C30D"}},"EventID":4634,"Version":0,"Level":0,"Task":12545,"Opcode":0,"Keywords":"0x8020000000000000","TimeCreated":{"#attributes":{"SystemTime":"2026-06-23T05:14:23.039933Z"}},"EventRecordID":1062500,"Correlation":null,"Execution":{"#attributes":{"ProcessID":840,"ThreadID":5368}},"Channel":"Security","Computer":"DC1.blues.lab","Security":null},"EventData":{"TargetUserSid":"S-1-5-18","TargetUserName":"DC1$","TargetDomainName":"BLUES","TargetLogonId":"0x37d18e","LogonType":3}}}
{"Event":{"#attributes":{"xmlns":"http://schemas.microsoft.com/win/2004/08/events/event"},"System":{"Provider":{"#attributes":{"Name":"Microsoft-Windows-Security-Auditing","Guid":"54849625-5478-4994-A5BA-3E3B0328C30D"}},"EventID":4634,"Version":0,"Level":0,"Task":12545,"Opcode":0,"Keywords":"0x8020000000000000","TimeCreated":{"#attributes":{"SystemTime":"2026-06-23T05:14:23.050985Z"}},"EventRecordID":1062501,"Correlation":null,"Execution":{"#attributes":{"ProcessID":840,"ThreadID":5368}},"Channel":"Security","Computer":"DC1.blues.lab","Security":null},"EventData":{"TargetUserSid":"S-1-5-18","TargetUserName":"DC1$","TargetDomainName":"BLUES","TargetLogonId":"0x37ce38","LogonType":3}}}
{"Event":{"#attributes":{"xmlns":"http://schemas.microsoft.com/win/2004/08/events/event"},"System":{"Provider":{"#attributes":{"Name":"Microsoft-Windows-Security-Auditing","Guid":"54849625-5478-4994-A5BA-3E3B0328C30D"}},"EventID":5145,"Version":0,"Level":0,"Task":12811,"Opcode":0,"Keywords":"0x8020000000000000","TimeCreated":{"#attributes":{"SystemTime":"2026-06-23T05:14:23.053483Z"}},"EventRecordID":1062502,"Correlation":null,"Execution":{"#attributes":{"ProcessID":4,"ThreadID":364}},"Channel":"Security","Computer":"DC1.blues.lab","Security":null},"EventData":{"SubjectUserSid":"S-1-5-18","SubjectUserName":"DC1$","SubjectDomainName":"BLUES","SubjectLogonId":"0x37ced6","ObjectType":"File","IpAddress":"fe80::1d05:237d:a7d1:53ee","IpPort":"50002","ShareName":"\\\\*\\SYSVOL","ShareLocalPath":"\\??\\C:\\WINDOWS\\SYSVOL\\sysvol","RelativeTargetName":"blues.lab\\Policies\\{6AC1786C-016F-11D2-945F-00C04fB984F9}\\Machine\\Microsoft\\Windows NT\\Audit\\audit.csv","AccessMask":"0x120089","AccessList":"%%1538\r\n\t\t\t\t%%1541\r\n\t\t\t\t%%4416\r\n\t\t\t\t%%4419\r\n\t\t\t\t%%4423","AccessReason":"%%1538:\t%%1804\r\n\t\t\t\t%%1541:\t%%1801\tD:(A;;0x1200a9;;;WD)\r\n\t\t\t\t%%4416:\t%%1801\tD:(A;;0x1200a9;;;WD)\r\n\t\t\t\t%%4419:\t%%1801\tD:(A;;0x1200a9;;;WD)\r\n\t\t\t\t%%4423:\t%%1801\tD:(A;;0x1200a9;;;WD)"}}}
{"Event":{"#attributes":{"xmlns":"http://schemas.microsoft.com/win/2004/08/events/event"},"System":{"Provider":{"#attributes":{"Name":"Microsoft-Windows-Security-Auditing","Guid":"54849625-5478-4994-A5BA-3E3B0328C30D"}},"EventID":5145,"Version":0,"Level":0,"Task":12811,"Opcode":0,"Keywords":"0x8020000000000000","TimeCreated":{"#attributes":{"SystemTime":"2026-06-23T05:14:23.057821Z"}},"EventRecordID":1062503,"Correlation":null,"Execution":{"#attributes":{"ProcessID":4,"ThreadID":228}},"Channel":"Security","Computer":"DC1.blues.lab","Security":null},"EventData":{"SubjectUserSid":"S-1-5-18","SubjectUserName":"DC1$","SubjectDomainName":"BLUES","SubjectLogonId":"0x37ced6","ObjectType":"File","IpAddress":"fe80::1d05:237d:a7d1:53ee","IpPort":"50002","ShareName":"\\\\*\\SYSVOL","ShareLocalPath":"\\??\\C:\\WINDOWS\\SYSVOL\\sysvol","RelativeTargetName":"blues.lab\\Policies\\{764E8C77-9E30-4DFE-B673-7D0065B441F7}\\Machine\\Microsoft\\Windows NT\\Audit\\audit.csv","AccessMask":"0x120089","AccessList":"%%1538\r\n\t\t\t\t%%1541\r\n\t\t\t\t%%4416\r\n\t\t\t\t%%4419\r\n\t\t\t\t%%4423","AccessReason":"%%1538:\t%%1804\r\n\t\t\t\t%%1541:\t%%1801\tD:(A;;0x1200a9;;;WD)\r\n\t\t\t\t%%4416:\t%%1801\tD:(A;;0x1200a9;;;WD)\r\n\t\t\t\t%%4419:\t%%1801\tD:(A;;0x1200a9;;;WD)\r\n\t\t\t\t%%4423:\t%%1801\tD:(A;;0x1200a9;;;WD)"}}}
{"Event":{"#attributes":{"xmlns":"http://schemas.microsoft.com/win/2004/08/events/event"},"System":{"Provider":{"#attributes":{"Name":"Microsoft-Windows-Security-Auditing","Guid":"54849625-5478-4994-A5BA-3E3B0328C30D"}},"EventID":5145,"Version":0,"Level":0,"Task":12811,"Opcode":0,"Keywords":"0x8020000000000000","TimeCreated":{"#attributes":{"SystemTime":"2026-06-23T05:14:23.061981Z"}},"EventRecordID":1062504,"Correlation":null,"Execution":{"#attributes":{"ProcessID":4,"ThreadID":228}},"Channel":"Security","Computer":"DC1.blues.lab","Security":null},"EventData":{"SubjectUserSid":"S-1-5-18","SubjectUserName":"DC1$","SubjectDomainName":"BLUES","SubjectLogonId":"0x37ced6","ObjectType":"File","IpAddress":"fe80::1d05:237d:a7d1:53ee","IpPort":"50002","ShareName":"\\\\*\\SYSVOL","ShareLocalPath":"\\??\\C:\\WINDOWS\\SYSVOL\\sysvol","RelativeTargetName":"blues.lab\\Policies\\{FF200DA2-DEFD-48F6-9C1C-CE0B5029391A}\\Machine\\Microsoft\\Windows NT\\Audit\\audit.csv","AccessMask":"0x120089","AccessList":"%%1538\r\n\t\t\t\t%%1541\r\n\t\t\t\t%%4416\r\n\t\t\t\t%%4419\r\n\t\t\t\t%%4423","AccessReason":"%%1538:\t%%1804\r\n\t\t\t\t%%1541:\t%%1801\tD:(A;;0x1200a9;;;WD)\r\n\t\t\t\t%%4416:\t%%1801\tD:(A;;0x1200a9;;;WD)\r\n\t\t\t\t%%4419:\t%%1801\tD:(A;;0x1200a9;;;WD)\r\n\t\t\t\t%%4423:\t%%1801\tD:(A;;0x1200a9;;;WD)"}}}
{"Event":{"#attributes":{"xmlns":"http://schemas.microsoft.com/win/2004/08/events/event"},"System":{"Provider":{"#attributes":{"Name":"Microsoft-Windows-Security-Auditing","Guid":"54849625-5478-4994-A5BA-3E3B0328C30D"}},"EventID":4674,"Version":0,"Level":0,"Task":13056,"Opcode":0,"Keywords":"0x8010000000000000","TimeCreated":{"#attributes":{"SystemTime":"2026-06-23T05:14:23.070439Z"}},"EventRecordID":1062505,"Correlation":null,"Execution":{"#attributes":{"ProcessID":4,"ThreadID":228}},"Channel":"Security","Computer":"DC1.blues.lab","Security":null},"EventData":{"SubjectUserSid":"S-1-5-19","SubjectUserName":"LOCAL SERVICE","SubjectDomainName":"NT AUTHORITY","SubjectLogonId":"0x3e5","ObjectServer":"LSA","ObjectType":"-","ObjectName":"-","HandleId":"0x0","AccessMask":"16777216","PrivilegeList":"SeSecurityPrivilege","ProcessId":"0x348","ProcessName":"C:\\Windows\\System32\\lsass.exe"}}}
{"Event":{"#attributes":{"xmlns":"http://schemas.microsoft.com/win/2004/08/events/event"},"System":{"Provider":{"#attributes":{"Name":"Microsoft-Windows-Security-Auditing","Guid":"54849625-5478-4994-A5BA-3E3B0328C30D"}},"EventID":4674,"Version":0,"Level":0,"Task":13056,"Opcode":0,"Keywords":"0x8010000000000000","TimeCreated":{"#attributes":{"SystemTime":"2026-06-23T05:14:23.070536Z"}},"EventRecordID":1062506,"Correlation":null,"Execution":{"#attributes":{"ProcessID":4,"ThreadID":228}},"Channel":"Security","Computer":"DC1.blues.lab","Security":null},"EventData":{"SubjectUserSid":"S-1-5-19","SubjectUserName":"LOCAL SERVICE","SubjectDomainName":"NT AUTHORITY","SubjectLogonId":"0x3e5","ObjectServer":"LSA","ObjectType":"-","ObjectName":"-","HandleId":"0x0","AccessMask":"16777216","PrivilegeList":"SeSecurityPrivilege","ProcessId":"0x348","ProcessName":"C:\\Windows\\System32\\lsass.exe"}}}
{"Event":{"#attributes":{"xmlns":"http://schemas.microsoft.com/win/2004/08/events/event"},"System":{"Provider":{"#attributes":{"Name":"Microsoft-Windows-Security-Auditing","Guid":"54849625-5478-4994-A5BA-3E3B0328C30D"}},"EventID":4674,"Version":0,"Level":0,"Task":13056,"Opcode":0,"Keywords":"0x8010000000000000","TimeCreated":{"#attributes":{"SystemTime":"2026-06-23T05:14:23.070565Z"}},"EventRecordID":1062507,"Correlation":null,"Execution":{"#attributes":{"ProcessID":4,"ThreadID":228}},"Channel":"Security","Computer":"DC1.blues.lab","Security":null},"EventData":{"SubjectUserSid":"S-1-5-19","SubjectUserName":"LOCAL SERVICE","SubjectDomainName":"NT AUTHORITY","SubjectLogonId":"0x3e5","ObjectServer":"LSA","ObjectType":"-","ObjectName":"-","HandleId":"0x0","AccessMask":"16777216","PrivilegeList":"SeSecurityPrivilege","ProcessId":"0x348","ProcessName":"C:\\Windows\\System32\\lsass.exe"}}}
{"Event":{"#attributes":{"xmlns":"http://schemas.microsoft.com/win/2004/08/events/event"},"System":{"Provider":{"#attributes":{"Name":"Microsoft-Windows-Security-Auditing","Guid":"54849625-5478-4994-A5BA-3E3B0328C30D"}},"EventID":4674,"Version":0,"Level":0,"Task":13056,"Opcode":0,"Keywords":"0x8010000000000000","TimeCreated":{"#attributes":{"SystemTime":"2026-06-23T05:14:23.070720Z"}},"EventRecordID":1062508,"Correlation":null,"Execution":{"#attributes":{"ProcessID":4,"ThreadID":228}},"Channel":"Security","Computer":"DC1.blues.lab","Security":null},"EventData":{"SubjectUserSid":"S-1-5-19","SubjectUserName":"LOCAL SERVICE","SubjectDomainName":"NT AUTHORITY","SubjectLogonId":"0x3e5","ObjectServer":"LSA","ObjectType":"-","ObjectName":"-","HandleId":"0x0","AccessMask":"16777216","PrivilegeList":"SeSecurityPrivilege","ProcessId":"0x348","ProcessName":"C:\\Windows\\System32\\lsass.exe"}}}
{"Event":{"#attributes":{"xmlns":"http://schemas.microsoft.com/win/2004/08/events/event"},"System":{"Provider":{"#attributes":{"Name":"Microsoft-Windows-Security-Auditing","Guid":"54849625-5478-4994-A5BA-3E3B0328C30D"}},"EventID":4672,"Version":0,"Level":0,"Task":12548,"Opcode":0,"Keywords":"0x8020000000000000","TimeCreated":{"#attributes":{"SystemTime":"2026-06-23T05:14:23.233115Z"}},"EventRecordID":1062509,"Correlation":null,"Execution":{"#attributes":{"ProcessID":840,"ThreadID":3796}},"Channel":"Security","Computer":"DC1.blues.lab","Security":null},"EventData":{"SubjectUserSid":"S-1-5-18","SubjectUserName":"DC1$","SubjectDomainName":"BLUES","SubjectLogonId":"0x37d6b0","PrivilegeList":"SeSecurityPrivilege\r\n\t\t\tSeBackupPrivilege\r\n\t\t\tSeRestorePrivilege\r\n\t\t\tSeTakeOwnershipPrivilege\r\n\t\t\tSeDebugPrivilege\r\n\t\t\tSeSystemEnvironmentPrivilege\r\n\t\t\tSeLoadDriverPrivilege\r\n\t\t\tSeImpersonatePrivilege\r\n\t\t\tSeDelegateSessionUserImpersonatePrivilege\r\n\t\t\tSeEnableDelegationPrivilege"}}}
{"Event":{"#attributes":{"xmlns":"http://schemas.microsoft.com/win/2004/08/events/event"},"System":{"Provider":{"#attributes":{"Name":"Microsoft-Windows-Security-Auditing","Guid":"54849625-5478-4994-A5BA-3E3B0328C30D"}},"EventID":4624,"Version":3,"Level":0,"Task":12544,"Opcode":0,"Keywords":"0x8020000000000000","TimeCreated":{"#attributes":{"SystemTime":"2026-06-23T05:14:23.233249Z"}},"EventRecordID":1062510,"Correlation":null,"Execution":{"#attributes":{"ProcessID":840,"ThreadID":3796}},"Channel":"Security","Computer":"DC1.blues.lab","Security":null},"EventData":{"SubjectUserSid":"S-1-0-0","SubjectUserName":"-","SubjectDomainName":"-","SubjectLogonId":"0x0","TargetUserSid":"S-1-5-18","TargetUserName":"DC1$","TargetDomainName":"BLUES.LAB","TargetLogonId":"0x37d6b0","LogonType":3,"LogonProcessName":"Kerberos","AuthenticationPackageName":"Kerberos","WorkstationName":"-","LogonGuid":"F55733F9-BEA1-8415-A517-CF0109FAA398","TransmittedServices":"-","LmPackageName":"-","KeyLength":0,"ProcessId":"0x0","ProcessName":"-","IpAddress":"::1","IpPort":"50004","ImpersonationLevel":"%%1833","RestrictedAdminMode":"-","RemoteCredentialGuard":"-","TargetOutboundUserName":"-","TargetOutboundDomainName":"-","VirtualAccount":"%%1843","TargetLinkedLogonId":"0x0","ElevatedToken":"%%1842"}}}
{"Event":{"#attributes":{"xmlns":"http://schemas.microsoft.com/win/2004/08/events/event"},"System":{"Provider":{"#attributes":{"Name":"Microsoft-Windows-Security-Auditing","Guid":"54849625-5478-4994-A5BA-3E3B0328C30D"}},"EventID":4627,"Version":0,"Level":0,"Task":12554,"Opcode":0,"Keywords":"0x8020000000000000","TimeCreated":{"#attributes":{"SystemTime":"2026-06-23T05:14:23.233268Z"}},"EventRecordID":1062511,"Correlation":null,"Execution":{"#attributes":{"ProcessID":840,"ThreadID":3796}},"Channel":"Security","Computer":"DC1.blues.lab","Security":null},"EventData":{"SubjectUserSid":"S-1-0-0","SubjectUserName":"-","SubjectDomainName":"-","SubjectLogonId":"0x0","TargetUserSid":"S-1-5-18","TargetUserName":"DC1$","TargetDomainName":"BLUES.LAB","TargetLogonId":"0x37d6b0","LogonType":3,"EventIdx":1,"EventCountTotal":1,"GroupMembership":"\r\n\t\t%{S-1-5-32-544}\r\n\t\t%{S-1-1-0}\r\n\t\t%{S-1-5-32-545}\r\n\t\t%{S-1-5-32-554}\r\n\t\t%{S-1-5-32-560}\r\n\t\t%{S-1-5-2}\r\n\t\t%{S-1-5-11}\r\n\t\t%{S-1-5-15}\r\n\t\t%{S-1-5-21-1940215732-407848784-1427904796-1000}\r\n\t\t%{S-1-5-21-1940215732-407848784-1427904796-516}\r\n\t\t%{S-1-5-9}\r\n\t\t%{S-1-18-1}\r\n\t\t%{S-1-5-21-1940215732-407848784-1427904796-572}\r\n\t\t%{S-1-16-16384}"}}}
