{"Event":{"#attributes":{"xmlns":"http://schemas.microsoft.com/win/2004/08/events/event"},"System":{"Provider":{"#attributes":{"Name":"Microsoft-Windows-Security-Auditing","Guid":"54849625-5478-4994-A5BA-3E3B0328C30D"}},"EventID":4662,"Version":0,"Level":0,"Task":14080,"Opcode":0,"Keywords":"0x8020000000000000","TimeCreated":{"#attributes":{"SystemTime":"2026-06-23T05:14:25.137729Z"}},"EventRecordID":1062551,"Correlation":null,"Execution":{"#attributes":{"ProcessID":840,"ThreadID":976}},"Channel":"Security","Computer":"DC1.blues.lab","Security":null},"EventData":{"SubjectUserSid":"S-1-5-21-1940215732-407848784-1427904796-500","SubjectUserName":"Administrator","SubjectDomainName":"BLUES","SubjectLogonId":"0x134ab9","ObjectServer":"DS","ObjectType":"%{bf967a9c-0de6-11d0-a285-00aa003049e2}","ObjectName":"%{015e3e98-978b-42f8-a409-6898a43eea0c}","OperationType":"Object Access","HandleId":"0x0","AccessList":"%%7684","AccessMask":"0x10","Properties":"%%7684\r\n\t\t{771727b1-31b8-4cdf-ae62-4fe39fadf89e}\r\n\t\t\t{9a9a021e-4a5b-11d1-a9c3-0000f80367c1}\r\n\t{bf967a9c-0de6-11d0-a285-00aa003049e2}","AdditionalInfo":"-","AdditionalInfo2":""}}}
{"Event":{"#attributes":{"xmlns":"http://schemas.microsoft.com/win/2004/08/events/event"},"System":{"Provider":{"#attributes":{"Name":"Microsoft-Windows-Security-Auditing","Guid":"54849625-5478-4994-A5BA-3E3B0328C30D"}},"EventID":4662,"Version":0,"Level":0,"Task":14080,"Opcode":0,"Keywords":"0x8020000000000000","TimeCreated":{"#attributes":{"SystemTime":"2026-06-23T05:14:25.137737Z"}},"EventRecordID":1062552,"Correlation":null,"Execution":{"#attributes":{"ProcessID":840,"ThreadID":976}},"Channel":"Security","Computer":"DC1.blues.lab","Security":null},"EventData":{"SubjectUserSid":"S-1-5-21-1940215732-407848784-1427904796-500","SubjectUserName":"Administrator","SubjectDomainName":"BLUES","SubjectLogonId":"0x134ab9","ObjectServer":"DS","ObjectType":"%{bf967a9c-0de6-11d0-a285-00aa003049e2}","ObjectName":"%{015e3e98-978b-42f8-a409-6898a43eea0c}","OperationType":"Object Access","HandleId":"0x0","AccessList":"%%7684","AccessMask":"0x10","Properties":"%%7684\r\n\t{bf967a9c-0de6-11d0-a285-00aa003049e2}\r\n\t\t{e48d0154-bcf8-11d1-8702-00c04fb96050}\r\n\t\t\t{bf9679e5-0de6-11d0-a285-00aa003049e2}\r\n\t\t\t{bf967a0e-0de6-11d0-a285-00aa003049e2}\r\n\t\t\t{28630ebb-41d5-11d1-a9c1-0000f80367c1}\r\n\t\t{59ba2f42-79a2-11d0-9020-00c04fc2d3cf}\r\n\t\t\t{3e0abfd0-126a-11d0-a060-00aa006c33ed}\r\n\t\t{4c164200-20c0-11d0-a768-00aa006e0529}\r\n\t\t\t{bf967a68-0de6-11d0-a285-00aa003049e2}","AdditionalInfo":"-","AdditionalInfo2":""}}}
{"Event":{"#attributes":{"xmlns":"http://schemas.microsoft.com/win/2004/08/events/event"},"System":{"Provider":{"#attributes":{"Name":"Microsoft-Windows-Security-Auditing","Guid":"54849625-5478-4994-A5BA-3E3B0328C30D"}},"EventID":4662,"Version":0,"Level":0,"Task":14080,"Opcode":0,"Keywords":"0x8020000000000000","TimeCreated":{"#attributes":{"SystemTime":"2026-06-23T05:14:25.137742Z"}},"EventRecordID":1062553,"Correlation":null,"Execution":{"#attributes":{"ProcessID":840,"ThreadID":976}},"Channel":"Security","Computer":"DC1.blues.lab","Security":null},"EventData":{"SubjectUserSid":"S-1-5-21-1940215732-407848784-1427904796-500","SubjectUserName":"Administrator","SubjectDomainName":"BLUES","SubjectLogonId":"0x134ab9","ObjectServer":"DS","ObjectType":"%{bf967a9c-0de6-11d0-a285-00aa003049e2}","ObjectName":"%{49a362e6-dd11-4dae-8a35-92cc7d5aaef6}","OperationType":"Object Access","HandleId":"0x0","AccessList":"%%7684","AccessMask":"0x10","Properties":"%%7684\r\n\t\t{771727b1-31b8-4cdf-ae62-4fe39fadf89e}\r\n\t\t\t{9a9a021e-4a5b-11d1-a9c3-0000f80367c1}\r\n\t{bf967a9c-0de6-11d0-a285-00aa003049e2}","AdditionalInfo":"-","AdditionalInfo2":""}}}
{"Event":{"#attributes":{"xmlns":"http://schemas.microsoft.com/win/2004/08/events/event"},"System":{"Provider":{"#attributes":{"Name":"Microsoft-Windows-Security-Auditing","Guid":"54849625-5478-4994-A5BA-3E3B0328C30D"}},"EventID":4662,"Version":0,"Level":0,"Task":14080,"Opcode":0,"Keywords":"0x8020000000000000","TimeCreated":{"#attributes":{"SystemTime":"2026-06-23T05:14:25.137750Z"}},"EventRecordID":1062554,"Correlation":null,"Execution":{"#attributes":{"ProcessID":840,"ThreadID":976}},"Channel":"Security","Computer":"DC1.blues.lab","Security":null},"EventData":{"SubjectUserSid":"S-1-5-21-1940215732-407848784-1427904796-500","SubjectUserName":"Administrator","SubjectDomainName":"BLUES","SubjectLogonId":"0x134ab9","ObjectServer":"DS","ObjectType":"%{bf967a9c-0de6-11d0-a285-00aa003049e2}","ObjectName":"%{49a362e6-dd11-4dae-8a35-92cc7d5aaef6}","OperationType":"Object Access","HandleId":"0x0","AccessList":"%%7684","AccessMask":"0x10","Properties":"%%7684\r\n\t{bf967a9c-0de6-11d0-a285-00aa003049e2}\r\n\t\t{e48d0154-bcf8-11d1-8702-00c04fb96050}\r\n\t\t\t{bf9679e5-0de6-11d0-a285-00aa003049e2}\r\n\t\t\t{bf967a0e-0de6-11d0-a285-00aa003049e2}\r\n\t\t\t{28630ebb-41d5-11d1-a9c1-0000f80367c1}\r\n\t\t{59ba2f42-79a2-11d0-9020-00c04fc2d3cf}\r\n\t\t\t{3e0abfd0-126a-11d0-a060-00aa006c33ed}\r\n\t\t{4c164200-20c0-11d0-a768-00aa006e0529}\r\n\t\t\t{bf967a68-0de6-11d0-a285-00aa003049e2}","AdditionalInfo":"-","AdditionalInfo2":""}}}
{"Event":{"#attributes":{"xmlns":"http://schemas.microsoft.com/win/2004/08/events/event"},"System":{"Provider":{"#attributes":{"Name":"Microsoft-Windows-Security-Auditing","Guid":"54849625-5478-4994-A5BA-3E3B0328C30D"}},"EventID":4662,"Version":0,"Level":0,"Task":14080,"Opcode":0,"Keywords":"0x8020000000000000","TimeCreated":{"#attributes":{"SystemTime":"2026-06-23T05:14:25.137755Z"}},"EventRecordID":1062555,"Correlation":null,"Execution":{"#attributes":{"ProcessID":840,"ThreadID":976}},"Channel":"Security","Computer":"DC1.blues.lab","Security":null},"EventData":{"SubjectUserSid":"S-1-5-21-1940215732-407848784-1427904796-500","SubjectUserName":"Administrator","SubjectDomainName":"BLUES","SubjectLogonId":"0x134ab9","ObjectServer":"DS","ObjectType":"%{bf967a9c-0de6-11d0-a285-00aa003049e2}","ObjectName":"%{30636ec7-aeb8-47e8-9562-d1f1a8ebfd4c}","OperationType":"Object Access","HandleId":"0x0","AccessList":"%%7684","AccessMask":"0x10","Properties":"%%7684\r\n\t\t{771727b1-31b8-4cdf-ae62-4fe39fadf89e}\r\n\t\t\t{9a9a021e-4a5b-11d1-a9c3-0000f80367c1}\r\n\t{bf967a9c-0de6-11d0-a285-00aa003049e2}","AdditionalInfo":"-","AdditionalInfo2":""}}}
{"Event":{"#attributes":{"xmlns":"http://schemas.microsoft.com/win/2004/08/events/event"},"System":{"Provider":{"#attributes":{"Name":"Microsoft-Windows-Security-Auditing","Guid":"54849625-5478-4994-A5BA-3E3B0328C30D"}},"EventID":4662,"Version":0,"Level":0,"Task":14080,"Opcode":0,"Keywords":"0x8020000000000000","TimeCreated":{"#attributes":{"SystemTime":"2026-06-23T05:14:25.137764Z"}},"EventRecordID":1062556,"Correlation":null,"Execution":{"#attributes":{"ProcessID":840,"ThreadID":976}},"Channel":"Security","Computer":"DC1.blues.lab","Security":null},"EventData":{"SubjectUserSid":"S-1-5-21-1940215732-407848784-1427904796-500","SubjectUserName":"Administrator","SubjectDomainName":"BLUES","SubjectLogonId":"0x134ab9","ObjectServer":"DS","ObjectType":"%{bf967a9c-0de6-11d0-a285-00aa003049e2}","ObjectName":"%{30636ec7-aeb8-47e8-9562-d1f1a8ebfd4c}","OperationType":"Object Access","HandleId":"0x0","AccessList":"%%7684","AccessMask":"0x10","Properties":"%%7684\r\n\t{bf967a9c-0de6-11d0-a285-00aa003049e2}\r\n\t\t{e48d0154-bcf8-11d1-8702-00c04fb96050}\r\n\t\t\t{bf9679e5-0de6-11d0-a285-00aa003049e2}\r\n\t\t\t{bf967a0e-0de6-11d0-a285-00aa003049e2}\r\n\t\t\t{28630ebb-41d5-11d1-a9c1-0000f80367c1}\r\n\t\t{59ba2f42-79a2-11d0-9020-00c04fc2d3cf}\r\n\t\t\t{3e0abfd0-126a-11d0-a060-00aa006c33ed}\r\n\t\t{4c164200-20c0-11d0-a768-00aa006e0529}\r\n\t\t\t{bf967a68-0de6-11d0-a285-00aa003049e2}","AdditionalInfo":"-","AdditionalInfo2":""}}}
{"Event":{"#attributes":{"xmlns":"http://schemas.microsoft.com/win/2004/08/events/event"},"System":{"Provider":{"#attributes":{"Name":"Microsoft-Windows-Security-Auditing","Guid":"54849625-5478-4994-A5BA-3E3B0328C30D"}},"EventID":4662,"Version":0,"Level":0,"Task":14080,"Opcode":0,"Keywords":"0x8020000000000000","TimeCreated":{"#attributes":{"SystemTime":"2026-06-23T05:14:25.137768Z"}},"EventRecordID":1062557,"Correlation":null,"Execution":{"#attributes":{"ProcessID":840,"ThreadID":976}},"Channel":"Security","Computer":"DC1.blues.lab","Security":null},"EventData":{"SubjectUserSid":"S-1-5-21-1940215732-407848784-1427904796-500","SubjectUserName":"Administrator","SubjectDomainName":"BLUES","SubjectLogonId":"0x134ab9","ObjectServer":"DS","ObjectType":"%{bf967a9c-0de6-11d0-a285-00aa003049e2}","ObjectName":"%{5bd1bcc0-b8a5-4d82-913e-4fd692c393cd}","OperationType":"Object Access","HandleId":"0x0","AccessList":"%%7684","AccessMask":"0x10","Properties":"%%7684\r\n\t\t{771727b1-31b8-4cdf-ae62-4fe39fadf89e}\r\n\t\t\t{9a9a021e-4a5b-11d1-a9c3-0000f80367c1}\r\n\t{bf967a9c-0de6-11d0-a285-00aa003049e2}","AdditionalInfo":"-","AdditionalInfo2":""}}}
{"Event":{"#attributes":{"xmlns":"http://schemas.microsoft.com/win/2004/08/events/event"},"System":{"Provider":{"#attributes":{"Name":"Microsoft-Windows-Security-Auditing","Guid":"54849625-5478-4994-A5BA-3E3B0328C30D"}},"EventID":4662,"Version":0,"Level":0,"Task":14080,"Opcode":0,"Keywords":"0x8020000000000000","TimeCreated":{"#attributes":{"SystemTime":"2026-06-23T05:14:25.137777Z"}},"EventRecordID":1062558,"Correlation":null,"Execution":{"#attributes":{"ProcessID":840,"ThreadID":976}},"Channel":"Security","Computer":"DC1.blues.lab","Security":null},"EventData":{"SubjectUserSid":"S-1-5-21-1940215732-407848784-1427904796-500","SubjectUserName":"Administrator","SubjectDomainName":"BLUES","SubjectLogonId":"0x134ab9","ObjectServer":"DS","ObjectType":"%{bf967a9c-0de6-11d0-a285-00aa003049e2}","ObjectName":"%{5bd1bcc0-b8a5-4d82-913e-4fd692c393cd}","OperationType":"Object Access","HandleId":"0x0","AccessList":"%%7684","AccessMask":"0x10","Properties":"%%7684\r\n\t{bf967a9c-0de6-11d0-a285-00aa003049e2}\r\n\t\t{e48d0154-bcf8-11d1-8702-00c04fb96050}\r\n\t\t\t{bf9679e5-0de6-11d0-a285-00aa003049e2}\r\n\t\t\t{bf967a0e-0de6-11d0-a285-00aa003049e2}\r\n\t\t\t{28630ebb-41d5-11d1-a9c1-0000f80367c1}\r\n\t\t{59ba2f42-79a2-11d0-9020-00c04fc2d3cf}\r\n\t\t\t{3e0abfd0-126a-11d0-a060-00aa006c33ed}\r\n\t\t{4c164200-20c0-11d0-a768-00aa006e0529}\r\n\t\t\t{bf967a68-0de6-11d0-a285-00aa003049e2}","AdditionalInfo":"-","AdditionalInfo2":""}}}
{"Event":{"#attributes":{"xmlns":"http://schemas.microsoft.com/win/2004/08/events/event"},"System":{"Provider":{"#attributes":{"Name":"Microsoft-Windows-Security-Auditing","Guid":"54849625-5478-4994-A5BA-3E3B0328C30D"}},"EventID":4662,"Version":0,"Level":0,"Task":14080,"Opcode":0,"Keywords":"0x8020000000000000","TimeCreated":{"#attributes":{"SystemTime":"2026-06-23T05:14:25.137781Z"}},"EventRecordID":1062559,"Correlation":null,"Execution":{"#attributes":{"ProcessID":840,"ThreadID":976}},"Channel":"Security","Computer":"DC1.blues.lab","Security":null},"EventData":{"SubjectUserSid":"S-1-5-21-1940215732-407848784-1427904796-500","SubjectUserName":"Administrator","SubjectDomainName":"BLUES","SubjectLogonId":"0x134ab9","ObjectServer":"DS","ObjectType":"%{bf967a9c-0de6-11d0-a285-00aa003049e2}","ObjectName":"%{697a906d-711b-413b-816d-a03017f3ec9e}","OperationType":"Object Access","HandleId":"0x0","AccessList":"%%7684","AccessMask":"0x10","Properties":"%%7684\r\n\t\t{771727b1-31b8-4cdf-ae62-4fe39fadf89e}\r\n\t\t\t{9a9a021e-4a5b-11d1-a9c3-0000f80367c1}\r\n\t{bf967a9c-0de6-11d0-a285-00aa003049e2}","AdditionalInfo":"-","AdditionalInfo2":""}}}
{"Event":{"#attributes":{"xmlns":"http://schemas.microsoft.com/win/2004/08/events/event"},"System":{"Provider":{"#attributes":{"Name":"Microsoft-Windows-Security-Auditing","Guid":"54849625-5478-4994-A5BA-3E3B0328C30D"}},"EventID":4662,"Version":0,"Level":0,"Task":14080,"Opcode":0,"Keywords":"0x8020000000000000","TimeCreated":{"#attributes":{"SystemTime":"2026-06-23T05:14:25.137790Z"}},"EventRecordID":1062560,"Correlation":null,"Execution":{"#attributes":{"ProcessID":840,"ThreadID":976}},"Channel":"Security","Computer":"DC1.blues.lab","Security":null},"EventData":{"SubjectUserSid":"S-1-5-21-1940215732-407848784-1427904796-500","SubjectUserName":"Administrator","SubjectDomainName":"BLUES","SubjectLogonId":"0x134ab9","ObjectServer":"DS","ObjectType":"%{bf967a9c-0de6-11d0-a285-00aa003049e2}","ObjectName":"%{697a906d-711b-413b-816d-a03017f3ec9e}","OperationType":"Object Access","HandleId":"0x0","AccessList":"%%7684","AccessMask":"0x10","Properties":"%%7684\r\n\t{bf967a9c-0de6-11d0-a285-00aa003049e2}\r\n\t\t{e48d0154-bcf8-11d1-8702-00c04fb96050}\r\n\t\t\t{bf9679e5-0de6-11d0-a285-00aa003049e2}\r\n\t\t\t{bf967a0e-0de6-11d0-a285-00aa003049e2}\r\n\t\t\t{28630ebb-41d5-11d1-a9c1-0000f80367c1}\r\n\t\t{59ba2f42-79a2-11d0-9020-00c04fc2d3cf}\r\n\t\t\t{3e0abfd0-126a-11d0-a060-00aa006c33ed}\r\n\t\t{4c164200-20c0-11d0-a768-00aa006e0529}\r\n\t\t\t{bf967a68-0de6-11d0-a285-00aa003049e2}","AdditionalInfo":"-","AdditionalInfo2":""}}}
{"Event":{"#attributes":{"xmlns":"http://schemas.microsoft.com/win/2004/08/events/event"},"System":{"Provider":{"#attributes":{"Name":"Microsoft-Windows-Security-Auditing","Guid":"54849625-5478-4994-A5BA-3E3B0328C30D"}},"EventID":4662,"Version":0,"Level":0,"Task":14080,"Opcode":0,"Keywords":"0x8020000000000000","TimeCreated":{"#attributes":{"SystemTime":"2026-06-23T05:14:25.137794Z"}},"EventRecordID":1062561,"Correlation":null,"Execution":{"#attributes":{"ProcessID":840,"ThreadID":976}},"Channel":"Security","Computer":"DC1.blues.lab","Security":null},"EventData":{"SubjectUserSid":"S-1-5-21-1940215732-407848784-1427904796-500","SubjectUserName":"Administrator","SubjectDomainName":"BLUES","SubjectLogonId":"0x134ab9","ObjectServer":"DS","ObjectType":"%{bf967a9c-0de6-11d0-a285-00aa003049e2}","ObjectName":"%{bad788a3-0855-4753-a4eb-305ca4701278}","OperationType":"Object Access","HandleId":"0x0","AccessList":"%%7684","AccessMask":"0x10","Properties":"%%7684\r\n\t\t{771727b1-31b8-4cdf-ae62-4fe39fadf89e}\r\n\t\t\t{9a9a021e-4a5b-11d1-a9c3-0000f80367c1}\r\n\t{bf967a9c-0de6-11d0-a285-00aa003049e2}","AdditionalInfo":"-","AdditionalInfo2":""}}}
{"Event":{"#attributes":{"xmlns":"http://schemas.microsoft.com/win/2004/08/events/event"},"System":{"Provider":{"#attributes":{"Name":"Microsoft-Windows-Security-Auditing","Guid":"54849625-5478-4994-A5BA-3E3B0328C30D"}},"EventID":4662,"Version":0,"Level":0,"Task":14080,"Opcode":0,"Keywords":"0x8020000000000000","TimeCreated":{"#attributes":{"SystemTime":"2026-06-23T05:14:25.137803Z"}},"EventRecordID":1062562,"Correlation":null,"Execution":{"#attributes":{"ProcessID":840,"ThreadID":976}},"Channel":"Security","Computer":"DC1.blues.lab","Security":null},"EventData":{"SubjectUserSid":"S-1-5-21-1940215732-407848784-1427904796-500","SubjectUserName":"Administrator","SubjectDomainName":"BLUES","SubjectLogonId":"0x134ab9","ObjectServer":"DS","ObjectType":"%{bf967a9c-0de6-11d0-a285-00aa003049e2}","ObjectName":"%{bad788a3-0855-4753-a4eb-305ca4701278}","OperationType":"Object Access","HandleId":"0x0","AccessList":"%%7684","AccessMask":"0x10","Properties":"%%7684\r\n\t{bf967a9c-0de6-11d0-a285-00aa003049e2}\r\n\t\t{e48d0154-bcf8-11d1-8702-00c04fb96050}\r\n\t\t\t{bf9679e5-0de6-11d0-a285-00aa003049e2}\r\n\t\t\t{bf967a0e-0de6-11d0-a285-00aa003049e2}\r\n\t\t\t{28630ebb-41d5-11d1-a9c1-0000f80367c1}\r\n\t\t{59ba2f42-79a2-11d0-9020-00c04fc2d3cf}\r\n\t\t\t{3e0abfd0-126a-11d0-a060-00aa006c33ed}\r\n\t\t{4c164200-20c0-11d0-a768-00aa006e0529}\r\n\t\t\t{bf967a68-0de6-11d0-a285-00aa003049e2}","AdditionalInfo":"-","AdditionalInfo2":""}}}
{"Event":{"#attributes":{"xmlns":"http://schemas.microsoft.com/win/2004/08/events/event"},"System":{"Provider":{"#attributes":{"Name":"Microsoft-Windows-Security-Auditing","Guid":"54849625-5478-4994-A5BA-3E3B0328C30D"}},"EventID":4662,"Version":0,"Level":0,"Task":14080,"Opcode":0,"Keywords":"0x8020000000000000","TimeCreated":{"#attributes":{"SystemTime":"2026-06-23T05:14:25.137807Z"}},"EventRecordID":1062563,"Correlation":null,"Execution":{"#attributes":{"ProcessID":840,"ThreadID":976}},"Channel":"Security","Computer":"DC1.blues.lab","Security":null},"EventData":{"SubjectUserSid":"S-1-5-21-1940215732-407848784-1427904796-500","SubjectUserName":"Administrator","SubjectDomainName":"BLUES","SubjectLogonId":"0x134ab9","ObjectServer":"DS","ObjectType":"%{bf967a9c-0de6-11d0-a285-00aa003049e2}","ObjectName":"%{84564eb9-098c-4a11-87bd-c1883fa88ea8}","OperationType":"Object Access","HandleId":"0x0","AccessList":"%%7684","AccessMask":"0x10","Properties":"%%7684\r\n\t\t{771727b1-31b8-4cdf-ae62-4fe39fadf89e}\r\n\t\t\t{9a9a021e-4a5b-11d1-a9c3-0000f80367c1}\r\n\t{bf967a9c-0de6-11d0-a285-00aa003049e2}","AdditionalInfo":"-","AdditionalInfo2":""}}}
{"Event":{"#attributes":{"xmlns":"http://schemas.microsoft.com/win/2004/08/events/event"},"System":{"Provider":{"#attributes":{"Name":"Microsoft-Windows-Security-Auditing","Guid":"54849625-5478-4994-A5BA-3E3B0328C30D"}},"EventID":4662,"Version":0,"Level":0,"Task":14080,"Opcode":0,"Keywords":"0x8020000000000000","TimeCreated":{"#attributes":{"SystemTime":"2026-06-23T05:14:25.137816Z"}},"EventRecordID":1062564,"Correlation":null,"Execution":{"#attributes":{"ProcessID":840,"ThreadID":976}},"Channel":"Security","Computer":"DC1.blues.lab","Security":null},"EventData":{"SubjectUserSid":"S-1-5-21-1940215732-407848784-1427904796-500","SubjectUserName":"Administrator","SubjectDomainName":"BLUES","SubjectLogonId":"0x134ab9","ObjectServer":"DS","ObjectType":"%{bf967a9c-0de6-11d0-a285-00aa003049e2}","ObjectName":"%{84564eb9-098c-4a11-87bd-c1883fa88ea8}","OperationType":"Object Access","HandleId":"0x0","AccessList":"%%7684","AccessMask":"0x10","Properties":"%%7684\r\n\t{bf967a9c-0de6-11d0-a285-00aa003049e2}\r\n\t\t{e48d0154-bcf8-11d1-8702-00c04fb96050}\r\n\t\t\t{bf9679e5-0de6-11d0-a285-00aa003049e2}\r\n\t\t\t{bf967a0e-0de6-11d0-a285-00aa003049e2}\r\n\t\t\t{28630ebb-41d5-11d1-a9c1-0000f80367c1}\r\n\t\t{59ba2f42-79a2-11d0-9020-00c04fc2d3cf}\r\n\t\t\t{3e0abfd0-126a-11d0-a060-00aa006c33ed}\r\n\t\t{4c164200-20c0-11d0-a768-00aa006e0529}\r\n\t\t\t{bf967a68-0de6-11d0-a285-00aa003049e2}","AdditionalInfo":"-","AdditionalInfo2":""}}}
{"Event":{"#attributes":{"xmlns":"http://schemas.microsoft.com/win/2004/08/events/event"},"System":{"Provider":{"#attributes":{"Name":"Microsoft-Windows-Security-Auditing","Guid":"54849625-5478-4994-A5BA-3E3B0328C30D"}},"EventID":4662,"Version":0,"Level":0,"Task":14080,"Opcode":0,"Keywords":"0x8020000000000000","TimeCreated":{"#attributes":{"SystemTime":"2026-06-23T05:14:25.137820Z"}},"EventRecordID":1062565,"Correlation":null,"Execution":{"#attributes":{"ProcessID":840,"ThreadID":976}},"Channel":"Security","Computer":"DC1.blues.lab","Security":null},"EventData":{"SubjectUserSid":"S-1-5-21-1940215732-407848784-1427904796-500","SubjectUserName":"Administrator","SubjectDomainName":"BLUES","SubjectLogonId":"0x134ab9","ObjectServer":"DS","ObjectType":"%{bf967a9c-0de6-11d0-a285-00aa003049e2}","ObjectName":"%{43d8c8bd-f319-4cec-9b5a-a711356887b8}","OperationType":"Object Access","HandleId":"0x0","AccessList":"%%7684","AccessMask":"0x10","Properties":"%%7684\r\n\t\t{771727b1-31b8-4cdf-ae62-4fe39fadf89e}\r\n\t\t\t{9a9a021e-4a5b-11d1-a9c3-0000f80367c1}\r\n\t{bf967a9c-0de6-11d0-a285-00aa003049e2}","AdditionalInfo":"-","AdditionalInfo2":""}}}
{"Event":{"#attributes":{"xmlns":"http://schemas.microsoft.com/win/2004/08/events/event"},"System":{"Provider":{"#attributes":{"Name":"Microsoft-Windows-Security-Auditing","Guid":"54849625-5478-4994-A5BA-3E3B0328C30D"}},"EventID":4662,"Version":0,"Level":0,"Task":14080,"Opcode":0,"Keywords":"0x8020000000000000","TimeCreated":{"#attributes":{"SystemTime":"2026-06-23T05:14:25.137828Z"}},"EventRecordID":1062566,"Correlation":null,"Execution":{"#attributes":{"ProcessID":840,"ThreadID":976}},"Channel":"Security","Computer":"DC1.blues.lab","Security":null},"EventData":{"SubjectUserSid":"S-1-5-21-1940215732-407848784-1427904796-500","SubjectUserName":"Administrator","SubjectDomainName":"BLUES","SubjectLogonId":"0x134ab9","ObjectServer":"DS","ObjectType":"%{bf967a9c-0de6-11d0-a285-00aa003049e2}","ObjectName":"%{43d8c8bd-f319-4cec-9b5a-a711356887b8}","OperationType":"Object Access","HandleId":"0x0","AccessList":"%%7684","AccessMask":"0x10","Properties":"%%7684\r\n\t{bf967a9c-0de6-11d0-a285-00aa003049e2}\r\n\t\t{e48d0154-bcf8-11d1-8702-00c04fb96050}\r\n\t\t\t{bf9679e5-0de6-11d0-a285-00aa003049e2}\r\n\t\t\t{bf967a0e-0de6-11d0-a285-00aa003049e2}\r\n\t\t\t{28630ebb-41d5-11d1-a9c1-0000f80367c1}\r\n\t\t{59ba2f42-79a2-11d0-9020-00c04fc2d3cf}\r\n\t\t\t{3e0abfd0-126a-11d0-a060-00aa006c33ed}\r\n\t\t{4c164200-20c0-11d0-a768-00aa006e0529}\r\n\t\t\t{bf967a68-0de6-11d0-a285-00aa003049e2}","AdditionalInfo":"-","AdditionalInfo2":""}}}
{"Event":{"#attributes":{"xmlns":"http://schemas.microsoft.com/win/2004/08/events/event"},"System":{"Provider":{"#attributes":{"Name":"Microsoft-Windows-Security-Auditing","Guid":"54849625-5478-4994-A5BA-3E3B0328C30D"}},"EventID":4662,"Version":0,"Level":0,"Task":14080,"Opcode":0,"Keywords":"0x8020000000000000","TimeCreated":{"#attributes":{"SystemTime":"2026-06-23T05:14:25.137833Z"}},"EventRecordID":1062567,"Correlation":null,"Execution":{"#attributes":{"ProcessID":840,"ThreadID":976}},"Channel":"Security","Computer":"DC1.blues.lab","Security":null},"EventData":{"SubjectUserSid":"S-1-5-21-1940215732-407848784-1427904796-500","SubjectUserName":"Administrator","SubjectDomainName":"BLUES","SubjectLogonId":"0x134ab9","ObjectServer":"DS","ObjectType":"%{bf967a9c-0de6-11d0-a285-00aa003049e2}","ObjectName":"%{3e09c05d-5d4b-4844-8e02-3019c6a63e39}","OperationType":"Object Access","HandleId":"0x0","AccessList":"%%7684","AccessMask":"0x10","Properties":"%%7684\r\n\t\t{771727b1-31b8-4cdf-ae62-4fe39fadf89e}\r\n\t\t\t{9a9a021e-4a5b-11d1-a9c3-0000f80367c1}\r\n\t{bf967a9c-0de6-11d0-a285-00aa003049e2}","AdditionalInfo":"-","AdditionalInfo2":""}}}
{"Event":{"#attributes":{"xmlns":"http://schemas.microsoft.com/win/2004/08/events/event"},"System":{"Provider":{"#attributes":{"Name":"Microsoft-Windows-Security-Auditing","Guid":"54849625-5478-4994-A5BA-3E3B0328C30D"}},"EventID":4662,"Version":0,"Level":0,"Task":14080,"Opcode":0,"Keywords":"0x8020000000000000","TimeCreated":{"#attributes":{"SystemTime":"2026-06-23T05:14:25.137841Z"}},"EventRecordID":1062568,"Correlation":null,"Execution":{"#attributes":{"ProcessID":840,"ThreadID":976}},"Channel":"Security","Computer":"DC1.blues.lab","Security":null},"EventData":{"SubjectUserSid":"S-1-5-21-1940215732-407848784-1427904796-500","SubjectUserName":"Administrator","SubjectDomainName":"BLUES","SubjectLogonId":"0x134ab9","ObjectServer":"DS","ObjectType":"%{bf967a9c-0de6-11d0-a285-00aa003049e2}","ObjectName":"%{3e09c05d-5d4b-4844-8e02-3019c6a63e39}","OperationType":"Object Access","HandleId":"0x0","AccessList":"%%7684","AccessMask":"0x10","Properties":"%%7684\r\n\t{bf967a9c-0de6-11d0-a285-00aa003049e2}\r\n\t\t{e48d0154-bcf8-11d1-8702-00c04fb96050}\r\n\t\t\t{bf9679e5-0de6-11d0-a285-00aa003049e2}\r\n\t\t\t{bf967a0e-0de6-11d0-a285-00aa003049e2}\r\n\t\t\t{28630ebb-41d5-11d1-a9c1-0000f80367c1}\r\n\t\t{59ba2f42-79a2-11d0-9020-00c04fc2d3cf}\r\n\t\t\t{3e0abfd0-126a-11d0-a060-00aa006c33ed}\r\n\t\t{4c164200-20c0-11d0-a768-00aa006e0529}\r\n\t\t\t{bf967a68-0de6-11d0-a285-00aa003049e2}","AdditionalInfo":"-","AdditionalInfo2":""}}}
{"Event":{"#attributes":{"xmlns":"http://schemas.microsoft.com/win/2004/08/events/event"},"System":{"Provider":{"#attributes":{"Name":"Microsoft-Windows-Security-Auditing","Guid":"54849625-5478-4994-A5BA-3E3B0328C30D"}},"EventID":4662,"Version":0,"Level":0,"Task":14080,"Opcode":0,"Keywords":"0x8020000000000000","TimeCreated":{"#attributes":{"SystemTime":"2026-06-23T05:14:25.137846Z"}},"EventRecordID":1062569,"Correlation":null,"Execution":{"#attributes":{"ProcessID":840,"ThreadID":976}},"Channel":"Security","Computer":"DC1.blues.lab","Security":null},"EventData":{"SubjectUserSid":"S-1-5-21-1940215732-407848784-1427904796-500","SubjectUserName":"Administrator","SubjectDomainName":"BLUES","SubjectLogonId":"0x134ab9","ObjectServer":"DS","ObjectType":"%{bf967a9c-0de6-11d0-a285-00aa003049e2}","ObjectName":"%{2e6d8826-e851-4c22-af2e-6af9cb7c944e}","OperationType":"Object Access","HandleId":"0x0","AccessList":"%%7684","AccessMask":"0x10","Properties":"%%7684\r\n\t\t{771727b1-31b8-4cdf-ae62-4fe39fadf89e}\r\n\t\t\t{9a9a021e-4a5b-11d1-a9c3-0000f80367c1}\r\n\t{bf967a9c-0de6-11d0-a285-00aa003049e2}","AdditionalInfo":"-","AdditionalInfo2":""}}}
{"Event":{"#attributes":{"xmlns":"http://schemas.microsoft.com/win/2004/08/events/event"},"System":{"Provider":{"#attributes":{"Name":"Microsoft-Windows-Security-Auditing","Guid":"54849625-5478-4994-A5BA-3E3B0328C30D"}},"EventID":4662,"Version":0,"Level":0,"Task":14080,"Opcode":0,"Keywords":"0x8020000000000000","TimeCreated":{"#attributes":{"SystemTime":"2026-06-23T05:14:25.137854Z"}},"EventRecordID":1062570,"Correlation":null,"Execution":{"#attributes":{"ProcessID":840,"ThreadID":976}},"Channel":"Security","Computer":"DC1.blues.lab","Security":null},"EventData":{"SubjectUserSid":"S-1-5-21-1940215732-407848784-1427904796-500","SubjectUserName":"Administrator","SubjectDomainName":"BLUES","SubjectLogonId":"0x134ab9","ObjectServer":"DS","ObjectType":"%{bf967a9c-0de6-11d0-a285-00aa003049e2}","ObjectName":"%{2e6d8826-e851-4c22-af2e-6af9cb7c944e}","OperationType":"Object Access","HandleId":"0x0","AccessList":"%%7684","AccessMask":"0x10","Properties":"%%7684\r\n\t{bf967a9c-0de6-11d0-a285-00aa003049e2}\r\n\t\t{e48d0154-bcf8-11d1-8702-00c04fb96050}\r\n\t\t\t{bf9679e5-0de6-11d0-a285-00aa003049e2}\r\n\t\t\t{bf967a0e-0de6-11d0-a285-00aa003049e2}\r\n\t\t\t{28630ebb-41d5-11d1-a9c1-0000f80367c1}\r\n\t\t{59ba2f42-79a2-11d0-9020-00c04fc2d3cf}\r\n\t\t\t{3e0abfd0-126a-11d0-a060-00aa006c33ed}\r\n\t\t{4c164200-20c0-11d0-a768-00aa006e0529}\r\n\t\t\t{bf967a68-0de6-11d0-a285-00aa003049e2}","AdditionalInfo":"-","AdditionalInfo2":""}}}
{"Event":{"#attributes":{"xmlns":"http://schemas.microsoft.com/win/2004/08/events/event"},"System":{"Provider":{"#attributes":{"Name":"Microsoft-Windows-Security-Auditing","Guid":"54849625-5478-4994-A5BA-3E3B0328C30D"}},"EventID":4662,"Version":0,"Level":0,"Task":14080,"Opcode":0,"Keywords":"0x8020000000000000","TimeCreated":{"#attributes":{"SystemTime":"2026-06-23T05:14:25.137859Z"}},"EventRecordID":1062571,"Correlation":null,"Execution":{"#attributes":{"ProcessID":840,"ThreadID":976}},"Channel":"Security","Computer":"DC1.blues.lab","Security":null},"EventData":{"SubjectUserSid":"S-1-5-21-1940215732-407848784-1427904796-500","SubjectUserName":"Administrator","SubjectDomainName":"BLUES","SubjectLogonId":"0x134ab9","ObjectServer":"DS","ObjectType":"%{bf967a9c-0de6-11d0-a285-00aa003049e2}","ObjectName":"%{c99ace39-31a0-4ada-aff6-678cc91874f2}","OperationType":"Object Access","HandleId":"0x0","AccessList":"%%7684","AccessMask":"0x10","Properties":"%%7684\r\n\t\t{771727b1-31b8-4cdf-ae62-4fe39fadf89e}\r\n\t\t\t{9a9a021e-4a5b-11d1-a9c3-0000f80367c1}\r\n\t{bf967a9c-0de6-11d0-a285-00aa003049e2}","AdditionalInfo":"-","AdditionalInfo2":""}}}
{"Event":{"#attributes":{"xmlns":"http://schemas.microsoft.com/win/2004/08/events/event"},"System":{"Provider":{"#attributes":{"Name":"Microsoft-Windows-Security-Auditing","Guid":"54849625-5478-4994-A5BA-3E3B0328C30D"}},"EventID":4662,"Version":0,"Level":0,"Task":14080,"Opcode":0,"Keywords":"0x8020000000000000","TimeCreated":{"#attributes":{"SystemTime":"2026-06-23T05:14:25.137867Z"}},"EventRecordID":1062572,"Correlation":null,"Execution":{"#attributes":{"ProcessID":840,"ThreadID":976}},"Channel":"Security","Computer":"DC1.blues.lab","Security":null},"EventData":{"SubjectUserSid":"S-1-5-21-1940215732-407848784-1427904796-500","SubjectUserName":"Administrator","SubjectDomainName":"BLUES","SubjectLogonId":"0x134ab9","ObjectServer":"DS","ObjectType":"%{bf967a9c-0de6-11d0-a285-00aa003049e2}","ObjectName":"%{c99ace39-31a0-4ada-aff6-678cc91874f2}","OperationType":"Object Access","HandleId":"0x0","AccessList":"%%7684","AccessMask":"0x10","Properties":"%%7684\r\n\t{bf967a9c-0de6-11d0-a285-00aa003049e2}\r\n\t\t{e48d0154-bcf8-11d1-8702-00c04fb96050}\r\n\t\t\t{bf9679e5-0de6-11d0-a285-00aa003049e2}\r\n\t\t\t{bf967a0e-0de6-11d0-a285-00aa003049e2}\r\n\t\t\t{28630ebb-41d5-11d1-a9c1-0000f80367c1}\r\n\t\t{59ba2f42-79a2-11d0-9020-00c04fc2d3cf}\r\n\t\t\t{3e0abfd0-126a-11d0-a060-00aa006c33ed}\r\n\t\t{4c164200-20c0-11d0-a768-00aa006e0529}\r\n\t\t\t{bf967a68-0de6-11d0-a285-00aa003049e2}","AdditionalInfo":"-","AdditionalInfo2":""}}}
{"Event":{"#attributes":{"xmlns":"http://schemas.microsoft.com/win/2004/08/events/event"},"System":{"Provider":{"#attributes":{"Name":"Microsoft-Windows-Security-Auditing","Guid":"54849625-5478-4994-A5BA-3E3B0328C30D"}},"EventID":4662,"Version":0,"Level":0,"Task":14080,"Opcode":0,"Keywords":"0x8020000000000000","TimeCreated":{"#attributes":{"SystemTime":"2026-06-23T05:14:25.140475Z"}},"EventRecordID":1062573,"Correlation":null,"Execution":{"#attributes":{"ProcessID":840,"ThreadID":976}},"Channel":"Security","Computer":"DC1.blues.lab","Security":null},"EventData":{"SubjectUserSid":"S-1-5-21-1940215732-407848784-1427904796-500","SubjectUserName":"Administrator","SubjectDomainName":"BLUES","SubjectLogonId":"0x134ab9","ObjectServer":"DS","ObjectType":"%{19195a5b-6da0-11d0-afd3-00c04fd930c9}","ObjectName":"%{5206e6c4-9bf2-48cf-96fd-aa43f219c623}","OperationType":"Object Access","HandleId":"0x0","AccessList":"%%7684","AccessMask":"0x10","Properties":"%%7684\r\n\t\t{e48d0154-bcf8-11d1-8702-00c04fb96050}\r\n\t\t\t{bf9679e5-0de6-11d0-a285-00aa003049e2}\r\n\t{19195a5b-6da0-11d0-afd3-00c04fd930c9}","AdditionalInfo":"-","AdditionalInfo2":""}}}
{"Event":{"#attributes":{"xmlns":"http://schemas.microsoft.com/win/2004/08/events/event"},"System":{"Provider":{"#attributes":{"Name":"Microsoft-Windows-Security-Auditing","Guid":"54849625-5478-4994-A5BA-3E3B0328C30D"}},"EventID":4634,"Version":0,"Level":0,"Task":12545,"Opcode":0,"Keywords":"0x8020000000000000","TimeCreated":{"#attributes":{"SystemTime":"2026-06-23T05:14:33.714222Z"}},"EventRecordID":1062574,"Correlation":null,"Execution":{"#attributes":{"ProcessID":840,"ThreadID":6328}},"Channel":"Security","Computer":"DC1.blues.lab","Security":null},"EventData":{"TargetUserSid":"S-1-5-18","TargetUserName":"DC1$","TargetDomainName":"BLUES","TargetLogonId":"0x37ced6","LogonType":3}}}
{"Event":{"#attributes":{"xmlns":"http://schemas.microsoft.com/win/2004/08/events/event"},"System":{"Provider":{"#attributes":{"Name":"Microsoft-Windows-Security-Auditing","Guid":"54849625-5478-4994-A5BA-3E3B0328C30D"}},"EventID":4662,"Version":0,"Level":0,"Task":14080,"Opcode":0,"Keywords":"0x8020000000000000","TimeCreated":{"#attributes":{"SystemTime":"2026-06-23T05:15:07.161956Z"}},"EventRecordID":1062575,"Correlation":null,"Execution":{"#attributes":{"ProcessID":840,"ThreadID":976}},"Channel":"Security","Computer":"DC1.blues.lab","Security":null},"EventData":{"SubjectUserSid":"S-1-5-18","SubjectUserName":"DC1$","SubjectDomainName":"BLUES","SubjectLogonId":"0xc2d2a","ObjectServer":"DS","ObjectType":"%{bf967a8b-0de6-11d0-a285-00aa003049e2}","ObjectName":"%{551f5579-3b7c-4525-82ce-fa5ba9f559e9}","OperationType":"Object Access","HandleId":"0x0","AccessList":"%%7682","AccessMask":"0x4","Properties":"%%7682\r\n\t{bf967a8b-0de6-11d0-a285-00aa003049e2}","AdditionalInfo":"-","AdditionalInfo2":""}}}
{"Event":{"#attributes":{"xmlns":"http://schemas.microsoft.com/win/2004/08/events/event"},"System":{"Provider":{"#attributes":{"Name":"Microsoft-Windows-Security-Auditing","Guid":"54849625-5478-4994-A5BA-3E3B0328C30D"}},"EventID":4662,"Version":0,"Level":0,"Task":14080,"Opcode":0,"Keywords":"0x8020000000000000","TimeCreated":{"#attributes":{"SystemTime":"2026-06-23T05:15:07.161962Z"}},"EventRecordID":1062576,"Correlation":null,"Execution":{"#attributes":{"ProcessID":840,"ThreadID":976}},"Channel":"Security","Computer":"DC1.blues.lab","Security":null},"EventData":{"SubjectUserSid":"S-1-5-18","SubjectUserName":"DC1$","SubjectDomainName":"BLUES","SubjectLogonId":"0xc2d2a","ObjectServer":"DS","ObjectType":"%{bf967a8b-0de6-11d0-a285-00aa003049e2}","ObjectName":"%{c1277581-1229-4e2c-9593-7212d5335399}","OperationType":"Object Access","HandleId":"0x0","AccessList":"%%1538","AccessMask":"0x20000","Properties":"%%1538\r\n\t{bf967a8b-0de6-11d0-a285-00aa003049e2}","AdditionalInfo":"-","AdditionalInfo2":""}}}
{"Event":{"#attributes":{"xmlns":"http://schemas.microsoft.com/win/2004/08/events/event"},"System":{"Provider":{"#attributes":{"Name":"Microsoft-Windows-Security-Auditing","Guid":"54849625-5478-4994-A5BA-3E3B0328C30D"}},"EventID":4662,"Version":0,"Level":0,"Task":14080,"Opcode":0,"Keywords":"0x8020000000000000","TimeCreated":{"#attributes":{"SystemTime":"2026-06-23T05:15:07.161965Z"}},"EventRecordID":1062577,"Correlation":null,"Execution":{"#attributes":{"ProcessID":840,"ThreadID":976}},"Channel":"Security","Computer":"DC1.blues.lab","Security":null},"EventData":{"SubjectUserSid":"S-1-5-18","SubjectUserName":"DC1$","SubjectDomainName":"BLUES","SubjectLogonId":"0xc2d2a","ObjectServer":"DS","ObjectType":"%{bf967a8b-0de6-11d0-a285-00aa003049e2}","ObjectName":"%{c1277581-1229-4e2c-9593-7212d5335399}","OperationType":"Object Access","HandleId":"0x0","AccessList":"%%7684","AccessMask":"0x10","Properties":"%%7684\r\n\t{bf967a8b-0de6-11d0-a285-00aa003049e2}","AdditionalInfo":"-","AdditionalInfo2":""}}}
{"Event":{"#attributes":{"xmlns":"http://schemas.microsoft.com/win/2004/08/events/event"},"System":{"Provider":{"#attributes":{"Name":"Microsoft-Windows-Security-Auditing","Guid":"54849625-5478-4994-A5BA-3E3B0328C30D"}},"EventID":4662,"Version":0,"Level":0,"Task":14080,"Opcode":0,"Keywords":"0x8020000000000000","TimeCreated":{"#attributes":{"SystemTime":"2026-06-23T05:15:07.162810Z"}},"EventRecordID":1062578,"Correlation":null,"Execution":{"#attributes":{"ProcessID":840,"ThreadID":976}},"Channel":"Security","Computer":"DC1.blues.lab","Security":null},"EventData":{"SubjectUserSid":"S-1-5-18","SubjectUserName":"DC1$","SubjectDomainName":"BLUES","SubjectLogonId":"0xc2d2a","ObjectServer":"DS","ObjectType":"%{bf967a86-0de6-11d0-a285-00aa003049e2}","ObjectName":"%{d7c67890-5766-4bf4-8155-5f24899f30a0}","OperationType":"Object Access","HandleId":"0x0","AccessList":"%%7684","AccessMask":"0x10","Properties":"%%7684\r\n\t\t{e48d0154-bcf8-11d1-8702-00c04fb96050}\r\n\t\t\t{26d97369-6070-11d1-a9c6-0000f80367c1}\r\n\t{bf967a86-0de6-11d0-a285-00aa003049e2}","AdditionalInfo":"-","AdditionalInfo2":""}}}
{"Event":{"#attributes":{"xmlns":"http://schemas.microsoft.com/win/2004/08/events/event"},"System":{"Provider":{"#attributes":{"Name":"Microsoft-Windows-Security-Auditing","Guid":"54849625-5478-4994-A5BA-3E3B0328C30D"}},"EventID":4662,"Version":0,"Level":0,"Task":14080,"Opcode":0,"Keywords":"0x8020000000000000","TimeCreated":{"#attributes":{"SystemTime":"2026-06-23T05:15:07.162815Z"}},"EventRecordID":1062579,"Correlation":null,"Execution":{"#attributes":{"ProcessID":840,"ThreadID":976}},"Channel":"Security","Computer":"DC1.blues.lab","Security":null},"EventData":{"SubjectUserSid":"S-1-5-18","SubjectUserName":"DC1$","SubjectDomainName":"BLUES","SubjectLogonId":"0xc2d2a","ObjectServer":"DS","ObjectType":"%{bf967aa5-0de6-11d0-a285-00aa003049e2}","ObjectName":"%{64f467f3-e999-4572-a858-8f9ed6b882ba}","OperationType":"Object Access","HandleId":"0x0","AccessList":"%%7682","AccessMask":"0x4","Properties":"%%7682\r\n\t{bf967aa5-0de6-11d0-a285-00aa003049e2}","AdditionalInfo":"-","AdditionalInfo2":""}}}
{"Event":{"#attributes":{"xmlns":"http://schemas.microsoft.com/win/2004/08/events/event"},"System":{"Provider":{"#attributes":{"Name":"Microsoft-Windows-Security-Auditing","Guid":"54849625-5478-4994-A5BA-3E3B0328C30D"}},"EventID":4662,"Version":0,"Level":0,"Task":14080,"Opcode":0,"Keywords":"0x8020000000000000","TimeCreated":{"#attributes":{"SystemTime":"2026-06-23T05:15:07.162820Z"}},"EventRecordID":1062580,"Correlation":null,"Execution":{"#attributes":{"ProcessID":840,"ThreadID":976}},"Channel":"Security","Computer":"DC1.blues.lab","Security":null},"EventData":{"SubjectUserSid":"S-1-5-18","SubjectUserName":"DC1$","SubjectDomainName":"BLUES","SubjectLogonId":"0xc2d2a","ObjectServer":"DS","ObjectType":"%{bf967a86-0de6-11d0-a285-00aa003049e2}","ObjectName":"%{d7c67890-5766-4bf4-8155-5f24899f30a0}","OperationType":"Object Access","HandleId":"0x0","AccessList":"%%7684","AccessMask":"0x10","Properties":"%%7684\r\n\t\t{771727b1-31b8-4cdf-ae62-4fe39fadf89e}\r\n\t\t\t{d31a8757-2447-4545-8081-3bb610cacbf2}\r\n\t{bf967a86-0de6-11d0-a285-00aa003049e2}","AdditionalInfo":"-","AdditionalInfo2":""}}}
{"Event":{"#attributes":{"xmlns":"http://schemas.microsoft.com/win/2004/08/events/event"},"System":{"Provider":{"#attributes":{"Name":"Microsoft-Windows-Security-Auditing","Guid":"54849625-5478-4994-A5BA-3E3B0328C30D"}},"EventID":4662,"Version":0,"Level":0,"Task":14080,"Opcode":0,"Keywords":"0x8020000000000000","TimeCreated":{"#attributes":{"SystemTime":"2026-06-23T05:15:07.163084Z"}},"EventRecordID":1062581,"Correlation":null,"Execution":{"#attributes":{"ProcessID":840,"ThreadID":976}},"Channel":"Security","Computer":"DC1.blues.lab","Security":null},"EventData":{"SubjectUserSid":"S-1-5-18","SubjectUserName":"DC1$","SubjectDomainName":"BLUES","SubjectLogonId":"0xc2d2a","ObjectServer":"DS","ObjectType":"%{19195a5b-6da0-11d0-afd3-00c04fd930c9}","ObjectName":"%{5206e6c4-9bf2-48cf-96fd-aa43f219c623}","OperationType":"Object Access","HandleId":"0x0","AccessList":"%%7684","AccessMask":"0x10","Properties":"%%7684\r\n\t\t{e48d0154-bcf8-11d1-8702-00c04fb96050}\r\n\t\t\t{26d97369-6070-11d1-a9c6-0000f80367c1}\r\n\t{19195a5b-6da0-11d0-afd3-00c04fd930c9}","AdditionalInfo":"-","AdditionalInfo2":""}}}
{"Event":{"#attributes":{"xmlns":"http://schemas.microsoft.com/win/2004/08/events/event"},"System":{"Provider":{"#attributes":{"Name":"Microsoft-Windows-Security-Auditing","Guid":"54849625-5478-4994-A5BA-3E3B0328C30D"}},"EventID":4662,"Version":0,"Level":0,"Task":14080,"Opcode":0,"Keywords":"0x8020000000000000","TimeCreated":{"#attributes":{"SystemTime":"2026-06-23T05:15:07.163090Z"}},"EventRecordID":1062582,"Correlation":null,"Execution":{"#attributes":{"ProcessID":840,"ThreadID":976}},"Channel":"Security","Computer":"DC1.blues.lab","Security":null},"EventData":{"SubjectUserSid":"S-1-5-18","SubjectUserName":"DC1$","SubjectDomainName":"BLUES","SubjectLogonId":"0xc2d2a","ObjectServer":"DS","ObjectType":"%{19195a5b-6da0-11d0-afd3-00c04fd930c9}","ObjectName":"%{5206e6c4-9bf2-48cf-96fd-aa43f219c623}","OperationType":"Object Access","HandleId":"0x0","AccessList":"%%7684","AccessMask":"0x10","Properties":"%%7684\r\n\t\t{771727b1-31b8-4cdf-ae62-4fe39fadf89e}\r\n\t\t\t{d31a8757-2447-4545-8081-3bb610cacbf2}\r\n\t{19195a5b-6da0-11d0-afd3-00c04fd930c9}","AdditionalInfo":"-","AdditionalInfo2":""}}}
{"Event":{"#attributes":{"xmlns":"http://schemas.microsoft.com/win/2004/08/events/event"},"System":{"Provider":{"#attributes":{"Name":"Microsoft-Windows-Security-Auditing","Guid":"54849625-5478-4994-A5BA-3E3B0328C30D"}},"EventID":4662,"Version":0,"Level":0,"Task":14080,"Opcode":0,"Keywords":"0x8020000000000000","TimeCreated":{"#attributes":{"SystemTime":"2026-06-23T05:15:14.260947Z"}},"EventRecordID":1062583,"Correlation":null,"Execution":{"#attributes":{"ProcessID":840,"ThreadID":976}},"Channel":"Security","Computer":"DC1.blues.lab","Security":null},"EventData":{"SubjectUserSid":"S-1-5-18","SubjectUserName":"DC1$","SubjectDomainName":"BLUES","SubjectLogonId":"0x36d139","ObjectServer":"DS","ObjectType":"%{bf967a86-0de6-11d0-a285-00aa003049e2}","ObjectName":"%{d7c67890-5766-4bf4-8155-5f24899f30a0}","OperationType":"Object Access","HandleId":"0x0","AccessList":"%%7684","AccessMask":"0x10","Properties":"%%7684\r\n\t\t{59ba2f42-79a2-11d0-9020-00c04fc2d3cf}\r\n\t\t\t{bf967a00-0de6-11d0-a285-00aa003049e2}\r\n\t\t{e48d0154-bcf8-11d1-8702-00c04fb96050}\r\n\t\t\t{26d97369-6070-11d1-a9c6-0000f80367c1}\r\n\t\t{4c164200-20c0-11d0-a768-00aa006e0529}\r\n\t\t\t{bf967a68-0de6-11d0-a285-00aa003049e2}\r\n\t{bf967a86-0de6-11d0-a285-00aa003049e2}","AdditionalInfo":"-","AdditionalInfo2":""}}}
{"Event":{"#attributes":{"xmlns":"http://schemas.microsoft.com/win/2004/08/events/event"},"System":{"Provider":{"#attributes":{"Name":"Microsoft-Windows-Security-Auditing","Guid":"54849625-5478-4994-A5BA-3E3B0328C30D"}},"EventID":4662,"Version":0,"Level":0,"Task":14080,"Opcode":0,"Keywords":"0x8020000000000000","TimeCreated":{"#attributes":{"SystemTime":"2026-06-23T05:15:14.261107Z"}},"EventRecordID":1062584,"Correlation":null,"Execution":{"#attributes":{"ProcessID":840,"ThreadID":976}},"Channel":"Security","Computer":"DC1.blues.lab","Security":null},"EventData":{"SubjectUserSid":"S-1-5-18","SubjectUserName":"DC1$","SubjectDomainName":"BLUES","SubjectLogonId":"0x36d139","ObjectServer":"DS","ObjectType":"%{bf967aa5-0de6-11d0-a285-00aa003049e2}","ObjectName":"%{64f467f3-e999-4572-a858-8f9ed6b882ba}","OperationType":"Object Access","HandleId":"0x0","AccessList":"%%7682","AccessMask":"0x4","Properties":"%%7682\r\n\t{bf967aa5-0de6-11d0-a285-00aa003049e2}","AdditionalInfo":"-","AdditionalInfo2":""}}}
{"Event":{"#attributes":{"xmlns":"http://schemas.microsoft.com/win/2004/08/events/event"},"System":{"Provider":{"#attributes":{"Name":"Microsoft-Windows-Security-Auditing","Guid":"54849625-5478-4994-A5BA-3E3B0328C30D"}},"EventID":4662,"Version":0,"Level":0,"Task":14080,"Opcode":0,"Keywords":"0x8020000000000000","TimeCreated":{"#attributes":{"SystemTime":"2026-06-23T05:15:14.261167Z"}},"EventRecordID":1062585,"Correlation":null,"Execution":{"#attributes":{"ProcessID":840,"ThreadID":976}},"Channel":"Security","Computer":"DC1.blues.lab","Security":null},"EventData":{"SubjectUserSid":"S-1-5-18","SubjectUserName":"DC1$","SubjectDomainName":"BLUES","SubjectLogonId":"0x36d139","ObjectServer":"DS","ObjectType":"%{bf967a86-0de6-11d0-a285-00aa003049e2}","ObjectName":"%{d7c67890-5766-4bf4-8155-5f24899f30a0}","OperationType":"Object Access","HandleId":"0x0","AccessList":"%%7684","AccessMask":"0x10","Properties":"%%7684\r\n\t{bf967a86-0de6-11d0-a285-00aa003049e2}\r\n\t\t{4c164200-20c0-11d0-a768-00aa006e0529}\r\n\t\t\t{bf967a68-0de6-11d0-a285-00aa003049e2}\r\n\t\t{59ba2f42-79a2-11d0-9020-00c04fc2d3cf}\r\n\t\t\t{3e0abfd0-126a-11d0-a060-00aa006c33ed}\r\n\t\t{771727b1-31b8-4cdf-ae62-4fe39fadf89e}\r\n\t\t\t{26d9736e-6070-11d1-a9c6-0000f80367c1}\r\n\t\t{72e39547-7b18-11d1-adef-00c04fd8d5cd}\r\n\t\t\t{72e39547-7b18-11d1-adef-00c04fd8d5cd}","AdditionalInfo":"-","AdditionalInfo2":""}}}
{"Event":{"#attributes":{"xmlns":"http://schemas.microsoft.com/win/2004/08/events/event"},"System":{"Provider":{"#attributes":{"Name":"Microsoft-Windows-Security-Auditing","Guid":"54849625-5478-4994-A5BA-3E3B0328C30D"}},"EventID":4688,"Version":2,"Level":0,"Task":13312,"Opcode":0,"Keywords":"0x8020000000000000","TimeCreated":{"#attributes":{"SystemTime":"2026-06-23T05:15:19.251044Z"}},"EventRecordID":1062586,"Correlation":null,"Execution":{"#attributes":{"ProcessID":4,"ThreadID":3536}},"Channel":"Security","Computer":"DC1.blues.lab","Security":null},"EventData":{"SubjectUserSid":"S-1-5-18","SubjectUserName":"DC1$","SubjectDomainName":"BLUES","SubjectLogonId":"0x3e7","NewProcessId":"0x1bac","NewProcessName":"C:\\Windows\\System32\\taskhostw.exe","TokenElevationType":"%%1936","ProcessId":"0x7fc","CommandLine":"taskhostw.exe","TargetUserSid":"S-1-0-0","TargetUserName":"-","TargetDomainName":"-","TargetLogonId":"0x0","ParentProcessName":"C:\\Windows\\System32\\svchost.exe","MandatoryLabel":"S-1-16-16384"}}}
{"Event":{"#attributes":{"xmlns":"http://schemas.microsoft.com/win/2004/08/events/event"},"System":{"Provider":{"#attributes":{"Name":"Microsoft-Windows-Security-Auditing","Guid":"54849625-5478-4994-A5BA-3E3B0328C30D"}},"EventID":4672,"Version":0,"Level":0,"Task":12548,"Opcode":0,"Keywords":"0x8020000000000000","TimeCreated":{"#attributes":{"SystemTime":"2026-06-23T05:15:23.249318Z"}},"EventRecordID":1062587,"Correlation":null,"Execution":{"#attributes":{"ProcessID":840,"ThreadID":2816}},"Channel":"Security","Computer":"DC1.blues.lab","Security":null},"EventData":{"SubjectUserSid":"S-1-5-18","SubjectUserName":"DC1$","SubjectDomainName":"BLUES","SubjectLogonId":"0x3845db","PrivilegeList":"SeSecurityPrivilege\r\n\t\t\tSeBackupPrivilege\r\n\t\t\tSeRestorePrivilege\r\n\t\t\tSeTakeOwnershipPrivilege\r\n\t\t\tSeDebugPrivilege\r\n\t\t\tSeSystemEnvironmentPrivilege\r\n\t\t\tSeLoadDriverPrivilege\r\n\t\t\tSeImpersonatePrivilege\r\n\t\t\tSeDelegateSessionUserImpersonatePrivilege\r\n\t\t\tSeEnableDelegationPrivilege"}}}
{"Event":{"#attributes":{"xmlns":"http://schemas.microsoft.com/win/2004/08/events/event"},"System":{"Provider":{"#attributes":{"Name":"Microsoft-Windows-Security-Auditing","Guid":"54849625-5478-4994-A5BA-3E3B0328C30D"}},"EventID":4624,"Version":3,"Level":0,"Task":12544,"Opcode":0,"Keywords":"0x8020000000000000","TimeCreated":{"#attributes":{"SystemTime":"2026-06-23T05:15:23.249416Z"}},"EventRecordID":1062588,"Correlation":null,"Execution":{"#attributes":{"ProcessID":840,"ThreadID":2816}},"Channel":"Security","Computer":"DC1.blues.lab","Security":null},"EventData":{"SubjectUserSid":"S-1-0-0","SubjectUserName":"-","SubjectDomainName":"-","SubjectLogonId":"0x0","TargetUserSid":"S-1-5-18","TargetUserName":"DC1$","TargetDomainName":"BLUES.LAB","TargetLogonId":"0x3845db","LogonType":3,"LogonProcessName":"Kerberos","AuthenticationPackageName":"Kerberos","WorkstationName":"-","LogonGuid":"F55733F9-BEA1-8415-A517-CF0109FAA398","TransmittedServices":"-","LmPackageName":"-","KeyLength":0,"ProcessId":"0x0","ProcessName":"-","IpAddress":"::1","IpPort":"50008","ImpersonationLevel":"%%1833","RestrictedAdminMode":"-","RemoteCredentialGuard":"-","TargetOutboundUserName":"-","TargetOutboundDomainName":"-","VirtualAccount":"%%1843","TargetLinkedLogonId":"0x0","ElevatedToken":"%%1842"}}}
{"Event":{"#attributes":{"xmlns":"http://schemas.microsoft.com/win/2004/08/events/event"},"System":{"Provider":{"#attributes":{"Name":"Microsoft-Windows-Security-Auditing","Guid":"54849625-5478-4994-A5BA-3E3B0328C30D"}},"EventID":4627,"Version":0,"Level":0,"Task":12554,"Opcode":0,"Keywords":"0x8020000000000000","TimeCreated":{"#attributes":{"SystemTime":"2026-06-23T05:15:23.249441Z"}},"EventRecordID":1062589,"Correlation":null,"Execution":{"#attributes":{"ProcessID":840,"ThreadID":2816}},"Channel":"Security","Computer":"DC1.blues.lab","Security":null},"EventData":{"SubjectUserSid":"S-1-0-0","SubjectUserName":"-","SubjectDomainName":"-","SubjectLogonId":"0x0","TargetUserSid":"S-1-5-18","TargetUserName":"DC1$","TargetDomainName":"BLUES.LAB","TargetLogonId":"0x3845db","LogonType":3,"EventIdx":1,"EventCountTotal":1,"GroupMembership":"\r\n\t\t%{S-1-5-32-544}\r\n\t\t%{S-1-1-0}\r\n\t\t%{S-1-5-32-545}\r\n\t\t%{S-1-5-32-554}\r\n\t\t%{S-1-5-32-560}\r\n\t\t%{S-1-5-2}\r\n\t\t%{S-1-5-11}\r\n\t\t%{S-1-5-15}\r\n\t\t%{S-1-5-21-1940215732-407848784-1427904796-1000}\r\n\t\t%{S-1-5-21-1940215732-407848784-1427904796-516}\r\n\t\t%{S-1-5-9}\r\n\t\t%{S-1-18-1}\r\n\t\t%{S-1-5-21-1940215732-407848784-1427904796-572}\r\n\t\t%{S-1-16-16384}"}}}
{"Event":{"#attributes":{"xmlns":"http://schemas.microsoft.com/win/2004/08/events/event"},"System":{"Provider":{"#attributes":{"Name":"Microsoft-Windows-Security-Auditing","Guid":"54849625-5478-4994-A5BA-3E3B0328C30D"}},"EventID":4634,"Version":0,"Level":0,"Task":12545,"Opcode":0,"Keywords":"0x8020000000000000","TimeCreated":{"#attributes":{"SystemTime":"2026-06-23T05:15:23.250996Z"}},"EventRecordID":1062590,"Correlation":null,"Execution":{"#attributes":{"ProcessID":840,"ThreadID":5368}},"Channel":"Security","Computer":"DC1.blues.lab","Security":null},"EventData":{"TargetUserSid":"S-1-5-18","TargetUserName":"DC1$","TargetDomainName":"BLUES","TargetLogonId":"0x3845db","LogonType":3}}}
{"Event":{"#attributes":{"xmlns":"http://schemas.microsoft.com/win/2004/08/events/event"},"System":{"Provider":{"#attributes":{"Name":"Microsoft-Windows-Security-Auditing","Guid":"54849625-5478-4994-A5BA-3E3B0328C30D"}},"EventID":4662,"Version":0,"Level":0,"Task":14080,"Opcode":0,"Keywords":"0x8020000000000000","TimeCreated":{"#attributes":{"SystemTime":"2026-06-23T05:15:51.083721Z"}},"EventRecordID":1062591,"Correlation":null,"Execution":{"#attributes":{"ProcessID":840,"ThreadID":976}},"Channel":"Security","Computer":"DC1.blues.lab","Security":null},"EventData":{"SubjectUserSid":"S-1-5-21-1940215732-407848784-1427904796-500","SubjectUserName":"Administrator","SubjectDomainName":"BLUES","SubjectLogonId":"0x134ab9","ObjectServer":"DS","ObjectType":"%{19195a5b-6da0-11d0-afd3-00c04fd930c9}","ObjectName":"%{5206e6c4-9bf2-48cf-96fd-aa43f219c623}","OperationType":"Object Access","HandleId":"0x0","AccessList":"%%7682","AccessMask":"0x4","Properties":"%%7682\r\n\t{19195a5b-6da0-11d0-afd3-00c04fd930c9}","AdditionalInfo":"-","AdditionalInfo2":""}}}
{"Event":{"#attributes":{"xmlns":"http://schemas.microsoft.com/win/2004/08/events/event"},"System":{"Provider":{"#attributes":{"Name":"Microsoft-Windows-Security-Auditing","Guid":"54849625-5478-4994-A5BA-3E3B0328C30D"}},"EventID":4662,"Version":0,"Level":0,"Task":14080,"Opcode":0,"Keywords":"0x8020000000000000","TimeCreated":{"#attributes":{"SystemTime":"2026-06-23T05:15:51.083727Z"}},"EventRecordID":1062592,"Correlation":null,"Execution":{"#attributes":{"ProcessID":840,"ThreadID":976}},"Channel":"Security","Computer":"DC1.blues.lab","Security":null},"EventData":{"SubjectUserSid":"S-1-5-21-1940215732-407848784-1427904796-500","SubjectUserName":"Administrator","SubjectDomainName":"BLUES","SubjectLogonId":"0x134ab9","ObjectServer":"DS","ObjectType":"%{bf967a8b-0de6-11d0-a285-00aa003049e2}","ObjectName":"%{177c5007-8498-46f8-baf8-c471a5ee765c}","OperationType":"Object Access","HandleId":"0x0","AccessList":"%%1538","AccessMask":"0x20000","Properties":"%%1538\r\n\t{bf967a8b-0de6-11d0-a285-00aa003049e2}","AdditionalInfo":"-","AdditionalInfo2":""}}}
