{"Event":{"#attributes":{"xmlns":"http://schemas.microsoft.com/win/2004/08/events/event"},"System":{"Provider":{"#attributes":{"Name":"Microsoft-Windows-Security-Auditing","Guid":"54849625-5478-4994-A5BA-3E3B0328C30D"}},"EventID":4662,"Version":0,"Level":0,"Task":14080,"Opcode":0,"Keywords":"0x8020000000000000","TimeCreated":{"#attributes":{"SystemTime":"2026-06-23T05:15:51.083730Z"}},"EventRecordID":1062593,"Correlation":null,"Execution":{"#attributes":{"ProcessID":840,"ThreadID":976}},"Channel":"Security","Computer":"DC1.blues.lab","Security":null},"EventData":{"SubjectUserSid":"S-1-5-21-1940215732-407848784-1427904796-500","SubjectUserName":"Administrator","SubjectDomainName":"BLUES","SubjectLogonId":"0x134ab9","ObjectServer":"DS","ObjectType":"%{bf967a8b-0de6-11d0-a285-00aa003049e2}","ObjectName":"%{177c5007-8498-46f8-baf8-c471a5ee765c}","OperationType":"Object Access","HandleId":"0x0","AccessList":"%%7684","AccessMask":"0x10","Properties":"%%7684\r\n\t{bf967a8b-0de6-11d0-a285-00aa003049e2}","AdditionalInfo":"-","AdditionalInfo2":""}}}
{"Event":{"#attributes":{"xmlns":"http://schemas.microsoft.com/win/2004/08/events/event"},"System":{"Provider":{"#attributes":{"Name":"Microsoft-Windows-Security-Auditing","Guid":"54849625-5478-4994-A5BA-3E3B0328C30D"}},"EventID":4662,"Version":0,"Level":0,"Task":14080,"Opcode":0,"Keywords":"0x8020000000000000","TimeCreated":{"#attributes":{"SystemTime":"2026-06-23T05:15:51.101541Z"}},"EventRecordID":1062594,"Correlation":null,"Execution":{"#attributes":{"ProcessID":840,"ThreadID":976}},"Channel":"Security","Computer":"DC1.blues.lab","Security":null},"EventData":{"SubjectUserSid":"S-1-5-21-1940215732-407848784-1427904796-500","SubjectUserName":"Administrator","SubjectDomainName":"BLUES","SubjectLogonId":"0x134ab9","ObjectServer":"DS","ObjectType":"%{19195a5b-6da0-11d0-afd3-00c04fd930c9}","ObjectName":"%{5206e6c4-9bf2-48cf-96fd-aa43f219c623}","OperationType":"Object Access","HandleId":"0x0","AccessList":"%%1538","AccessMask":"0x20000","Properties":"%%1538\r\n\t{19195a5b-6da0-11d0-afd3-00c04fd930c9}","AdditionalInfo":"-","AdditionalInfo2":""}}}
{"Event":{"#attributes":{"xmlns":"http://schemas.microsoft.com/win/2004/08/events/event"},"System":{"Provider":{"#attributes":{"Name":"Microsoft-Windows-Security-Auditing","Guid":"54849625-5478-4994-A5BA-3E3B0328C30D"}},"EventID":4662,"Version":0,"Level":0,"Task":14080,"Opcode":0,"Keywords":"0x8020000000000000","TimeCreated":{"#attributes":{"SystemTime":"2026-06-23T05:15:51.101550Z"}},"EventRecordID":1062595,"Correlation":null,"Execution":{"#attributes":{"ProcessID":840,"ThreadID":976}},"Channel":"Security","Computer":"DC1.blues.lab","Security":null},"EventData":{"SubjectUserSid":"S-1-5-21-1940215732-407848784-1427904796-500","SubjectUserName":"Administrator","SubjectDomainName":"BLUES","SubjectLogonId":"0x134ab9","ObjectServer":"DS","ObjectType":"%{19195a5b-6da0-11d0-afd3-00c04fd930c9}","ObjectName":"%{5206e6c4-9bf2-48cf-96fd-aa43f219c623}","OperationType":"Object Access","HandleId":"0x0","AccessList":"%%7684","AccessMask":"0x10","Properties":"%%7684\r\n\t{19195a5b-6da0-11d0-afd3-00c04fd930c9}","AdditionalInfo":"-","AdditionalInfo2":""}}}
{"Event":{"#attributes":{"xmlns":"http://schemas.microsoft.com/win/2004/08/events/event"},"System":{"Provider":{"#attributes":{"Name":"Microsoft-Windows-Security-Auditing","Guid":"54849625-5478-4994-A5BA-3E3B0328C30D"}},"EventID":4662,"Version":0,"Level":0,"Task":14080,"Opcode":0,"Keywords":"0x8020000000000000","TimeCreated":{"#attributes":{"SystemTime":"2026-06-23T05:15:51.111280Z"}},"EventRecordID":1062596,"Correlation":null,"Execution":{"#attributes":{"ProcessID":840,"ThreadID":976}},"Channel":"Security","Computer":"DC1.blues.lab","Security":null},"EventData":{"SubjectUserSid":"S-1-5-21-1940215732-407848784-1427904796-500","SubjectUserName":"Administrator","SubjectDomainName":"BLUES","SubjectLogonId":"0x134ab9","ObjectServer":"DS","ObjectType":"%{19195a5b-6da0-11d0-afd3-00c04fd930c9}","ObjectName":"%{5206e6c4-9bf2-48cf-96fd-aa43f219c623}","OperationType":"Object Access","HandleId":"0x0","AccessList":"%%7682","AccessMask":"0x4","Properties":"%%7682\r\n\t{19195a5b-6da0-11d0-afd3-00c04fd930c9}","AdditionalInfo":"-","AdditionalInfo2":""}}}
{"Event":{"#attributes":{"xmlns":"http://schemas.microsoft.com/win/2004/08/events/event"},"System":{"Provider":{"#attributes":{"Name":"Microsoft-Windows-Security-Auditing","Guid":"54849625-5478-4994-A5BA-3E3B0328C30D"}},"EventID":4662,"Version":0,"Level":0,"Task":14080,"Opcode":0,"Keywords":"0x8020000000000000","TimeCreated":{"#attributes":{"SystemTime":"2026-06-23T05:15:51.111287Z"}},"EventRecordID":1062597,"Correlation":null,"Execution":{"#attributes":{"ProcessID":840,"ThreadID":976}},"Channel":"Security","Computer":"DC1.blues.lab","Security":null},"EventData":{"SubjectUserSid":"S-1-5-21-1940215732-407848784-1427904796-500","SubjectUserName":"Administrator","SubjectDomainName":"BLUES","SubjectLogonId":"0x134ab9","ObjectServer":"DS","ObjectType":"%{bf967a8b-0de6-11d0-a285-00aa003049e2}","ObjectName":"%{177c5007-8498-46f8-baf8-c471a5ee765c}","OperationType":"Object Access","HandleId":"0x0","AccessList":"%%7684","AccessMask":"0x10","Properties":"%%7684\r\n\t{bf967a8b-0de6-11d0-a285-00aa003049e2}","AdditionalInfo":"-","AdditionalInfo2":""}}}
{"Event":{"#attributes":{"xmlns":"http://schemas.microsoft.com/win/2004/08/events/event"},"System":{"Provider":{"#attributes":{"Name":"Microsoft-Windows-Security-Auditing","Guid":"54849625-5478-4994-A5BA-3E3B0328C30D"}},"EventID":4662,"Version":0,"Level":0,"Task":14080,"Opcode":0,"Keywords":"0x8020000000000000","TimeCreated":{"#attributes":{"SystemTime":"2026-06-23T05:15:51.131137Z"}},"EventRecordID":1062598,"Correlation":null,"Execution":{"#attributes":{"ProcessID":840,"ThreadID":976}},"Channel":"Security","Computer":"DC1.blues.lab","Security":null},"EventData":{"SubjectUserSid":"S-1-5-21-1940215732-407848784-1427904796-500","SubjectUserName":"Administrator","SubjectDomainName":"BLUES","SubjectLogonId":"0x134ab9","ObjectServer":"DS","ObjectType":"%{19195a5b-6da0-11d0-afd3-00c04fd930c9}","ObjectName":"%{5206e6c4-9bf2-48cf-96fd-aa43f219c623}","OperationType":"Object Access","HandleId":"0x0","AccessList":"%%7682","AccessMask":"0x4","Properties":"%%7682\r\n\t{19195a5b-6da0-11d0-afd3-00c04fd930c9}","AdditionalInfo":"-","AdditionalInfo2":""}}}
{"Event":{"#attributes":{"xmlns":"http://schemas.microsoft.com/win/2004/08/events/event"},"System":{"Provider":{"#attributes":{"Name":"Microsoft-Windows-Security-Auditing","Guid":"54849625-5478-4994-A5BA-3E3B0328C30D"}},"EventID":4662,"Version":0,"Level":0,"Task":14080,"Opcode":0,"Keywords":"0x8020000000000000","TimeCreated":{"#attributes":{"SystemTime":"2026-06-23T05:15:51.131144Z"}},"EventRecordID":1062599,"Correlation":null,"Execution":{"#attributes":{"ProcessID":840,"ThreadID":976}},"Channel":"Security","Computer":"DC1.blues.lab","Security":null},"EventData":{"SubjectUserSid":"S-1-5-21-1940215732-407848784-1427904796-500","SubjectUserName":"Administrator","SubjectDomainName":"BLUES","SubjectLogonId":"0x134ab9","ObjectServer":"DS","ObjectType":"%{bf967a8b-0de6-11d0-a285-00aa003049e2}","ObjectName":"%{177c5007-8498-46f8-baf8-c471a5ee765c}","OperationType":"Object Access","HandleId":"0x0","AccessList":"%%1538","AccessMask":"0x20000","Properties":"%%1538\r\n\t{bf967a8b-0de6-11d0-a285-00aa003049e2}","AdditionalInfo":"-","AdditionalInfo2":""}}}
{"Event":{"#attributes":{"xmlns":"http://schemas.microsoft.com/win/2004/08/events/event"},"System":{"Provider":{"#attributes":{"Name":"Microsoft-Windows-Security-Auditing","Guid":"54849625-5478-4994-A5BA-3E3B0328C30D"}},"EventID":4662,"Version":0,"Level":0,"Task":14080,"Opcode":0,"Keywords":"0x8020000000000000","TimeCreated":{"#attributes":{"SystemTime":"2026-06-23T05:15:51.131147Z"}},"EventRecordID":1062600,"Correlation":null,"Execution":{"#attributes":{"ProcessID":840,"ThreadID":976}},"Channel":"Security","Computer":"DC1.blues.lab","Security":null},"EventData":{"SubjectUserSid":"S-1-5-21-1940215732-407848784-1427904796-500","SubjectUserName":"Administrator","SubjectDomainName":"BLUES","SubjectLogonId":"0x134ab9","ObjectServer":"DS","ObjectType":"%{bf967a8b-0de6-11d0-a285-00aa003049e2}","ObjectName":"%{177c5007-8498-46f8-baf8-c471a5ee765c}","OperationType":"Object Access","HandleId":"0x0","AccessList":"%%7684","AccessMask":"0x10","Properties":"%%7684\r\n\t{bf967a8b-0de6-11d0-a285-00aa003049e2}","AdditionalInfo":"-","AdditionalInfo2":""}}}
{"Event":{"#attributes":{"xmlns":"http://schemas.microsoft.com/win/2004/08/events/event"},"System":{"Provider":{"#attributes":{"Name":"Microsoft-Windows-Security-Auditing","Guid":"54849625-5478-4994-A5BA-3E3B0328C30D"}},"EventID":4662,"Version":0,"Level":0,"Task":14080,"Opcode":0,"Keywords":"0x8020000000000000","TimeCreated":{"#attributes":{"SystemTime":"2026-06-23T05:15:51.149999Z"}},"EventRecordID":1062601,"Correlation":null,"Execution":{"#attributes":{"ProcessID":840,"ThreadID":976}},"Channel":"Security","Computer":"DC1.blues.lab","Security":null},"EventData":{"SubjectUserSid":"S-1-5-21-1940215732-407848784-1427904796-500","SubjectUserName":"Administrator","SubjectDomainName":"BLUES","SubjectLogonId":"0x134ab9","ObjectServer":"DS","ObjectType":"%{19195a5b-6da0-11d0-afd3-00c04fd930c9}","ObjectName":"%{5206e6c4-9bf2-48cf-96fd-aa43f219c623}","OperationType":"Object Access","HandleId":"0x0","AccessList":"%%7684","AccessMask":"0x10","Properties":"%%7684\r\n\t{19195a5b-6da0-11d0-afd3-00c04fd930c9}","AdditionalInfo":"-","AdditionalInfo2":""}}}
{"Event":{"#attributes":{"xmlns":"http://schemas.microsoft.com/win/2004/08/events/event"},"System":{"Provider":{"#attributes":{"Name":"Microsoft-Windows-Security-Auditing","Guid":"54849625-5478-4994-A5BA-3E3B0328C30D"}},"EventID":4662,"Version":0,"Level":0,"Task":14080,"Opcode":0,"Keywords":"0x8020000000000000","TimeCreated":{"#attributes":{"SystemTime":"2026-06-23T05:15:51.376675Z"}},"EventRecordID":1062602,"Correlation":null,"Execution":{"#attributes":{"ProcessID":840,"ThreadID":976}},"Channel":"Security","Computer":"DC1.blues.lab","Security":null},"EventData":{"SubjectUserSid":"S-1-5-18","SubjectUserName":"DC1$","SubjectDomainName":"BLUES","SubjectLogonId":"0x36d139","ObjectServer":"DS","ObjectType":"%{bf967a86-0de6-11d0-a285-00aa003049e2}","ObjectName":"%{d7c67890-5766-4bf4-8155-5f24899f30a0}","OperationType":"Object Access","HandleId":"0x0","AccessList":"%%7684","AccessMask":"0x10","Properties":"%%7684\r\n\t\t{59ba2f42-79a2-11d0-9020-00c04fc2d3cf}\r\n\t\t\t{bf967a00-0de6-11d0-a285-00aa003049e2}\r\n\t\t{e48d0154-bcf8-11d1-8702-00c04fb96050}\r\n\t\t\t{26d97369-6070-11d1-a9c6-0000f80367c1}\r\n\t\t{4c164200-20c0-11d0-a768-00aa006e0529}\r\n\t\t\t{bf967a68-0de6-11d0-a285-00aa003049e2}\r\n\t{bf967a86-0de6-11d0-a285-00aa003049e2}","AdditionalInfo":"-","AdditionalInfo2":""}}}
{"Event":{"#attributes":{"xmlns":"http://schemas.microsoft.com/win/2004/08/events/event"},"System":{"Provider":{"#attributes":{"Name":"Microsoft-Windows-Security-Auditing","Guid":"54849625-5478-4994-A5BA-3E3B0328C30D"}},"EventID":4662,"Version":0,"Level":0,"Task":14080,"Opcode":0,"Keywords":"0x8020000000000000","TimeCreated":{"#attributes":{"SystemTime":"2026-06-23T05:15:51.376716Z"}},"EventRecordID":1062603,"Correlation":null,"Execution":{"#attributes":{"ProcessID":840,"ThreadID":976}},"Channel":"Security","Computer":"DC1.blues.lab","Security":null},"EventData":{"SubjectUserSid":"S-1-5-18","SubjectUserName":"DC1$","SubjectDomainName":"BLUES","SubjectLogonId":"0x36d139","ObjectServer":"DS","ObjectType":"%{bf967aa5-0de6-11d0-a285-00aa003049e2}","ObjectName":"%{64f467f3-e999-4572-a858-8f9ed6b882ba}","OperationType":"Object Access","HandleId":"0x0","AccessList":"%%7682","AccessMask":"0x4","Properties":"%%7682\r\n\t{bf967aa5-0de6-11d0-a285-00aa003049e2}","AdditionalInfo":"-","AdditionalInfo2":""}}}
{"Event":{"#attributes":{"xmlns":"http://schemas.microsoft.com/win/2004/08/events/event"},"System":{"Provider":{"#attributes":{"Name":"Microsoft-Windows-Security-Auditing","Guid":"54849625-5478-4994-A5BA-3E3B0328C30D"}},"EventID":4662,"Version":0,"Level":0,"Task":14080,"Opcode":0,"Keywords":"0x8020000000000000","TimeCreated":{"#attributes":{"SystemTime":"2026-06-23T05:15:51.376761Z"}},"EventRecordID":1062604,"Correlation":null,"Execution":{"#attributes":{"ProcessID":840,"ThreadID":976}},"Channel":"Security","Computer":"DC1.blues.lab","Security":null},"EventData":{"SubjectUserSid":"S-1-5-18","SubjectUserName":"DC1$","SubjectDomainName":"BLUES","SubjectLogonId":"0x36d139","ObjectServer":"DS","ObjectType":"%{bf967a86-0de6-11d0-a285-00aa003049e2}","ObjectName":"%{d7c67890-5766-4bf4-8155-5f24899f30a0}","OperationType":"Object Access","HandleId":"0x0","AccessList":"%%7684","AccessMask":"0x10","Properties":"%%7684\r\n\t{bf967a86-0de6-11d0-a285-00aa003049e2}\r\n\t\t{4c164200-20c0-11d0-a768-00aa006e0529}\r\n\t\t\t{bf967a68-0de6-11d0-a285-00aa003049e2}\r\n\t\t{59ba2f42-79a2-11d0-9020-00c04fc2d3cf}\r\n\t\t\t{3e0abfd0-126a-11d0-a060-00aa006c33ed}\r\n\t\t{771727b1-31b8-4cdf-ae62-4fe39fadf89e}\r\n\t\t\t{26d9736e-6070-11d1-a9c6-0000f80367c1}\r\n\t\t{72e39547-7b18-11d1-adef-00c04fd8d5cd}\r\n\t\t\t{72e39547-7b18-11d1-adef-00c04fd8d5cd}","AdditionalInfo":"-","AdditionalInfo2":""}}}
{"Event":{"#attributes":{"xmlns":"http://schemas.microsoft.com/win/2004/08/events/event"},"System":{"Provider":{"#attributes":{"Name":"Microsoft-Windows-Security-Auditing","Guid":"54849625-5478-4994-A5BA-3E3B0328C30D"}},"EventID":4672,"Version":0,"Level":0,"Task":12548,"Opcode":0,"Keywords":"0x8020000000000000","TimeCreated":{"#attributes":{"SystemTime":"2026-06-23T05:16:23.260314Z"}},"EventRecordID":1062605,"Correlation":null,"Execution":{"#attributes":{"ProcessID":840,"ThreadID":2816}},"Channel":"Security","Computer":"DC1.blues.lab","Security":null},"EventData":{"SubjectUserSid":"S-1-5-18","SubjectUserName":"DC1$","SubjectDomainName":"BLUES","SubjectLogonId":"0x38c32e","PrivilegeList":"SeSecurityPrivilege\r\n\t\t\tSeBackupPrivilege\r\n\t\t\tSeRestorePrivilege\r\n\t\t\tSeTakeOwnershipPrivilege\r\n\t\t\tSeDebugPrivilege\r\n\t\t\tSeSystemEnvironmentPrivilege\r\n\t\t\tSeLoadDriverPrivilege\r\n\t\t\tSeImpersonatePrivilege\r\n\t\t\tSeDelegateSessionUserImpersonatePrivilege\r\n\t\t\tSeEnableDelegationPrivilege"}}}
{"Event":{"#attributes":{"xmlns":"http://schemas.microsoft.com/win/2004/08/events/event"},"System":{"Provider":{"#attributes":{"Name":"Microsoft-Windows-Security-Auditing","Guid":"54849625-5478-4994-A5BA-3E3B0328C30D"}},"EventID":4624,"Version":3,"Level":0,"Task":12544,"Opcode":0,"Keywords":"0x8020000000000000","TimeCreated":{"#attributes":{"SystemTime":"2026-06-23T05:16:23.260407Z"}},"EventRecordID":1062606,"Correlation":null,"Execution":{"#attributes":{"ProcessID":840,"ThreadID":2816}},"Channel":"Security","Computer":"DC1.blues.lab","Security":null},"EventData":{"SubjectUserSid":"S-1-0-0","SubjectUserName":"-","SubjectDomainName":"-","SubjectLogonId":"0x0","TargetUserSid":"S-1-5-18","TargetUserName":"DC1$","TargetDomainName":"BLUES.LAB","TargetLogonId":"0x38c32e","LogonType":3,"LogonProcessName":"Kerberos","AuthenticationPackageName":"Kerberos","WorkstationName":"-","LogonGuid":"F55733F9-BEA1-8415-A517-CF0109FAA398","TransmittedServices":"-","LmPackageName":"-","KeyLength":0,"ProcessId":"0x0","ProcessName":"-","IpAddress":"::1","IpPort":"50014","ImpersonationLevel":"%%1833","RestrictedAdminMode":"-","RemoteCredentialGuard":"-","TargetOutboundUserName":"-","TargetOutboundDomainName":"-","VirtualAccount":"%%1843","TargetLinkedLogonId":"0x0","ElevatedToken":"%%1842"}}}
{"Event":{"#attributes":{"xmlns":"http://schemas.microsoft.com/win/2004/08/events/event"},"System":{"Provider":{"#attributes":{"Name":"Microsoft-Windows-Security-Auditing","Guid":"54849625-5478-4994-A5BA-3E3B0328C30D"}},"EventID":4627,"Version":0,"Level":0,"Task":12554,"Opcode":0,"Keywords":"0x8020000000000000","TimeCreated":{"#attributes":{"SystemTime":"2026-06-23T05:16:23.260431Z"}},"EventRecordID":1062607,"Correlation":null,"Execution":{"#attributes":{"ProcessID":840,"ThreadID":2816}},"Channel":"Security","Computer":"DC1.blues.lab","Security":null},"EventData":{"SubjectUserSid":"S-1-0-0","SubjectUserName":"-","SubjectDomainName":"-","SubjectLogonId":"0x0","TargetUserSid":"S-1-5-18","TargetUserName":"DC1$","TargetDomainName":"BLUES.LAB","TargetLogonId":"0x38c32e","LogonType":3,"EventIdx":1,"EventCountTotal":1,"GroupMembership":"\r\n\t\t%{S-1-5-32-544}\r\n\t\t%{S-1-1-0}\r\n\t\t%{S-1-5-32-545}\r\n\t\t%{S-1-5-32-554}\r\n\t\t%{S-1-5-32-560}\r\n\t\t%{S-1-5-2}\r\n\t\t%{S-1-5-11}\r\n\t\t%{S-1-5-15}\r\n\t\t%{S-1-5-21-1940215732-407848784-1427904796-1000}\r\n\t\t%{S-1-5-21-1940215732-407848784-1427904796-516}\r\n\t\t%{S-1-5-9}\r\n\t\t%{S-1-18-1}\r\n\t\t%{S-1-5-21-1940215732-407848784-1427904796-572}\r\n\t\t%{S-1-16-16384}"}}}
{"Event":{"#attributes":{"xmlns":"http://schemas.microsoft.com/win/2004/08/events/event"},"System":{"Provider":{"#attributes":{"Name":"Microsoft-Windows-Security-Auditing","Guid":"54849625-5478-4994-A5BA-3E3B0328C30D"}},"EventID":4634,"Version":0,"Level":0,"Task":12545,"Opcode":0,"Keywords":"0x8020000000000000","TimeCreated":{"#attributes":{"SystemTime":"2026-06-23T05:16:23.262808Z"}},"EventRecordID":1062608,"Correlation":null,"Execution":{"#attributes":{"ProcessID":840,"ThreadID":3620}},"Channel":"Security","Computer":"DC1.blues.lab","Security":null},"EventData":{"TargetUserSid":"S-1-5-18","TargetUserName":"DC1$","TargetDomainName":"BLUES","TargetLogonId":"0x38c32e","LogonType":3}}}
{"Event":{"#attributes":{"xmlns":"http://schemas.microsoft.com/win/2004/08/events/event"},"System":{"Provider":{"#attributes":{"Name":"Microsoft-Windows-Security-Auditing","Guid":"54849625-5478-4994-A5BA-3E3B0328C30D"}},"EventID":4662,"Version":0,"Level":0,"Task":14080,"Opcode":0,"Keywords":"0x8020000000000000","TimeCreated":{"#attributes":{"SystemTime":"2026-06-23T05:16:30.823342Z"}},"EventRecordID":1062609,"Correlation":null,"Execution":{"#attributes":{"ProcessID":840,"ThreadID":976}},"Channel":"Security","Computer":"DC1.blues.lab","Security":null},"EventData":{"SubjectUserSid":"S-1-5-18","SubjectUserName":"DC1$","SubjectDomainName":"BLUES","SubjectLogonId":"0xde048","ObjectServer":"DS","ObjectType":"%{bf967a86-0de6-11d0-a285-00aa003049e2}","ObjectName":"%{d7c67890-5766-4bf4-8155-5f24899f30a0}","OperationType":"Object Access","HandleId":"0x0","AccessList":"%%7684","AccessMask":"0x10","Properties":"%%7684\r\n\t\t{e48d0154-bcf8-11d1-8702-00c04fb96050}\r\n\t\t\t{26d97369-6070-11d1-a9c6-0000f80367c1}\r\n\t{bf967a86-0de6-11d0-a285-00aa003049e2}","AdditionalInfo":"-","AdditionalInfo2":""}}}
{"Event":{"#attributes":{"xmlns":"http://schemas.microsoft.com/win/2004/08/events/event"},"System":{"Provider":{"#attributes":{"Name":"Microsoft-Windows-Security-Auditing","Guid":"54849625-5478-4994-A5BA-3E3B0328C30D"}},"EventID":4662,"Version":0,"Level":0,"Task":14080,"Opcode":0,"Keywords":"0x8020000000000000","TimeCreated":{"#attributes":{"SystemTime":"2026-06-23T05:16:30.823347Z"}},"EventRecordID":1062610,"Correlation":null,"Execution":{"#attributes":{"ProcessID":840,"ThreadID":976}},"Channel":"Security","Computer":"DC1.blues.lab","Security":null},"EventData":{"SubjectUserSid":"S-1-5-18","SubjectUserName":"DC1$","SubjectDomainName":"BLUES","SubjectLogonId":"0xde048","ObjectServer":"DS","ObjectType":"%{bf967aa5-0de6-11d0-a285-00aa003049e2}","ObjectName":"%{64f467f3-e999-4572-a858-8f9ed6b882ba}","OperationType":"Object Access","HandleId":"0x0","AccessList":"%%7682","AccessMask":"0x4","Properties":"%%7682\r\n\t{bf967aa5-0de6-11d0-a285-00aa003049e2}","AdditionalInfo":"-","AdditionalInfo2":""}}}
{"Event":{"#attributes":{"xmlns":"http://schemas.microsoft.com/win/2004/08/events/event"},"System":{"Provider":{"#attributes":{"Name":"Microsoft-Windows-Security-Auditing","Guid":"54849625-5478-4994-A5BA-3E3B0328C30D"}},"EventID":4662,"Version":0,"Level":0,"Task":14080,"Opcode":0,"Keywords":"0x8020000000000000","TimeCreated":{"#attributes":{"SystemTime":"2026-06-23T05:16:30.823353Z"}},"EventRecordID":1062611,"Correlation":null,"Execution":{"#attributes":{"ProcessID":840,"ThreadID":976}},"Channel":"Security","Computer":"DC1.blues.lab","Security":null},"EventData":{"SubjectUserSid":"S-1-5-18","SubjectUserName":"DC1$","SubjectDomainName":"BLUES","SubjectLogonId":"0xde048","ObjectServer":"DS","ObjectType":"%{bf967a86-0de6-11d0-a285-00aa003049e2}","ObjectName":"%{d7c67890-5766-4bf4-8155-5f24899f30a0}","OperationType":"Object Access","HandleId":"0x0","AccessList":"%%7684","AccessMask":"0x10","Properties":"%%7684\r\n\t\t{771727b1-31b8-4cdf-ae62-4fe39fadf89e}\r\n\t\t\t{bf967a6f-0de6-11d0-a285-00aa003049e2}\r\n\t{bf967a86-0de6-11d0-a285-00aa003049e2}","AdditionalInfo":"-","AdditionalInfo2":""}}}
{"Event":{"#attributes":{"xmlns":"http://schemas.microsoft.com/win/2004/08/events/event"},"System":{"Provider":{"#attributes":{"Name":"Microsoft-Windows-Security-Auditing","Guid":"54849625-5478-4994-A5BA-3E3B0328C30D"}},"EventID":4662,"Version":0,"Level":0,"Task":14080,"Opcode":0,"Keywords":"0x8020000000000000","TimeCreated":{"#attributes":{"SystemTime":"2026-06-23T05:16:30.823697Z"}},"EventRecordID":1062612,"Correlation":null,"Execution":{"#attributes":{"ProcessID":840,"ThreadID":976}},"Channel":"Security","Computer":"DC1.blues.lab","Security":null},"EventData":{"SubjectUserSid":"S-1-5-18","SubjectUserName":"DC1$","SubjectDomainName":"BLUES","SubjectLogonId":"0xde048","ObjectServer":"DS","ObjectType":"%{bf967a86-0de6-11d0-a285-00aa003049e2}","ObjectName":"%{d7c67890-5766-4bf4-8155-5f24899f30a0}","OperationType":"Object Access","HandleId":"0x0","AccessList":"%%7684","AccessMask":"0x10","Properties":"%%7684\r\n\t\t{e48d0154-bcf8-11d1-8702-00c04fb96050}\r\n\t\t\t{26d97369-6070-11d1-a9c6-0000f80367c1}\r\n\t{bf967a86-0de6-11d0-a285-00aa003049e2}","AdditionalInfo":"-","AdditionalInfo2":""}}}
{"Event":{"#attributes":{"xmlns":"http://schemas.microsoft.com/win/2004/08/events/event"},"System":{"Provider":{"#attributes":{"Name":"Microsoft-Windows-Security-Auditing","Guid":"54849625-5478-4994-A5BA-3E3B0328C30D"}},"EventID":4662,"Version":0,"Level":0,"Task":14080,"Opcode":0,"Keywords":"0x8020000000000000","TimeCreated":{"#attributes":{"SystemTime":"2026-06-23T05:16:30.823701Z"}},"EventRecordID":1062613,"Correlation":null,"Execution":{"#attributes":{"ProcessID":840,"ThreadID":976}},"Channel":"Security","Computer":"DC1.blues.lab","Security":null},"EventData":{"SubjectUserSid":"S-1-5-18","SubjectUserName":"DC1$","SubjectDomainName":"BLUES","SubjectLogonId":"0xde048","ObjectServer":"DS","ObjectType":"%{bf967aa5-0de6-11d0-a285-00aa003049e2}","ObjectName":"%{64f467f3-e999-4572-a858-8f9ed6b882ba}","OperationType":"Object Access","HandleId":"0x0","AccessList":"%%7682","AccessMask":"0x4","Properties":"%%7682\r\n\t{bf967aa5-0de6-11d0-a285-00aa003049e2}","AdditionalInfo":"-","AdditionalInfo2":""}}}
{"Event":{"#attributes":{"xmlns":"http://schemas.microsoft.com/win/2004/08/events/event"},"System":{"Provider":{"#attributes":{"Name":"Microsoft-Windows-Security-Auditing","Guid":"54849625-5478-4994-A5BA-3E3B0328C30D"}},"EventID":4662,"Version":0,"Level":0,"Task":14080,"Opcode":0,"Keywords":"0x8020000000000000","TimeCreated":{"#attributes":{"SystemTime":"2026-06-23T05:16:30.823706Z"}},"EventRecordID":1062614,"Correlation":null,"Execution":{"#attributes":{"ProcessID":840,"ThreadID":976}},"Channel":"Security","Computer":"DC1.blues.lab","Security":null},"EventData":{"SubjectUserSid":"S-1-5-18","SubjectUserName":"DC1$","SubjectDomainName":"BLUES","SubjectLogonId":"0xde048","ObjectServer":"DS","ObjectType":"%{bf967a86-0de6-11d0-a285-00aa003049e2}","ObjectName":"%{d7c67890-5766-4bf4-8155-5f24899f30a0}","OperationType":"Object Access","HandleId":"0x0","AccessList":"%%7684","AccessMask":"0x10","Properties":"%%7684\r\n\t\t{771727b1-31b8-4cdf-ae62-4fe39fadf89e}\r\n\t\t\t{bf967a6f-0de6-11d0-a285-00aa003049e2}\r\n\t{bf967a86-0de6-11d0-a285-00aa003049e2}","AdditionalInfo":"-","AdditionalInfo2":""}}}
{"Event":{"#attributes":{"xmlns":"http://schemas.microsoft.com/win/2004/08/events/event"},"System":{"Provider":{"#attributes":{"Name":"Microsoft-Windows-Security-Auditing","Guid":"54849625-5478-4994-A5BA-3E3B0328C30D"}},"EventID":4662,"Version":0,"Level":0,"Task":14080,"Opcode":0,"Keywords":"0x8020000000000000","TimeCreated":{"#attributes":{"SystemTime":"2026-06-23T05:16:30.827220Z"}},"EventRecordID":1062615,"Correlation":null,"Execution":{"#attributes":{"ProcessID":840,"ThreadID":976}},"Channel":"Security","Computer":"DC1.blues.lab","Security":null},"EventData":{"SubjectUserSid":"S-1-5-18","SubjectUserName":"DC1$","SubjectDomainName":"BLUES","SubjectLogonId":"0xde048","ObjectServer":"DS","ObjectType":"%{bf967a86-0de6-11d0-a285-00aa003049e2}","ObjectName":"%{d7c67890-5766-4bf4-8155-5f24899f30a0}","OperationType":"Object Access","HandleId":"0x0","AccessList":"%%7684","AccessMask":"0x10","Properties":"%%7684\r\n\t\t{e48d0154-bcf8-11d1-8702-00c04fb96050}\r\n\t\t\t{26d97369-6070-11d1-a9c6-0000f80367c1}\r\n\t\t{59ba2f42-79a2-11d0-9020-00c04fc2d3cf}\r\n\t\t\t{3e0abfd0-126a-11d0-a060-00aa006c33ed}\r\n\t{bf967a86-0de6-11d0-a285-00aa003049e2}","AdditionalInfo":"-","AdditionalInfo2":""}}}
{"Event":{"#attributes":{"xmlns":"http://schemas.microsoft.com/win/2004/08/events/event"},"System":{"Provider":{"#attributes":{"Name":"Microsoft-Windows-Security-Auditing","Guid":"54849625-5478-4994-A5BA-3E3B0328C30D"}},"EventID":4662,"Version":0,"Level":0,"Task":14080,"Opcode":0,"Keywords":"0x8020000000000000","TimeCreated":{"#attributes":{"SystemTime":"2026-06-23T05:16:30.827226Z"}},"EventRecordID":1062616,"Correlation":null,"Execution":{"#attributes":{"ProcessID":840,"ThreadID":976}},"Channel":"Security","Computer":"DC1.blues.lab","Security":null},"EventData":{"SubjectUserSid":"S-1-5-18","SubjectUserName":"DC1$","SubjectDomainName":"BLUES","SubjectLogonId":"0xde048","ObjectServer":"DS","ObjectType":"%{bf967aa5-0de6-11d0-a285-00aa003049e2}","ObjectName":"%{64f467f3-e999-4572-a858-8f9ed6b882ba}","OperationType":"Object Access","HandleId":"0x0","AccessList":"%%7682","AccessMask":"0x4","Properties":"%%7682\r\n\t{bf967aa5-0de6-11d0-a285-00aa003049e2}","AdditionalInfo":"-","AdditionalInfo2":""}}}
{"Event":{"#attributes":{"xmlns":"http://schemas.microsoft.com/win/2004/08/events/event"},"System":{"Provider":{"#attributes":{"Name":"Microsoft-Windows-Security-Auditing","Guid":"54849625-5478-4994-A5BA-3E3B0328C30D"}},"EventID":4662,"Version":0,"Level":0,"Task":14080,"Opcode":0,"Keywords":"0x8020000000000000","TimeCreated":{"#attributes":{"SystemTime":"2026-06-23T05:16:30.827241Z"}},"EventRecordID":1062617,"Correlation":null,"Execution":{"#attributes":{"ProcessID":840,"ThreadID":976}},"Channel":"Security","Computer":"DC1.blues.lab","Security":null},"EventData":{"SubjectUserSid":"S-1-5-18","SubjectUserName":"DC1$","SubjectDomainName":"BLUES","SubjectLogonId":"0xde048","ObjectServer":"DS","ObjectType":"%{bf967a86-0de6-11d0-a285-00aa003049e2}","ObjectName":"%{d7c67890-5766-4bf4-8155-5f24899f30a0}","OperationType":"Object Access","HandleId":"0x0","AccessList":"%%7684","AccessMask":"0x10","Properties":"%%7684\r\n\t{bf967a86-0de6-11d0-a285-00aa003049e2}\r\n\t\t{e48d0154-bcf8-11d1-8702-00c04fb96050}\r\n\t\t\t{bf96793f-0de6-11d0-a285-00aa003049e2}\r\n\t\t\t{bf9679e4-0de6-11d0-a285-00aa003049e2}\r\n\t\t\t{bf9679e7-0de6-11d0-a285-00aa003049e2}\r\n\t\t\t{f3a64788-5306-11d1-a9c5-0000f80367c1}\r\n\t\t{771727b1-31b8-4cdf-ae62-4fe39fadf89e}\r\n\t\t\t{26d9736d-6070-11d1-a9c6-0000f80367c1}\r\n\t\t\t{26d9736e-6070-11d1-a9c6-0000f80367c1}\r\n\t\t\t{bf967a6f-0de6-11d0-a285-00aa003049e2}\r\n\t\t{72e39547-7b18-11d1-adef-00c04fd8d5cd}\r\n\t\t\t{72e39547-7b18-11d1-adef-00c04fd8d5cd}","AdditionalInfo":"-","AdditionalInfo2":""}}}
{"Event":{"#attributes":{"xmlns":"http://schemas.microsoft.com/win/2004/08/events/event"},"System":{"Provider":{"#attributes":{"Name":"Microsoft-Windows-Security-Auditing","Guid":"54849625-5478-4994-A5BA-3E3B0328C30D"}},"EventID":4662,"Version":0,"Level":0,"Task":14080,"Opcode":0,"Keywords":"0x8020000000000000","TimeCreated":{"#attributes":{"SystemTime":"2026-06-23T05:16:30.835323Z"}},"EventRecordID":1062618,"Correlation":null,"Execution":{"#attributes":{"ProcessID":840,"ThreadID":976}},"Channel":"Security","Computer":"DC1.blues.lab","Security":null},"EventData":{"SubjectUserSid":"S-1-5-18","SubjectUserName":"DC1$","SubjectDomainName":"BLUES","SubjectLogonId":"0xde048","ObjectServer":"DS","ObjectType":"%{bf967a86-0de6-11d0-a285-00aa003049e2}","ObjectName":"%{d7c67890-5766-4bf4-8155-5f24899f30a0}","OperationType":"Object Access","HandleId":"0x0","AccessList":"%%7684","AccessMask":"0x10","Properties":"%%7684\r\n\t\t{e48d0154-bcf8-11d1-8702-00c04fb96050}\r\n\t\t\t{26d97369-6070-11d1-a9c6-0000f80367c1}\r\n\t{bf967a86-0de6-11d0-a285-00aa003049e2}","AdditionalInfo":"-","AdditionalInfo2":""}}}
{"Event":{"#attributes":{"xmlns":"http://schemas.microsoft.com/win/2004/08/events/event"},"System":{"Provider":{"#attributes":{"Name":"Microsoft-Windows-Security-Auditing","Guid":"54849625-5478-4994-A5BA-3E3B0328C30D"}},"EventID":4662,"Version":0,"Level":0,"Task":14080,"Opcode":0,"Keywords":"0x8020000000000000","TimeCreated":{"#attributes":{"SystemTime":"2026-06-23T05:16:30.835329Z"}},"EventRecordID":1062619,"Correlation":null,"Execution":{"#attributes":{"ProcessID":840,"ThreadID":976}},"Channel":"Security","Computer":"DC1.blues.lab","Security":null},"EventData":{"SubjectUserSid":"S-1-5-18","SubjectUserName":"DC1$","SubjectDomainName":"BLUES","SubjectLogonId":"0xde048","ObjectServer":"DS","ObjectType":"%{bf967aa5-0de6-11d0-a285-00aa003049e2}","ObjectName":"%{64f467f3-e999-4572-a858-8f9ed6b882ba}","OperationType":"Object Access","HandleId":"0x0","AccessList":"%%7682","AccessMask":"0x4","Properties":"%%7682\r\n\t{bf967aa5-0de6-11d0-a285-00aa003049e2}","AdditionalInfo":"-","AdditionalInfo2":""}}}
{"Event":{"#attributes":{"xmlns":"http://schemas.microsoft.com/win/2004/08/events/event"},"System":{"Provider":{"#attributes":{"Name":"Microsoft-Windows-Security-Auditing","Guid":"54849625-5478-4994-A5BA-3E3B0328C30D"}},"EventID":4662,"Version":0,"Level":0,"Task":14080,"Opcode":0,"Keywords":"0x8020000000000000","TimeCreated":{"#attributes":{"SystemTime":"2026-06-23T05:16:30.835341Z"}},"EventRecordID":1062620,"Correlation":null,"Execution":{"#attributes":{"ProcessID":840,"ThreadID":976}},"Channel":"Security","Computer":"DC1.blues.lab","Security":null},"EventData":{"SubjectUserSid":"S-1-5-18","SubjectUserName":"DC1$","SubjectDomainName":"BLUES","SubjectLogonId":"0xde048","ObjectServer":"DS","ObjectType":"%{bf967a86-0de6-11d0-a285-00aa003049e2}","ObjectName":"%{d7c67890-5766-4bf4-8155-5f24899f30a0}","OperationType":"Object Access","HandleId":"0x0","AccessList":"%%7684","AccessMask":"0x10","Properties":"%%7684\r\n\t{bf967a86-0de6-11d0-a285-00aa003049e2}\r\n\t\t{e48d0154-bcf8-11d1-8702-00c04fb96050}\r\n\t\t\t{bf96793f-0de6-11d0-a285-00aa003049e2}\r\n\t\t\t{bf9679e4-0de6-11d0-a285-00aa003049e2}\r\n\t\t\t{bf9679e7-0de6-11d0-a285-00aa003049e2}\r\n\t\t{771727b1-31b8-4cdf-ae62-4fe39fadf89e}\r\n\t\t\t{bf967a6f-0de6-11d0-a285-00aa003049e2}\r\n\t\t\t{26d9736d-6070-11d1-a9c6-0000f80367c1}\r\n\t\t\t{26d9736e-6070-11d1-a9c6-0000f80367c1}\r\n\t\t{72e39547-7b18-11d1-adef-00c04fd8d5cd}\r\n\t\t\t{72e39547-7b18-11d1-adef-00c04fd8d5cd}","AdditionalInfo":"-","AdditionalInfo2":""}}}
{"Event":{"#attributes":{"xmlns":"http://schemas.microsoft.com/win/2004/08/events/event"},"System":{"Provider":{"#attributes":{"Name":"Microsoft-Windows-Security-Auditing","Guid":"54849625-5478-4994-A5BA-3E3B0328C30D"}},"EventID":4662,"Version":0,"Level":0,"Task":14080,"Opcode":0,"Keywords":"0x8020000000000000","TimeCreated":{"#attributes":{"SystemTime":"2026-06-23T05:16:30.835348Z"}},"EventRecordID":1062621,"Correlation":null,"Execution":{"#attributes":{"ProcessID":840,"ThreadID":976}},"Channel":"Security","Computer":"DC1.blues.lab","Security":null},"EventData":{"SubjectUserSid":"S-1-5-18","SubjectUserName":"DC1$","SubjectDomainName":"BLUES","SubjectLogonId":"0xde048","ObjectServer":"DS","ObjectType":"%{fa85c591-197f-477e-83bd-ea5a43df2239}","ObjectName":"%{2dd7fef2-a377-46ad-8070-9168f1d150f5}","OperationType":"Object Access","HandleId":"0x0","AccessList":"%%7684","AccessMask":"0x10","Properties":"%%7684\r\n\t\t{e48d0154-bcf8-11d1-8702-00c04fb96050}\r\n\t\t\t{26d97369-6070-11d1-a9c6-0000f80367c1}\r\n\t{fa85c591-197f-477e-83bd-ea5a43df2239}","AdditionalInfo":"-","AdditionalInfo2":""}}}
{"Event":{"#attributes":{"xmlns":"http://schemas.microsoft.com/win/2004/08/events/event"},"System":{"Provider":{"#attributes":{"Name":"Microsoft-Windows-Security-Auditing","Guid":"54849625-5478-4994-A5BA-3E3B0328C30D"}},"EventID":4662,"Version":0,"Level":0,"Task":14080,"Opcode":0,"Keywords":"0x8020000000000000","TimeCreated":{"#attributes":{"SystemTime":"2026-06-23T05:16:30.835351Z"}},"EventRecordID":1062622,"Correlation":null,"Execution":{"#attributes":{"ProcessID":840,"ThreadID":976}},"Channel":"Security","Computer":"DC1.blues.lab","Security":null},"EventData":{"SubjectUserSid":"S-1-5-18","SubjectUserName":"DC1$","SubjectDomainName":"BLUES","SubjectLogonId":"0xde048","ObjectServer":"DS","ObjectType":"%{bf967a86-0de6-11d0-a285-00aa003049e2}","ObjectName":"%{d7c67890-5766-4bf4-8155-5f24899f30a0}","OperationType":"Object Access","HandleId":"0x0","AccessList":"%%7682","AccessMask":"0x4","Properties":"%%7682\r\n\t{bf967a86-0de6-11d0-a285-00aa003049e2}","AdditionalInfo":"-","AdditionalInfo2":""}}}
{"Event":{"#attributes":{"xmlns":"http://schemas.microsoft.com/win/2004/08/events/event"},"System":{"Provider":{"#attributes":{"Name":"Microsoft-Windows-Security-Auditing","Guid":"54849625-5478-4994-A5BA-3E3B0328C30D"}},"EventID":4662,"Version":0,"Level":0,"Task":14080,"Opcode":0,"Keywords":"0x8020000000000000","TimeCreated":{"#attributes":{"SystemTime":"2026-06-23T05:16:30.835361Z"}},"EventRecordID":1062623,"Correlation":null,"Execution":{"#attributes":{"ProcessID":840,"ThreadID":976}},"Channel":"Security","Computer":"DC1.blues.lab","Security":null},"EventData":{"SubjectUserSid":"S-1-5-18","SubjectUserName":"DC1$","SubjectDomainName":"BLUES","SubjectLogonId":"0xde048","ObjectServer":"DS","ObjectType":"%{fa85c591-197f-477e-83bd-ea5a43df2239}","ObjectName":"%{2dd7fef2-a377-46ad-8070-9168f1d150f5}","OperationType":"Object Access","HandleId":"0x0","AccessList":"%%7684","AccessMask":"0x10","Properties":"%%7684\r\n\t{fa85c591-197f-477e-83bd-ea5a43df2239}\r\n\t\t{e48d0154-bcf8-11d1-8702-00c04fb96050}\r\n\t\t\t{bf96793f-0de6-11d0-a285-00aa003049e2}\r\n\t\t\t{bf9679e4-0de6-11d0-a285-00aa003049e2}\r\n\t\t\t{bf9679e7-0de6-11d0-a285-00aa003049e2}\r\n\t\t{771727b1-31b8-4cdf-ae62-4fe39fadf89e}\r\n\t\t\t{bf967a6f-0de6-11d0-a285-00aa003049e2}\r\n\t\t\t{1a861408-38c3-49ea-ba75-85481a77c655}\r\n\t\t\t{fe515695-3f61-45c8-9bfa-19c148c57b09}","AdditionalInfo":"-","AdditionalInfo2":""}}}
{"Event":{"#attributes":{"xmlns":"http://schemas.microsoft.com/win/2004/08/events/event"},"System":{"Provider":{"#attributes":{"Name":"Microsoft-Windows-Security-Auditing","Guid":"54849625-5478-4994-A5BA-3E3B0328C30D"}},"EventID":4662,"Version":0,"Level":0,"Task":14080,"Opcode":0,"Keywords":"0x8020000000000000","TimeCreated":{"#attributes":{"SystemTime":"2026-06-23T05:16:30.835366Z"}},"EventRecordID":1062624,"Correlation":null,"Execution":{"#attributes":{"ProcessID":840,"ThreadID":976}},"Channel":"Security","Computer":"DC1.blues.lab","Security":null},"EventData":{"SubjectUserSid":"S-1-5-18","SubjectUserName":"DC1$","SubjectDomainName":"BLUES","SubjectLogonId":"0xde048","ObjectServer":"DS","ObjectType":"%{e11505d7-92c4-43e7-bf5c-295832ffc896}","ObjectName":"%{33e3f536-3bf6-4ea9-8c94-193b60b6219f}","OperationType":"Object Access","HandleId":"0x0","AccessList":"%%7684","AccessMask":"0x10","Properties":"%%7684\r\n\t\t{e48d0154-bcf8-11d1-8702-00c04fb96050}\r\n\t\t\t{26d97369-6070-11d1-a9c6-0000f80367c1}\r\n\t{e11505d7-92c4-43e7-bf5c-295832ffc896}","AdditionalInfo":"-","AdditionalInfo2":""}}}
{"Event":{"#attributes":{"xmlns":"http://schemas.microsoft.com/win/2004/08/events/event"},"System":{"Provider":{"#attributes":{"Name":"Microsoft-Windows-Security-Auditing","Guid":"54849625-5478-4994-A5BA-3E3B0328C30D"}},"EventID":4662,"Version":0,"Level":0,"Task":14080,"Opcode":0,"Keywords":"0x8020000000000000","TimeCreated":{"#attributes":{"SystemTime":"2026-06-23T05:16:30.835369Z"}},"EventRecordID":1062625,"Correlation":null,"Execution":{"#attributes":{"ProcessID":840,"ThreadID":976}},"Channel":"Security","Computer":"DC1.blues.lab","Security":null},"EventData":{"SubjectUserSid":"S-1-5-18","SubjectUserName":"DC1$","SubjectDomainName":"BLUES","SubjectLogonId":"0xde048","ObjectServer":"DS","ObjectType":"%{fa85c591-197f-477e-83bd-ea5a43df2239}","ObjectName":"%{2dd7fef2-a377-46ad-8070-9168f1d150f5}","OperationType":"Object Access","HandleId":"0x0","AccessList":"%%7682","AccessMask":"0x4","Properties":"%%7682\r\n\t{fa85c591-197f-477e-83bd-ea5a43df2239}","AdditionalInfo":"-","AdditionalInfo2":""}}}
{"Event":{"#attributes":{"xmlns":"http://schemas.microsoft.com/win/2004/08/events/event"},"System":{"Provider":{"#attributes":{"Name":"Microsoft-Windows-Security-Auditing","Guid":"54849625-5478-4994-A5BA-3E3B0328C30D"}},"EventID":4662,"Version":0,"Level":0,"Task":14080,"Opcode":0,"Keywords":"0x8020000000000000","TimeCreated":{"#attributes":{"SystemTime":"2026-06-23T05:16:30.835378Z"}},"EventRecordID":1062626,"Correlation":null,"Execution":{"#attributes":{"ProcessID":840,"ThreadID":976}},"Channel":"Security","Computer":"DC1.blues.lab","Security":null},"EventData":{"SubjectUserSid":"S-1-5-18","SubjectUserName":"DC1$","SubjectDomainName":"BLUES","SubjectLogonId":"0xde048","ObjectServer":"DS","ObjectType":"%{e11505d7-92c4-43e7-bf5c-295832ffc896}","ObjectName":"%{33e3f536-3bf6-4ea9-8c94-193b60b6219f}","OperationType":"Object Access","HandleId":"0x0","AccessList":"%%7684","AccessMask":"0x10","Properties":"%%7684\r\n\t\t{e48d0154-bcf8-11d1-8702-00c04fb96050}\r\n\t\t\t{bf96793f-0de6-11d0-a285-00aa003049e2}\r\n\t\t\t{bf9679e4-0de6-11d0-a285-00aa003049e2}\r\n\t\t\t{bf9679e7-0de6-11d0-a285-00aa003049e2}\r\n\t\t{771727b1-31b8-4cdf-ae62-4fe39fadf89e}\r\n\t\t\t{bf967a6f-0de6-11d0-a285-00aa003049e2}\r\n\t\t\t{261337aa-f1c3-44b2-bbea-c88d49e6f0c7}\r\n\t{e11505d7-92c4-43e7-bf5c-295832ffc896}","AdditionalInfo":"-","AdditionalInfo2":""}}}
{"Event":{"#attributes":{"xmlns":"http://schemas.microsoft.com/win/2004/08/events/event"},"System":{"Provider":{"#attributes":{"Name":"Microsoft-Windows-Security-Auditing","Guid":"54849625-5478-4994-A5BA-3E3B0328C30D"}},"EventID":4662,"Version":0,"Level":0,"Task":14080,"Opcode":0,"Keywords":"0x8020000000000000","TimeCreated":{"#attributes":{"SystemTime":"2026-06-23T05:16:30.835383Z"}},"EventRecordID":1062627,"Correlation":null,"Execution":{"#attributes":{"ProcessID":840,"ThreadID":976}},"Channel":"Security","Computer":"DC1.blues.lab","Security":null},"EventData":{"SubjectUserSid":"S-1-5-18","SubjectUserName":"DC1$","SubjectDomainName":"BLUES","SubjectLogonId":"0xde048","ObjectServer":"DS","ObjectType":"%{67212414-7bcc-4609-87e0-088dad8abdee}","ObjectName":"%{d094a519-648c-4964-a6a5-b6c13d23c719}","OperationType":"Object Access","HandleId":"0x0","AccessList":"%%7684","AccessMask":"0x10","Properties":"%%7684\r\n\t\t{e48d0154-bcf8-11d1-8702-00c04fb96050}\r\n\t\t\t{26d97369-6070-11d1-a9c6-0000f80367c1}\r\n\t{67212414-7bcc-4609-87e0-088dad8abdee}","AdditionalInfo":"-","AdditionalInfo2":""}}}
{"Event":{"#attributes":{"xmlns":"http://schemas.microsoft.com/win/2004/08/events/event"},"System":{"Provider":{"#attributes":{"Name":"Microsoft-Windows-Security-Auditing","Guid":"54849625-5478-4994-A5BA-3E3B0328C30D"}},"EventID":4662,"Version":0,"Level":0,"Task":14080,"Opcode":0,"Keywords":"0x8020000000000000","TimeCreated":{"#attributes":{"SystemTime":"2026-06-23T05:16:30.835387Z"}},"EventRecordID":1062628,"Correlation":null,"Execution":{"#attributes":{"ProcessID":840,"ThreadID":976}},"Channel":"Security","Computer":"DC1.blues.lab","Security":null},"EventData":{"SubjectUserSid":"S-1-5-18","SubjectUserName":"DC1$","SubjectDomainName":"BLUES","SubjectLogonId":"0xde048","ObjectServer":"DS","ObjectType":"%{e11505d7-92c4-43e7-bf5c-295832ffc896}","ObjectName":"%{33e3f536-3bf6-4ea9-8c94-193b60b6219f}","OperationType":"Object Access","HandleId":"0x0","AccessList":"%%7682","AccessMask":"0x4","Properties":"%%7682\r\n\t{e11505d7-92c4-43e7-bf5c-295832ffc896}","AdditionalInfo":"-","AdditionalInfo2":""}}}
{"Event":{"#attributes":{"xmlns":"http://schemas.microsoft.com/win/2004/08/events/event"},"System":{"Provider":{"#attributes":{"Name":"Microsoft-Windows-Security-Auditing","Guid":"54849625-5478-4994-A5BA-3E3B0328C30D"}},"EventID":4662,"Version":0,"Level":0,"Task":14080,"Opcode":0,"Keywords":"0x8020000000000000","TimeCreated":{"#attributes":{"SystemTime":"2026-06-23T05:16:30.835409Z"}},"EventRecordID":1062629,"Correlation":null,"Execution":{"#attributes":{"ProcessID":840,"ThreadID":976}},"Channel":"Security","Computer":"DC1.blues.lab","Security":null},"EventData":{"SubjectUserSid":"S-1-5-18","SubjectUserName":"DC1$","SubjectDomainName":"BLUES","SubjectLogonId":"0xde048","ObjectServer":"DS","ObjectType":"%{67212414-7bcc-4609-87e0-088dad8abdee}","ObjectName":"%{d094a519-648c-4964-a6a5-b6c13d23c719}","OperationType":"Object Access","HandleId":"0x0","AccessList":"%%7684","AccessMask":"0x10","Properties":"%%7684\r\n\t{67212414-7bcc-4609-87e0-088dad8abdee}\r\n\t\t{e48d0154-bcf8-11d1-8702-00c04fb96050}\r\n\t\t\t{bf96793f-0de6-11d0-a285-00aa003049e2}\r\n\t\t\t{bf9679e4-0de6-11d0-a285-00aa003049e2}\r\n\t\t\t{bf9679e7-0de6-11d0-a285-00aa003049e2}\r\n\t\t{771727b1-31b8-4cdf-ae62-4fe39fadf89e}\r\n\t\t\t{bf967a6f-0de6-11d0-a285-00aa003049e2}\r\n\t\t\t{bf967a70-0de6-11d0-a285-00aa003049e2}\r\n\t\t\t{d7d5e8c1-e61f-464f-9fcf-20bbe0a2ec54}\r\n\t\t\t{90b769ac-4413-43cf-ad7a-867142e740a3}\r\n\t\t\t{86b9a69e-f0a6-405d-99bb-77d977992c2a}\r\n\t\t\t{250a8f20-f6fc-4559-ae65-e4b24c67aebe}\r\n\t\t\t{5cf0bcc8-60f7-4bff-bda6-aea0344eb151}\r\n\t\t\t{9ad33fc9-aacf-4299-bb3e-d1fc6ea88e49}\r\n\t\t\t{03726ae7-8e7d-4446-8aae-a91657c00993}\r\n\t\t\t{d6d67084-c720-417d-8647-b696237a114c}\r\n\t\t\t{1035a8e1-67a8-4c21-b7bb-031cdf99d7a0}\r\n\t\t\t{51928e94-2cd8-4abe-b552-e50412444370}\r\n\t\t\t{5ac48021-e447-46e7-9d23-92c0c6a90dfb}\r\n\t\t\t{db7a08e7-fc76-4569-a45f-f5ecb66a88b5}\r\n\t\t\t{4c5d607a-ce49-444a-9862-82a95f5d1fcc}\r\n\t\t\t{2ab0e48d-ac4e-4afc-83e5-a34240db6198}","AdditionalInfo":"-","AdditionalInfo2":""}}}
{"Event":{"#attributes":{"xmlns":"http://schemas.microsoft.com/win/2004/08/events/event"},"System":{"Provider":{"#attributes":{"Name":"Microsoft-Windows-Security-Auditing","Guid":"54849625-5478-4994-A5BA-3E3B0328C30D"}},"EventID":4662,"Version":0,"Level":0,"Task":14080,"Opcode":0,"Keywords":"0x8020000000000000","TimeCreated":{"#attributes":{"SystemTime":"2026-06-23T05:16:30.835415Z"}},"EventRecordID":1062630,"Correlation":null,"Execution":{"#attributes":{"ProcessID":840,"ThreadID":976}},"Channel":"Security","Computer":"DC1.blues.lab","Security":null},"EventData":{"SubjectUserSid":"S-1-5-18","SubjectUserName":"DC1$","SubjectDomainName":"BLUES","SubjectLogonId":"0xde048","ObjectServer":"DS","ObjectType":"%{19195a5b-6da0-11d0-afd3-00c04fd930c9}","ObjectName":"%{5206e6c4-9bf2-48cf-96fd-aa43f219c623}","OperationType":"Object Access","HandleId":"0x0","AccessList":"%%7684","AccessMask":"0x10","Properties":"%%7684\r\n\t\t{e48d0154-bcf8-11d1-8702-00c04fb96050}\r\n\t\t\t{26d97369-6070-11d1-a9c6-0000f80367c1}\r\n\t{19195a5b-6da0-11d0-afd3-00c04fd930c9}","AdditionalInfo":"-","AdditionalInfo2":""}}}
{"Event":{"#attributes":{"xmlns":"http://schemas.microsoft.com/win/2004/08/events/event"},"System":{"Provider":{"#attributes":{"Name":"Microsoft-Windows-Security-Auditing","Guid":"54849625-5478-4994-A5BA-3E3B0328C30D"}},"EventID":4662,"Version":0,"Level":0,"Task":14080,"Opcode":0,"Keywords":"0x8020000000000000","TimeCreated":{"#attributes":{"SystemTime":"2026-06-23T05:16:30.835422Z"}},"EventRecordID":1062631,"Correlation":null,"Execution":{"#attributes":{"ProcessID":840,"ThreadID":976}},"Channel":"Security","Computer":"DC1.blues.lab","Security":null},"EventData":{"SubjectUserSid":"S-1-5-18","SubjectUserName":"DC1$","SubjectDomainName":"BLUES","SubjectLogonId":"0xde048","ObjectServer":"DS","ObjectType":"%{19195a5b-6da0-11d0-afd3-00c04fd930c9}","ObjectName":"%{5206e6c4-9bf2-48cf-96fd-aa43f219c623}","OperationType":"Object Access","HandleId":"0x0","AccessList":"%%7684","AccessMask":"0x10","Properties":"%%7684\r\n\t\t{e48d0154-bcf8-11d1-8702-00c04fb96050}\r\n\t\t\t{bf9679e7-0de6-11d0-a285-00aa003049e2}\r\n\t\t{771727b1-31b8-4cdf-ae62-4fe39fadf89e}\r\n\t\t\t{d31a8757-2447-4545-8081-3bb610cacbf2}\r\n\t{19195a5b-6da0-11d0-afd3-00c04fd930c9}","AdditionalInfo":"-","AdditionalInfo2":""}}}
{"Event":{"#attributes":{"xmlns":"http://schemas.microsoft.com/win/2004/08/events/event"},"System":{"Provider":{"#attributes":{"Name":"Microsoft-Windows-Security-Auditing","Guid":"54849625-5478-4994-A5BA-3E3B0328C30D"}},"EventID":4662,"Version":0,"Level":0,"Task":14080,"Opcode":0,"Keywords":"0x8020000000000000","TimeCreated":{"#attributes":{"SystemTime":"2026-06-23T05:16:30.835427Z"}},"EventRecordID":1062632,"Correlation":null,"Execution":{"#attributes":{"ProcessID":840,"ThreadID":976}},"Channel":"Security","Computer":"DC1.blues.lab","Security":null},"EventData":{"SubjectUserSid":"S-1-5-18","SubjectUserName":"DC1$","SubjectDomainName":"BLUES","SubjectLogonId":"0xde048","ObjectServer":"DS","ObjectType":"%{7b35dbad-b3ec-486a-aad4-2fec9d6ea6f6}","ObjectName":"%{7eb8897e-ff61-4b2f-a0c0-8d52251ce3e0}","OperationType":"Object Access","HandleId":"0x0","AccessList":"%%7684","AccessMask":"0x10","Properties":"%%7684\r\n\t\t{e48d0154-bcf8-11d1-8702-00c04fb96050}\r\n\t\t\t{26d97369-6070-11d1-a9c6-0000f80367c1}\r\n\t{7b35dbad-b3ec-486a-aad4-2fec9d6ea6f6}","AdditionalInfo":"-","AdditionalInfo2":""}}}
{"Event":{"#attributes":{"xmlns":"http://schemas.microsoft.com/win/2004/08/events/event"},"System":{"Provider":{"#attributes":{"Name":"Microsoft-Windows-Security-Auditing","Guid":"54849625-5478-4994-A5BA-3E3B0328C30D"}},"EventID":4662,"Version":0,"Level":0,"Task":14080,"Opcode":0,"Keywords":"0x8020000000000000","TimeCreated":{"#attributes":{"SystemTime":"2026-06-23T05:16:30.835430Z"}},"EventRecordID":1062633,"Correlation":null,"Execution":{"#attributes":{"ProcessID":840,"ThreadID":976}},"Channel":"Security","Computer":"DC1.blues.lab","Security":null},"EventData":{"SubjectUserSid":"S-1-5-18","SubjectUserName":"DC1$","SubjectDomainName":"BLUES","SubjectLogonId":"0xde048","ObjectServer":"DS","ObjectType":"%{bf967a8b-0de6-11d0-a285-00aa003049e2}","ObjectName":"%{551f5579-3b7c-4525-82ce-fa5ba9f559e9}","OperationType":"Object Access","HandleId":"0x0","AccessList":"%%7682","AccessMask":"0x4","Properties":"%%7682\r\n\t{bf967a8b-0de6-11d0-a285-00aa003049e2}","AdditionalInfo":"-","AdditionalInfo2":""}}}
{"Event":{"#attributes":{"xmlns":"http://schemas.microsoft.com/win/2004/08/events/event"},"System":{"Provider":{"#attributes":{"Name":"Microsoft-Windows-Security-Auditing","Guid":"54849625-5478-4994-A5BA-3E3B0328C30D"}},"EventID":4662,"Version":0,"Level":0,"Task":14080,"Opcode":0,"Keywords":"0x8020000000000000","TimeCreated":{"#attributes":{"SystemTime":"2026-06-23T05:16:30.835439Z"}},"EventRecordID":1062634,"Correlation":null,"Execution":{"#attributes":{"ProcessID":840,"ThreadID":976}},"Channel":"Security","Computer":"DC1.blues.lab","Security":null},"EventData":{"SubjectUserSid":"S-1-5-18","SubjectUserName":"DC1$","SubjectDomainName":"BLUES","SubjectLogonId":"0xde048","ObjectServer":"DS","ObjectType":"%{7b35dbad-b3ec-486a-aad4-2fec9d6ea6f6}","ObjectName":"%{7eb8897e-ff61-4b2f-a0c0-8d52251ce3e0}","OperationType":"Object Access","HandleId":"0x0","AccessList":"%%7684","AccessMask":"0x10","Properties":"%%7684\r\n\t\t{e48d0154-bcf8-11d1-8702-00c04fb96050}\r\n\t\t\t{bf96793f-0de6-11d0-a285-00aa003049e2}\r\n\t\t\t{bf9679e4-0de6-11d0-a285-00aa003049e2}\r\n\t\t\t{bf9679e7-0de6-11d0-a285-00aa003049e2}\r\n\t\t{771727b1-31b8-4cdf-ae62-4fe39fadf89e}\r\n\t\t\t{bf967a6f-0de6-11d0-a285-00aa003049e2}\r\n\t\t\t{fe515695-3f61-45c8-9bfa-19c148c57b09}\r\n\t{7b35dbad-b3ec-486a-aad4-2fec9d6ea6f6}","AdditionalInfo":"-","AdditionalInfo2":""}}}
{"Event":{"#attributes":{"xmlns":"http://schemas.microsoft.com/win/2004/08/events/event"},"System":{"Provider":{"#attributes":{"Name":"Microsoft-Windows-Security-Auditing","Guid":"54849625-5478-4994-A5BA-3E3B0328C30D"}},"EventID":4662,"Version":0,"Level":0,"Task":14080,"Opcode":0,"Keywords":"0x8020000000000000","TimeCreated":{"#attributes":{"SystemTime":"2026-06-23T05:16:30.835443Z"}},"EventRecordID":1062635,"Correlation":null,"Execution":{"#attributes":{"ProcessID":840,"ThreadID":976}},"Channel":"Security","Computer":"DC1.blues.lab","Security":null},"EventData":{"SubjectUserSid":"S-1-5-18","SubjectUserName":"DC1$","SubjectDomainName":"BLUES","SubjectLogonId":"0xde048","ObjectServer":"DS","ObjectType":"%{7b35dbad-b3ec-486a-aad4-2fec9d6ea6f6}","ObjectName":"%{7eb8897e-ff61-4b2f-a0c0-8d52251ce3e0}","OperationType":"Object Access","HandleId":"0x0","AccessList":"%%7684","AccessMask":"0x10","Properties":"%%7684\r\n\t\t{e48d0154-bcf8-11d1-8702-00c04fb96050}\r\n\t\t\t{26d97369-6070-11d1-a9c6-0000f80367c1}\r\n\t{7b35dbad-b3ec-486a-aad4-2fec9d6ea6f6}","AdditionalInfo":"-","AdditionalInfo2":""}}}
