{"Event":{"#attributes":{"xmlns":"http://schemas.microsoft.com/win/2004/08/events/event"},"System":{"Provider":{"#attributes":{"Name":"Microsoft-Windows-Security-Auditing","Guid":"54849625-5478-4994-A5BA-3E3B0328C30D"}},"EventID":4662,"Version":0,"Level":0,"Task":14080,"Opcode":0,"Keywords":"0x8020000000000000","TimeCreated":{"#attributes":{"SystemTime":"2026-06-23T05:13:28.511776Z"}},"EventRecordID":1062324,"Correlation":null,"Execution":{"#attributes":{"ProcessID":840,"ThreadID":976}},"Channel":"Security","Computer":"DC1.blues.lab","Security":null},"EventData":{"SubjectUserSid":"S-1-5-21-1940215732-407848784-1427904796-500","SubjectUserName":"Administrator","SubjectDomainName":"BLUES","SubjectLogonId":"0x134ab9","ObjectServer":"DS","ObjectType":"%{bf967aba-0de6-11d0-a285-00aa003049e2}","ObjectName":"%{41770456-0d3b-449a-97f8-3a4bbdc57484}","OperationType":"Object Access","HandleId":"0x0","AccessList":"%%7684","AccessMask":"0x10","Properties":"%%7684\r\n\t{bf967aba-0de6-11d0-a285-00aa003049e2}\r\n\t\t{e48d0154-bcf8-11d1-8702-00c04fb96050}\r\n\t\t\t{bf9679e5-0de6-11d0-a285-00aa003049e2}\r\n\t\t\t{bf967950-0de6-11d0-a285-00aa003049e2}\r\n\t\t\t{bf967a0e-0de6-11d0-a285-00aa003049e2}\r\n\t\t\t{e0fa1e62-9b45-11d0-afdd-00c04fd930c9}\r\n\t\t{4c164200-20c0-11d0-a768-00aa006e0529}\r\n\t\t\t{bf967a68-0de6-11d0-a285-00aa003049e2}\r\n\t\t{59ba2f42-79a2-11d0-9020-00c04fc2d3cf}\r\n\t\t\t{bf967953-0de6-11d0-a285-00aa003049e2}\r\n\t\t{771727b1-31b8-4cdf-ae62-4fe39fadf89e}\r\n\t\t\t{9a9a021e-4a5b-11d1-a9c3-0000f80367c1}","AdditionalInfo":"-","AdditionalInfo2":""}}}
{"Event":{"#attributes":{"xmlns":"http://schemas.microsoft.com/win/2004/08/events/event"},"System":{"Provider":{"#attributes":{"Name":"Microsoft-Windows-Security-Auditing","Guid":"54849625-5478-4994-A5BA-3E3B0328C30D"}},"EventID":4662,"Version":0,"Level":0,"Task":14080,"Opcode":0,"Keywords":"0x8020000000000000","TimeCreated":{"#attributes":{"SystemTime":"2026-06-23T05:13:28.511784Z"}},"EventRecordID":1062325,"Correlation":null,"Execution":{"#attributes":{"ProcessID":840,"ThreadID":976}},"Channel":"Security","Computer":"DC1.blues.lab","Security":null},"EventData":{"SubjectUserSid":"S-1-5-21-1940215732-407848784-1427904796-500","SubjectUserName":"Administrator","SubjectDomainName":"BLUES","SubjectLogonId":"0x134ab9","ObjectServer":"DS","ObjectType":"%{bf967a9c-0de6-11d0-a285-00aa003049e2}","ObjectName":"%{42e625d9-5d54-44ab-bc1b-53890764898a}","OperationType":"Object Access","HandleId":"0x0","AccessList":"%%7684","AccessMask":"0x10","Properties":"%%7684\r\n\t\t{e48d0154-bcf8-11d1-8702-00c04fb96050}\r\n\t\t\t{26d97369-6070-11d1-a9c6-0000f80367c1}\r\n\t{bf967a9c-0de6-11d0-a285-00aa003049e2}","AdditionalInfo":"-","AdditionalInfo2":""}}}
{"Event":{"#attributes":{"xmlns":"http://schemas.microsoft.com/win/2004/08/events/event"},"System":{"Provider":{"#attributes":{"Name":"Microsoft-Windows-Security-Auditing","Guid":"54849625-5478-4994-A5BA-3E3B0328C30D"}},"EventID":4662,"Version":0,"Level":0,"Task":14080,"Opcode":0,"Keywords":"0x8020000000000000","TimeCreated":{"#attributes":{"SystemTime":"2026-06-23T05:13:28.511846Z"}},"EventRecordID":1062326,"Correlation":null,"Execution":{"#attributes":{"ProcessID":840,"ThreadID":976}},"Channel":"Security","Computer":"DC1.blues.lab","Security":null},"EventData":{"SubjectUserSid":"S-1-5-21-1940215732-407848784-1427904796-500","SubjectUserName":"Administrator","SubjectDomainName":"BLUES","SubjectLogonId":"0x134ab9","ObjectServer":"DS","ObjectType":"%{bf967a9c-0de6-11d0-a285-00aa003049e2}","ObjectName":"%{42e625d9-5d54-44ab-bc1b-53890764898a}","OperationType":"Object Access","HandleId":"0x0","AccessList":"%%7684","AccessMask":"0x10","Properties":"%%7684\r\n\t{bf967a9c-0de6-11d0-a285-00aa003049e2}\r\n\t\t{e48d0154-bcf8-11d1-8702-00c04fb96050}\r\n\t\t\t{bf9679e5-0de6-11d0-a285-00aa003049e2}\r\n\t\t\t{bf967950-0de6-11d0-a285-00aa003049e2}\r\n\t\t\t{bf967a0e-0de6-11d0-a285-00aa003049e2}\r\n\t\t\t{e0fa1e62-9b45-11d0-afdd-00c04fd930c9}\r\n\t\t{4c164200-20c0-11d0-a768-00aa006e0529}\r\n\t\t\t{bf967a68-0de6-11d0-a285-00aa003049e2}\r\n\t\t{59ba2f42-79a2-11d0-9020-00c04fc2d3cf}\r\n\t\t\t{bf967953-0de6-11d0-a285-00aa003049e2}\r\n\t\t{771727b1-31b8-4cdf-ae62-4fe39fadf89e}\r\n\t\t\t{9a9a021e-4a5b-11d1-a9c3-0000f80367c1}","AdditionalInfo":"-","AdditionalInfo2":""}}}
{"Event":{"#attributes":{"xmlns":"http://schemas.microsoft.com/win/2004/08/events/event"},"System":{"Provider":{"#attributes":{"Name":"Microsoft-Windows-Security-Auditing","Guid":"54849625-5478-4994-A5BA-3E3B0328C30D"}},"EventID":4662,"Version":0,"Level":0,"Task":14080,"Opcode":0,"Keywords":"0x8020000000000000","TimeCreated":{"#attributes":{"SystemTime":"2026-06-23T05:13:28.511852Z"}},"EventRecordID":1062327,"Correlation":null,"Execution":{"#attributes":{"ProcessID":840,"ThreadID":976}},"Channel":"Security","Computer":"DC1.blues.lab","Security":null},"EventData":{"SubjectUserSid":"S-1-5-21-1940215732-407848784-1427904796-500","SubjectUserName":"Administrator","SubjectDomainName":"BLUES","SubjectLogonId":"0x134ab9","ObjectServer":"DS","ObjectType":"%{bf967aba-0de6-11d0-a285-00aa003049e2}","ObjectName":"%{3540cca0-2dd2-4148-a957-6975ec07c431}","OperationType":"Object Access","HandleId":"0x0","AccessList":"%%7684","AccessMask":"0x10","Properties":"%%7684\r\n\t\t{e48d0154-bcf8-11d1-8702-00c04fb96050}\r\n\t\t\t{26d97369-6070-11d1-a9c6-0000f80367c1}\r\n\t{bf967aba-0de6-11d0-a285-00aa003049e2}","AdditionalInfo":"-","AdditionalInfo2":""}}}
{"Event":{"#attributes":{"xmlns":"http://schemas.microsoft.com/win/2004/08/events/event"},"System":{"Provider":{"#attributes":{"Name":"Microsoft-Windows-Security-Auditing","Guid":"54849625-5478-4994-A5BA-3E3B0328C30D"}},"EventID":4662,"Version":0,"Level":0,"Task":14080,"Opcode":0,"Keywords":"0x8020000000000000","TimeCreated":{"#attributes":{"SystemTime":"2026-06-23T05:13:28.511905Z"}},"EventRecordID":1062328,"Correlation":null,"Execution":{"#attributes":{"ProcessID":840,"ThreadID":976}},"Channel":"Security","Computer":"DC1.blues.lab","Security":null},"EventData":{"SubjectUserSid":"S-1-5-21-1940215732-407848784-1427904796-500","SubjectUserName":"Administrator","SubjectDomainName":"BLUES","SubjectLogonId":"0x134ab9","ObjectServer":"DS","ObjectType":"%{bf967aba-0de6-11d0-a285-00aa003049e2}","ObjectName":"%{3540cca0-2dd2-4148-a957-6975ec07c431}","OperationType":"Object Access","HandleId":"0x0","AccessList":"%%7684","AccessMask":"0x10","Properties":"%%7684\r\n\t{bf967aba-0de6-11d0-a285-00aa003049e2}\r\n\t\t{e48d0154-bcf8-11d1-8702-00c04fb96050}\r\n\t\t\t{bf9679e5-0de6-11d0-a285-00aa003049e2}\r\n\t\t\t{bf967950-0de6-11d0-a285-00aa003049e2}\r\n\t\t\t{bf967a0e-0de6-11d0-a285-00aa003049e2}\r\n\t\t\t{e0fa1e62-9b45-11d0-afdd-00c04fd930c9}\r\n\t\t{4c164200-20c0-11d0-a768-00aa006e0529}\r\n\t\t\t{bf967a68-0de6-11d0-a285-00aa003049e2}\r\n\t\t{59ba2f42-79a2-11d0-9020-00c04fc2d3cf}\r\n\t\t\t{bf967953-0de6-11d0-a285-00aa003049e2}\r\n\t\t{771727b1-31b8-4cdf-ae62-4fe39fadf89e}\r\n\t\t\t{9a9a021e-4a5b-11d1-a9c3-0000f80367c1}","AdditionalInfo":"-","AdditionalInfo2":""}}}
{"Event":{"#attributes":{"xmlns":"http://schemas.microsoft.com/win/2004/08/events/event"},"System":{"Provider":{"#attributes":{"Name":"Microsoft-Windows-Security-Auditing","Guid":"54849625-5478-4994-A5BA-3E3B0328C30D"}},"EventID":4662,"Version":0,"Level":0,"Task":14080,"Opcode":0,"Keywords":"0x8020000000000000","TimeCreated":{"#attributes":{"SystemTime":"2026-06-23T05:13:28.511911Z"}},"EventRecordID":1062329,"Correlation":null,"Execution":{"#attributes":{"ProcessID":840,"ThreadID":976}},"Channel":"Security","Computer":"DC1.blues.lab","Security":null},"EventData":{"SubjectUserSid":"S-1-5-21-1940215732-407848784-1427904796-500","SubjectUserName":"Administrator","SubjectDomainName":"BLUES","SubjectLogonId":"0x134ab9","ObjectServer":"DS","ObjectType":"%{bf967a9c-0de6-11d0-a285-00aa003049e2}","ObjectName":"%{175da2d5-c962-486a-b488-a313995d5449}","OperationType":"Object Access","HandleId":"0x0","AccessList":"%%7684","AccessMask":"0x10","Properties":"%%7684\r\n\t\t{e48d0154-bcf8-11d1-8702-00c04fb96050}\r\n\t\t\t{26d97369-6070-11d1-a9c6-0000f80367c1}\r\n\t{bf967a9c-0de6-11d0-a285-00aa003049e2}","AdditionalInfo":"-","AdditionalInfo2":""}}}
{"Event":{"#attributes":{"xmlns":"http://schemas.microsoft.com/win/2004/08/events/event"},"System":{"Provider":{"#attributes":{"Name":"Microsoft-Windows-Security-Auditing","Guid":"54849625-5478-4994-A5BA-3E3B0328C30D"}},"EventID":4662,"Version":0,"Level":0,"Task":14080,"Opcode":0,"Keywords":"0x8020000000000000","TimeCreated":{"#attributes":{"SystemTime":"2026-06-23T05:13:28.511922Z"}},"EventRecordID":1062330,"Correlation":null,"Execution":{"#attributes":{"ProcessID":840,"ThreadID":976}},"Channel":"Security","Computer":"DC1.blues.lab","Security":null},"EventData":{"SubjectUserSid":"S-1-5-21-1940215732-407848784-1427904796-500","SubjectUserName":"Administrator","SubjectDomainName":"BLUES","SubjectLogonId":"0x134ab9","ObjectServer":"DS","ObjectType":"%{bf967a9c-0de6-11d0-a285-00aa003049e2}","ObjectName":"%{175da2d5-c962-486a-b488-a313995d5449}","OperationType":"Object Access","HandleId":"0x0","AccessList":"%%7684","AccessMask":"0x10","Properties":"%%7684\r\n\t{bf967a9c-0de6-11d0-a285-00aa003049e2}\r\n\t\t{e48d0154-bcf8-11d1-8702-00c04fb96050}\r\n\t\t\t{bf9679e5-0de6-11d0-a285-00aa003049e2}\r\n\t\t\t{bf967950-0de6-11d0-a285-00aa003049e2}\r\n\t\t\t{bf967a0e-0de6-11d0-a285-00aa003049e2}\r\n\t\t\t{e0fa1e62-9b45-11d0-afdd-00c04fd930c9}\r\n\t\t{4c164200-20c0-11d0-a768-00aa006e0529}\r\n\t\t\t{bf967a68-0de6-11d0-a285-00aa003049e2}\r\n\t\t{59ba2f42-79a2-11d0-9020-00c04fc2d3cf}\r\n\t\t\t{bf967953-0de6-11d0-a285-00aa003049e2}\r\n\t\t{771727b1-31b8-4cdf-ae62-4fe39fadf89e}\r\n\t\t\t{9a9a021e-4a5b-11d1-a9c3-0000f80367c1}","AdditionalInfo":"-","AdditionalInfo2":""}}}
{"Event":{"#attributes":{"xmlns":"http://schemas.microsoft.com/win/2004/08/events/event"},"System":{"Provider":{"#attributes":{"Name":"Microsoft-Windows-Security-Auditing","Guid":"54849625-5478-4994-A5BA-3E3B0328C30D"}},"EventID":4662,"Version":0,"Level":0,"Task":14080,"Opcode":0,"Keywords":"0x8020000000000000","TimeCreated":{"#attributes":{"SystemTime":"2026-06-23T05:13:28.512008Z"}},"EventRecordID":1062331,"Correlation":null,"Execution":{"#attributes":{"ProcessID":840,"ThreadID":976}},"Channel":"Security","Computer":"DC1.blues.lab","Security":null},"EventData":{"SubjectUserSid":"S-1-5-21-1940215732-407848784-1427904796-500","SubjectUserName":"Administrator","SubjectDomainName":"BLUES","SubjectLogonId":"0x134ab9","ObjectServer":"DS","ObjectType":"%{bf967a9c-0de6-11d0-a285-00aa003049e2}","ObjectName":"%{fc4eaedb-0e9a-4aec-b2b2-39d4bc68620f}","OperationType":"Object Access","HandleId":"0x0","AccessList":"%%7684","AccessMask":"0x10","Properties":"%%7684\r\n\t\t{e48d0154-bcf8-11d1-8702-00c04fb96050}\r\n\t\t\t{26d97369-6070-11d1-a9c6-0000f80367c1}\r\n\t{bf967a9c-0de6-11d0-a285-00aa003049e2}","AdditionalInfo":"-","AdditionalInfo2":""}}}
{"Event":{"#attributes":{"xmlns":"http://schemas.microsoft.com/win/2004/08/events/event"},"System":{"Provider":{"#attributes":{"Name":"Microsoft-Windows-Security-Auditing","Guid":"54849625-5478-4994-A5BA-3E3B0328C30D"}},"EventID":4662,"Version":0,"Level":0,"Task":14080,"Opcode":0,"Keywords":"0x8020000000000000","TimeCreated":{"#attributes":{"SystemTime":"2026-06-23T05:13:28.512026Z"}},"EventRecordID":1062332,"Correlation":null,"Execution":{"#attributes":{"ProcessID":840,"ThreadID":976}},"Channel":"Security","Computer":"DC1.blues.lab","Security":null},"EventData":{"SubjectUserSid":"S-1-5-21-1940215732-407848784-1427904796-500","SubjectUserName":"Administrator","SubjectDomainName":"BLUES","SubjectLogonId":"0x134ab9","ObjectServer":"DS","ObjectType":"%{bf967a9c-0de6-11d0-a285-00aa003049e2}","ObjectName":"%{fc4eaedb-0e9a-4aec-b2b2-39d4bc68620f}","OperationType":"Object Access","HandleId":"0x0","AccessList":"%%7684","AccessMask":"0x10","Properties":"%%7684\r\n\t{bf967a9c-0de6-11d0-a285-00aa003049e2}\r\n\t\t{e48d0154-bcf8-11d1-8702-00c04fb96050}\r\n\t\t\t{bf9679e5-0de6-11d0-a285-00aa003049e2}\r\n\t\t\t{bf967950-0de6-11d0-a285-00aa003049e2}\r\n\t\t\t{bf967a0e-0de6-11d0-a285-00aa003049e2}\r\n\t\t\t{e0fa1e62-9b45-11d0-afdd-00c04fd930c9}\r\n\t\t{4c164200-20c0-11d0-a768-00aa006e0529}\r\n\t\t\t{bf967a68-0de6-11d0-a285-00aa003049e2}\r\n\t\t{59ba2f42-79a2-11d0-9020-00c04fc2d3cf}\r\n\t\t\t{bf967953-0de6-11d0-a285-00aa003049e2}\r\n\t\t{771727b1-31b8-4cdf-ae62-4fe39fadf89e}\r\n\t\t\t{9a9a021e-4a5b-11d1-a9c3-0000f80367c1}","AdditionalInfo":"-","AdditionalInfo2":""}}}
{"Event":{"#attributes":{"xmlns":"http://schemas.microsoft.com/win/2004/08/events/event"},"System":{"Provider":{"#attributes":{"Name":"Microsoft-Windows-Security-Auditing","Guid":"54849625-5478-4994-A5BA-3E3B0328C30D"}},"EventID":4662,"Version":0,"Level":0,"Task":14080,"Opcode":0,"Keywords":"0x8020000000000000","TimeCreated":{"#attributes":{"SystemTime":"2026-06-23T05:13:28.512033Z"}},"EventRecordID":1062333,"Correlation":null,"Execution":{"#attributes":{"ProcessID":840,"ThreadID":976}},"Channel":"Security","Computer":"DC1.blues.lab","Security":null},"EventData":{"SubjectUserSid":"S-1-5-21-1940215732-407848784-1427904796-500","SubjectUserName":"Administrator","SubjectDomainName":"BLUES","SubjectLogonId":"0x134ab9","ObjectServer":"DS","ObjectType":"%{bf967a9c-0de6-11d0-a285-00aa003049e2}","ObjectName":"%{52298729-377b-4bf9-a6b4-61deca00ad12}","OperationType":"Object Access","HandleId":"0x0","AccessList":"%%7684","AccessMask":"0x10","Properties":"%%7684\r\n\t\t{e48d0154-bcf8-11d1-8702-00c04fb96050}\r\n\t\t\t{26d97369-6070-11d1-a9c6-0000f80367c1}\r\n\t{bf967a9c-0de6-11d0-a285-00aa003049e2}","AdditionalInfo":"-","AdditionalInfo2":""}}}
{"Event":{"#attributes":{"xmlns":"http://schemas.microsoft.com/win/2004/08/events/event"},"System":{"Provider":{"#attributes":{"Name":"Microsoft-Windows-Security-Auditing","Guid":"54849625-5478-4994-A5BA-3E3B0328C30D"}},"EventID":4662,"Version":0,"Level":0,"Task":14080,"Opcode":0,"Keywords":"0x8020000000000000","TimeCreated":{"#attributes":{"SystemTime":"2026-06-23T05:13:28.512049Z"}},"EventRecordID":1062334,"Correlation":null,"Execution":{"#attributes":{"ProcessID":840,"ThreadID":976}},"Channel":"Security","Computer":"DC1.blues.lab","Security":null},"EventData":{"SubjectUserSid":"S-1-5-21-1940215732-407848784-1427904796-500","SubjectUserName":"Administrator","SubjectDomainName":"BLUES","SubjectLogonId":"0x134ab9","ObjectServer":"DS","ObjectType":"%{bf967a9c-0de6-11d0-a285-00aa003049e2}","ObjectName":"%{52298729-377b-4bf9-a6b4-61deca00ad12}","OperationType":"Object Access","HandleId":"0x0","AccessList":"%%7684","AccessMask":"0x10","Properties":"%%7684\r\n\t{bf967a9c-0de6-11d0-a285-00aa003049e2}\r\n\t\t{e48d0154-bcf8-11d1-8702-00c04fb96050}\r\n\t\t\t{bf9679e5-0de6-11d0-a285-00aa003049e2}\r\n\t\t\t{bf967950-0de6-11d0-a285-00aa003049e2}\r\n\t\t\t{bf967a0e-0de6-11d0-a285-00aa003049e2}\r\n\t\t\t{e0fa1e62-9b45-11d0-afdd-00c04fd930c9}\r\n\t\t{4c164200-20c0-11d0-a768-00aa006e0529}\r\n\t\t\t{bf967a68-0de6-11d0-a285-00aa003049e2}\r\n\t\t{59ba2f42-79a2-11d0-9020-00c04fc2d3cf}\r\n\t\t\t{bf967953-0de6-11d0-a285-00aa003049e2}\r\n\t\t{771727b1-31b8-4cdf-ae62-4fe39fadf89e}\r\n\t\t\t{9a9a021e-4a5b-11d1-a9c3-0000f80367c1}","AdditionalInfo":"-","AdditionalInfo2":""}}}
{"Event":{"#attributes":{"xmlns":"http://schemas.microsoft.com/win/2004/08/events/event"},"System":{"Provider":{"#attributes":{"Name":"Microsoft-Windows-Security-Auditing","Guid":"54849625-5478-4994-A5BA-3E3B0328C30D"}},"EventID":4662,"Version":0,"Level":0,"Task":14080,"Opcode":0,"Keywords":"0x8020000000000000","TimeCreated":{"#attributes":{"SystemTime":"2026-06-23T05:13:28.512055Z"}},"EventRecordID":1062335,"Correlation":null,"Execution":{"#attributes":{"ProcessID":840,"ThreadID":976}},"Channel":"Security","Computer":"DC1.blues.lab","Security":null},"EventData":{"SubjectUserSid":"S-1-5-21-1940215732-407848784-1427904796-500","SubjectUserName":"Administrator","SubjectDomainName":"BLUES","SubjectLogonId":"0x134ab9","ObjectServer":"DS","ObjectType":"%{bf967a9c-0de6-11d0-a285-00aa003049e2}","ObjectName":"%{42bfd745-22fc-4fd3-8df6-c4a3693dbdb6}","OperationType":"Object Access","HandleId":"0x0","AccessList":"%%7684","AccessMask":"0x10","Properties":"%%7684\r\n\t\t{e48d0154-bcf8-11d1-8702-00c04fb96050}\r\n\t\t\t{26d97369-6070-11d1-a9c6-0000f80367c1}\r\n\t{bf967a9c-0de6-11d0-a285-00aa003049e2}","AdditionalInfo":"-","AdditionalInfo2":""}}}
{"Event":{"#attributes":{"xmlns":"http://schemas.microsoft.com/win/2004/08/events/event"},"System":{"Provider":{"#attributes":{"Name":"Microsoft-Windows-Security-Auditing","Guid":"54849625-5478-4994-A5BA-3E3B0328C30D"}},"EventID":4662,"Version":0,"Level":0,"Task":14080,"Opcode":0,"Keywords":"0x8020000000000000","TimeCreated":{"#attributes":{"SystemTime":"2026-06-23T05:13:28.512067Z"}},"EventRecordID":1062336,"Correlation":null,"Execution":{"#attributes":{"ProcessID":840,"ThreadID":976}},"Channel":"Security","Computer":"DC1.blues.lab","Security":null},"EventData":{"SubjectUserSid":"S-1-5-21-1940215732-407848784-1427904796-500","SubjectUserName":"Administrator","SubjectDomainName":"BLUES","SubjectLogonId":"0x134ab9","ObjectServer":"DS","ObjectType":"%{bf967a9c-0de6-11d0-a285-00aa003049e2}","ObjectName":"%{42bfd745-22fc-4fd3-8df6-c4a3693dbdb6}","OperationType":"Object Access","HandleId":"0x0","AccessList":"%%7684","AccessMask":"0x10","Properties":"%%7684\r\n\t{bf967a9c-0de6-11d0-a285-00aa003049e2}\r\n\t\t{e48d0154-bcf8-11d1-8702-00c04fb96050}\r\n\t\t\t{bf9679e5-0de6-11d0-a285-00aa003049e2}\r\n\t\t\t{bf967950-0de6-11d0-a285-00aa003049e2}\r\n\t\t\t{bf967a0e-0de6-11d0-a285-00aa003049e2}\r\n\t\t\t{e0fa1e62-9b45-11d0-afdd-00c04fd930c9}\r\n\t\t{4c164200-20c0-11d0-a768-00aa006e0529}\r\n\t\t\t{bf967a68-0de6-11d0-a285-00aa003049e2}\r\n\t\t{59ba2f42-79a2-11d0-9020-00c04fc2d3cf}\r\n\t\t\t{bf967953-0de6-11d0-a285-00aa003049e2}\r\n\t\t{771727b1-31b8-4cdf-ae62-4fe39fadf89e}\r\n\t\t\t{9a9a021e-4a5b-11d1-a9c3-0000f80367c1}","AdditionalInfo":"-","AdditionalInfo2":""}}}
{"Event":{"#attributes":{"xmlns":"http://schemas.microsoft.com/win/2004/08/events/event"},"System":{"Provider":{"#attributes":{"Name":"Microsoft-Windows-Security-Auditing","Guid":"54849625-5478-4994-A5BA-3E3B0328C30D"}},"EventID":4662,"Version":0,"Level":0,"Task":14080,"Opcode":0,"Keywords":"0x8020000000000000","TimeCreated":{"#attributes":{"SystemTime":"2026-06-23T05:13:28.512072Z"}},"EventRecordID":1062337,"Correlation":null,"Execution":{"#attributes":{"ProcessID":840,"ThreadID":976}},"Channel":"Security","Computer":"DC1.blues.lab","Security":null},"EventData":{"SubjectUserSid":"S-1-5-21-1940215732-407848784-1427904796-500","SubjectUserName":"Administrator","SubjectDomainName":"BLUES","SubjectLogonId":"0x134ab9","ObjectServer":"DS","ObjectType":"%{bf967a9c-0de6-11d0-a285-00aa003049e2}","ObjectName":"%{3e0108d9-bd35-4dad-bf15-17da4c31511a}","OperationType":"Object Access","HandleId":"0x0","AccessList":"%%7684","AccessMask":"0x10","Properties":"%%7684\r\n\t\t{e48d0154-bcf8-11d1-8702-00c04fb96050}\r\n\t\t\t{26d97369-6070-11d1-a9c6-0000f80367c1}\r\n\t{bf967a9c-0de6-11d0-a285-00aa003049e2}","AdditionalInfo":"-","AdditionalInfo2":""}}}
{"Event":{"#attributes":{"xmlns":"http://schemas.microsoft.com/win/2004/08/events/event"},"System":{"Provider":{"#attributes":{"Name":"Microsoft-Windows-Security-Auditing","Guid":"54849625-5478-4994-A5BA-3E3B0328C30D"}},"EventID":4662,"Version":0,"Level":0,"Task":14080,"Opcode":0,"Keywords":"0x8020000000000000","TimeCreated":{"#attributes":{"SystemTime":"2026-06-23T05:13:28.512084Z"}},"EventRecordID":1062338,"Correlation":null,"Execution":{"#attributes":{"ProcessID":840,"ThreadID":976}},"Channel":"Security","Computer":"DC1.blues.lab","Security":null},"EventData":{"SubjectUserSid":"S-1-5-21-1940215732-407848784-1427904796-500","SubjectUserName":"Administrator","SubjectDomainName":"BLUES","SubjectLogonId":"0x134ab9","ObjectServer":"DS","ObjectType":"%{bf967a9c-0de6-11d0-a285-00aa003049e2}","ObjectName":"%{3e0108d9-bd35-4dad-bf15-17da4c31511a}","OperationType":"Object Access","HandleId":"0x0","AccessList":"%%7684","AccessMask":"0x10","Properties":"%%7684\r\n\t{bf967a9c-0de6-11d0-a285-00aa003049e2}\r\n\t\t{e48d0154-bcf8-11d1-8702-00c04fb96050}\r\n\t\t\t{bf9679e5-0de6-11d0-a285-00aa003049e2}\r\n\t\t\t{bf967950-0de6-11d0-a285-00aa003049e2}\r\n\t\t\t{bf967a0e-0de6-11d0-a285-00aa003049e2}\r\n\t\t\t{e0fa1e62-9b45-11d0-afdd-00c04fd930c9}\r\n\t\t{4c164200-20c0-11d0-a768-00aa006e0529}\r\n\t\t\t{bf967a68-0de6-11d0-a285-00aa003049e2}\r\n\t\t{59ba2f42-79a2-11d0-9020-00c04fc2d3cf}\r\n\t\t\t{bf967953-0de6-11d0-a285-00aa003049e2}\r\n\t\t{771727b1-31b8-4cdf-ae62-4fe39fadf89e}\r\n\t\t\t{9a9a021e-4a5b-11d1-a9c3-0000f80367c1}","AdditionalInfo":"-","AdditionalInfo2":""}}}
{"Event":{"#attributes":{"xmlns":"http://schemas.microsoft.com/win/2004/08/events/event"},"System":{"Provider":{"#attributes":{"Name":"Microsoft-Windows-Security-Auditing","Guid":"54849625-5478-4994-A5BA-3E3B0328C30D"}},"EventID":4662,"Version":0,"Level":0,"Task":14080,"Opcode":0,"Keywords":"0x8020000000000000","TimeCreated":{"#attributes":{"SystemTime":"2026-06-23T05:13:28.512089Z"}},"EventRecordID":1062339,"Correlation":null,"Execution":{"#attributes":{"ProcessID":840,"ThreadID":976}},"Channel":"Security","Computer":"DC1.blues.lab","Security":null},"EventData":{"SubjectUserSid":"S-1-5-21-1940215732-407848784-1427904796-500","SubjectUserName":"Administrator","SubjectDomainName":"BLUES","SubjectLogonId":"0x134ab9","ObjectServer":"DS","ObjectType":"%{bf967a9c-0de6-11d0-a285-00aa003049e2}","ObjectName":"%{f820f0cc-bc58-426e-973d-bed18b5b3710}","OperationType":"Object Access","HandleId":"0x0","AccessList":"%%7684","AccessMask":"0x10","Properties":"%%7684\r\n\t\t{e48d0154-bcf8-11d1-8702-00c04fb96050}\r\n\t\t\t{26d97369-6070-11d1-a9c6-0000f80367c1}\r\n\t{bf967a9c-0de6-11d0-a285-00aa003049e2}","AdditionalInfo":"-","AdditionalInfo2":""}}}
{"Event":{"#attributes":{"xmlns":"http://schemas.microsoft.com/win/2004/08/events/event"},"System":{"Provider":{"#attributes":{"Name":"Microsoft-Windows-Security-Auditing","Guid":"54849625-5478-4994-A5BA-3E3B0328C30D"}},"EventID":4662,"Version":0,"Level":0,"Task":14080,"Opcode":0,"Keywords":"0x8020000000000000","TimeCreated":{"#attributes":{"SystemTime":"2026-06-23T05:13:28.512111Z"}},"EventRecordID":1062340,"Correlation":null,"Execution":{"#attributes":{"ProcessID":840,"ThreadID":976}},"Channel":"Security","Computer":"DC1.blues.lab","Security":null},"EventData":{"SubjectUserSid":"S-1-5-21-1940215732-407848784-1427904796-500","SubjectUserName":"Administrator","SubjectDomainName":"BLUES","SubjectLogonId":"0x134ab9","ObjectServer":"DS","ObjectType":"%{bf967a9c-0de6-11d0-a285-00aa003049e2}","ObjectName":"%{f820f0cc-bc58-426e-973d-bed18b5b3710}","OperationType":"Object Access","HandleId":"0x0","AccessList":"%%7684","AccessMask":"0x10","Properties":"%%7684\r\n\t{bf967a9c-0de6-11d0-a285-00aa003049e2}\r\n\t\t{e48d0154-bcf8-11d1-8702-00c04fb96050}\r\n\t\t\t{bf9679e5-0de6-11d0-a285-00aa003049e2}\r\n\t\t\t{bf967950-0de6-11d0-a285-00aa003049e2}\r\n\t\t\t{bf967a0e-0de6-11d0-a285-00aa003049e2}\r\n\t\t\t{e0fa1e62-9b45-11d0-afdd-00c04fd930c9}\r\n\t\t{4c164200-20c0-11d0-a768-00aa006e0529}\r\n\t\t\t{bf967a68-0de6-11d0-a285-00aa003049e2}\r\n\t\t{59ba2f42-79a2-11d0-9020-00c04fc2d3cf}\r\n\t\t\t{bf967953-0de6-11d0-a285-00aa003049e2}\r\n\t\t{771727b1-31b8-4cdf-ae62-4fe39fadf89e}\r\n\t\t\t{9a9a021e-4a5b-11d1-a9c3-0000f80367c1}","AdditionalInfo":"-","AdditionalInfo2":""}}}
{"Event":{"#attributes":{"xmlns":"http://schemas.microsoft.com/win/2004/08/events/event"},"System":{"Provider":{"#attributes":{"Name":"Microsoft-Windows-Security-Auditing","Guid":"54849625-5478-4994-A5BA-3E3B0328C30D"}},"EventID":4662,"Version":0,"Level":0,"Task":14080,"Opcode":0,"Keywords":"0x8020000000000000","TimeCreated":{"#attributes":{"SystemTime":"2026-06-23T05:13:28.512116Z"}},"EventRecordID":1062341,"Correlation":null,"Execution":{"#attributes":{"ProcessID":840,"ThreadID":976}},"Channel":"Security","Computer":"DC1.blues.lab","Security":null},"EventData":{"SubjectUserSid":"S-1-5-21-1940215732-407848784-1427904796-500","SubjectUserName":"Administrator","SubjectDomainName":"BLUES","SubjectLogonId":"0x134ab9","ObjectServer":"DS","ObjectType":"%{bf967a9c-0de6-11d0-a285-00aa003049e2}","ObjectName":"%{23544f18-bd04-4ea2-939c-aeef6c1a62fd}","OperationType":"Object Access","HandleId":"0x0","AccessList":"%%7684","AccessMask":"0x10","Properties":"%%7684\r\n\t\t{e48d0154-bcf8-11d1-8702-00c04fb96050}\r\n\t\t\t{26d97369-6070-11d1-a9c6-0000f80367c1}\r\n\t{bf967a9c-0de6-11d0-a285-00aa003049e2}","AdditionalInfo":"-","AdditionalInfo2":""}}}
{"Event":{"#attributes":{"xmlns":"http://schemas.microsoft.com/win/2004/08/events/event"},"System":{"Provider":{"#attributes":{"Name":"Microsoft-Windows-Security-Auditing","Guid":"54849625-5478-4994-A5BA-3E3B0328C30D"}},"EventID":4662,"Version":0,"Level":0,"Task":14080,"Opcode":0,"Keywords":"0x8020000000000000","TimeCreated":{"#attributes":{"SystemTime":"2026-06-23T05:13:28.512127Z"}},"EventRecordID":1062342,"Correlation":null,"Execution":{"#attributes":{"ProcessID":840,"ThreadID":976}},"Channel":"Security","Computer":"DC1.blues.lab","Security":null},"EventData":{"SubjectUserSid":"S-1-5-21-1940215732-407848784-1427904796-500","SubjectUserName":"Administrator","SubjectDomainName":"BLUES","SubjectLogonId":"0x134ab9","ObjectServer":"DS","ObjectType":"%{bf967a9c-0de6-11d0-a285-00aa003049e2}","ObjectName":"%{23544f18-bd04-4ea2-939c-aeef6c1a62fd}","OperationType":"Object Access","HandleId":"0x0","AccessList":"%%7684","AccessMask":"0x10","Properties":"%%7684\r\n\t{bf967a9c-0de6-11d0-a285-00aa003049e2}\r\n\t\t{e48d0154-bcf8-11d1-8702-00c04fb96050}\r\n\t\t\t{bf9679e5-0de6-11d0-a285-00aa003049e2}\r\n\t\t\t{bf967950-0de6-11d0-a285-00aa003049e2}\r\n\t\t\t{bf967a0e-0de6-11d0-a285-00aa003049e2}\r\n\t\t\t{e0fa1e62-9b45-11d0-afdd-00c04fd930c9}\r\n\t\t{4c164200-20c0-11d0-a768-00aa006e0529}\r\n\t\t\t{bf967a68-0de6-11d0-a285-00aa003049e2}\r\n\t\t{59ba2f42-79a2-11d0-9020-00c04fc2d3cf}\r\n\t\t\t{bf967953-0de6-11d0-a285-00aa003049e2}\r\n\t\t{771727b1-31b8-4cdf-ae62-4fe39fadf89e}\r\n\t\t\t{9a9a021e-4a5b-11d1-a9c3-0000f80367c1}","AdditionalInfo":"-","AdditionalInfo2":""}}}
{"Event":{"#attributes":{"xmlns":"http://schemas.microsoft.com/win/2004/08/events/event"},"System":{"Provider":{"#attributes":{"Name":"Microsoft-Windows-Security-Auditing","Guid":"54849625-5478-4994-A5BA-3E3B0328C30D"}},"EventID":4662,"Version":0,"Level":0,"Task":14080,"Opcode":0,"Keywords":"0x8020000000000000","TimeCreated":{"#attributes":{"SystemTime":"2026-06-23T05:13:28.512133Z"}},"EventRecordID":1062343,"Correlation":null,"Execution":{"#attributes":{"ProcessID":840,"ThreadID":976}},"Channel":"Security","Computer":"DC1.blues.lab","Security":null},"EventData":{"SubjectUserSid":"S-1-5-21-1940215732-407848784-1427904796-500","SubjectUserName":"Administrator","SubjectDomainName":"BLUES","SubjectLogonId":"0x134ab9","ObjectServer":"DS","ObjectType":"%{bf967a9c-0de6-11d0-a285-00aa003049e2}","ObjectName":"%{63a5d975-f76a-40ff-8772-7fdf1916b9d5}","OperationType":"Object Access","HandleId":"0x0","AccessList":"%%7684","AccessMask":"0x10","Properties":"%%7684\r\n\t\t{e48d0154-bcf8-11d1-8702-00c04fb96050}\r\n\t\t\t{26d97369-6070-11d1-a9c6-0000f80367c1}\r\n\t{bf967a9c-0de6-11d0-a285-00aa003049e2}","AdditionalInfo":"-","AdditionalInfo2":""}}}
{"Event":{"#attributes":{"xmlns":"http://schemas.microsoft.com/win/2004/08/events/event"},"System":{"Provider":{"#attributes":{"Name":"Microsoft-Windows-Security-Auditing","Guid":"54849625-5478-4994-A5BA-3E3B0328C30D"}},"EventID":4662,"Version":0,"Level":0,"Task":14080,"Opcode":0,"Keywords":"0x8020000000000000","TimeCreated":{"#attributes":{"SystemTime":"2026-06-23T05:13:28.512144Z"}},"EventRecordID":1062344,"Correlation":null,"Execution":{"#attributes":{"ProcessID":840,"ThreadID":976}},"Channel":"Security","Computer":"DC1.blues.lab","Security":null},"EventData":{"SubjectUserSid":"S-1-5-21-1940215732-407848784-1427904796-500","SubjectUserName":"Administrator","SubjectDomainName":"BLUES","SubjectLogonId":"0x134ab9","ObjectServer":"DS","ObjectType":"%{bf967a9c-0de6-11d0-a285-00aa003049e2}","ObjectName":"%{63a5d975-f76a-40ff-8772-7fdf1916b9d5}","OperationType":"Object Access","HandleId":"0x0","AccessList":"%%7684","AccessMask":"0x10","Properties":"%%7684\r\n\t{bf967a9c-0de6-11d0-a285-00aa003049e2}\r\n\t\t{e48d0154-bcf8-11d1-8702-00c04fb96050}\r\n\t\t\t{bf9679e5-0de6-11d0-a285-00aa003049e2}\r\n\t\t\t{bf967950-0de6-11d0-a285-00aa003049e2}\r\n\t\t\t{bf967a0e-0de6-11d0-a285-00aa003049e2}\r\n\t\t\t{e0fa1e62-9b45-11d0-afdd-00c04fd930c9}\r\n\t\t{4c164200-20c0-11d0-a768-00aa006e0529}\r\n\t\t\t{bf967a68-0de6-11d0-a285-00aa003049e2}\r\n\t\t{59ba2f42-79a2-11d0-9020-00c04fc2d3cf}\r\n\t\t\t{bf967953-0de6-11d0-a285-00aa003049e2}\r\n\t\t{771727b1-31b8-4cdf-ae62-4fe39fadf89e}\r\n\t\t\t{9a9a021e-4a5b-11d1-a9c3-0000f80367c1}","AdditionalInfo":"-","AdditionalInfo2":""}}}
{"Event":{"#attributes":{"xmlns":"http://schemas.microsoft.com/win/2004/08/events/event"},"System":{"Provider":{"#attributes":{"Name":"Microsoft-Windows-Security-Auditing","Guid":"54849625-5478-4994-A5BA-3E3B0328C30D"}},"EventID":4662,"Version":0,"Level":0,"Task":14080,"Opcode":0,"Keywords":"0x8020000000000000","TimeCreated":{"#attributes":{"SystemTime":"2026-06-23T05:13:28.512149Z"}},"EventRecordID":1062345,"Correlation":null,"Execution":{"#attributes":{"ProcessID":840,"ThreadID":976}},"Channel":"Security","Computer":"DC1.blues.lab","Security":null},"EventData":{"SubjectUserSid":"S-1-5-21-1940215732-407848784-1427904796-500","SubjectUserName":"Administrator","SubjectDomainName":"BLUES","SubjectLogonId":"0x134ab9","ObjectServer":"DS","ObjectType":"%{bf967a9c-0de6-11d0-a285-00aa003049e2}","ObjectName":"%{967f53e1-3c9b-4b96-9487-ff82ec02e3b0}","OperationType":"Object Access","HandleId":"0x0","AccessList":"%%7684","AccessMask":"0x10","Properties":"%%7684\r\n\t\t{e48d0154-bcf8-11d1-8702-00c04fb96050}\r\n\t\t\t{26d97369-6070-11d1-a9c6-0000f80367c1}\r\n\t{bf967a9c-0de6-11d0-a285-00aa003049e2}","AdditionalInfo":"-","AdditionalInfo2":""}}}
{"Event":{"#attributes":{"xmlns":"http://schemas.microsoft.com/win/2004/08/events/event"},"System":{"Provider":{"#attributes":{"Name":"Microsoft-Windows-Security-Auditing","Guid":"54849625-5478-4994-A5BA-3E3B0328C30D"}},"EventID":4662,"Version":0,"Level":0,"Task":14080,"Opcode":0,"Keywords":"0x8020000000000000","TimeCreated":{"#attributes":{"SystemTime":"2026-06-23T05:13:28.512161Z"}},"EventRecordID":1062346,"Correlation":null,"Execution":{"#attributes":{"ProcessID":840,"ThreadID":976}},"Channel":"Security","Computer":"DC1.blues.lab","Security":null},"EventData":{"SubjectUserSid":"S-1-5-21-1940215732-407848784-1427904796-500","SubjectUserName":"Administrator","SubjectDomainName":"BLUES","SubjectLogonId":"0x134ab9","ObjectServer":"DS","ObjectType":"%{bf967a9c-0de6-11d0-a285-00aa003049e2}","ObjectName":"%{967f53e1-3c9b-4b96-9487-ff82ec02e3b0}","OperationType":"Object Access","HandleId":"0x0","AccessList":"%%7684","AccessMask":"0x10","Properties":"%%7684\r\n\t{bf967a9c-0de6-11d0-a285-00aa003049e2}\r\n\t\t{e48d0154-bcf8-11d1-8702-00c04fb96050}\r\n\t\t\t{bf9679e5-0de6-11d0-a285-00aa003049e2}\r\n\t\t\t{bf967950-0de6-11d0-a285-00aa003049e2}\r\n\t\t\t{bf967a0e-0de6-11d0-a285-00aa003049e2}\r\n\t\t\t{e0fa1e62-9b45-11d0-afdd-00c04fd930c9}\r\n\t\t{4c164200-20c0-11d0-a768-00aa006e0529}\r\n\t\t\t{bf967a68-0de6-11d0-a285-00aa003049e2}\r\n\t\t{59ba2f42-79a2-11d0-9020-00c04fc2d3cf}\r\n\t\t\t{bf967953-0de6-11d0-a285-00aa003049e2}\r\n\t\t{771727b1-31b8-4cdf-ae62-4fe39fadf89e}\r\n\t\t\t{9a9a021e-4a5b-11d1-a9c3-0000f80367c1}","AdditionalInfo":"-","AdditionalInfo2":""}}}
{"Event":{"#attributes":{"xmlns":"http://schemas.microsoft.com/win/2004/08/events/event"},"System":{"Provider":{"#attributes":{"Name":"Microsoft-Windows-Security-Auditing","Guid":"54849625-5478-4994-A5BA-3E3B0328C30D"}},"EventID":4662,"Version":0,"Level":0,"Task":14080,"Opcode":0,"Keywords":"0x8020000000000000","TimeCreated":{"#attributes":{"SystemTime":"2026-06-23T05:13:28.512166Z"}},"EventRecordID":1062347,"Correlation":null,"Execution":{"#attributes":{"ProcessID":840,"ThreadID":976}},"Channel":"Security","Computer":"DC1.blues.lab","Security":null},"EventData":{"SubjectUserSid":"S-1-5-21-1940215732-407848784-1427904796-500","SubjectUserName":"Administrator","SubjectDomainName":"BLUES","SubjectLogonId":"0x134ab9","ObjectServer":"DS","ObjectType":"%{bf967a9c-0de6-11d0-a285-00aa003049e2}","ObjectName":"%{3c600b0a-fdeb-4a05-a620-ef9a14129305}","OperationType":"Object Access","HandleId":"0x0","AccessList":"%%7684","AccessMask":"0x10","Properties":"%%7684\r\n\t\t{e48d0154-bcf8-11d1-8702-00c04fb96050}\r\n\t\t\t{26d97369-6070-11d1-a9c6-0000f80367c1}\r\n\t{bf967a9c-0de6-11d0-a285-00aa003049e2}","AdditionalInfo":"-","AdditionalInfo2":""}}}
{"Event":{"#attributes":{"xmlns":"http://schemas.microsoft.com/win/2004/08/events/event"},"System":{"Provider":{"#attributes":{"Name":"Microsoft-Windows-Security-Auditing","Guid":"54849625-5478-4994-A5BA-3E3B0328C30D"}},"EventID":4662,"Version":0,"Level":0,"Task":14080,"Opcode":0,"Keywords":"0x8020000000000000","TimeCreated":{"#attributes":{"SystemTime":"2026-06-23T05:13:28.512178Z"}},"EventRecordID":1062348,"Correlation":null,"Execution":{"#attributes":{"ProcessID":840,"ThreadID":976}},"Channel":"Security","Computer":"DC1.blues.lab","Security":null},"EventData":{"SubjectUserSid":"S-1-5-21-1940215732-407848784-1427904796-500","SubjectUserName":"Administrator","SubjectDomainName":"BLUES","SubjectLogonId":"0x134ab9","ObjectServer":"DS","ObjectType":"%{bf967a9c-0de6-11d0-a285-00aa003049e2}","ObjectName":"%{3c600b0a-fdeb-4a05-a620-ef9a14129305}","OperationType":"Object Access","HandleId":"0x0","AccessList":"%%7684","AccessMask":"0x10","Properties":"%%7684\r\n\t{bf967a9c-0de6-11d0-a285-00aa003049e2}\r\n\t\t{e48d0154-bcf8-11d1-8702-00c04fb96050}\r\n\t\t\t{bf9679e5-0de6-11d0-a285-00aa003049e2}\r\n\t\t\t{bf967950-0de6-11d0-a285-00aa003049e2}\r\n\t\t\t{bf967a0e-0de6-11d0-a285-00aa003049e2}\r\n\t\t\t{e0fa1e62-9b45-11d0-afdd-00c04fd930c9}\r\n\t\t{4c164200-20c0-11d0-a768-00aa006e0529}\r\n\t\t\t{bf967a68-0de6-11d0-a285-00aa003049e2}\r\n\t\t{59ba2f42-79a2-11d0-9020-00c04fc2d3cf}\r\n\t\t\t{bf967953-0de6-11d0-a285-00aa003049e2}\r\n\t\t{771727b1-31b8-4cdf-ae62-4fe39fadf89e}\r\n\t\t\t{9a9a021e-4a5b-11d1-a9c3-0000f80367c1}","AdditionalInfo":"-","AdditionalInfo2":""}}}
{"Event":{"#attributes":{"xmlns":"http://schemas.microsoft.com/win/2004/08/events/event"},"System":{"Provider":{"#attributes":{"Name":"Microsoft-Windows-Security-Auditing","Guid":"54849625-5478-4994-A5BA-3E3B0328C30D"}},"EventID":4662,"Version":0,"Level":0,"Task":14080,"Opcode":0,"Keywords":"0x8020000000000000","TimeCreated":{"#attributes":{"SystemTime":"2026-06-23T05:13:28.512183Z"}},"EventRecordID":1062349,"Correlation":null,"Execution":{"#attributes":{"ProcessID":840,"ThreadID":976}},"Channel":"Security","Computer":"DC1.blues.lab","Security":null},"EventData":{"SubjectUserSid":"S-1-5-21-1940215732-407848784-1427904796-500","SubjectUserName":"Administrator","SubjectDomainName":"BLUES","SubjectLogonId":"0x134ab9","ObjectServer":"DS","ObjectType":"%{bf967a9c-0de6-11d0-a285-00aa003049e2}","ObjectName":"%{b1e34f5f-7c8c-4e71-8845-fd3e6ef87e35}","OperationType":"Object Access","HandleId":"0x0","AccessList":"%%7684","AccessMask":"0x10","Properties":"%%7684\r\n\t\t{e48d0154-bcf8-11d1-8702-00c04fb96050}\r\n\t\t\t{26d97369-6070-11d1-a9c6-0000f80367c1}\r\n\t{bf967a9c-0de6-11d0-a285-00aa003049e2}","AdditionalInfo":"-","AdditionalInfo2":""}}}
{"Event":{"#attributes":{"xmlns":"http://schemas.microsoft.com/win/2004/08/events/event"},"System":{"Provider":{"#attributes":{"Name":"Microsoft-Windows-Security-Auditing","Guid":"54849625-5478-4994-A5BA-3E3B0328C30D"}},"EventID":4662,"Version":0,"Level":0,"Task":14080,"Opcode":0,"Keywords":"0x8020000000000000","TimeCreated":{"#attributes":{"SystemTime":"2026-06-23T05:13:28.512368Z"}},"EventRecordID":1062350,"Correlation":null,"Execution":{"#attributes":{"ProcessID":840,"ThreadID":976}},"Channel":"Security","Computer":"DC1.blues.lab","Security":null},"EventData":{"SubjectUserSid":"S-1-5-21-1940215732-407848784-1427904796-500","SubjectUserName":"Administrator","SubjectDomainName":"BLUES","SubjectLogonId":"0x134ab9","ObjectServer":"DS","ObjectType":"%{bf967a9c-0de6-11d0-a285-00aa003049e2}","ObjectName":"%{b1e34f5f-7c8c-4e71-8845-fd3e6ef87e35}","OperationType":"Object Access","HandleId":"0x0","AccessList":"%%7684","AccessMask":"0x10","Properties":"%%7684\r\n\t{bf967a9c-0de6-11d0-a285-00aa003049e2}\r\n\t\t{e48d0154-bcf8-11d1-8702-00c04fb96050}\r\n\t\t\t{bf9679e5-0de6-11d0-a285-00aa003049e2}\r\n\t\t\t{bf967950-0de6-11d0-a285-00aa003049e2}\r\n\t\t\t{bf967a0e-0de6-11d0-a285-00aa003049e2}\r\n\t\t\t{e0fa1e62-9b45-11d0-afdd-00c04fd930c9}\r\n\t\t{4c164200-20c0-11d0-a768-00aa006e0529}\r\n\t\t\t{bf967a68-0de6-11d0-a285-00aa003049e2}\r\n\t\t{59ba2f42-79a2-11d0-9020-00c04fc2d3cf}\r\n\t\t\t{bf967953-0de6-11d0-a285-00aa003049e2}\r\n\t\t{771727b1-31b8-4cdf-ae62-4fe39fadf89e}\r\n\t\t\t{9a9a021e-4a5b-11d1-a9c3-0000f80367c1}","AdditionalInfo":"-","AdditionalInfo2":""}}}
{"Event":{"#attributes":{"xmlns":"http://schemas.microsoft.com/win/2004/08/events/event"},"System":{"Provider":{"#attributes":{"Name":"Microsoft-Windows-Security-Auditing","Guid":"54849625-5478-4994-A5BA-3E3B0328C30D"}},"EventID":4662,"Version":0,"Level":0,"Task":14080,"Opcode":0,"Keywords":"0x8020000000000000","TimeCreated":{"#attributes":{"SystemTime":"2026-06-23T05:13:28.512387Z"}},"EventRecordID":1062351,"Correlation":null,"Execution":{"#attributes":{"ProcessID":840,"ThreadID":976}},"Channel":"Security","Computer":"DC1.blues.lab","Security":null},"EventData":{"SubjectUserSid":"S-1-5-21-1940215732-407848784-1427904796-500","SubjectUserName":"Administrator","SubjectDomainName":"BLUES","SubjectLogonId":"0x134ab9","ObjectServer":"DS","ObjectType":"%{bf967a9c-0de6-11d0-a285-00aa003049e2}","ObjectName":"%{cd3fc9c2-4db8-43ab-a680-b89800982e7c}","OperationType":"Object Access","HandleId":"0x0","AccessList":"%%7684","AccessMask":"0x10","Properties":"%%7684\r\n\t\t{e48d0154-bcf8-11d1-8702-00c04fb96050}\r\n\t\t\t{26d97369-6070-11d1-a9c6-0000f80367c1}\r\n\t{bf967a9c-0de6-11d0-a285-00aa003049e2}","AdditionalInfo":"-","AdditionalInfo2":""}}}
{"Event":{"#attributes":{"xmlns":"http://schemas.microsoft.com/win/2004/08/events/event"},"System":{"Provider":{"#attributes":{"Name":"Microsoft-Windows-Security-Auditing","Guid":"54849625-5478-4994-A5BA-3E3B0328C30D"}},"EventID":4662,"Version":0,"Level":0,"Task":14080,"Opcode":0,"Keywords":"0x8020000000000000","TimeCreated":{"#attributes":{"SystemTime":"2026-06-23T05:13:28.512416Z"}},"EventRecordID":1062352,"Correlation":null,"Execution":{"#attributes":{"ProcessID":840,"ThreadID":976}},"Channel":"Security","Computer":"DC1.blues.lab","Security":null},"EventData":{"SubjectUserSid":"S-1-5-21-1940215732-407848784-1427904796-500","SubjectUserName":"Administrator","SubjectDomainName":"BLUES","SubjectLogonId":"0x134ab9","ObjectServer":"DS","ObjectType":"%{bf967a9c-0de6-11d0-a285-00aa003049e2}","ObjectName":"%{cd3fc9c2-4db8-43ab-a680-b89800982e7c}","OperationType":"Object Access","HandleId":"0x0","AccessList":"%%7684","AccessMask":"0x10","Properties":"%%7684\r\n\t{bf967a9c-0de6-11d0-a285-00aa003049e2}\r\n\t\t{e48d0154-bcf8-11d1-8702-00c04fb96050}\r\n\t\t\t{bf9679e5-0de6-11d0-a285-00aa003049e2}\r\n\t\t\t{bf967950-0de6-11d0-a285-00aa003049e2}\r\n\t\t\t{bf967a0e-0de6-11d0-a285-00aa003049e2}\r\n\t\t\t{e0fa1e62-9b45-11d0-afdd-00c04fd930c9}\r\n\t\t{4c164200-20c0-11d0-a768-00aa006e0529}\r\n\t\t\t{bf967a68-0de6-11d0-a285-00aa003049e2}\r\n\t\t{59ba2f42-79a2-11d0-9020-00c04fc2d3cf}\r\n\t\t\t{bf967953-0de6-11d0-a285-00aa003049e2}\r\n\t\t{771727b1-31b8-4cdf-ae62-4fe39fadf89e}\r\n\t\t\t{9a9a021e-4a5b-11d1-a9c3-0000f80367c1}","AdditionalInfo":"-","AdditionalInfo2":""}}}
{"Event":{"#attributes":{"xmlns":"http://schemas.microsoft.com/win/2004/08/events/event"},"System":{"Provider":{"#attributes":{"Name":"Microsoft-Windows-Security-Auditing","Guid":"54849625-5478-4994-A5BA-3E3B0328C30D"}},"EventID":4662,"Version":0,"Level":0,"Task":14080,"Opcode":0,"Keywords":"0x8020000000000000","TimeCreated":{"#attributes":{"SystemTime":"2026-06-23T05:13:28.512428Z"}},"EventRecordID":1062353,"Correlation":null,"Execution":{"#attributes":{"ProcessID":840,"ThreadID":976}},"Channel":"Security","Computer":"DC1.blues.lab","Security":null},"EventData":{"SubjectUserSid":"S-1-5-21-1940215732-407848784-1427904796-500","SubjectUserName":"Administrator","SubjectDomainName":"BLUES","SubjectLogonId":"0x134ab9","ObjectServer":"DS","ObjectType":"%{bf967a9c-0de6-11d0-a285-00aa003049e2}","ObjectName":"%{7909d313-e446-47b8-8557-6e4b59183497}","OperationType":"Object Access","HandleId":"0x0","AccessList":"%%7684","AccessMask":"0x10","Properties":"%%7684\r\n\t\t{e48d0154-bcf8-11d1-8702-00c04fb96050}\r\n\t\t\t{26d97369-6070-11d1-a9c6-0000f80367c1}\r\n\t{bf967a9c-0de6-11d0-a285-00aa003049e2}","AdditionalInfo":"-","AdditionalInfo2":""}}}
{"Event":{"#attributes":{"xmlns":"http://schemas.microsoft.com/win/2004/08/events/event"},"System":{"Provider":{"#attributes":{"Name":"Microsoft-Windows-Security-Auditing","Guid":"54849625-5478-4994-A5BA-3E3B0328C30D"}},"EventID":4662,"Version":0,"Level":0,"Task":14080,"Opcode":0,"Keywords":"0x8020000000000000","TimeCreated":{"#attributes":{"SystemTime":"2026-06-23T05:13:28.512453Z"}},"EventRecordID":1062354,"Correlation":null,"Execution":{"#attributes":{"ProcessID":840,"ThreadID":976}},"Channel":"Security","Computer":"DC1.blues.lab","Security":null},"EventData":{"SubjectUserSid":"S-1-5-21-1940215732-407848784-1427904796-500","SubjectUserName":"Administrator","SubjectDomainName":"BLUES","SubjectLogonId":"0x134ab9","ObjectServer":"DS","ObjectType":"%{bf967a9c-0de6-11d0-a285-00aa003049e2}","ObjectName":"%{7909d313-e446-47b8-8557-6e4b59183497}","OperationType":"Object Access","HandleId":"0x0","AccessList":"%%7684","AccessMask":"0x10","Properties":"%%7684\r\n\t{bf967a9c-0de6-11d0-a285-00aa003049e2}\r\n\t\t{e48d0154-bcf8-11d1-8702-00c04fb96050}\r\n\t\t\t{bf9679e5-0de6-11d0-a285-00aa003049e2}\r\n\t\t\t{bf967950-0de6-11d0-a285-00aa003049e2}\r\n\t\t\t{bf967a0e-0de6-11d0-a285-00aa003049e2}\r\n\t\t\t{e0fa1e62-9b45-11d0-afdd-00c04fd930c9}\r\n\t\t{4c164200-20c0-11d0-a768-00aa006e0529}\r\n\t\t\t{bf967a68-0de6-11d0-a285-00aa003049e2}\r\n\t\t{59ba2f42-79a2-11d0-9020-00c04fc2d3cf}\r\n\t\t\t{bf967953-0de6-11d0-a285-00aa003049e2}\r\n\t\t{771727b1-31b8-4cdf-ae62-4fe39fadf89e}\r\n\t\t\t{9a9a021e-4a5b-11d1-a9c3-0000f80367c1}","AdditionalInfo":"-","AdditionalInfo2":""}}}
{"Event":{"#attributes":{"xmlns":"http://schemas.microsoft.com/win/2004/08/events/event"},"System":{"Provider":{"#attributes":{"Name":"Microsoft-Windows-Security-Auditing","Guid":"54849625-5478-4994-A5BA-3E3B0328C30D"}},"EventID":4662,"Version":0,"Level":0,"Task":14080,"Opcode":0,"Keywords":"0x8020000000000000","TimeCreated":{"#attributes":{"SystemTime":"2026-06-23T05:13:28.512464Z"}},"EventRecordID":1062355,"Correlation":null,"Execution":{"#attributes":{"ProcessID":840,"ThreadID":976}},"Channel":"Security","Computer":"DC1.blues.lab","Security":null},"EventData":{"SubjectUserSid":"S-1-5-21-1940215732-407848784-1427904796-500","SubjectUserName":"Administrator","SubjectDomainName":"BLUES","SubjectLogonId":"0x134ab9","ObjectServer":"DS","ObjectType":"%{bf967a9c-0de6-11d0-a285-00aa003049e2}","ObjectName":"%{d68cd39c-06a8-4363-963a-129b98aca2a5}","OperationType":"Object Access","HandleId":"0x0","AccessList":"%%7684","AccessMask":"0x10","Properties":"%%7684\r\n\t\t{e48d0154-bcf8-11d1-8702-00c04fb96050}\r\n\t\t\t{26d97369-6070-11d1-a9c6-0000f80367c1}\r\n\t{bf967a9c-0de6-11d0-a285-00aa003049e2}","AdditionalInfo":"-","AdditionalInfo2":""}}}
{"Event":{"#attributes":{"xmlns":"http://schemas.microsoft.com/win/2004/08/events/event"},"System":{"Provider":{"#attributes":{"Name":"Microsoft-Windows-Security-Auditing","Guid":"54849625-5478-4994-A5BA-3E3B0328C30D"}},"EventID":4662,"Version":0,"Level":0,"Task":14080,"Opcode":0,"Keywords":"0x8020000000000000","TimeCreated":{"#attributes":{"SystemTime":"2026-06-23T05:13:28.512490Z"}},"EventRecordID":1062356,"Correlation":null,"Execution":{"#attributes":{"ProcessID":840,"ThreadID":976}},"Channel":"Security","Computer":"DC1.blues.lab","Security":null},"EventData":{"SubjectUserSid":"S-1-5-21-1940215732-407848784-1427904796-500","SubjectUserName":"Administrator","SubjectDomainName":"BLUES","SubjectLogonId":"0x134ab9","ObjectServer":"DS","ObjectType":"%{bf967a9c-0de6-11d0-a285-00aa003049e2}","ObjectName":"%{d68cd39c-06a8-4363-963a-129b98aca2a5}","OperationType":"Object Access","HandleId":"0x0","AccessList":"%%7684","AccessMask":"0x10","Properties":"%%7684\r\n\t{bf967a9c-0de6-11d0-a285-00aa003049e2}\r\n\t\t{e48d0154-bcf8-11d1-8702-00c04fb96050}\r\n\t\t\t{bf9679e5-0de6-11d0-a285-00aa003049e2}\r\n\t\t\t{bf967950-0de6-11d0-a285-00aa003049e2}\r\n\t\t\t{bf967a0e-0de6-11d0-a285-00aa003049e2}\r\n\t\t\t{e0fa1e62-9b45-11d0-afdd-00c04fd930c9}\r\n\t\t{4c164200-20c0-11d0-a768-00aa006e0529}\r\n\t\t\t{bf967a68-0de6-11d0-a285-00aa003049e2}\r\n\t\t{59ba2f42-79a2-11d0-9020-00c04fc2d3cf}\r\n\t\t\t{bf967953-0de6-11d0-a285-00aa003049e2}\r\n\t\t{771727b1-31b8-4cdf-ae62-4fe39fadf89e}\r\n\t\t\t{9a9a021e-4a5b-11d1-a9c3-0000f80367c1}","AdditionalInfo":"-","AdditionalInfo2":""}}}
{"Event":{"#attributes":{"xmlns":"http://schemas.microsoft.com/win/2004/08/events/event"},"System":{"Provider":{"#attributes":{"Name":"Microsoft-Windows-Security-Auditing","Guid":"54849625-5478-4994-A5BA-3E3B0328C30D"}},"EventID":4662,"Version":0,"Level":0,"Task":14080,"Opcode":0,"Keywords":"0x8020000000000000","TimeCreated":{"#attributes":{"SystemTime":"2026-06-23T05:13:28.512501Z"}},"EventRecordID":1062357,"Correlation":null,"Execution":{"#attributes":{"ProcessID":840,"ThreadID":976}},"Channel":"Security","Computer":"DC1.blues.lab","Security":null},"EventData":{"SubjectUserSid":"S-1-5-21-1940215732-407848784-1427904796-500","SubjectUserName":"Administrator","SubjectDomainName":"BLUES","SubjectLogonId":"0x134ab9","ObjectServer":"DS","ObjectType":"%{bf967a9c-0de6-11d0-a285-00aa003049e2}","ObjectName":"%{362f548f-596a-4bc7-a9ba-b52927982d36}","OperationType":"Object Access","HandleId":"0x0","AccessList":"%%7684","AccessMask":"0x10","Properties":"%%7684\r\n\t\t{e48d0154-bcf8-11d1-8702-00c04fb96050}\r\n\t\t\t{26d97369-6070-11d1-a9c6-0000f80367c1}\r\n\t{bf967a9c-0de6-11d0-a285-00aa003049e2}","AdditionalInfo":"-","AdditionalInfo2":""}}}
{"Event":{"#attributes":{"xmlns":"http://schemas.microsoft.com/win/2004/08/events/event"},"System":{"Provider":{"#attributes":{"Name":"Microsoft-Windows-Security-Auditing","Guid":"54849625-5478-4994-A5BA-3E3B0328C30D"}},"EventID":4662,"Version":0,"Level":0,"Task":14080,"Opcode":0,"Keywords":"0x8020000000000000","TimeCreated":{"#attributes":{"SystemTime":"2026-06-23T05:13:28.512592Z"}},"EventRecordID":1062358,"Correlation":null,"Execution":{"#attributes":{"ProcessID":840,"ThreadID":976}},"Channel":"Security","Computer":"DC1.blues.lab","Security":null},"EventData":{"SubjectUserSid":"S-1-5-21-1940215732-407848784-1427904796-500","SubjectUserName":"Administrator","SubjectDomainName":"BLUES","SubjectLogonId":"0x134ab9","ObjectServer":"DS","ObjectType":"%{bf967a9c-0de6-11d0-a285-00aa003049e2}","ObjectName":"%{362f548f-596a-4bc7-a9ba-b52927982d36}","OperationType":"Object Access","HandleId":"0x0","AccessList":"%%7684","AccessMask":"0x10","Properties":"%%7684\r\n\t{bf967a9c-0de6-11d0-a285-00aa003049e2}\r\n\t\t{e48d0154-bcf8-11d1-8702-00c04fb96050}\r\n\t\t\t{bf9679e5-0de6-11d0-a285-00aa003049e2}\r\n\t\t\t{bf967950-0de6-11d0-a285-00aa003049e2}\r\n\t\t\t{bf967a0e-0de6-11d0-a285-00aa003049e2}\r\n\t\t\t{e0fa1e62-9b45-11d0-afdd-00c04fd930c9}\r\n\t\t{4c164200-20c0-11d0-a768-00aa006e0529}\r\n\t\t\t{bf967a68-0de6-11d0-a285-00aa003049e2}\r\n\t\t{59ba2f42-79a2-11d0-9020-00c04fc2d3cf}\r\n\t\t\t{bf967953-0de6-11d0-a285-00aa003049e2}\r\n\t\t{771727b1-31b8-4cdf-ae62-4fe39fadf89e}\r\n\t\t\t{9a9a021e-4a5b-11d1-a9c3-0000f80367c1}","AdditionalInfo":"-","AdditionalInfo2":""}}}
{"Event":{"#attributes":{"xmlns":"http://schemas.microsoft.com/win/2004/08/events/event"},"System":{"Provider":{"#attributes":{"Name":"Microsoft-Windows-Security-Auditing","Guid":"54849625-5478-4994-A5BA-3E3B0328C30D"}},"EventID":4662,"Version":0,"Level":0,"Task":14080,"Opcode":0,"Keywords":"0x8020000000000000","TimeCreated":{"#attributes":{"SystemTime":"2026-06-23T05:13:28.512651Z"}},"EventRecordID":1062359,"Correlation":null,"Execution":{"#attributes":{"ProcessID":840,"ThreadID":976}},"Channel":"Security","Computer":"DC1.blues.lab","Security":null},"EventData":{"SubjectUserSid":"S-1-5-21-1940215732-407848784-1427904796-500","SubjectUserName":"Administrator","SubjectDomainName":"BLUES","SubjectLogonId":"0x134ab9","ObjectServer":"DS","ObjectType":"%{bf967a9c-0de6-11d0-a285-00aa003049e2}","ObjectName":"%{c640f21d-a0bf-4117-abaa-f55f6a8401cb}","OperationType":"Object Access","HandleId":"0x0","AccessList":"%%7684","AccessMask":"0x10","Properties":"%%7684\r\n\t\t{e48d0154-bcf8-11d1-8702-00c04fb96050}\r\n\t\t\t{26d97369-6070-11d1-a9c6-0000f80367c1}\r\n\t{bf967a9c-0de6-11d0-a285-00aa003049e2}","AdditionalInfo":"-","AdditionalInfo2":""}}}
